2023-04-13 12:38:48.375 [info] [SharedProcess] using utility process
2023-04-13 12:38:48.455 [info] update#setState idle
2023-04-13 12:38:49.671 [info] [UtilityProcess id: 1, type: extensionHost, pid: <none>]: creating new...
2023-04-13 12:38:49.688 [info] [UtilityProcess id: 1, type: extensionHost, pid: 10918]: successfully created
2023-04-13 12:38:49.749 [info] [UtilityProcess type: shared-process, pid: <none>]: creating new...
2023-04-13 12:38:49.790 [info] [UtilityProcess id: 1, type: fileWatcher, pid: <none>]: creating new...
2023-04-13 12:38:49.799 [info] [UtilityProcess type: shared-process, pid: 10938]: successfully created
2023-04-13 12:38:49.800 [info] [UtilityProcess id: 1, type: fileWatcher, pid: 10939]: successfully created
2023-04-13 12:39:18.456 [info] update#setState checking for updates
2023-04-13 12:39:18.462 [info] update#setState available for download
2023-04-13 12:43:49.782 [info] [UtilityProcess id: 1, type: fileWatcher, pid: 10939]: attempting to kill the process...
2023-04-13 12:43:49.783 [info] [UtilityProcess id: 1, type: fileWatcher, pid: 10939]: successfully killed the process
2023-04-13 12:43:49.798 [info] [UtilityProcess id: 1, type: extensionHost, pid: 10918]: received exit event with code 0
2023-04-13 12:43:49.798 [info] Extension host with pid 10918 exited with code: 0, signal: unknown.
2023-04-13 12:43:49.805 [info] [UtilityProcess id: 1, type: fileWatcher, pid: 10939]: received exit event with code 0
2023-04-13 12:43:50.795 [info] [UtilityProcess id: 1, type: fileWatcher, pid: <none>]: creating new...
2023-04-13 12:43:50.807 [info] [UtilityProcess id: 1, type: fileWatcher, pid: 12764]: successfully created
2023-04-13 12:43:50.914 [info] [UtilityProcess id: 2, type: extensionHost, pid: <none>]: creating new...
2023-04-13 12:43:50.928 [info] [UtilityProcess id: 2, type: extensionHost, pid: 12775]: successfully created
2023-04-13 12:44:50.394 [info] [UtilityProcess id: 2, type: extensionHost, pid: 12775]: received exit event with code 0
2023-04-13 12:44:50.395 [info] Extension host with pid 12775 exited with code: 0, signal: unknown.
2023-04-13 12:44:50.405 [info] [UtilityProcess id: 1, type: fileWatcher, pid: 12764]: attempting to kill the process...
2023-04-13 12:44:50.405 [info] [UtilityProcess id: 1, type: fileWatcher, pid: 12764]: successfully killed the process
2023-04-13 12:44:50.438 [info] [UtilityProcess id: 1, type: fileWatcher, pid: 12764]: received exit event with code 15
2023-04-13 12:44:50.438 [error] [UtilityProcessWorker]: terminated unexpectedly with code 15, signal: unknown
2023-04-13 12:44:50.439 [error] [UtilityProcess id: 1, type: fileWatcher, pid: 12764]: crashed with code 15 and reason 'killed'
2023-04-13 12:44:51.291 [info] [UtilityProcess id: 1, type: fileWatcher, pid: <none>]: creating new...
2023-04-13 12:44:51.304 [info] [UtilityProcess id: 1, type: fileWatcher, pid: 13540]: successfully created
2023-04-13 12:44:51.383 [info] [UtilityProcess id: 3, type: extensionHost, pid: <none>]: creating new...
2023-04-13 12:44:51.396 [info] [UtilityProcess id: 3, type: extensionHost, pid: 13551]: successfully created
2023-04-13 12:45:02.442 [info] [UtilityProcess id: 1, type: fileWatcher, pid: 13540]: attempting to kill the process...
2023-04-13 12:45:02.443 [info] [UtilityProcess id: 1, type: fileWatcher, pid: 13540]: successfully killed the process
2023-04-13 12:45:02.452 [info] [UtilityProcess id: 3, type: extensionHost, pid: 13551]: received exit event with code 0
2023-04-13 12:45:02.452 [info] Extension host with pid 13551 exited with code: 0, signal: unknown.
2023-04-13 12:45:02.483 [info] [UtilityProcess id: 1, type: fileWatcher, pid: 13540]: received exit event with code 15
2023-04-13 12:45:02.483 [error] [UtilityProcessWorker]: terminated unexpectedly with code 15, signal: unknown
2023-04-13 12:45:02.484 [error] [UtilityProcess id: 1, type: fileWatcher, pid: 13540]: crashed with code 15 and reason 'killed'
2023-04-13 12:45:03.262 [info] [UtilityProcess id: 4, type: extensionHost, pid: <none>]: creating new...
2023-04-13 12:45:03.278 [info] [UtilityProcess id: 4, type: extensionHost, pid: 13628]: successfully created
2023-04-13 12:45:03.347 [info] [UtilityProcess id: 1, type: fileWatcher, pid: <none>]: creating new...
2023-04-13 12:45:03.359 [info] [UtilityProcess id: 1, type: fileWatcher, pid: 13638]: successfully created
2023-04-13 12:47:58.429 [info] [UtilityProcess type: shared-process, pid: 10938]: received exit event with code 15
