[    18.816] 
X.Org X Server 1.21.1.8
X Protocol Version 11, Revision 0
[    18.817] Current Operating System: Linux archlinux 6.3.3-arch1-1 #1 SMP PREEMPT_DYNAMIC Sun, 21 May 2023 16:15:22 +0000 x86_64
[    18.817] Kernel command line: BOOT_IMAGE=/vmlinuz-linux root=UUID=bb33a6de-e0b0-48f5-ad63-ae6eee4dc77c rw loglevel=3 quiet
[    18.817]  
[    18.817] Current version of pixman: 0.42.2
[    18.817] 	Before reporting problems, check http://wiki.x.org
	to make sure that you have the latest version.
[    18.817] Markers: (--) probed, (**) from config file, (==) default setting,
	(++) from command line, (!!) notice, (II) informational,
	(WW) warning, (EE) error, (NI) not implemented, (??) unknown.
[    18.817] (==) Log file: "/home/ianbit/.local/share/xorg/Xorg.0.log", Time: Fri May 26 19:52:11 2023
[    18.819] (==) Using system config directory "/usr/share/X11/xorg.conf.d"
[    18.819] (==) No Layout section.  Using the first Screen section.
[    18.819] (==) No screen section available. Using defaults.
[    18.819] (**) |-->Screen "Default Screen Section" (0)
[    18.819] (**) |   |-->Monitor "<default monitor>"
[    18.819] (==) No monitor specified for screen "Default Screen Section".
	Using a default monitor configuration.
[    18.819] (==) Automatically adding devices
[    18.819] (==) Automatically enabling devices
[    18.819] (==) Automatically adding GPU devices
[    18.819] (==) Automatically binding GPU devices
[    18.819] (==) Max clients allowed: 256, resource mask: 0x1fffff
[    18.820] (WW) The directory "/usr/share/fonts/misc" does not exist.
[    18.820] 	Entry deleted from font path.
[    18.821] (WW) The directory "/usr/share/fonts/OTF" does not exist.
[    18.821] 	Entry deleted from font path.
[    18.821] (WW) The directory "/usr/share/fonts/Type1" does not exist.
[    18.821] 	Entry deleted from font path.
[    18.821] (WW) The directory "/usr/share/fonts/100dpi" does not exist.
[    18.821] 	Entry deleted from font path.
[    18.821] (WW) The directory "/usr/share/fonts/75dpi" does not exist.
[    18.821] 	Entry deleted from font path.
[    18.821] (==) FontPath set to:
	/usr/share/fonts/TTF
[    18.821] (==) ModulePath set to "/usr/lib/xorg/modules"
[    18.821] (II) The server relies on udev to provide the list of input devices.
	If no devices become available, reconfigure udev or disable AutoAddDevices.
[    18.821] (II) Module ABI versions:
[    18.821] 	X.Org ANSI C Emulation: 0.4
[    18.821] 	X.Org Video Driver: 25.2
[    18.821] 	X.Org XInput driver : 24.4
[    18.821] 	X.Org Server Extension : 10.0
[    18.822] (++) using VT number 1

[    18.824] (II) systemd-logind: took control of session /org/freedesktop/login1/session/_31
[    18.825] (II) xfree86: Adding drm device (/dev/dri/card0)
[    18.825] (II) Platform probe for /sys/devices/pci0000:00/0000:00:08.1/0000:03:00.0/drm/card0
[    18.825] (II) systemd-logind: got fd for /dev/dri/card0 226:0 fd 13 paused 0
[    18.828] (--) PCI:*(3@0:0:0) 1002:15d8:17aa:3804 rev 194, Mem @ 0xc0000000/268435456, 0xd0000000/2097152, 0xd0700000/524288, I/O @ 0x00001000/256
[    18.828] (WW) Open ACPI failed (/var/run/acpid.socket) (No such file or directory)
[    18.828] (II) LoadModule: "glx"
[    18.829] (II) Loading /usr/lib/xorg/modules/extensions/libglx.so
[    18.833] (II) Module glx: vendor="X.Org Foundation"
[    18.833] 	compiled for 1.21.1.8, module version = 1.0.0
[    18.833] 	ABI class: X.Org Server Extension, version 10.0
[    18.833] (II) Applying OutputClass "AMDgpu" to /dev/dri/card0
[    18.833] 	loading driver: amdgpu
[    18.833] (==) Matched amdgpu as autoconfigured driver 0
[    18.833] (==) Matched ati as autoconfigured driver 1
[    18.833] (==) Matched modesetting as autoconfigured driver 2
[    18.833] (==) Matched fbdev as autoconfigured driver 3
[    18.833] (==) Matched vesa as autoconfigured driver 4
[    18.833] (==) Assigned the driver to the xf86ConfigLayout
[    18.833] (II) LoadModule: "amdgpu"
[    18.833] (II) Loading /usr/lib/xorg/modules/drivers/amdgpu_drv.so
[    18.835] (II) Module amdgpu: vendor="X.Org Foundation"
[    18.835] 	compiled for 1.21.1.7, module version = 23.0.0
[    18.835] 	Module class: X.Org Video Driver
[    18.835] 	ABI class: X.Org Video Driver, version 25.2
[    18.835] (II) LoadModule: "ati"
[    18.835] (WW) Warning, couldn't open module ati
[    18.835] (EE) Failed to load module "ati" (module does not exist, 0)
[    18.835] (II) LoadModule: "modesetting"
[    18.835] (II) Loading /usr/lib/xorg/modules/drivers/modesetting_drv.so
[    18.836] (II) Module modesetting: vendor="X.Org Foundation"
[    18.836] 	compiled for 1.21.1.8, module version = 1.21.1
[    18.836] 	Module class: X.Org Video Driver
[    18.836] 	ABI class: X.Org Video Driver, version 25.2
[    18.836] (II) LoadModule: "fbdev"
[    18.836] (WW) Warning, couldn't open module fbdev
[    18.836] (EE) Failed to load module "fbdev" (module does not exist, 0)
[    18.836] (II) LoadModule: "vesa"
[    18.836] (WW) Warning, couldn't open module vesa
[    18.836] (EE) Failed to load module "vesa" (module does not exist, 0)
[    18.836] (II) AMDGPU: Driver for AMD Radeon:
	All GPUs supported by the amdgpu kernel driver
[    18.836] (II) modesetting: Driver for Modesetting Kernel Drivers: kms
[    18.840] (WW) Falling back to old probe method for modesetting
[    18.840] (WW) VGA arbiter: cannot open kernel arbiter, no multi-card support
[    18.840] (II) AMDGPU(0): Creating default Display subsection in Screen section
	"Default Screen Section" for depth/fbbpp 24/32
[    18.840] (==) AMDGPU(0): Depth 24, (--) framebuffer bpp 32
[    18.840] (II) AMDGPU(0): Pixel depth = 24 bits stored in 4 bytes (32 bpp pixmaps)
[    18.840] (==) AMDGPU(0): Default visual is TrueColor
[    18.840] (II) Applying OutputClass "AMDgpu" options to /dev/dri/card0
[    18.840] (==) AMDGPU(0): RGB weight 888
[    18.840] (II) AMDGPU(0): Using 8 bits per RGB (8 bit DAC)
[    18.840] (--) AMDGPU(0): Chipset: "AMD Radeon Vega 8 Graphics" (ChipID = 0x15d8)
[    18.840] (II) Loading sub module "fb"
[    18.840] (II) LoadModule: "fb"
[    18.840] (II) Module "fb" already built-in
[    18.840] (II) Loading sub module "dri2"
[    18.840] (II) LoadModule: "dri2"
[    18.840] (II) Module "dri2" already built-in
[    18.981] (II) Loading sub module "glamoregl"
[    18.981] (II) LoadModule: "glamoregl"
[    18.981] (II) Loading /usr/lib/xorg/modules/libglamoregl.so
[    18.986] (II) Module glamoregl: vendor="X.Org Foundation"
[    18.986] 	compiled for 1.21.1.8, module version = 1.0.1
[    18.986] 	ABI class: X.Org ANSI C Emulation, version 0.4
[    19.002] (II) AMDGPU(0): glamor X acceleration enabled on AMD Radeon Vega 8 Graphics (raven, LLVM 15.0.7, DRM 3.52, 6.3.3-arch1-1)
[    19.002] (II) AMDGPU(0): glamor detected, initialising EGL layer.
[    19.002] (==) AMDGPU(0): TearFree property default: auto
[    19.002] (==) AMDGPU(0): VariableRefresh: disabled
[    19.002] (==) AMDGPU(0): AsyncFlipSecondaries: disabled
[    19.002] (II) AMDGPU(0): KMS Pageflipping: enabled
[    19.003] (II) AMDGPU(0): Output eDP has no monitor section
[    19.005] (II) AMDGPU(0): Output HDMI-A-0 has no monitor section
[    19.028] (II) AMDGPU(0): EDID for output eDP
[    19.028] (II) AMDGPU(0): Manufacturer: BOE  Model: 757  Serial#: 0
[    19.028] (II) AMDGPU(0): Year: 2017  Week: 1
[    19.028] (II) AMDGPU(0): EDID Version: 1.4
[    19.028] (II) AMDGPU(0): Digital Display Input
[    19.028] (II) AMDGPU(0): 6 bits per channel
[    19.028] (II) AMDGPU(0): Digital interface is DisplayPort
[    19.028] (II) AMDGPU(0): Max Image Size [cm]: horiz.: 34  vert.: 19
[    19.028] (II) AMDGPU(0): Gamma: 2.20
[    19.028] (II) AMDGPU(0): No DPMS capabilities specified
[    19.028] (II) AMDGPU(0): Supported color encodings: RGB 4:4:4 
[    19.028] (II) AMDGPU(0): First detailed timing is preferred mode
[    19.028] (II) AMDGPU(0): Preferred mode is native pixel format and refresh rate
[    19.028] (II) AMDGPU(0): redX: 0.581 redY: 0.362   greenX: 0.344 greenY: 0.571
[    19.028] (II) AMDGPU(0): blueX: 0.160 blueY: 0.129   whiteX: 0.312 whiteY: 0.328
[    19.028] (II) AMDGPU(0): Manufacturer's mask: 0
[    19.028] (II) AMDGPU(0): Supported detailed timing:
[    19.028] (II) AMDGPU(0): clock: 76.3 MHz   Image Size:  344 x 194 mm
[    19.028] (II) AMDGPU(0): h_active: 1366  h_sync: 1414  h_sync_end 1446 h_blank_end 1592 h_border: 0
[    19.028] (II) AMDGPU(0): v_active: 768  v_sync: 771  v_sync_end 777 v_blanking: 798 v_border: 0
[    19.028] (II) AMDGPU(0): Unknown vendor-specific block 0
[    19.028] (II) AMDGPU(0):  BOE CQ
[    19.028] (II) AMDGPU(0):  NT156WHM-N44
[    19.028] (II) AMDGPU(0): EDID (in hex):
[    19.028] (II) AMDGPU(0): 	00ffffffffffff0009e5570700000000
[    19.028] (II) AMDGPU(0): 	011b01049522137802f100945c589229
[    19.028] (II) AMDGPU(0): 	21505400000001010101010101010101
[    19.028] (II) AMDGPU(0): 	010101010101ce1d56e250001e303020
[    19.028] (II) AMDGPU(0): 	360058c21000001a0000000000000000
[    19.028] (II) AMDGPU(0): 	0000000000000000001a000000fe0042
[    19.028] (II) AMDGPU(0): 	4f452043510a202020202020000000fe
[    19.028] (II) AMDGPU(0): 	004e5431353657484d2d4e34340a0080
[    19.028] (II) AMDGPU(0): Printing probed modes for output eDP
[    19.028] (II) AMDGPU(0): Modeline "1366x768"x60.1   76.30  1366 1414 1446 1592  768 771 777 798 +hsync -vsync (47.9 kHz eP)
[    19.028] (II) AMDGPU(0): Modeline "1280x720"x60.1   76.30  1280 1414 1446 1592  720 771 777 798 +hsync -vsync (47.9 kHz e)
[    19.028] (II) AMDGPU(0): Modeline "1024x768"x60.1   76.30  1024 1414 1446 1592  768 771 777 798 +hsync -vsync (47.9 kHz e)
[    19.028] (II) AMDGPU(0): Modeline "800x600"x60.1   76.30  800 1414 1446 1592  600 771 777 798 +hsync -vsync (47.9 kHz e)
[    19.028] (II) AMDGPU(0): Modeline "640x480"x60.1   76.30  640 1414 1446 1592  480 771 777 798 +hsync -vsync (47.9 kHz e)
[    19.034] (II) AMDGPU(0): EDID for output HDMI-A-0
[    19.034] (II) AMDGPU(0): Manufacturer: SAM  Model: 707d  Serial#: 1496601419
[    19.034] (II) AMDGPU(0): Year: 2022  Week: 8
[    19.034] (II) AMDGPU(0): EDID Version: 1.3
[    19.034] (II) AMDGPU(0): Digital Display Input
[    19.034] (II) AMDGPU(0): Max Image Size [cm]: horiz.: 53  vert.: 30
[    19.034] (II) AMDGPU(0): Gamma: 2.20
[    19.034] (II) AMDGPU(0): DPMS capabilities: Off
[    19.034] (II) AMDGPU(0): Supported color encodings: RGB 4:4:4 YCrCb 4:4:4 
[    19.034] (II) AMDGPU(0): First detailed timing is preferred mode
[    19.034] (II) AMDGPU(0): redX: 0.640 redY: 0.356   greenX: 0.304 greenY: 0.632
[    19.034] (II) AMDGPU(0): blueX: 0.147 blueY: 0.052   whiteX: 0.313 whiteY: 0.329
[    19.034] (II) AMDGPU(0): Supported established timings:
[    19.034] (II) AMDGPU(0): 720x400@70Hz
[    19.034] (II) AMDGPU(0): 640x480@60Hz
[    19.034] (II) AMDGPU(0): 640x480@67Hz
[    19.034] (II) AMDGPU(0): 640x480@72Hz
[    19.034] (II) AMDGPU(0): 640x480@75Hz
[    19.034] (II) AMDGPU(0): 800x600@56Hz
[    19.034] (II) AMDGPU(0): 800x600@60Hz
[    19.034] (II) AMDGPU(0): 800x600@72Hz
[    19.034] (II) AMDGPU(0): 800x600@75Hz
[    19.034] (II) AMDGPU(0): 832x624@75Hz
[    19.034] (II) AMDGPU(0): 1024x768@60Hz
[    19.034] (II) AMDGPU(0): 1024x768@70Hz
[    19.034] (II) AMDGPU(0): 1024x768@75Hz
[    19.034] (II) AMDGPU(0): 1280x1024@75Hz
[    19.034] (II) AMDGPU(0): 1152x864@75Hz
[    19.034] (II) AMDGPU(0): Manufacturer's mask: 0
[    19.034] (II) AMDGPU(0): Supported standard timings:
[    19.034] (II) AMDGPU(0): #0: hsize: 1280  vsize 720  refresh: 60  vid: 49281
[    19.034] (II) AMDGPU(0): #1: hsize: 1280  vsize 800  refresh: 60  vid: 129
[    19.034] (II) AMDGPU(0): #2: hsize: 1280  vsize 1024  refresh: 60  vid: 32897
[    19.034] (II) AMDGPU(0): #3: hsize: 1440  vsize 900  refresh: 60  vid: 149
[    19.034] (II) AMDGPU(0): #4: hsize: 1600  vsize 900  refresh: 60  vid: 49321
[    19.034] (II) AMDGPU(0): #5: hsize: 1680  vsize 1050  refresh: 60  vid: 179
[    19.034] (II) AMDGPU(0): #6: hsize: 1152  vsize 864  refresh: 75  vid: 20337
[    19.034] (II) AMDGPU(0): Supported detailed timing:
[    19.034] (II) AMDGPU(0): clock: 148.5 MHz   Image Size:  528 x 297 mm
[    19.034] (II) AMDGPU(0): h_active: 1920  h_sync: 2008  h_sync_end 2052 h_blank_end 2200 h_border: 0
[    19.034] (II) AMDGPU(0): v_active: 1080  v_sync: 1084  v_sync_end 1089 v_blanking: 1125 v_border: 0
[    19.034] (II) AMDGPU(0): Ranges: V min: 48 V max: 75 Hz, H min: 30 H max: 84 kHz, PixClock max 185 MHz
[    19.034] (II) AMDGPU(0): Monitor name: LF24T35
[    19.034] (II) AMDGPU(0): Serial No: HX5T202538
[    19.034] (II) AMDGPU(0): Supported detailed timing:
[    19.034] (II) AMDGPU(0): clock: 74.2 MHz   Image Size:  528 x 297 mm
[    19.034] (II) AMDGPU(0): h_active: 1280  h_sync: 1720  h_sync_end 1760 h_blank_end 1980 h_border: 0
[    19.034] (II) AMDGPU(0): v_active: 720  v_sync: 725  v_sync_end 730 v_blanking: 750 v_border: 0
[    19.034] (II) AMDGPU(0): Supported detailed timing:
[    19.034] (II) AMDGPU(0): clock: 27.0 MHz   Image Size:  528 x 297 mm
[    19.034] (II) AMDGPU(0): h_active: 720  h_sync: 732  h_sync_end 796 h_blank_end 864 h_border: 0
[    19.034] (II) AMDGPU(0): v_active: 576  v_sync: 581  v_sync_end 586 v_blanking: 625 v_border: 0
[    19.034] (II) AMDGPU(0): Supported detailed timing:
[    19.034] (II) AMDGPU(0): clock: 27.0 MHz   Image Size:  528 x 297 mm
[    19.034] (II) AMDGPU(0): h_active: 720  h_sync: 736  h_sync_end 798 h_blank_end 858 h_border: 0
[    19.034] (II) AMDGPU(0): v_active: 480  v_sync: 489  v_sync_end 495 v_blanking: 525 v_border: 0
[    19.034] (II) AMDGPU(0): Supported detailed timing:
[    19.034] (II) AMDGPU(0): clock: 74.2 MHz   Image Size:  528 x 297 mm
[    19.034] (II) AMDGPU(0): h_active: 1280  h_sync: 1390  h_sync_end 1430 h_blank_end 1650 h_border: 0
[    19.034] (II) AMDGPU(0): v_active: 720  v_sync: 725  v_sync_end 730 v_blanking: 750 v_border: 0
[    19.034] (II) AMDGPU(0): Supported detailed timing:
[    19.034] (II) AMDGPU(0): clock: 174.5 MHz   Image Size:  528 x 297 mm
[    19.034] (II) AMDGPU(0): h_active: 1920  h_sync: 1968  h_sync_end 2000 h_blank_end 2080 h_border: 0
[    19.034] (II) AMDGPU(0): v_active: 1080  v_sync: 1083  v_sync_end 1088 v_blanking: 1119 v_border: 0
[    19.034] (II) AMDGPU(0): Number of EDID sections to follow: 1
[    19.034] (II) AMDGPU(0): EDID (in hex):
[    19.034] (II) AMDGPU(0): 	00ffffffffffff004c2d7d704b533459
[    19.034] (II) AMDGPU(0): 	0820010380351e782adfd5a35b4da125
[    19.034] (II) AMDGPU(0): 	0d5054bfef8081c0810081809500a9c0
[    19.034] (II) AMDGPU(0): 	b300714f0101023a801871382d40582c
[    19.034] (II) AMDGPU(0): 	450010292100001e000000fd00304b1e
[    19.034] (II) AMDGPU(0): 	5412000a202020202020000000fc004c
[    19.034] (II) AMDGPU(0): 	4632345433350a2020202020000000ff
[    19.034] (II) AMDGPU(0): 	00485835543230323533380a20200108
[    19.034] (II) AMDGPU(0): 	02031cb146901f0413031267030c0010
[    19.034] (II) AMDGPU(0): 	000024681a00000101304b00011d00bc
[    19.034] (II) AMDGPU(0): 	52d01e20b828554010292100001e8c0a
[    19.034] (II) AMDGPU(0): 	d090204031200c405500102921000018
[    19.034] (II) AMDGPU(0): 	8c0ad08a20e02d10103e960010292100
[    19.034] (II) AMDGPU(0): 	0018011d007251d01e206e2855001029
[    19.034] (II) AMDGPU(0): 	2100001e2a4480a07038274030203500
[    19.034] (II) AMDGPU(0): 	10292100001a00000000000000000018
[    19.035] (--) AMDGPU(0): HDMI max TMDS frequency 180000KHz
[    19.035] (II) AMDGPU(0): Printing probed modes for output HDMI-A-0
[    19.035] (II) AMDGPU(0): Modeline "1920x1080"x60.0  148.50  1920 2008 2052 2200  1080 1084 1089 1125 +hsync +vsync (67.5 kHz eP)
[    19.035] (II) AMDGPU(0): Modeline "1920x1080"x75.0  174.50  1920 1968 2000 2080  1080 1083 1088 1119 +hsync -vsync (83.9 kHz e)
[    19.035] (II) AMDGPU(0): Modeline "1920x1080"x50.0  148.50  1920 2448 2492 2640  1080 1084 1089 1125 +hsync +vsync (56.2 kHz e)
[    19.035] (II) AMDGPU(0): Modeline "1920x1080"x59.9  148.35  1920 2008 2052 2200  1080 1084 1089 1125 +hsync +vsync (67.4 kHz e)
[    19.035] (II) AMDGPU(0): Modeline "1680x1050"x59.9  119.00  1680 1728 1760 1840  1050 1053 1059 1080 +hsync -vsync (64.7 kHz e)
[    19.035] (II) AMDGPU(0): Modeline "1600x900"x60.0  108.00  1600 1624 1704 1800  900 901 904 1000 +hsync +vsync (60.0 kHz e)
[    19.035] (II) AMDGPU(0): Modeline "1280x1024"x75.0  135.00  1280 1296 1440 1688  1024 1025 1028 1066 +hsync +vsync (80.0 kHz e)
[    19.035] (II) AMDGPU(0): Modeline "1280x1024"x60.0  108.00  1280 1328 1440 1688  1024 1025 1028 1066 +hsync +vsync (64.0 kHz e)
[    19.035] (II) AMDGPU(0): Modeline "1440x900"x59.9   88.75  1440 1488 1520 1600  900 903 909 926 +hsync -vsync (55.5 kHz e)
[    19.035] (II) AMDGPU(0): Modeline "1280x800"x59.9   71.00  1280 1328 1360 1440  800 803 809 823 +hsync -vsync (49.3 kHz e)
[    19.035] (II) AMDGPU(0): Modeline "1152x864"x75.0  108.00  1152 1216 1344 1600  864 865 868 900 +hsync +vsync (67.5 kHz e)
[    19.035] (II) AMDGPU(0): Modeline "1280x720"x60.0   74.25  1280 1390 1430 1650  720 725 730 750 +hsync +vsync (45.0 kHz e)
[    19.035] (II) AMDGPU(0): Modeline "1280x720"x50.0   74.25  1280 1720 1760 1980  720 725 730 750 +hsync +vsync (37.5 kHz e)
[    19.035] (II) AMDGPU(0): Modeline "1280x720"x59.9   74.18  1280 1390 1430 1650  720 725 730 750 +hsync +vsync (45.0 kHz e)
[    19.035] (II) AMDGPU(0): Modeline "1024x768"x75.0   78.75  1024 1040 1136 1312  768 769 772 800 +hsync +vsync (60.0 kHz e)
[    19.035] (II) AMDGPU(0): Modeline "1024x768"x70.1   75.00  1024 1048 1184 1328  768 771 777 806 -hsync -vsync (56.5 kHz e)
[    19.035] (II) AMDGPU(0): Modeline "1024x768"x60.0   65.00  1024 1048 1184 1344  768 771 777 806 -hsync -vsync (48.4 kHz e)
[    19.035] (II) AMDGPU(0): Modeline "832x624"x74.6   57.28  832 864 928 1152  624 625 628 667 -hsync -vsync (49.7 kHz e)
[    19.035] (II) AMDGPU(0): Modeline "800x600"x72.2   50.00  800 856 976 1040  600 637 643 666 +hsync +vsync (48.1 kHz e)
[    19.035] (II) AMDGPU(0): Modeline "800x600"x75.0   49.50  800 816 896 1056  600 601 604 625 +hsync +vsync (46.9 kHz e)
[    19.035] (II) AMDGPU(0): Modeline "800x600"x60.3   40.00  800 840 968 1056  600 601 605 628 +hsync +vsync (37.9 kHz e)
[    19.035] (II) AMDGPU(0): Modeline "800x600"x56.2   36.00  800 824 896 1024  600 601 603 625 +hsync +vsync (35.2 kHz e)
[    19.035] (II) AMDGPU(0): Modeline "720x576"x50.0   27.00  720 732 796 864  576 581 586 625 -hsync -vsync (31.2 kHz e)
[    19.035] (II) AMDGPU(0): Modeline "720x480"x60.0   27.03  720 736 798 858  480 489 495 525 -hsync -vsync (31.5 kHz e)
[    19.035] (II) AMDGPU(0): Modeline "720x480"x59.9   27.00  720 736 798 858  480 489 495 525 -hsync -vsync (31.5 kHz e)
[    19.035] (II) AMDGPU(0): Modeline "640x480"x75.0   31.50  640 656 720 840  480 481 484 500 -hsync -vsync (37.5 kHz e)
[    19.035] (II) AMDGPU(0): Modeline "640x480"x72.8   31.50  640 664 704 832  480 489 492 520 -hsync -vsync (37.9 kHz e)
[    19.035] (II) AMDGPU(0): Modeline "640x480"x66.7   30.24  640 704 768 864  480 483 486 525 -hsync -vsync (35.0 kHz e)
[    19.035] (II) AMDGPU(0): Modeline "640x480"x60.0   25.20  640 656 752 800  480 490 492 525 -hsync -vsync (31.5 kHz e)
[    19.035] (II) AMDGPU(0): Modeline "640x480"x59.9   25.18  640 656 752 800  480 490 492 525 -hsync -vsync (31.5 kHz e)
[    19.035] (II) AMDGPU(0): Modeline "720x400"x70.1   28.32  720 738 846 900  400 412 414 449 -hsync +vsync (31.5 kHz e)
[    19.035] (II) AMDGPU(0): Output eDP connected
[    19.035] (II) AMDGPU(0): Output HDMI-A-0 connected
[    19.035] (II) AMDGPU(0): Using spanning desktop for initial modes
[    19.035] (II) AMDGPU(0): Output eDP using initial mode 1366x768 +0+0
[    19.035] (II) AMDGPU(0): Output HDMI-A-0 using initial mode 1920x1080 +1366+0
[    19.035] (II) AMDGPU(0): mem size init: gart size :bf5c6000 vram size: s:7e049000 visible:7e049000
[    19.035] (==) AMDGPU(0): DPI set to (96, 96)
[    19.035] (==) AMDGPU(0): Using gamma correction (1.0, 1.0, 1.0)
[    19.035] (II) Loading sub module "ramdac"
[    19.035] (II) LoadModule: "ramdac"
[    19.035] (II) Module "ramdac" already built-in
[    19.035] (II) UnloadModule: "modesetting"
[    19.035] (II) Unloading modesetting
[    19.036] (II) AMDGPU(0): [DRI2] Setup complete
[    19.036] (II) AMDGPU(0): [DRI2]   DRI driver: radeonsi
[    19.036] (II) AMDGPU(0): [DRI2]   VDPAU driver: radeonsi
[    19.076] (II) AMDGPU(0): Front buffer pitch: 13312 bytes
[    19.077] (II) AMDGPU(0): SYNC extension fences enabled
[    19.077] (II) AMDGPU(0): Present extension enabled
[    19.077] (==) AMDGPU(0): DRI3 enabled
[    19.077] (==) AMDGPU(0): Backing store enabled
[    19.077] (II) AMDGPU(0): Direct rendering enabled
[    19.090] (II) AMDGPU(0): Use GLAMOR acceleration.
[    19.090] (II) AMDGPU(0): Acceleration enabled
[    19.090] (==) AMDGPU(0): DPMS enabled
[    19.090] (==) AMDGPU(0): Silken mouse enabled
[    19.090] (II) AMDGPU(0): Set up textured video (glamor)
[    19.110] (WW) AMDGPU(0): Option "HotplugDriver" is not used
[    19.110] (II) Initializing extension Generic Event Extension
[    19.110] (II) Initializing extension SHAPE
[    19.110] (II) Initializing extension MIT-SHM
[    19.110] (II) Initializing extension XInputExtension
[    19.111] (II) Initializing extension XTEST
[    19.111] (II) Initializing extension BIG-REQUESTS
[    19.111] (II) Initializing extension SYNC
[    19.111] (II) Initializing extension XKEYBOARD
[    19.111] (II) Initializing extension XC-MISC
[    19.111] (II) Initializing extension SECURITY
[    19.111] (II) Initializing extension XFIXES
[    19.111] (II) Initializing extension RENDER
[    19.111] (II) Initializing extension RANDR
[    19.112] (II) Initializing extension COMPOSITE
[    19.112] (II) Initializing extension DAMAGE
[    19.112] (II) Initializing extension MIT-SCREEN-SAVER
[    19.112] (II) Initializing extension DOUBLE-BUFFER
[    19.112] (II) Initializing extension RECORD
[    19.112] (II) Initializing extension DPMS
[    19.112] (II) Initializing extension Present
[    19.112] (II) Initializing extension DRI3
[    19.112] (II) Initializing extension X-Resource
[    19.112] (II) Initializing extension XVideo
[    19.112] (II) Initializing extension XVideo-MotionCompensation
[    19.112] (II) Initializing extension GLX
[    19.119] (II) AIGLX: Loaded and initialized radeonsi
[    19.119] (II) GLX: Initialized DRI2 GL provider for screen 0
[    19.119] (II) Initializing extension XFree86-VidModeExtension
[    19.119] (II) Initializing extension XFree86-DGA
[    19.119] (II) Initializing extension XFree86-DRI
[    19.119] (II) Initializing extension DRI2
[    19.119] (II) AMDGPU(0): Setting screen physical size to 869 x 285
[    19.235] (II) config/udev: Adding input device Power Button (/dev/input/event2)
[    19.235] (**) Power Button: Applying InputClass "libinput keyboard catchall"
[    19.235] (II) LoadModule: "libinput"
[    19.235] (II) Loading /usr/lib/xorg/modules/input/libinput_drv.so
[    19.241] (II) Module libinput: vendor="X.Org Foundation"
[    19.241] 	compiled for 1.21.1.8, module version = 1.3.0
[    19.241] 	Module class: X.Org XInput Driver
[    19.241] 	ABI class: X.Org XInput driver, version 24.4
[    19.241] (II) Using input driver 'libinput' for 'Power Button'
[    19.242] (II) systemd-logind: got fd for /dev/input/event2 13:66 fd 27 paused 0
[    19.242] (**) Power Button: always reports core events
[    19.242] (**) Option "Device" "/dev/input/event2"
[    19.246] (II) event2  - Power Button: is tagged by udev as: Keyboard
[    19.246] (II) event2  - Power Button: device is a keyboard
[    19.247] (II) event2  - Power Button: device removed
[    19.247] (**) Option "config_info" "udev:/sys/devices/LNXSYSTM:00/LNXPWRBN:00/input/input2/event2"
[    19.247] (II) XINPUT: Adding extended input device "Power Button" (type: KEYBOARD, id 6)
[    19.247] (II) event2  - Power Button: is tagged by udev as: Keyboard
[    19.247] (II) event2  - Power Button: device is a keyboard
[    19.248] (II) config/udev: Adding input device Video Bus (/dev/input/event3)
[    19.248] (**) Video Bus: Applying InputClass "libinput keyboard catchall"
[    19.248] (II) Using input driver 'libinput' for 'Video Bus'
[    19.248] (II) systemd-logind: got fd for /dev/input/event3 13:67 fd 30 paused 0
[    19.248] (**) Video Bus: always reports core events
[    19.248] (**) Option "Device" "/dev/input/event3"
[    19.249] (II) event3  - Video Bus: is tagged by udev as: Keyboard
[    19.249] (II) event3  - Video Bus: device is a keyboard
[    19.249] (II) event3  - Video Bus: device removed
[    19.249] (**) Option "config_info" "udev:/sys/devices/LNXSYSTM:00/LNXSYBUS:00/PNP0A08:00/device:08/LNXVIDEO:00/input/input3/event3"
[    19.249] (II) XINPUT: Adding extended input device "Video Bus" (type: KEYBOARD, id 7)
[    19.250] (II) event3  - Video Bus: is tagged by udev as: Keyboard
[    19.250] (II) event3  - Video Bus: device is a keyboard
[    19.251] (II) config/udev: Adding input device Power Button (/dev/input/event1)
[    19.251] (**) Power Button: Applying InputClass "libinput keyboard catchall"
[    19.251] (II) Using input driver 'libinput' for 'Power Button'
[    19.251] (II) systemd-logind: got fd for /dev/input/event1 13:65 fd 31 paused 0
[    19.251] (**) Power Button: always reports core events
[    19.251] (**) Option "Device" "/dev/input/event1"
[    19.252] (II) event1  - Power Button: is tagged by udev as: Keyboard
[    19.252] (II) event1  - Power Button: device is a keyboard
[    19.252] (II) event1  - Power Button: device removed
[    19.252] (**) Option "config_info" "udev:/sys/devices/LNXSYSTM:00/LNXSYBUS:00/PNP0C0C:00/input/input1/event1"
[    19.252] (II) XINPUT: Adding extended input device "Power Button" (type: KEYBOARD, id 8)
[    19.253] (II) event1  - Power Button: is tagged by udev as: Keyboard
[    19.253] (II) event1  - Power Button: device is a keyboard
[    19.253] (II) config/udev: Adding input device Lid Switch (/dev/input/event0)
[    19.253] (II) No input driver specified, ignoring this device.
[    19.253] (II) This device may have been added with another device file.
[    19.254] (II) config/udev: Adding input device HD-Audio Generic HDMI/DP,pcm=3 (/dev/input/event18)
[    19.254] (II) No input driver specified, ignoring this device.
[    19.254] (II) This device may have been added with another device file.
[    19.254] (II) config/udev: Adding input device OBINS OBINS
AnnePro2 (/dev/input/event5)
[    19.254] (**) OBINS OBINS
AnnePro2: Applying InputClass "libinput keyboard catchall"
[    19.254] (II) Using input driver 'libinput' for 'OBINS OBINS
AnnePro2'
[    19.255] (II) systemd-logind: got fd for /dev/input/event5 13:69 fd 32 paused 0
[    19.255] (**) OBINS OBINS
AnnePro2: always reports core events
[    19.255] (**) Option "Device" "/dev/input/event5"
[    19.256] (II) event5  - OBINS OBINS
AnnePro2: is tagged by udev as: Keyboard
[    19.256] (II) event5  - OBINS OBINS
AnnePro2: device is a keyboard
[    19.257] (II) event5  - OBINS OBINS
AnnePro2: device removed
[    19.257] (**) Option "config_info" "udev:/sys/devices/pci0000:00/0000:00:08.1/0000:03:00.3/usb1/1-2/1-2:1.0/0003:04D9:A293.0001/input/input5/event5"
[    19.257] (II) XINPUT: Adding extended input device "OBINS OBINS
AnnePro2" (type: KEYBOARD, id 9)
[    19.258] (II) event5  - OBINS OBINS
AnnePro2: is tagged by udev as: Keyboard
[    19.258] (II) event5  - OBINS OBINS
AnnePro2: device is a keyboard
[    19.259] (II) config/udev: Adding input device OBINS OBINS
AnnePro2 (/dev/input/event6)
[    19.259] (II) No input driver specified, ignoring this device.
[    19.259] (II) This device may have been added with another device file.
[    19.259] (II) config/udev: Adding input device OBINS OBINS
AnnePro2 Consumer Control (/dev/input/event7)
[    19.259] (**) OBINS OBINS
AnnePro2 Consumer Control: Applying InputClass "libinput keyboard catchall"
[    19.259] (II) Using input driver 'libinput' for 'OBINS OBINS
AnnePro2 Consumer Control'
[    19.260] (II) systemd-logind: got fd for /dev/input/event7 13:71 fd 33 paused 0
[    19.260] (**) OBINS OBINS
AnnePro2 Consumer Control: always reports core events
[    19.260] (**) Option "Device" "/dev/input/event7"
[    19.261] (II) event7  - OBINS OBINS
AnnePro2 Consumer Control: is tagged by udev as: Keyboard
[    19.261] (II) event7  - OBINS OBINS
AnnePro2 Consumer Control: device is a keyboard
[    19.262] (II) event7  - OBINS OBINS
AnnePro2 Consumer Control: device removed
[    19.262] (**) Option "config_info" "udev:/sys/devices/pci0000:00/0000:00:08.1/0000:03:00.3/usb1/1-2/1-2:1.2/0003:04D9:A293.0003/input/input7/event7"
[    19.262] (II) XINPUT: Adding extended input device "OBINS OBINS
AnnePro2 Consumer Control" (type: KEYBOARD, id 10)
[    19.263] (II) event7  - OBINS OBINS
AnnePro2 Consumer Control: is tagged by udev as: Keyboard
[    19.263] (II) event7  - OBINS OBINS
AnnePro2 Consumer Control: device is a keyboard
[    19.264] (II) config/udev: Adding input device OBINS OBINS
AnnePro2 Keyboard (/dev/input/event8)
[    19.264] (**) OBINS OBINS
AnnePro2 Keyboard: Applying InputClass "libinput keyboard catchall"
[    19.264] (II) Using input driver 'libinput' for 'OBINS OBINS
AnnePro2 Keyboard'
[    19.264] (II) systemd-logind: got fd for /dev/input/event8 13:72 fd 34 paused 0
[    19.264] (**) OBINS OBINS
AnnePro2 Keyboard: always reports core events
[    19.264] (**) Option "Device" "/dev/input/event8"
[    19.266] (II) event8  - OBINS OBINS
AnnePro2 Keyboard: is tagged by udev as: Keyboard
[    19.266] (II) event8  - OBINS OBINS
AnnePro2 Keyboard: device is a keyboard
[    19.266] (II) event8  - OBINS OBINS
AnnePro2 Keyboard: device removed
[    19.266] (**) Option "config_info" "udev:/sys/devices/pci0000:00/0000:00:08.1/0000:03:00.3/usb1/1-2/1-2:1.2/0003:04D9:A293.0003/input/input8/event8"
[    19.266] (II) XINPUT: Adding extended input device "OBINS OBINS
AnnePro2 Keyboard" (type: KEYBOARD, id 11)
[    19.267] (II) event8  - OBINS OBINS
AnnePro2 Keyboard: is tagged by udev as: Keyboard
[    19.267] (II) event8  - OBINS OBINS
AnnePro2 Keyboard: device is a keyboard
[    19.268] (II) config/udev: Adding input device OBINS OBINS
AnnePro2 Mouse (/dev/input/event9)
[    19.268] (**) OBINS OBINS
AnnePro2 Mouse: Applying InputClass "libinput pointer catchall"
[    19.268] (II) Using input driver 'libinput' for 'OBINS OBINS
AnnePro2 Mouse'
[    19.269] (II) systemd-logind: got fd for /dev/input/event9 13:73 fd 35 paused 0
[    19.269] (**) OBINS OBINS
AnnePro2 Mouse: always reports core events
[    19.269] (**) Option "Device" "/dev/input/event9"
[    19.270] (II) event9  - OBINS OBINS
AnnePro2 Mouse: is tagged by udev as: Mouse
[    19.270] (II) event9  - OBINS OBINS
AnnePro2 Mouse: device is a pointer
[    19.270] (II) event9  - OBINS OBINS
AnnePro2 Mouse: device removed
[    19.270] (II) libinput: OBINS OBINS
AnnePro2 Mouse: Step value 0 was provided, libinput Fallback acceleration function is used.
[    19.270] (II) libinput: OBINS OBINS
AnnePro2 Mouse: Step value 0 was provided, libinput Fallback acceleration function is used.
[    19.270] (II) libinput: OBINS OBINS
AnnePro2 Mouse: Step value 0 was provided, libinput Fallback acceleration function is used.
[    19.270] (**) Option "config_info" "udev:/sys/devices/pci0000:00/0000:00:08.1/0000:03:00.3/usb1/1-2/1-2:1.2/0003:04D9:A293.0003/input/input9/event9"
[    19.270] (II) XINPUT: Adding extended input device "OBINS OBINS
AnnePro2 Mouse" (type: MOUSE, id 12)
[    19.271] (**) Option "AccelerationScheme" "none"
[    19.271] (**) OBINS OBINS
AnnePro2 Mouse: (accel) selected scheme none/0
[    19.271] (**) OBINS OBINS
AnnePro2 Mouse: (accel) acceleration factor: 2.000
[    19.271] (**) OBINS OBINS
AnnePro2 Mouse: (accel) acceleration threshold: 4
[    19.272] (II) event9  - OBINS OBINS
AnnePro2 Mouse: is tagged by udev as: Mouse
[    19.272] (II) event9  - OBINS OBINS
AnnePro2 Mouse: device is a pointer
[    19.273] (II) config/udev: Adding input device OBINS OBINS
AnnePro2 Mouse (/dev/input/mouse0)
[    19.273] (II) No input driver specified, ignoring this device.
[    19.273] (II) This device may have been added with another device file.
[    19.274] (II) config/udev: Adding input device OBINS OBINS
AnnePro2 (/dev/input/event10)
[    19.274] (II) No input driver specified, ignoring this device.
[    19.274] (II) This device may have been added with another device file.
[    19.274] (II) config/udev: Adding input device OBINS OBINS
AnnePro2 (/dev/input/js0)
[    19.274] (II) No input driver specified, ignoring this device.
[    19.274] (II) This device may have been added with another device file.
[    19.275] (II) config/udev: Adding input device Razer Razer DeathAdder Essential (/dev/input/event11)
[    19.275] (**) Razer Razer DeathAdder Essential: Applying InputClass "libinput pointer catchall"
[    19.275] (II) Using input driver 'libinput' for 'Razer Razer DeathAdder Essential'
[    19.330] (II) systemd-logind: got fd for /dev/input/event11 13:75 fd 36 paused 0
[    19.330] (**) Razer Razer DeathAdder Essential: always reports core events
[    19.330] (**) Option "Device" "/dev/input/event11"
[    19.333] (II) event11 - Razer Razer DeathAdder Essential: is tagged by udev as: Mouse
[    19.333] (II) event11 - Razer Razer DeathAdder Essential: device is a pointer
[    19.334] (II) event11 - Razer Razer DeathAdder Essential: device removed
[    19.334] (II) libinput: Razer Razer DeathAdder Essential: Step value 0 was provided, libinput Fallback acceleration function is used.
[    19.334] (II) libinput: Razer Razer DeathAdder Essential: Step value 0 was provided, libinput Fallback acceleration function is used.
[    19.334] (II) libinput: Razer Razer DeathAdder Essential: Step value 0 was provided, libinput Fallback acceleration function is used.
[    19.334] (**) Option "config_info" "udev:/sys/devices/pci0000:00/0000:00:08.1/0000:03:00.3/usb1/1-4/1-4:1.0/0003:1532:006E.0005/input/input11/event11"
[    19.334] (II) XINPUT: Adding extended input device "Razer Razer DeathAdder Essential" (type: MOUSE, id 13)
[    19.334] (**) Option "AccelerationScheme" "none"
[    19.334] (**) Razer Razer DeathAdder Essential: (accel) selected scheme none/0
[    19.334] (**) Razer Razer DeathAdder Essential: (accel) acceleration factor: 2.000
[    19.334] (**) Razer Razer DeathAdder Essential: (accel) acceleration threshold: 4
[    19.337] (II) event11 - Razer Razer DeathAdder Essential: is tagged by udev as: Mouse
[    19.337] (II) event11 - Razer Razer DeathAdder Essential: device is a pointer
[    19.339] (II) config/udev: Adding input device Razer Razer DeathAdder Essential (/dev/input/mouse1)
[    19.339] (II) No input driver specified, ignoring this device.
[    19.339] (II) This device may have been added with another device file.
[    19.341] (II) config/udev: Adding input device Razer Razer DeathAdder Essential Keyboard (/dev/input/event12)
[    19.341] (**) Razer Razer DeathAdder Essential Keyboard: Applying InputClass "libinput keyboard catchall"
[    19.341] (II) Using input driver 'libinput' for 'Razer Razer DeathAdder Essential Keyboard'
[    19.342] (II) systemd-logind: got fd for /dev/input/event12 13:76 fd 37 paused 0
[    19.342] (**) Razer Razer DeathAdder Essential Keyboard: always reports core events
[    19.342] (**) Option "Device" "/dev/input/event12"
[    19.345] (II) event12 - Razer Razer DeathAdder Essential Keyboard: is tagged by udev as: Keyboard
[    19.345] (II) event12 - Razer Razer DeathAdder Essential Keyboard: device is a keyboard
[    19.346] (II) event12 - Razer Razer DeathAdder Essential Keyboard: device removed
[    19.346] (II) libinput: Razer Razer DeathAdder Essential Keyboard: needs a virtual subdevice
[    19.346] (**) Option "config_info" "udev:/sys/devices/pci0000:00/0000:00:08.1/0000:03:00.3/usb1/1-4/1-4:1.1/0003:1532:006E.0006/input/input12/event12"
[    19.346] (II) XINPUT: Adding extended input device "Razer Razer DeathAdder Essential Keyboard" (type: MOUSE, id 14)
[    19.346] (**) Option "AccelerationScheme" "none"
[    19.346] (**) Razer Razer DeathAdder Essential Keyboard: (accel) selected scheme none/0
[    19.346] (**) Razer Razer DeathAdder Essential Keyboard: (accel) acceleration factor: 2.000
[    19.346] (**) Razer Razer DeathAdder Essential Keyboard: (accel) acceleration threshold: 4
[    19.349] (II) event12 - Razer Razer DeathAdder Essential Keyboard: is tagged by udev as: Keyboard
[    19.349] (II) event12 - Razer Razer DeathAdder Essential Keyboard: device is a keyboard
[    19.351] (II) config/udev: Adding input device Razer Razer DeathAdder Essential (/dev/input/event13)
[    19.351] (II) No input driver specified, ignoring this device.
[    19.351] (II) This device may have been added with another device file.
[    19.353] (II) config/udev: Adding input device Razer Razer DeathAdder Essential (/dev/input/event14)
[    19.353] (**) Razer Razer DeathAdder Essential: Applying InputClass "libinput keyboard catchall"
[    19.353] (II) Using input driver 'libinput' for 'Razer Razer DeathAdder Essential'
[    19.354] (II) systemd-logind: got fd for /dev/input/event14 13:78 fd 38 paused 0
[    19.354] (**) Razer Razer DeathAdder Essential: always reports core events
[    19.354] (**) Option "Device" "/dev/input/event14"
[    19.357] (II) event14 - Razer Razer DeathAdder Essential: is tagged by udev as: Keyboard
[    19.357] (II) event14 - Razer Razer DeathAdder Essential: device is a keyboard
[    19.357] (II) event14 - Razer Razer DeathAdder Essential: device removed
[    19.357] (**) Option "config_info" "udev:/sys/devices/pci0000:00/0000:00:08.1/0000:03:00.3/usb1/1-4/1-4:1.2/0003:1532:006E.0007/input/input14/event14"
[    19.357] (II) XINPUT: Adding extended input device "Razer Razer DeathAdder Essential" (type: KEYBOARD, id 15)
[    19.361] (II) event14 - Razer Razer DeathAdder Essential: is tagged by udev as: Keyboard
[    19.361] (II) event14 - Razer Razer DeathAdder Essential: device is a keyboard
[    19.362] (II) config/udev: Adding input device HD-Audio Generic Headset Mic (/dev/input/event19)
[    19.362] (II) No input driver specified, ignoring this device.
[    19.362] (II) This device may have been added with another device file.
[    19.363] (II) config/udev: Adding input device HD-Audio Generic Headphone (/dev/input/event20)
[    19.363] (II) No input driver specified, ignoring this device.
[    19.363] (II) This device may have been added with another device file.
[    19.364] (II) config/udev: Adding input device Ideapad extra buttons (/dev/input/event17)
[    19.364] (**) Ideapad extra buttons: Applying InputClass "libinput keyboard catchall"
[    19.364] (II) Using input driver 'libinput' for 'Ideapad extra buttons'
[    19.365] (II) systemd-logind: got fd for /dev/input/event17 13:81 fd 39 paused 0
[    19.365] (**) Ideapad extra buttons: always reports core events
[    19.365] (**) Option "Device" "/dev/input/event17"
[    19.367] (II) event17 - Ideapad extra buttons: is tagged by udev as: Keyboard
[    19.367] (II) event17 - Ideapad extra buttons: device is a keyboard
[    19.368] (II) event17 - Ideapad extra buttons: device removed
[    19.368] (**) Option "config_info" "udev:/sys/devices/pci0000:00/0000:00:14.3/PNP0C09:00/VPC2004:00/input/input17/event17"
[    19.368] (II) XINPUT: Adding extended input device "Ideapad extra buttons" (type: KEYBOARD, id 16)
[    19.370] (II) event17 - Ideapad extra buttons: is tagged by udev as: Keyboard
[    19.370] (II) event17 - Ideapad extra buttons: device is a keyboard
[    19.372] (II) config/udev: Adding input device Elan Touchpad (/dev/input/event15)
[    19.372] (**) Elan Touchpad: Applying InputClass "libinput touchpad catchall"
[    19.372] (II) Using input driver 'libinput' for 'Elan Touchpad'
[    19.373] (II) systemd-logind: got fd for /dev/input/event15 13:79 fd 40 paused 0
[    19.373] (**) Elan Touchpad: always reports core events
[    19.373] (**) Option "Device" "/dev/input/event15"
[    19.375] (II) event15 - Elan Touchpad: is tagged by udev as: Touchpad
[    19.378] (II) event15 - Elan Touchpad: device is a touchpad
[    19.378] (II) event15 - Elan Touchpad: device removed
[    19.378] (II) libinput: Elan Touchpad: Step value 0 was provided, libinput Fallback acceleration function is used.
[    19.378] (II) libinput: Elan Touchpad: Step value 0 was provided, libinput Fallback acceleration function is used.
[    19.378] (II) libinput: Elan Touchpad: Step value 0 was provided, libinput Fallback acceleration function is used.
[    19.379] (**) Option "config_info" "udev:/sys/devices/platform/AMDI0010:00/i2c-0/i2c-ELAN0632:00/input/input15/event15"
[    19.379] (II) XINPUT: Adding extended input device "Elan Touchpad" (type: TOUCHPAD, id 17)
[    19.382] (**) Option "AccelerationScheme" "none"
[    19.382] (**) Elan Touchpad: (accel) selected scheme none/0
[    19.382] (**) Elan Touchpad: (accel) acceleration factor: 2.000
[    19.382] (**) Elan Touchpad: (accel) acceleration threshold: 4
[    19.383] (II) event15 - Elan Touchpad: is tagged by udev as: Touchpad
[    19.386] (II) event15 - Elan Touchpad: device is a touchpad
[    19.388] (II) config/udev: Adding input device Elan Touchpad (/dev/input/mouse2)
[    19.388] (II) No input driver specified, ignoring this device.
[    19.388] (II) This device may have been added with another device file.
[    19.389] (II) config/udev: Adding input device AT Translated Set 2 keyboard (/dev/input/event4)
[    19.389] (**) AT Translated Set 2 keyboard: Applying InputClass "libinput keyboard catchall"
[    19.389] (II) Using input driver 'libinput' for 'AT Translated Set 2 keyboard'
[    19.390] (II) systemd-logind: got fd for /dev/input/event4 13:68 fd 41 paused 0
[    19.390] (**) AT Translated Set 2 keyboard: always reports core events
[    19.390] (**) Option "Device" "/dev/input/event4"
[    19.392] (II) event4  - AT Translated Set 2 keyboard: is tagged by udev as: Keyboard
[    19.392] (II) event4  - AT Translated Set 2 keyboard: device is a keyboard
[    19.393] (II) event4  - AT Translated Set 2 keyboard: device removed
[    19.393] (**) Option "config_info" "udev:/sys/devices/platform/i8042/serio0/input/input4/event4"
[    19.393] (II) XINPUT: Adding extended input device "AT Translated Set 2 keyboard" (type: KEYBOARD, id 18)
[    19.394] (II) event4  - AT Translated Set 2 keyboard: is tagged by udev as: Keyboard
[    19.394] (II) event4  - AT Translated Set 2 keyboard: device is a keyboard
[    19.396] (II) config/udev: Adding input device PC Speaker (/dev/input/event16)
[    19.396] (II) No input driver specified, ignoring this device.
[    19.396] (II) This device may have been added with another device file.
[    19.402] (**) Razer Razer DeathAdder Essential Keyboard: Applying InputClass "libinput keyboard catchall"
[    19.402] (II) Using input driver 'libinput' for 'Razer Razer DeathAdder Essential Keyboard'
[    19.402] (II) systemd-logind: returning pre-existing fd for /dev/input/event12 13:76
[    19.402] (**) Razer Razer DeathAdder Essential Keyboard: always reports core events
[    19.402] (**) Option "Device" "/dev/input/event12"
[    19.402] (II) libinput: Razer Razer DeathAdder Essential Keyboard: is a virtual subdevice
[    19.402] (**) Option "config_info" "udev:/sys/devices/pci0000:00/0000:00:08.1/0000:03:00.3/usb1/1-4/1-4:1.1/0003:1532:006E.0006/input/input12/event12"
[    19.402] (II) XINPUT: Adding extended input device "Razer Razer DeathAdder Essential Keyboard" (type: KEYBOARD, id 19)
[   347.356] (II) event5  - OBINS OBINS
AnnePro2: device removed
[   347.357] (II) config/udev: removing device OBINS OBINS
AnnePro2
[   347.357] (**) Option "fd" "32"
[   347.357] (II) UnloadModule: "libinput"
[   347.357] (II) systemd-logind: releasing fd for 13:69
[   347.526] (II) event7  - OBINS OBINS
AnnePro2 Consumer Control: device removed
[   347.527] (II) config/udev: removing device OBINS OBINS
AnnePro2 Consumer Control
[   347.527] (**) Option "fd" "33"
[   347.527] (II) UnloadModule: "libinput"
[   347.527] (II) systemd-logind: releasing fd for 13:71
[   347.603] (II) event8  - OBINS OBINS
AnnePro2 Keyboard: device removed
[   347.604] (II) config/udev: removing device OBINS OBINS
AnnePro2 Keyboard
[   347.604] (**) Option "fd" "34"
[   347.604] (II) UnloadModule: "libinput"
[   347.604] (II) systemd-logind: releasing fd for 13:72
[   347.630] (II) event9  - OBINS OBINS
AnnePro2 Mouse: device removed
[   347.630] (II) config/udev: removing device OBINS OBINS
AnnePro2 Mouse
[   347.630] (**) Option "fd" "35"
[   347.631] (II) UnloadModule: "libinput"
[   347.631] (II) systemd-logind: releasing fd for 13:73
[   349.154] (II) config/udev: Adding input device OBINS OBINS
AnnePro2 Mouse (/dev/input/mouse0)
[   349.154] (II) No input driver specified, ignoring this device.
[   349.154] (II) This device may have been added with another device file.
[   349.155] (II) config/udev: Adding input device OBINS OBINS
AnnePro2 (/dev/input/js0)
[   349.155] (II) No input driver specified, ignoring this device.
[   349.155] (II) This device may have been added with another device file.
[   349.204] (II) config/udev: Adding input device OBINS OBINS
AnnePro2 Consumer Control (/dev/input/event7)
[   349.204] (**) OBINS OBINS
AnnePro2 Consumer Control: Applying InputClass "libinput keyboard catchall"
[   349.204] (II) Using input driver 'libinput' for 'OBINS OBINS
AnnePro2 Consumer Control'
[   349.205] (II) systemd-logind: got fd for /dev/input/event7 13:71 fd 33 paused 0
[   349.205] (**) OBINS OBINS
AnnePro2 Consumer Control: always reports core events
[   349.205] (**) Option "Device" "/dev/input/event7"
[   349.207] (II) event7  - OBINS OBINS
AnnePro2 Consumer Control: is tagged by udev as: Keyboard
[   349.207] (II) event7  - OBINS OBINS
AnnePro2 Consumer Control: device is a keyboard
[   349.207] (II) event7  - OBINS OBINS
AnnePro2 Consumer Control: device removed
[   349.207] (**) Option "config_info" "udev:/sys/devices/pci0000:00/0000:00:08.1/0000:03:00.3/usb1/1-2/1-2:1.2/0003:04D9:A293.000A/input/input23/event7"
[   349.207] (II) XINPUT: Adding extended input device "OBINS OBINS
AnnePro2 Consumer Control" (type: KEYBOARD, id 9)
[   349.209] (II) event7  - OBINS OBINS
AnnePro2 Consumer Control: is tagged by udev as: Keyboard
[   349.209] (II) event7  - OBINS OBINS
AnnePro2 Consumer Control: device is a keyboard
[   349.219] (II) config/udev: Adding input device OBINS OBINS
AnnePro2 (/dev/input/event5)
[   349.220] (**) OBINS OBINS
AnnePro2: Applying InputClass "libinput keyboard catchall"
[   349.220] (II) Using input driver 'libinput' for 'OBINS OBINS
AnnePro2'
[   349.221] (II) systemd-logind: got fd for /dev/input/event5 13:69 fd 34 paused 0
[   349.221] (**) OBINS OBINS
AnnePro2: always reports core events
[   349.221] (**) Option "Device" "/dev/input/event5"
[   349.223] (II) event5  - OBINS OBINS
AnnePro2: is tagged by udev as: Keyboard
[   349.223] (II) event5  - OBINS OBINS
AnnePro2: device is a keyboard
[   349.224] (II) event5  - OBINS OBINS
AnnePro2: device removed
[   349.224] (**) Option "config_info" "udev:/sys/devices/pci0000:00/0000:00:08.1/0000:03:00.3/usb1/1-2/1-2:1.0/0003:04D9:A293.0008/input/input21/event5"
[   349.224] (II) XINPUT: Adding extended input device "OBINS OBINS
AnnePro2" (type: KEYBOARD, id 10)
[   349.226] (II) event5  - OBINS OBINS
AnnePro2: is tagged by udev as: Keyboard
[   349.226] (II) event5  - OBINS OBINS
AnnePro2: device is a keyboard
[   349.227] (II) config/udev: Adding input device OBINS OBINS
AnnePro2 (/dev/input/event6)
[   349.227] (II) No input driver specified, ignoring this device.
[   349.227] (II) This device may have been added with another device file.
[   349.228] (II) config/udev: Adding input device OBINS OBINS
AnnePro2 Keyboard (/dev/input/event8)
[   349.228] (**) OBINS OBINS
AnnePro2 Keyboard: Applying InputClass "libinput keyboard catchall"
[   349.228] (II) Using input driver 'libinput' for 'OBINS OBINS
AnnePro2 Keyboard'
[   349.228] (II) systemd-logind: got fd for /dev/input/event8 13:72 fd 35 paused 0
[   349.229] (**) OBINS OBINS
AnnePro2 Keyboard: always reports core events
[   349.229] (**) Option "Device" "/dev/input/event8"
[   349.232] (II) event8  - OBINS OBINS
AnnePro2 Keyboard: is tagged by udev as: Keyboard
[   349.232] (II) event8  - OBINS OBINS
AnnePro2 Keyboard: device is a keyboard
[   349.233] (II) event8  - OBINS OBINS
AnnePro2 Keyboard: device removed
[   349.233] (**) Option "config_info" "udev:/sys/devices/pci0000:00/0000:00:08.1/0000:03:00.3/usb1/1-2/1-2:1.2/0003:04D9:A293.000A/input/input24/event8"
[   349.233] (II) XINPUT: Adding extended input device "OBINS OBINS
AnnePro2 Keyboard" (type: KEYBOARD, id 11)
[   349.236] (II) event8  - OBINS OBINS
AnnePro2 Keyboard: is tagged by udev as: Keyboard
[   349.237] (II) event8  - OBINS OBINS
AnnePro2 Keyboard: device is a keyboard
[   349.239] (II) config/udev: Adding input device OBINS OBINS
AnnePro2 Mouse (/dev/input/event9)
[   349.239] (**) OBINS OBINS
AnnePro2 Mouse: Applying InputClass "libinput pointer catchall"
[   349.239] (II) Using input driver 'libinput' for 'OBINS OBINS
AnnePro2 Mouse'
[   349.240] (II) systemd-logind: got fd for /dev/input/event9 13:73 fd 53 paused 0
[   349.240] (**) OBINS OBINS
AnnePro2 Mouse: always reports core events
[   349.240] (**) Option "Device" "/dev/input/event9"
[   349.242] (II) event9  - OBINS OBINS
AnnePro2 Mouse: is tagged by udev as: Mouse
[   349.242] (II) event9  - OBINS OBINS
AnnePro2 Mouse: device is a pointer
[   349.242] (II) event9  - OBINS OBINS
AnnePro2 Mouse: device removed
[   349.242] (II) libinput: OBINS OBINS
AnnePro2 Mouse: Step value 0 was provided, libinput Fallback acceleration function is used.
[   349.242] (II) libinput: OBINS OBINS
AnnePro2 Mouse: Step value 0 was provided, libinput Fallback acceleration function is used.
[   349.242] (II) libinput: OBINS OBINS
AnnePro2 Mouse: Step value 0 was provided, libinput Fallback acceleration function is used.
[   349.242] (**) Option "config_info" "udev:/sys/devices/pci0000:00/0000:00:08.1/0000:03:00.3/usb1/1-2/1-2:1.2/0003:04D9:A293.000A/input/input25/event9"
[   349.242] (II) XINPUT: Adding extended input device "OBINS OBINS
AnnePro2 Mouse" (type: MOUSE, id 12)
[   349.243] (**) Option "AccelerationScheme" "none"
[   349.243] (**) OBINS OBINS
AnnePro2 Mouse: (accel) selected scheme none/0
[   349.243] (**) OBINS OBINS
AnnePro2 Mouse: (accel) acceleration factor: 2.000
[   349.243] (**) OBINS OBINS
AnnePro2 Mouse: (accel) acceleration threshold: 4
[   349.244] (II) event9  - OBINS OBINS
AnnePro2 Mouse: is tagged by udev as: Mouse
[   349.244] (II) event9  - OBINS OBINS
AnnePro2 Mouse: device is a pointer
[   349.245] (II) config/udev: Adding input device OBINS OBINS
AnnePro2 (/dev/input/event10)
[   349.245] (II) No input driver specified, ignoring this device.
[   349.245] (II) This device may have been added with another device file.
