2023-04-12 12:39:27.808 [info] Log level: Info
2023-04-12 12:39:27.808 [info] Validating found git in: "git"
2023-04-12 12:39:27.808 [info] Using git "2.40.0" from "git"
2023-04-12 12:39:27.819 [info] > git rev-parse --show-toplevel [16ms]
2023-04-12 12:39:27.832 [info] > git rev-parse --git-dir --git-common-dir [2ms]
2023-04-12 12:39:27.857 [info] Open repository: /home/ianbit/Documents/challenges
2023-04-12 12:39:27.885 [info] > git rev-parse --show-toplevel [12ms]
2023-04-12 12:39:27.904 [info] > git rev-parse --show-toplevel [7ms]
2023-04-12 12:39:27.916 [info] > git config --get commit.template [30ms]
2023-04-12 12:39:27.926 [info] > git rev-parse --show-toplevel [12ms]
2023-04-12 12:39:27.953 [info] > git for-each-ref --format=%(refname)%00%(upstream:short)%00%(objectname)%00%(upstream:track)%00%(upstream:remotename)%00%(upstream:remoteref) refs/heads/main refs/remotes/main [10ms]
2023-04-12 12:39:27.999 [info] > git status -z -uall [32ms]
2023-04-12 12:39:28.677 [info] > git config --get commit.template [645ms]
2023-04-12 12:39:28.792 [info] > git for-each-ref --format=%(refname)%00%(upstream:short)%00%(objectname)%00%(upstream:track)%00%(upstream:remotename)%00%(upstream:remoteref) refs/heads/main refs/remotes/main [3ms]
2023-04-12 12:39:28.821 [info] > git status -z -uall [14ms]
2023-04-12 12:39:29.214 [info] > git check-ignore -v -z --stdin [6ms]
2023-04-12 12:39:30.207 [info] > git show --textconv :news-homepage-main/style.css [24ms]
2023-04-12 12:39:30.217 [info] > git ls-files --stage -- /home/ianbit/Documents/challenges/news-homepage-main/style.css [12ms]
2023-04-12 12:39:30.239 [info] > git cat-file -s 145b65c11b2b648b7971776e513ecd6c408b988f [4ms]
2023-04-12 12:43:36.501 [info] > git show --textconv :news-homepage-main/style-guide.md [21ms]
2023-04-12 12:43:36.505 [info] > git ls-files --stage -- /home/ianbit/Documents/challenges/news-homepage-main/style-guide.md [5ms]
2023-04-12 12:43:36.522 [info] > git cat-file -s cd39197937a561ba0eb0bce2efb6cfefd3c87996 [3ms]
