2023-03-13 19:19:46.330 [info] Extension host with pid 6818 started
2023-03-13 19:19:46.330 [info] Skipping acquiring lock for /home/ianbit/.config/Code/User/workspaceStorage/417358071c70c507195e07ead5d4016d.
2023-03-13 19:19:46.693 [info] ExtensionService#_doActivateExtension vscode.emmet, startup: false, activationEvent: 'onLanguage'
2023-03-13 19:19:46.717 [info] ExtensionService#_doActivateExtension vscode.typescript-language-features, startup: false, activationEvent: 'onLanguage:javascript'
2023-03-13 19:19:46.745 [info] ExtensionService#_doActivateExtension dsznajder.es7-react-js-snippets, startup: false, activationEvent: 'onLanguage:javascript'
2023-03-13 19:19:47.213 [info] ExtensionService#_doActivateExtension vscode.git-base, startup: true, activationEvent: '*', root cause: vscode.git
2023-03-13 19:19:47.401 [info] ExtensionService#_doActivateExtension vscode.git, startup: true, activationEvent: '*'
2023-03-13 19:19:47.432 [info] ExtensionService#_doActivateExtension vscode.github, startup: true, activationEvent: '*'
2023-03-13 19:19:47.562 [info] Eager extensions activated
2023-03-13 19:19:47.686 [info] ExtensionService#_doActivateExtension vscode.debug-auto-launch, startup: false, activationEvent: 'onStartupFinished'
2023-03-13 19:19:47.690 [info] ExtensionService#_doActivateExtension vscode.merge-conflict, startup: false, activationEvent: 'onStartupFinished'
2023-03-13 19:19:47.701 [info] ExtensionService#_doActivateExtension PKief.material-icon-theme, startup: false, activationEvent: 'onStartupFinished'
2023-03-13 19:19:47.713 [info] ExtensionService#_doActivateExtension ritwickdey.LiveServer, startup: false, activationEvent: 'onStartupFinished'
2023-03-13 19:19:48.300 [error] {"message":"Git error","stdout":"","stderr":"fatal: Pathspec '/home/ianbit/Documents/cursos/roger-melo-js/modulo-07/quiz-interativo/app.js' is in submodule 'roger-melo-js/modulo-07/quiz-interativo'\n","exitCode":128,"gitErrorCode":"IsInSubmodule"}
2023-03-13 19:19:48.300 [error] {"message":"Git error","stdout":"","stderr":"fatal: Pathspec '/home/ianbit/Documents/cursos/roger-melo-js/modulo-07/quiz-interativo/app.js' is in submodule 'roger-melo-js/modulo-07/quiz-interativo'\n","exitCode":128,"gitErrorCode":"IsInSubmodule"}
2023-03-13 19:19:48.300 [error] {"message":"Git error","stdout":"","stderr":"fatal: Pathspec '/home/ianbit/Documents/cursos/roger-melo-js/modulo-07/quiz-interativo/app.js' is in submodule 'roger-melo-js/modulo-07/quiz-interativo'\n","exitCode":128,"gitErrorCode":"IsInSubmodule"}
2023-03-13 19:19:48.300 [error] {"message":"Git error","stdout":"","stderr":"fatal: Pathspec '/home/ianbit/Documents/cursos/roger-melo-js/modulo-07/quiz-interativo/app.js' is in submodule 'roger-melo-js/modulo-07/quiz-interativo'\n","exitCode":128,"gitErrorCode":"IsInSubmodule"}
2023-03-13 19:19:48.300 [error] {"message":"Git error","stdout":"","stderr":"fatal: Pathspec '/home/ianbit/Documents/cursos/roger-melo-js/modulo-07/quiz-interativo/app.js' is in submodule 'roger-melo-js/modulo-07/quiz-interativo'\n","exitCode":128,"gitErrorCode":"IsInSubmodule"}
2023-03-13 19:19:48.300 [error] {"message":"Git error","stdout":"","stderr":"fatal: Pathspec '/home/ianbit/Documents/cursos/roger-melo-js/modulo-07/quiz-interativo/app.js' is in submodule 'roger-melo-js/modulo-07/quiz-interativo'\n","exitCode":128,"gitErrorCode":"IsInSubmodule"}
2023-03-13 19:19:48.300 [error] {"message":"Git error","stdout":"","stderr":"fatal: Pathspec '/home/ianbit/Documents/cursos/roger-melo-js/modulo-07/quiz-interativo/app.js' is in submodule 'roger-melo-js/modulo-07/quiz-interativo'\n","exitCode":128,"gitErrorCode":"IsInSubmodule"}
2023-03-13 19:19:48.300 [error] {"message":"Git error","stdout":"","stderr":"fatal: Pathspec '/home/ianbit/Documents/cursos/roger-melo-js/modulo-07/quiz-interativo/app.js' is in submodule 'roger-melo-js/modulo-07/quiz-interativo'\n","exitCode":128,"gitErrorCode":"IsInSubmodule"}
2023-03-13 19:19:48.300 [error] {"message":"Git error","stdout":"","stderr":"fatal: Pathspec '/home/ianbit/Documents/cursos/roger-melo-js/modulo-07/quiz-interativo/app.js' is in submodule 'roger-melo-js/modulo-07/quiz-interativo'\n","exitCode":128,"gitErrorCode":"IsInSubmodule"}
2023-03-13 19:19:48.300 [error] {"message":"Git error","stdout":"","stderr":"fatal: Pathspec '/home/ianbit/Documents/cursos/roger-melo-js/modulo-07/quiz-interativo/app.js' is in submodule 'roger-melo-js/modulo-07/quiz-interativo'\n","exitCode":128,"gitErrorCode":"IsInSubmodule"}
2023-03-13 19:19:48.300 [error] {"message":"Git error","stdout":"","stderr":"fatal: Pathspec '/home/ianbit/Documents/cursos/roger-melo-js/modulo-07/quiz-interativo/app.js' is in submodule 'roger-melo-js/modulo-07/quiz-interativo'\n","exitCode":128,"gitErrorCode":"IsInSubmodule"}
2023-03-13 19:19:48.300 [error] {"message":"Git error","stdout":"","stderr":"fatal: Pathspec '/home/ianbit/Documents/cursos/roger-melo-js/modulo-07/quiz-interativo/app.js' is in submodule 'roger-melo-js/modulo-07/quiz-interativo'\n","exitCode":128,"gitErrorCode":"IsInSubmodule"}
2023-03-13 19:19:48.300 [error] {"message":"Git error","stdout":"","stderr":"fatal: Pathspec '/home/ianbit/Documents/cursos/roger-melo-js/modulo-07/quiz-interativo/app.js' is in submodule 'roger-melo-js/modulo-07/quiz-interativo'\n","exitCode":128,"gitErrorCode":"IsInSubmodule"}
2023-03-13 19:19:48.300 [error] {"message":"Git error","stdout":"","stderr":"fatal: Pathspec '/home/ianbit/Documents/cursos/roger-melo-js/modulo-07/quiz-interativo/app.js' is in submodule 'roger-melo-js/modulo-07/quiz-interativo'\n","exitCode":128,"gitErrorCode":"IsInSubmodule"}
2023-03-13 19:19:48.300 [error] {"message":"Git error","stdout":"","stderr":"fatal: Pathspec '/home/ianbit/Documents/cursos/roger-melo-js/modulo-07/quiz-interativo/app.js' is in submodule 'roger-melo-js/modulo-07/quiz-interativo'\n","exitCode":128,"gitErrorCode":"IsInSubmodule"}
2023-03-13 19:19:48.300 [error] {"message":"Git error","stdout":"","stderr":"fatal: Pathspec '/home/ianbit/Documents/cursos/roger-melo-js/modulo-07/quiz-interativo/app.js' is in submodule 'roger-melo-js/modulo-07/quiz-interativo'\n","exitCode":128,"gitErrorCode":"IsInSubmodule"}
2023-03-13 19:19:48.301 [error] {"message":"Git error","stdout":"","stderr":"fatal: Pathspec '/home/ianbit/Documents/cursos/roger-melo-js/modulo-07/quiz-interativo/app.js' is in submodule 'roger-melo-js/modulo-07/quiz-interativo'\n","exitCode":128,"gitErrorCode":"IsInSubmodule"}
2023-03-13 19:19:48.301 [error] {"message":"Git error","stdout":"","stderr":"fatal: Pathspec '/home/ianbit/Documents/cursos/roger-melo-js/modulo-07/quiz-interativo/app.js' is in submodule 'roger-melo-js/modulo-07/quiz-interativo'\n","exitCode":128,"gitErrorCode":"IsInSubmodule"}
2023-03-13 19:19:48.301 [error] {"message":"Git error","stdout":"","stderr":"fatal: Pathspec '/home/ianbit/Documents/cursos/roger-melo-js/modulo-07/quiz-interativo/app.js' is in submodule 'roger-melo-js/modulo-07/quiz-interativo'\n","exitCode":128,"gitErrorCode":"IsInSubmodule"}
2023-03-13 19:19:48.301 [error] {"message":"Git error","stdout":"","stderr":"fatal: Pathspec '/home/ianbit/Documents/cursos/roger-melo-js/modulo-07/quiz-interativo/app.js' is in submodule 'roger-melo-js/modulo-07/quiz-interativo'\n","exitCode":128,"gitErrorCode":"IsInSubmodule"}
2023-03-13 19:19:48.301 [error] {"message":"Git error","stdout":"","stderr":"fatal: Pathspec '/home/ianbit/Documents/cursos/roger-melo-js/modulo-07/quiz-interativo/app.js' is in submodule 'roger-melo-js/modulo-07/quiz-interativo'\n","exitCode":128,"gitErrorCode":"IsInSubmodule"}
2023-03-13 19:19:48.301 [error] {"message":"Git error","stdout":"","stderr":"fatal: Pathspec '/home/ianbit/Documents/cursos/roger-melo-js/modulo-07/quiz-interativo/app.js' is in submodule 'roger-melo-js/modulo-07/quiz-interativo'\n","exitCode":128,"gitErrorCode":"IsInSubmodule"}
2023-03-13 19:19:48.301 [error] {"message":"Git error","stdout":"","stderr":"fatal: Pathspec '/home/ianbit/Documents/cursos/roger-melo-js/modulo-07/quiz-interativo/app.js' is in submodule 'roger-melo-js/modulo-07/quiz-interativo'\n","exitCode":128,"gitErrorCode":"IsInSubmodule"}
2023-03-13 19:19:48.301 [error] {"message":"Git error","stdout":"","stderr":"fatal: Pathspec '/home/ianbit/Documents/cursos/roger-melo-js/modulo-07/quiz-interativo/app.js' is in submodule 'roger-melo-js/modulo-07/quiz-interativo'\n","exitCode":128,"gitErrorCode":"IsInSubmodule"}
2023-03-13 19:19:48.301 [error] {"message":"Git error","stdout":"","stderr":"fatal: Pathspec '/home/ianbit/Documents/cursos/roger-melo-js/modulo-07/quiz-interativo/app.js' is in submodule 'roger-melo-js/modulo-07/quiz-interativo'\n","exitCode":128,"gitErrorCode":"IsInSubmodule"}
2023-03-13 19:19:48.301 [error] {"message":"Git error","stdout":"","stderr":"fatal: Pathspec '/home/ianbit/Documents/cursos/roger-melo-js/modulo-07/quiz-interativo/app.js' is in submodule 'roger-melo-js/modulo-07/quiz-interativo'\n","exitCode":128,"gitErrorCode":"IsInSubmodule"}
2023-03-13 19:19:48.301 [error] {"message":"Git error","stdout":"","stderr":"fatal: Pathspec '/home/ianbit/Documents/cursos/roger-melo-js/modulo-07/quiz-interativo/app.js' is in submodule 'roger-melo-js/modulo-07/quiz-interativo'\n","exitCode":128,"gitErrorCode":"IsInSubmodule"}
2023-03-13 19:19:48.301 [error] {"message":"Git error","stdout":"","stderr":"fatal: Pathspec '/home/ianbit/Documents/cursos/roger-melo-js/modulo-07/quiz-interativo/app.js' is in submodule 'roger-melo-js/modulo-07/quiz-interativo'\n","exitCode":128,"gitErrorCode":"IsInSubmodule"}
2023-03-13 19:19:48.301 [error] {"message":"Git error","stdout":"","stderr":"fatal: Pathspec '/home/ianbit/Documents/cursos/roger-melo-js/modulo-07/quiz-interativo/app.js' is in submodule 'roger-melo-js/modulo-07/quiz-interativo'\n","exitCode":128,"gitErrorCode":"IsInSubmodule"}
2023-03-13 19:19:48.301 [error] {"message":"Git error","stdout":"","stderr":"fatal: Pathspec '/home/ianbit/Documents/cursos/roger-melo-js/modulo-07/quiz-interativo/app.js' is in submodule 'roger-melo-js/modulo-07/quiz-interativo'\n","exitCode":128,"gitErrorCode":"IsInSubmodule"}
2023-03-13 19:19:48.301 [error] {"message":"Git error","stdout":"","stderr":"fatal: Pathspec '/home/ianbit/Documents/cursos/roger-melo-js/modulo-07/quiz-interativo/app.js' is in submodule 'roger-melo-js/modulo-07/quiz-interativo'\n","exitCode":128,"gitErrorCode":"IsInSubmodule"}
2023-03-13 19:19:48.301 [error] {"message":"Git error","stdout":"","stderr":"fatal: Pathspec '/home/ianbit/Documents/cursos/roger-melo-js/modulo-07/quiz-interativo/app.js' is in submodule 'roger-melo-js/modulo-07/quiz-interativo'\n","exitCode":128,"gitErrorCode":"IsInSubmodule"}
2023-03-13 19:19:48.301 [error] {"message":"Git error","stdout":"","stderr":"fatal: Pathspec '/home/ianbit/Documents/cursos/roger-melo-js/modulo-07/quiz-interativo/app.js' is in submodule 'roger-melo-js/modulo-07/quiz-interativo'\n","exitCode":128,"gitErrorCode":"IsInSubmodule"}
2023-03-13 19:19:48.301 [error] {"message":"Git error","stdout":"","stderr":"fatal: Pathspec '/home/ianbit/Documents/cursos/roger-melo-js/modulo-07/quiz-interativo/app.js' is in submodule 'roger-melo-js/modulo-07/quiz-interativo'\n","exitCode":128,"gitErrorCode":"IsInSubmodule"}
2023-03-13 19:19:48.301 [error] {"message":"Git error","stdout":"","stderr":"fatal: Pathspec '/home/ianbit/Documents/cursos/roger-melo-js/modulo-07/quiz-interativo/app.js' is in submodule 'roger-melo-js/modulo-07/quiz-interativo'\n","exitCode":128,"gitErrorCode":"IsInSubmodule"}
2023-03-13 19:19:48.301 [error] {"message":"Git error","stdout":"","stderr":"fatal: Pathspec '/home/ianbit/Documents/cursos/roger-melo-js/modulo-07/quiz-interativo/app.js' is in submodule 'roger-melo-js/modulo-07/quiz-interativo'\n","exitCode":128,"gitErrorCode":"IsInSubmodule"}
2023-03-13 19:19:49.306 [error] {"message":"Git error","stdout":"","stderr":"fatal: Pathspec '/home/ianbit/Documents/cursos/roger-melo-js/modulo-07/quiz-interativo/app.js' is in submodule 'roger-melo-js/modulo-07/quiz-interativo'\n","exitCode":128,"gitErrorCode":"IsInSubmodule"}
2023-03-13 19:19:49.307 [error] {"message":"Git error","stdout":"","stderr":"fatal: Pathspec '/home/ianbit/Documents/cursos/roger-melo-js/modulo-07/quiz-interativo/app.js' is in submodule 'roger-melo-js/modulo-07/quiz-interativo'\n","exitCode":128,"gitErrorCode":"IsInSubmodule"}
2023-03-13 19:19:49.308 [error] {"message":"Git error","stdout":"","stderr":"fatal: Pathspec '/home/ianbit/Documents/cursos/roger-melo-js/modulo-07/quiz-interativo/app.js' is in submodule 'roger-melo-js/modulo-07/quiz-interativo'\n","exitCode":128,"gitErrorCode":"IsInSubmodule"}
2023-03-13 19:19:49.309 [error] {"message":"Git error","stdout":"","stderr":"fatal: Pathspec '/home/ianbit/Documents/cursos/roger-melo-js/modulo-07/quiz-interativo/app.js' is in submodule 'roger-melo-js/modulo-07/quiz-interativo'\n","exitCode":128,"gitErrorCode":"IsInSubmodule"}
2023-03-13 19:19:49.309 [error] {"message":"Git error","stdout":"","stderr":"fatal: Pathspec '/home/ianbit/Documents/cursos/roger-melo-js/modulo-07/quiz-interativo/app.js' is in submodule 'roger-melo-js/modulo-07/quiz-interativo'\n","exitCode":128,"gitErrorCode":"IsInSubmodule"}
2023-03-13 19:19:49.309 [error] {"message":"Git error","stdout":"","stderr":"fatal: Pathspec '/home/ianbit/Documents/cursos/roger-melo-js/modulo-07/quiz-interativo/app.js' is in submodule 'roger-melo-js/modulo-07/quiz-interativo'\n","exitCode":128,"gitErrorCode":"IsInSubmodule"}
2023-03-13 19:19:49.310 [error] {"message":"Git error","stdout":"","stderr":"fatal: Pathspec '/home/ianbit/Documents/cursos/roger-melo-js/modulo-07/quiz-interativo/app.js' is in submodule 'roger-melo-js/modulo-07/quiz-interativo'\n","exitCode":128,"gitErrorCode":"IsInSubmodule"}
2023-03-13 19:19:49.311 [error] {"message":"Git error","stdout":"","stderr":"fatal: Pathspec '/home/ianbit/Documents/cursos/roger-melo-js/modulo-07/quiz-interativo/app.js' is in submodule 'roger-melo-js/modulo-07/quiz-interativo'\n","exitCode":128,"gitErrorCode":"IsInSubmodule"}
2023-03-13 19:19:49.312 [error] {"message":"Git error","stdout":"","stderr":"fatal: Pathspec '/home/ianbit/Documents/cursos/roger-melo-js/modulo-07/quiz-interativo/app.js' is in submodule 'roger-melo-js/modulo-07/quiz-interativo'\n","exitCode":128,"gitErrorCode":"IsInSubmodule"}
2023-03-13 19:19:49.313 [error] {"message":"Git error","stdout":"","stderr":"fatal: Pathspec '/home/ianbit/Documents/cursos/roger-melo-js/modulo-07/quiz-interativo/app.js' is in submodule 'roger-melo-js/modulo-07/quiz-interativo'\n","exitCode":128,"gitErrorCode":"IsInSubmodule"}
2023-03-13 19:19:49.314 [error] {"message":"Git error","stdout":"","stderr":"fatal: Pathspec '/home/ianbit/Documents/cursos/roger-melo-js/modulo-07/quiz-interativo/app.js' is in submodule 'roger-melo-js/modulo-07/quiz-interativo'\n","exitCode":128,"gitErrorCode":"IsInSubmodule"}
2023-03-13 19:19:49.315 [error] {"message":"Git error","stdout":"","stderr":"fatal: Pathspec '/home/ianbit/Documents/cursos/roger-melo-js/modulo-07/quiz-interativo/app.js' is in submodule 'roger-melo-js/modulo-07/quiz-interativo'\n","exitCode":128,"gitErrorCode":"IsInSubmodule"}
2023-03-13 19:19:49.315 [error] {"message":"Git error","stdout":"","stderr":"fatal: Pathspec '/home/ianbit/Documents/cursos/roger-melo-js/modulo-07/quiz-interativo/app.js' is in submodule 'roger-melo-js/modulo-07/quiz-interativo'\n","exitCode":128,"gitErrorCode":"IsInSubmodule"}
2023-03-13 19:19:49.316 [error] {"message":"Git error","stdout":"","stderr":"fatal: Pathspec '/home/ianbit/Documents/cursos/roger-melo-js/modulo-07/quiz-interativo/app.js' is in submodule 'roger-melo-js/modulo-07/quiz-interativo'\n","exitCode":128,"gitErrorCode":"IsInSubmodule"}
2023-03-13 19:19:49.316 [error] {"message":"Git error","stdout":"","stderr":"fatal: Pathspec '/home/ianbit/Documents/cursos/roger-melo-js/modulo-07/quiz-interativo/app.js' is in submodule 'roger-melo-js/modulo-07/quiz-interativo'\n","exitCode":128,"gitErrorCode":"IsInSubmodule"}
2023-03-13 19:19:49.317 [error] {"message":"Git error","stdout":"","stderr":"fatal: Pathspec '/home/ianbit/Documents/cursos/roger-melo-js/modulo-07/quiz-interativo/app.js' is in submodule 'roger-melo-js/modulo-07/quiz-interativo'\n","exitCode":128,"gitErrorCode":"IsInSubmodule"}
2023-03-13 19:19:49.318 [error] {"message":"Git error","stdout":"","stderr":"fatal: Pathspec '/home/ianbit/Documents/cursos/roger-melo-js/modulo-07/quiz-interativo/app.js' is in submodule 'roger-melo-js/modulo-07/quiz-interativo'\n","exitCode":128,"gitErrorCode":"IsInSubmodule"}
2023-03-13 19:19:49.318 [error] {"message":"Git error","stdout":"","stderr":"fatal: Pathspec '/home/ianbit/Documents/cursos/roger-melo-js/modulo-07/quiz-interativo/app.js' is in submodule 'roger-melo-js/modulo-07/quiz-interativo'\n","exitCode":128,"gitErrorCode":"IsInSubmodule"}
2023-03-13 19:19:50.364 [info] ExtensionService#_doActivateExtension vscode.github-authentication, startup: false, activationEvent: 'onAuthenticationRequest:github'
2023-03-13 19:19:50.504 [info] ExtensionService#_doActivateExtension vscode.microsoft-authentication, startup: false, activationEvent: 'onAuthenticationRequest:microsoft'
