2023-03-13 22:26:44.231 [info] Extension host with pid 75013 started
2023-03-13 22:26:44.231 [info] Skipping acquiring lock for /home/ianbit/.config/Code/User/workspaceStorage/417358071c70c507195e07ead5d4016d.
2023-03-13 22:26:44.396 [info] ExtensionService#_doActivateExtension vscode.emmet, startup: false, activationEvent: 'onLanguage'
2023-03-13 22:26:44.430 [info] ExtensionService#_doActivateExtension vscode.typescript-language-features, startup: false, activationEvent: 'onLanguage:javascript'
2023-03-13 22:26:44.468 [info] ExtensionService#_doActivateExtension dsznajder.es7-react-js-snippets, startup: false, activationEvent: 'onLanguage:javascript'
2023-03-13 22:26:44.912 [info] ExtensionService#_doActivateExtension vscode.git-base, startup: true, activationEvent: '*', root cause: vscode.git
2023-03-13 22:26:45.161 [info] ExtensionService#_doActivateExtension vscode.git, startup: true, activationEvent: '*'
2023-03-13 22:26:45.211 [info] ExtensionService#_doActivateExtension vscode.github, startup: true, activationEvent: '*'
2023-03-13 22:26:45.401 [info] Eager extensions activated
2023-03-13 22:26:45.515 [info] ExtensionService#_doActivateExtension vscode.debug-auto-launch, startup: false, activationEvent: 'onStartupFinished'
2023-03-13 22:26:45.522 [info] ExtensionService#_doActivateExtension vscode.merge-conflict, startup: false, activationEvent: 'onStartupFinished'
2023-03-13 22:26:45.545 [info] ExtensionService#_doActivateExtension PKief.material-icon-theme, startup: false, activationEvent: 'onStartupFinished'
2023-03-13 22:26:45.561 [info] ExtensionService#_doActivateExtension ritwickdey.LiveServer, startup: false, activationEvent: 'onStartupFinished'
2023-03-13 22:26:46.149 [error] {"message":"Git error","stdout":"","stderr":"fatal: Pathspec '/home/ianbit/Documents/cursos/roger-melo-js/modulo-07/quiz-interativo/app.js' is in submodule 'roger-melo-js/modulo-07/quiz-interativo'\n","exitCode":128,"gitErrorCode":"IsInSubmodule"}
2023-03-13 22:26:46.149 [error] {"message":"Git error","stdout":"","stderr":"fatal: Pathspec '/home/ianbit/Documents/cursos/roger-melo-js/modulo-07/quiz-interativo/app.js' is in submodule 'roger-melo-js/modulo-07/quiz-interativo'\n","exitCode":128,"gitErrorCode":"IsInSubmodule"}
2023-03-13 22:26:46.149 [error] {"message":"Git error","stdout":"","stderr":"fatal: Pathspec '/home/ianbit/Documents/cursos/roger-melo-js/modulo-07/quiz-interativo/app.js' is in submodule 'roger-melo-js/modulo-07/quiz-interativo'\n","exitCode":128,"gitErrorCode":"IsInSubmodule"}
2023-03-13 22:26:46.149 [error] {"message":"Git error","stdout":"","stderr":"fatal: Pathspec '/home/ianbit/Documents/cursos/roger-melo-js/modulo-07/quiz-interativo/app.js' is in submodule 'roger-melo-js/modulo-07/quiz-interativo'\n","exitCode":128,"gitErrorCode":"IsInSubmodule"}
2023-03-13 22:26:46.149 [error] {"message":"Git error","stdout":"","stderr":"fatal: Pathspec '/home/ianbit/Documents/cursos/roger-melo-js/modulo-07/quiz-interativo/app.js' is in submodule 'roger-melo-js/modulo-07/quiz-interativo'\n","exitCode":128,"gitErrorCode":"IsInSubmodule"}
2023-03-13 22:26:46.149 [error] {"message":"Git error","stdout":"","stderr":"fatal: Pathspec '/home/ianbit/Documents/cursos/roger-melo-js/modulo-07/quiz-interativo/app.js' is in submodule 'roger-melo-js/modulo-07/quiz-interativo'\n","exitCode":128,"gitErrorCode":"IsInSubmodule"}
2023-03-13 22:26:46.149 [error] {"message":"Git error","stdout":"","stderr":"fatal: Pathspec '/home/ianbit/Documents/cursos/roger-melo-js/modulo-07/quiz-interativo/app.js' is in submodule 'roger-melo-js/modulo-07/quiz-interativo'\n","exitCode":128,"gitErrorCode":"IsInSubmodule"}
2023-03-13 22:26:46.149 [error] {"message":"Git error","stdout":"","stderr":"fatal: Pathspec '/home/ianbit/Documents/cursos/roger-melo-js/modulo-07/quiz-interativo/app.js' is in submodule 'roger-melo-js/modulo-07/quiz-interativo'\n","exitCode":128,"gitErrorCode":"IsInSubmodule"}
2023-03-13 22:26:46.149 [error] {"message":"Git error","stdout":"","stderr":"fatal: Pathspec '/home/ianbit/Documents/cursos/roger-melo-js/modulo-07/quiz-interativo/app.js' is in submodule 'roger-melo-js/modulo-07/quiz-interativo'\n","exitCode":128,"gitErrorCode":"IsInSubmodule"}
2023-03-13 22:26:46.149 [error] {"message":"Git error","stdout":"","stderr":"fatal: Pathspec '/home/ianbit/Documents/cursos/roger-melo-js/modulo-07/quiz-interativo/app.js' is in submodule 'roger-melo-js/modulo-07/quiz-interativo'\n","exitCode":128,"gitErrorCode":"IsInSubmodule"}
2023-03-13 22:26:46.149 [error] {"message":"Git error","stdout":"","stderr":"fatal: Pathspec '/home/ianbit/Documents/cursos/roger-melo-js/modulo-07/quiz-interativo/app.js' is in submodule 'roger-melo-js/modulo-07/quiz-interativo'\n","exitCode":128,"gitErrorCode":"IsInSubmodule"}
2023-03-13 22:26:46.149 [error] {"message":"Git error","stdout":"","stderr":"fatal: Pathspec '/home/ianbit/Documents/cursos/roger-melo-js/modulo-07/quiz-interativo/app.js' is in submodule 'roger-melo-js/modulo-07/quiz-interativo'\n","exitCode":128,"gitErrorCode":"IsInSubmodule"}
2023-03-13 22:26:46.149 [error] {"message":"Git error","stdout":"","stderr":"fatal: Pathspec '/home/ianbit/Documents/cursos/roger-melo-js/modulo-07/quiz-interativo/app.js' is in submodule 'roger-melo-js/modulo-07/quiz-interativo'\n","exitCode":128,"gitErrorCode":"IsInSubmodule"}
2023-03-13 22:26:46.149 [error] {"message":"Git error","stdout":"","stderr":"fatal: Pathspec '/home/ianbit/Documents/cursos/roger-melo-js/modulo-07/quiz-interativo/app.js' is in submodule 'roger-melo-js/modulo-07/quiz-interativo'\n","exitCode":128,"gitErrorCode":"IsInSubmodule"}
2023-03-13 22:26:46.149 [error] {"message":"Git error","stdout":"","stderr":"fatal: Pathspec '/home/ianbit/Documents/cursos/roger-melo-js/modulo-07/quiz-interativo/app.js' is in submodule 'roger-melo-js/modulo-07/quiz-interativo'\n","exitCode":128,"gitErrorCode":"IsInSubmodule"}
2023-03-13 22:26:46.149 [error] {"message":"Git error","stdout":"","stderr":"fatal: Pathspec '/home/ianbit/Documents/cursos/roger-melo-js/modulo-07/quiz-interativo/app.js' is in submodule 'roger-melo-js/modulo-07/quiz-interativo'\n","exitCode":128,"gitErrorCode":"IsInSubmodule"}
2023-03-13 22:26:46.149 [error] {"message":"Git error","stdout":"","stderr":"fatal: Pathspec '/home/ianbit/Documents/cursos/roger-melo-js/modulo-07/quiz-interativo/app.js' is in submodule 'roger-melo-js/modulo-07/quiz-interativo'\n","exitCode":128,"gitErrorCode":"IsInSubmodule"}
2023-03-13 22:26:46.149 [error] {"message":"Git error","stdout":"","stderr":"fatal: Pathspec '/home/ianbit/Documents/cursos/roger-melo-js/modulo-07/quiz-interativo/app.js' is in submodule 'roger-melo-js/modulo-07/quiz-interativo'\n","exitCode":128,"gitErrorCode":"IsInSubmodule"}
2023-03-13 22:26:46.149 [error] {"message":"Git error","stdout":"","stderr":"fatal: Pathspec '/home/ianbit/Documents/cursos/roger-melo-js/modulo-07/quiz-interativo/app.js' is in submodule 'roger-melo-js/modulo-07/quiz-interativo'\n","exitCode":128,"gitErrorCode":"IsInSubmodule"}
2023-03-13 22:26:46.149 [error] {"message":"Git error","stdout":"","stderr":"fatal: Pathspec '/home/ianbit/Documents/cursos/roger-melo-js/modulo-07/quiz-interativo/app.js' is in submodule 'roger-melo-js/modulo-07/quiz-interativo'\n","exitCode":128,"gitErrorCode":"IsInSubmodule"}
2023-03-13 22:26:46.149 [error] {"message":"Git error","stdout":"","stderr":"fatal: Pathspec '/home/ianbit/Documents/cursos/roger-melo-js/modulo-07/quiz-interativo/app.js' is in submodule 'roger-melo-js/modulo-07/quiz-interativo'\n","exitCode":128,"gitErrorCode":"IsInSubmodule"}
2023-03-13 22:26:46.149 [error] {"message":"Git error","stdout":"","stderr":"fatal: Pathspec '/home/ianbit/Documents/cursos/roger-melo-js/modulo-07/quiz-interativo/app.js' is in submodule 'roger-melo-js/modulo-07/quiz-interativo'\n","exitCode":128,"gitErrorCode":"IsInSubmodule"}
2023-03-13 22:26:46.149 [error] {"message":"Git error","stdout":"","stderr":"fatal: Pathspec '/home/ianbit/Documents/cursos/roger-melo-js/modulo-07/quiz-interativo/app.js' is in submodule 'roger-melo-js/modulo-07/quiz-interativo'\n","exitCode":128,"gitErrorCode":"IsInSubmodule"}
2023-03-13 22:26:46.149 [error] {"message":"Git error","stdout":"","stderr":"fatal: Pathspec '/home/ianbit/Documents/cursos/roger-melo-js/modulo-07/quiz-interativo/app.js' is in submodule 'roger-melo-js/modulo-07/quiz-interativo'\n","exitCode":128,"gitErrorCode":"IsInSubmodule"}
2023-03-13 22:26:46.149 [error] {"message":"Git error","stdout":"","stderr":"fatal: Pathspec '/home/ianbit/Documents/cursos/roger-melo-js/modulo-07/quiz-interativo/app.js' is in submodule 'roger-melo-js/modulo-07/quiz-interativo'\n","exitCode":128,"gitErrorCode":"IsInSubmodule"}
2023-03-13 22:26:46.149 [error] {"message":"Git error","stdout":"","stderr":"fatal: Pathspec '/home/ianbit/Documents/cursos/roger-melo-js/modulo-07/quiz-interativo/app.js' is in submodule 'roger-melo-js/modulo-07/quiz-interativo'\n","exitCode":128,"gitErrorCode":"IsInSubmodule"}
2023-03-13 22:26:46.149 [error] {"message":"Git error","stdout":"","stderr":"fatal: Pathspec '/home/ianbit/Documents/cursos/roger-melo-js/modulo-07/quiz-interativo/app.js' is in submodule 'roger-melo-js/modulo-07/quiz-interativo'\n","exitCode":128,"gitErrorCode":"IsInSubmodule"}
2023-03-13 22:26:46.149 [error] {"message":"Git error","stdout":"","stderr":"fatal: Pathspec '/home/ianbit/Documents/cursos/roger-melo-js/modulo-07/quiz-interativo/app.js' is in submodule 'roger-melo-js/modulo-07/quiz-interativo'\n","exitCode":128,"gitErrorCode":"IsInSubmodule"}
2023-03-13 22:26:46.149 [error] {"message":"Git error","stdout":"","stderr":"fatal: Pathspec '/home/ianbit/Documents/cursos/roger-melo-js/modulo-07/quiz-interativo/app.js' is in submodule 'roger-melo-js/modulo-07/quiz-interativo'\n","exitCode":128,"gitErrorCode":"IsInSubmodule"}
2023-03-13 22:26:46.149 [error] {"message":"Git error","stdout":"","stderr":"fatal: Pathspec '/home/ianbit/Documents/cursos/roger-melo-js/modulo-07/quiz-interativo/app.js' is in submodule 'roger-melo-js/modulo-07/quiz-interativo'\n","exitCode":128,"gitErrorCode":"IsInSubmodule"}
2023-03-13 22:26:46.149 [error] {"message":"Git error","stdout":"","stderr":"fatal: Pathspec '/home/ianbit/Documents/cursos/roger-melo-js/modulo-07/quiz-interativo/app.js' is in submodule 'roger-melo-js/modulo-07/quiz-interativo'\n","exitCode":128,"gitErrorCode":"IsInSubmodule"}
2023-03-13 22:26:46.150 [error] {"message":"Git error","stdout":"","stderr":"fatal: Pathspec '/home/ianbit/Documents/cursos/roger-melo-js/modulo-07/quiz-interativo/app.js' is in submodule 'roger-melo-js/modulo-07/quiz-interativo'\n","exitCode":128,"gitErrorCode":"IsInSubmodule"}
2023-03-13 22:26:46.150 [error] {"message":"Git error","stdout":"","stderr":"fatal: Pathspec '/home/ianbit/Documents/cursos/roger-melo-js/modulo-07/quiz-interativo/app.js' is in submodule 'roger-melo-js/modulo-07/quiz-interativo'\n","exitCode":128,"gitErrorCode":"IsInSubmodule"}
2023-03-13 22:26:46.150 [error] {"message":"Git error","stdout":"","stderr":"fatal: Pathspec '/home/ianbit/Documents/cursos/roger-melo-js/modulo-07/quiz-interativo/app.js' is in submodule 'roger-melo-js/modulo-07/quiz-interativo'\n","exitCode":128,"gitErrorCode":"IsInSubmodule"}
2023-03-13 22:26:46.150 [error] {"message":"Git error","stdout":"","stderr":"fatal: Pathspec '/home/ianbit/Documents/cursos/roger-melo-js/modulo-07/quiz-interativo/app.js' is in submodule 'roger-melo-js/modulo-07/quiz-interativo'\n","exitCode":128,"gitErrorCode":"IsInSubmodule"}
2023-03-13 22:26:46.150 [error] {"message":"Git error","stdout":"","stderr":"fatal: Pathspec '/home/ianbit/Documents/cursos/roger-melo-js/modulo-07/quiz-interativo/app.js' is in submodule 'roger-melo-js/modulo-07/quiz-interativo'\n","exitCode":128,"gitErrorCode":"IsInSubmodule"}
2023-03-13 22:26:47.151 [error] {"message":"Git error","stdout":"","stderr":"fatal: Pathspec '/home/ianbit/Documents/cursos/roger-melo-js/modulo-07/quiz-interativo/app.js' is in submodule 'roger-melo-js/modulo-07/quiz-interativo'\n","exitCode":128,"gitErrorCode":"IsInSubmodule"}
2023-03-13 22:26:47.152 [error] {"message":"Git error","stdout":"","stderr":"fatal: Pathspec '/home/ianbit/Documents/cursos/roger-melo-js/modulo-07/quiz-interativo/app.js' is in submodule 'roger-melo-js/modulo-07/quiz-interativo'\n","exitCode":128,"gitErrorCode":"IsInSubmodule"}
2023-03-13 22:26:47.152 [error] {"message":"Git error","stdout":"","stderr":"fatal: Pathspec '/home/ianbit/Documents/cursos/roger-melo-js/modulo-07/quiz-interativo/app.js' is in submodule 'roger-melo-js/modulo-07/quiz-interativo'\n","exitCode":128,"gitErrorCode":"IsInSubmodule"}
2023-03-13 22:26:47.153 [error] {"message":"Git error","stdout":"","stderr":"fatal: Pathspec '/home/ianbit/Documents/cursos/roger-melo-js/modulo-07/quiz-interativo/app.js' is in submodule 'roger-melo-js/modulo-07/quiz-interativo'\n","exitCode":128,"gitErrorCode":"IsInSubmodule"}
2023-03-13 22:26:47.153 [error] {"message":"Git error","stdout":"","stderr":"fatal: Pathspec '/home/ianbit/Documents/cursos/roger-melo-js/modulo-07/quiz-interativo/app.js' is in submodule 'roger-melo-js/modulo-07/quiz-interativo'\n","exitCode":128,"gitErrorCode":"IsInSubmodule"}
2023-03-13 22:26:47.153 [error] {"message":"Git error","stdout":"","stderr":"fatal: Pathspec '/home/ianbit/Documents/cursos/roger-melo-js/modulo-07/quiz-interativo/app.js' is in submodule 'roger-melo-js/modulo-07/quiz-interativo'\n","exitCode":128,"gitErrorCode":"IsInSubmodule"}
2023-03-13 22:26:47.154 [error] {"message":"Git error","stdout":"","stderr":"fatal: Pathspec '/home/ianbit/Documents/cursos/roger-melo-js/modulo-07/quiz-interativo/app.js' is in submodule 'roger-melo-js/modulo-07/quiz-interativo'\n","exitCode":128,"gitErrorCode":"IsInSubmodule"}
2023-03-13 22:26:47.154 [error] {"message":"Git error","stdout":"","stderr":"fatal: Pathspec '/home/ianbit/Documents/cursos/roger-melo-js/modulo-07/quiz-interativo/app.js' is in submodule 'roger-melo-js/modulo-07/quiz-interativo'\n","exitCode":128,"gitErrorCode":"IsInSubmodule"}
2023-03-13 22:26:47.155 [error] {"message":"Git error","stdout":"","stderr":"fatal: Pathspec '/home/ianbit/Documents/cursos/roger-melo-js/modulo-07/quiz-interativo/app.js' is in submodule 'roger-melo-js/modulo-07/quiz-interativo'\n","exitCode":128,"gitErrorCode":"IsInSubmodule"}
2023-03-13 22:26:47.156 [error] {"message":"Git error","stdout":"","stderr":"fatal: Pathspec '/home/ianbit/Documents/cursos/roger-melo-js/modulo-07/quiz-interativo/app.js' is in submodule 'roger-melo-js/modulo-07/quiz-interativo'\n","exitCode":128,"gitErrorCode":"IsInSubmodule"}
2023-03-13 22:26:47.157 [error] {"message":"Git error","stdout":"","stderr":"fatal: Pathspec '/home/ianbit/Documents/cursos/roger-melo-js/modulo-07/quiz-interativo/app.js' is in submodule 'roger-melo-js/modulo-07/quiz-interativo'\n","exitCode":128,"gitErrorCode":"IsInSubmodule"}
2023-03-13 22:26:47.157 [error] {"message":"Git error","stdout":"","stderr":"fatal: Pathspec '/home/ianbit/Documents/cursos/roger-melo-js/modulo-07/quiz-interativo/app.js' is in submodule 'roger-melo-js/modulo-07/quiz-interativo'\n","exitCode":128,"gitErrorCode":"IsInSubmodule"}
2023-03-13 22:26:47.157 [error] {"message":"Git error","stdout":"","stderr":"fatal: Pathspec '/home/ianbit/Documents/cursos/roger-melo-js/modulo-07/quiz-interativo/app.js' is in submodule 'roger-melo-js/modulo-07/quiz-interativo'\n","exitCode":128,"gitErrorCode":"IsInSubmodule"}
2023-03-13 22:26:47.158 [error] {"message":"Git error","stdout":"","stderr":"fatal: Pathspec '/home/ianbit/Documents/cursos/roger-melo-js/modulo-07/quiz-interativo/app.js' is in submodule 'roger-melo-js/modulo-07/quiz-interativo'\n","exitCode":128,"gitErrorCode":"IsInSubmodule"}
2023-03-13 22:26:47.158 [error] {"message":"Git error","stdout":"","stderr":"fatal: Pathspec '/home/ianbit/Documents/cursos/roger-melo-js/modulo-07/quiz-interativo/app.js' is in submodule 'roger-melo-js/modulo-07/quiz-interativo'\n","exitCode":128,"gitErrorCode":"IsInSubmodule"}
2023-03-13 22:26:47.158 [error] {"message":"Git error","stdout":"","stderr":"fatal: Pathspec '/home/ianbit/Documents/cursos/roger-melo-js/modulo-07/quiz-interativo/app.js' is in submodule 'roger-melo-js/modulo-07/quiz-interativo'\n","exitCode":128,"gitErrorCode":"IsInSubmodule"}
2023-03-13 22:26:47.159 [error] {"message":"Git error","stdout":"","stderr":"fatal: Pathspec '/home/ianbit/Documents/cursos/roger-melo-js/modulo-07/quiz-interativo/app.js' is in submodule 'roger-melo-js/modulo-07/quiz-interativo'\n","exitCode":128,"gitErrorCode":"IsInSubmodule"}
2023-03-13 22:26:47.160 [error] {"message":"Git error","stdout":"","stderr":"fatal: Pathspec '/home/ianbit/Documents/cursos/roger-melo-js/modulo-07/quiz-interativo/app.js' is in submodule 'roger-melo-js/modulo-07/quiz-interativo'\n","exitCode":128,"gitErrorCode":"IsInSubmodule"}
2023-03-13 22:26:47.557 [info] ExtensionService#_doActivateExtension vscode.github-authentication, startup: false, activationEvent: 'onAuthenticationRequest:github'
2023-03-13 22:26:47.679 [info] ExtensionService#_doActivateExtension vscode.microsoft-authentication, startup: false, activationEvent: 'onAuthenticationRequest:microsoft'
