2023-04-13 20:00:22.649 [info] [SharedProcess] using utility process
2023-04-13 20:00:22.733 [info] update#setState idle
2023-04-13 20:00:24.221 [info] [UtilityProcess id: 1, type: extensionHost, pid: <none>]: creating new...
2023-04-13 20:00:24.234 [info] [UtilityProcess id: 1, type: extensionHost, pid: 7795]: successfully created
2023-04-13 20:00:24.296 [info] [UtilityProcess type: shared-process, pid: <none>]: creating new...
2023-04-13 20:00:24.340 [info] [UtilityProcess id: 1, type: fileWatcher, pid: <none>]: creating new...
2023-04-13 20:00:24.362 [info] [UtilityProcess type: shared-process, pid: 7805]: successfully created
2023-04-13 20:00:24.363 [info] [UtilityProcess id: 1, type: fileWatcher, pid: 7806]: successfully created
2023-04-13 20:00:44.555 [info] [UtilityProcess id: 2, type: fileWatcher, pid: <none>]: creating new...
2023-04-13 20:00:44.563 [info] [UtilityProcess id: 2, type: fileWatcher, pid: 8400]: successfully created
2023-04-13 20:00:44.722 [info] [UtilityProcess id: 2, type: extensionHost, pid: <none>]: creating new...
2023-04-13 20:00:44.736 [info] [UtilityProcess id: 2, type: extensionHost, pid: 8410]: successfully created
2023-04-13 20:00:52.735 [info] update#setState checking for updates
2023-04-13 20:00:52.746 [info] update#setState available for download
2023-04-13 20:00:59.622 [info] [UtilityProcess id: 2, type: fileWatcher, pid: 8400]: attempting to kill the process...
2023-04-13 20:00:59.623 [info] [UtilityProcess id: 2, type: fileWatcher, pid: 8400]: successfully killed the process
2023-04-13 20:00:59.625 [info] [UtilityProcess id: 2, type: extensionHost, pid: 8410]: received exit event with code 0
2023-04-13 20:00:59.626 [info] Extension host with pid 8410 exited with code: 0, signal: unknown.
2023-04-13 20:00:59.629 [info] [UtilityProcess id: 2, type: fileWatcher, pid: 8400]: received exit event with code 15
2023-04-13 20:00:59.630 [error] [UtilityProcessWorker]: terminated unexpectedly with code 15, signal: unknown
2023-04-13 20:00:59.631 [error] [UtilityProcess id: 2, type: fileWatcher, pid: 8400]: crashed with code 15 and reason 'killed'
2023-04-13 20:55:22.402 [info] [UtilityProcess id: 1, type: extensionHost, pid: 7795]: waiting to exit...
2023-04-13 20:55:22.404 [info] [UtilityProcess id: 1, type: fileWatcher, pid: 7806]: attempting to kill the process...
2023-04-13 20:55:22.405 [info] [UtilityProcess id: 1, type: fileWatcher, pid: 7806]: successfully killed the process
2023-04-13 20:55:22.419 [info] [UtilityProcess id: 1, type: extensionHost, pid: 7795]: received exit event with code 0
2023-04-13 20:55:22.420 [info] Extension host with pid 7795 exited with code: 0, signal: unknown.
2023-04-13 20:55:22.436 [info] [UtilityProcess id: 1, type: fileWatcher, pid: 7806]: received exit event with code 0
