2023-03-13 11:57:12.754 [info] Log level: Info
2023-03-13 11:57:12.754 [info] Validating found git in: "git"
2023-03-13 11:57:12.754 [info] Using git "2.39.2" from "git"
2023-03-13 11:57:12.754 [info] > git rev-parse --show-toplevel [48ms]
2023-03-13 11:57:12.754 [info] > git rev-parse --git-dir --git-common-dir [7ms]
2023-03-13 11:57:12.754 [info] Open repository: /home/ianbit/Documents/cursos
2023-03-13 11:57:12.754 [info] > git rev-parse --show-toplevel [10ms]
2023-03-13 11:57:12.754 [info] > git config --get commit.template [12ms]
2023-03-13 11:57:12.754 [info] > git rev-parse --show-toplevel [4ms]
2023-03-13 11:57:12.754 [info] > git rev-parse --show-toplevel [14ms]
2023-03-13 11:57:12.754 [info] > git rev-parse --show-toplevel [5ms]
2023-03-13 11:57:12.754 [info] > git for-each-ref --format=%(refname)%00%(upstream:short)%00%(objectname)%00%(upstream:track)%00%(upstream:remotename)%00%(upstream:remoteref) refs/heads/main refs/remotes/main [28ms]
2023-03-13 11:57:12.754 [info] > git status -z -uall [64ms]
2023-03-13 11:57:12.754 [info] > git rev-parse --show-toplevel [81ms]
2023-03-13 11:57:12.754 [info] > git rev-parse --show-toplevel [41ms]
2023-03-13 11:57:12.754 [info] > git rev-parse --show-toplevel [7ms]
2023-03-13 11:57:12.754 [info] > git config --get commit.template [34ms]
2023-03-13 11:57:12.771 [info] > git rev-parse --show-toplevel [20ms]
2023-03-13 11:57:12.776 [info] > git for-each-ref --format=%(refname)%00%(upstream:short)%00%(objectname)%00%(upstream:track)%00%(upstream:remotename)%00%(upstream:remoteref) refs/heads/main refs/remotes/main [5ms]
2023-03-13 11:57:12.797 [info] > git status -z -uall [10ms]
2023-03-13 11:57:13.106 [info] > git check-ignore -v -z --stdin [3ms]
2023-03-13 11:57:14.320 [info] > git show --textconv :roger-melo-js/modulo-08/exercicio1/app.js [24ms]
2023-03-13 11:57:14.323 [info] > git ls-files --stage -- /home/ianbit/Documents/cursos/roger-melo-js/modulo-08/exercicio1/app.js [8ms]
2023-03-13 11:57:14.335 [info] > git cat-file -s cbf54419f1889ddaf092dfd9da5dcc6349e2ca6a [2ms]
2023-03-13 12:05:16.698 [info] > git check-ignore -v -z --stdin [3ms]
2023-03-13 12:05:23.203 [info] > git check-ignore -v -z --stdin [2ms]
2023-03-13 12:05:34.849 [info] > git show --textconv :roger-melo-js/modulo-07/quiz-interativo/app.js [12ms]
2023-03-13 12:05:34.851 [info] > git ls-files --stage -- /home/ianbit/Documents/cursos/roger-melo-js/modulo-07/quiz-interativo/app.js [2ms]
2023-03-13 12:23:10.465 [info] > git config --get commit.template [9ms]
2023-03-13 12:23:10.467 [info] > git for-each-ref --format=%(refname)%00%(upstream:short)%00%(objectname)%00%(upstream:track)%00%(upstream:remotename)%00%(upstream:remoteref) refs/heads/main refs/remotes/main [3ms]
2023-03-13 12:23:10.509 [info] > git status -z -uall [35ms]
2023-03-13 12:25:11.687 [info] > git config --get commit.template [12ms]
2023-03-13 12:25:11.688 [info] > git for-each-ref --format=%(refname)%00%(upstream:short)%00%(objectname)%00%(upstream:track)%00%(upstream:remotename)%00%(upstream:remoteref) refs/heads/main refs/remotes/main [2ms]
2023-03-13 12:25:11.709 [info] > git status -z -uall [13ms]
2023-03-13 12:28:29.918 [info] > git config --get commit.template [1ms]
2023-03-13 12:28:29.929 [info] > git for-each-ref --format=%(refname)%00%(upstream:short)%00%(objectname)%00%(upstream:track)%00%(upstream:remotename)%00%(upstream:remoteref) refs/heads/main refs/remotes/main [2ms]
2023-03-13 12:28:29.943 [info] > git status -z -uall [7ms]
2023-03-13 12:28:44.713 [info] > git config --get commit.template [13ms]
2023-03-13 12:28:44.714 [info] > git for-each-ref --format=%(refname)%00%(upstream:short)%00%(objectname)%00%(upstream:track)%00%(upstream:remotename)%00%(upstream:remoteref) refs/heads/main refs/remotes/main [4ms]
2023-03-13 12:28:44.758 [info] > git status -z -uall [34ms]
2023-03-13 12:28:54.055 [info] > git config --get commit.template [12ms]
2023-03-13 12:28:54.056 [info] > git for-each-ref --format=%(refname)%00%(upstream:short)%00%(objectname)%00%(upstream:track)%00%(upstream:remotename)%00%(upstream:remoteref) refs/heads/main refs/remotes/main [2ms]
2023-03-13 12:28:54.075 [info] > git status -z -uall [10ms]
2023-03-13 12:30:28.901 [info] > git config --get commit.template [14ms]
2023-03-13 12:30:28.903 [info] > git for-each-ref --format=%(refname)%00%(upstream:short)%00%(objectname)%00%(upstream:track)%00%(upstream:remotename)%00%(upstream:remoteref) refs/heads/main refs/remotes/main [3ms]
2023-03-13 12:30:28.922 [info] > git status -z -uall [9ms]
2023-03-13 12:30:42.427 [info] > git config --get commit.template [11ms]
2023-03-13 12:30:42.428 [info] > git for-each-ref --format=%(refname)%00%(upstream:short)%00%(objectname)%00%(upstream:track)%00%(upstream:remotename)%00%(upstream:remoteref) refs/heads/main refs/remotes/main [2ms]
2023-03-13 12:30:42.446 [info] > git status -z -uall [9ms]
2023-03-13 12:32:08.028 [info] > git config --get commit.template [2ms]
2023-03-13 12:32:08.041 [info] > git for-each-ref --format=%(refname)%00%(upstream:short)%00%(objectname)%00%(upstream:track)%00%(upstream:remotename)%00%(upstream:remoteref) refs/heads/main refs/remotes/main [2ms]
2023-03-13 12:32:08.060 [info] > git status -z -uall [8ms]
2023-03-13 12:32:33.418 [info] > git config --get commit.template [13ms]
2023-03-13 12:32:33.419 [info] > git for-each-ref --format=%(refname)%00%(upstream:short)%00%(objectname)%00%(upstream:track)%00%(upstream:remotename)%00%(upstream:remoteref) refs/heads/main refs/remotes/main [2ms]
2023-03-13 12:32:33.447 [info] > git status -z -uall [13ms]
2023-03-13 12:33:19.887 [info] > git config --get commit.template [11ms]
2023-03-13 12:33:19.889 [info] > git for-each-ref --format=%(refname)%00%(upstream:short)%00%(objectname)%00%(upstream:track)%00%(upstream:remotename)%00%(upstream:remoteref) refs/heads/main refs/remotes/main [3ms]
2023-03-13 12:33:19.912 [info] > git status -z -uall [13ms]
2023-03-13 12:43:56.534 [info] > git config --get commit.template [13ms]
2023-03-13 12:43:56.535 [info] > git for-each-ref --format=%(refname)%00%(upstream:short)%00%(objectname)%00%(upstream:track)%00%(upstream:remotename)%00%(upstream:remoteref) refs/heads/main refs/remotes/main [1ms]
2023-03-13 12:43:56.558 [info] > git status -z -uall [12ms]
2023-03-13 13:03:57.805 [info] > git config --get commit.template [10ms]
2023-03-13 13:03:57.806 [info] > git for-each-ref --format=%(refname)%00%(upstream:short)%00%(objectname)%00%(upstream:track)%00%(upstream:remotename)%00%(upstream:remoteref) refs/heads/main refs/remotes/main [1ms]
2023-03-13 13:03:57.846 [info] > git status -z -uall [31ms]
2023-03-13 13:04:12.016 [info] > git config --get commit.template [1ms]
2023-03-13 13:04:12.029 [info] > git for-each-ref --format=%(refname)%00%(upstream:short)%00%(objectname)%00%(upstream:track)%00%(upstream:remotename)%00%(upstream:remoteref) refs/heads/main refs/remotes/main [2ms]
2023-03-13 13:04:12.047 [info] > git status -z -uall [7ms]
2023-03-13 13:04:45.520 [info] > git config --get commit.template [13ms]
2023-03-13 13:04:45.521 [info] > git for-each-ref --format=%(refname)%00%(upstream:short)%00%(objectname)%00%(upstream:track)%00%(upstream:remotename)%00%(upstream:remoteref) refs/heads/main refs/remotes/main [2ms]
2023-03-13 13:04:45.539 [info] > git status -z -uall [9ms]
2023-03-13 13:05:47.329 [info] > git config --get commit.template [1ms]
2023-03-13 13:05:47.338 [info] > git for-each-ref --format=%(refname)%00%(upstream:short)%00%(objectname)%00%(upstream:track)%00%(upstream:remotename)%00%(upstream:remoteref) refs/heads/main refs/remotes/main [2ms]
2023-03-13 13:05:47.355 [info] > git status -z -uall [7ms]
2023-03-13 13:07:10.963 [info] > git config --get commit.template [12ms]
2023-03-13 13:07:10.965 [info] > git for-each-ref --format=%(refname)%00%(upstream:short)%00%(objectname)%00%(upstream:track)%00%(upstream:remotename)%00%(upstream:remoteref) refs/heads/main refs/remotes/main [3ms]
2023-03-13 13:07:10.984 [info] > git status -z -uall [9ms]
2023-03-13 13:07:39.290 [info] > git config --get commit.template [10ms]
2023-03-13 13:07:39.291 [info] > git for-each-ref --format=%(refname)%00%(upstream:short)%00%(objectname)%00%(upstream:track)%00%(upstream:remotename)%00%(upstream:remoteref) refs/heads/main refs/remotes/main [2ms]
2023-03-13 13:07:39.310 [info] > git status -z -uall [9ms]
2023-03-13 13:07:44.814 [info] > git config --get commit.template [9ms]
2023-03-13 13:07:44.815 [info] > git for-each-ref --format=%(refname)%00%(upstream:short)%00%(objectname)%00%(upstream:track)%00%(upstream:remotename)%00%(upstream:remoteref) refs/heads/main refs/remotes/main [2ms]
2023-03-13 13:07:44.840 [info] > git status -z -uall [15ms]
