2023-04-13 12:38:50.514 [info] Extension host with pid 10918 started
2023-04-13 12:38:50.515 [info] Skipping acquiring lock for /home/ianbit/.config/Code/User/workspaceStorage/f17cc80876a0bf428de8639b66cd589f.
2023-04-13 12:38:50.715 [info] ExtensionService#_doActivateExtension vscode.emmet, startup: false, activationEvent: 'onLanguage'
2023-04-13 12:38:50.729 [info] ExtensionService#_doActivateExtension vscode.css-language-features, startup: false, activationEvent: 'onLanguage:css'
2023-04-13 12:38:51.207 [info] ExtensionService#_doActivateExtension vscode.git-base, startup: true, activationEvent: '*', root cause: vscode.git
2023-04-13 12:38:51.257 [info] ExtensionService#_doActivateExtension vscode.git, startup: true, activationEvent: '*'
2023-04-13 12:38:51.290 [info] ExtensionService#_doActivateExtension vscode.github, startup: true, activationEvent: '*'
2023-04-13 12:38:51.410 [info] Eager extensions activated
2023-04-13 12:38:51.511 [info] ExtensionService#_doActivateExtension vscode.debug-auto-launch, startup: false, activationEvent: 'onStartupFinished'
2023-04-13 12:38:51.515 [info] ExtensionService#_doActivateExtension vscode.merge-conflict, startup: false, activationEvent: 'onStartupFinished'
2023-04-13 12:38:51.528 [info] ExtensionService#_doActivateExtension dsznajder.es7-react-js-snippets, startup: false, activationEvent: 'onStartupFinished'
2023-04-13 12:38:51.826 [info] ExtensionService#_doActivateExtension PKief.material-icon-theme, startup: false, activationEvent: 'onStartupFinished'
2023-04-13 12:38:51.836 [info] ExtensionService#_doActivateExtension ritwickdey.LiveServer, startup: false, activationEvent: 'onStartupFinished'
2023-04-13 12:38:52.620 [info] ExtensionService#_doActivateExtension vscode.github-authentication, startup: false, activationEvent: 'onAuthenticationRequest:github'
2023-04-13 12:38:52.699 [info] ExtensionService#_doActivateExtension vscode.microsoft-authentication, startup: false, activationEvent: 'onAuthenticationRequest:microsoft'
2023-04-13 12:43:49.757 [info] Extension host terminating: renderer closed the MessagePort
2023-04-13 12:43:49.783 [error] Canceled: Canceled
	at new l (/opt/vscode/resources/app/out/vs/workbench/api/node/extensionHostProcess.js:98:105190)
	at c.O (/opt/vscode/resources/app/out/vs/workbench/api/node/extensionHostProcess.js:108:11692)
	at G.<computed>.Q.charCodeAt.G.<computed> (/opt/vscode/resources/app/out/vs/workbench/api/node/extensionHostProcess.js:108:8967)
	at m.g (/opt/vscode/resources/app/out/vs/workbench/api/node/extensionHostProcess.js:98:125211)
	at m.executeCommand (/opt/vscode/resources/app/out/vs/workbench/api/node/extensionHostProcess.js:98:124587)
	at L.registerCommand.description (/opt/vscode/resources/app/out/vs/workbench/api/node/extensionHostProcess.js:98:123880)
	at m.h (/opt/vscode/resources/app/out/vs/workbench/api/node/extensionHostProcess.js:98:125797)
	at m.g (/opt/vscode/resources/app/out/vs/workbench/api/node/extensionHostProcess.js:98:124687)
	at m.executeCommand (/opt/vscode/resources/app/out/vs/workbench/api/node/extensionHostProcess.js:98:124587)
	at Object.executeCommand (/opt/vscode/resources/app/out/vs/workbench/api/node/extensionHostProcess.js:114:23801)
	at D (/opt/vscode/resources/app/extensions/git/dist/main.js:2:1467156)
	at E.invoke (/opt/vscode/resources/app/out/vs/workbench/api/node/extensionHostProcess.js:63:145)
	at h.deliver (/opt/vscode/resources/app/out/vs/workbench/api/node/extensionHostProcess.js:63:2121)
	at n.fire (/opt/vscode/resources/app/out/vs/workbench/api/node/extensionHostProcess.js:63:1729)
	at Object.m [as dispose] (/opt/vscode/resources/app/extensions/git/dist/main.js:2:1481885)
	at /opt/vscode/resources/app/extensions/git/dist/main.js:2:1485952
	at Array.forEach (<anonymous>)
	at g.dispose (/opt/vscode/resources/app/extensions/git/dist/main.js:2:1485938)
	at t.<anonymous> (/opt/vscode/resources/app/out/vs/workbench/api/node/extensionHostProcess.js:96:12398)
	at t.dispose (/opt/vscode/resources/app/out/vs/workbench/api/node/extensionHostProcess.js:96:12533)
	at t.<anonymous> (/opt/vscode/resources/app/extensions/git/dist/main.js:2:1469286)
	at t.dispose (/opt/vscode/resources/app/out/vs/workbench/api/node/extensionHostProcess.js:96:12533)
	at C (/opt/vscode/resources/app/out/vs/workbench/api/node/extensionHostProcess.js:10:12084)
	at E.Y (/opt/vscode/resources/app/out/vs/workbench/api/node/extensionHostProcess.js:110:11147)
	at /opt/vscode/resources/app/out/vs/workbench/api/node/extensionHostProcess.js:110:9131
	at Array.map (<anonymous>)
	at E.R (/opt/vscode/resources/app/out/vs/workbench/api/node/extensionHostProcess.js:110:9118)
	at E.terminate (/opt/vscode/resources/app/out/vs/workbench/api/node/extensionHostProcess.js:110:9389)
	at d.terminate (/opt/vscode/resources/app/out/vs/workbench/api/node/extensionHostProcess.js:114:1544)
	at p (/opt/vscode/resources/app/out/vs/workbench/api/node/extensionHostProcess.js:124:18690)
	at MessagePortMain.<anonymous> (/opt/vscode/resources/app/out/vs/workbench/api/node/extensionHostProcess.js:124:14829)
	at MessagePortMain.emit (node:events:526:28)
	at MessagePortMain._internalPort.emit (node:electron/js2c/utility_init:5:364) setContext undefined
2023-04-13 12:43:49.794 [info] Extension host with pid 10918 exiting with code 0
2023-04-13 12:43:51.550 [info] Extension host with pid 12775 started
2023-04-13 12:43:51.550 [info] Skipping acquiring lock for /home/ianbit/.config/Code/User/workspaceStorage/cc04cc25d2c8d7c633aea005c785318c.
2023-04-13 12:43:51.596 [info] ExtensionService#_doActivateExtension vscode.git-base, startup: true, activationEvent: '*', root cause: vscode.git
2023-04-13 12:43:51.609 [info] ExtensionService#_doActivateExtension vscode.git, startup: true, activationEvent: '*'
2023-04-13 12:43:51.661 [info] ExtensionService#_doActivateExtension vscode.github, startup: true, activationEvent: '*'
2023-04-13 12:43:51.749 [info] Eager extensions activated
2023-04-13 12:43:51.834 [info] ExtensionService#_doActivateExtension vscode.debug-auto-launch, startup: false, activationEvent: 'onStartupFinished'
2023-04-13 12:43:51.837 [info] ExtensionService#_doActivateExtension vscode.merge-conflict, startup: false, activationEvent: 'onStartupFinished'
2023-04-13 12:43:51.845 [info] ExtensionService#_doActivateExtension dsznajder.es7-react-js-snippets, startup: false, activationEvent: 'onStartupFinished'
2023-04-13 12:43:52.120 [info] ExtensionService#_doActivateExtension PKief.material-icon-theme, startup: false, activationEvent: 'onStartupFinished'
2023-04-13 12:43:52.128 [info] ExtensionService#_doActivateExtension ritwickdey.LiveServer, startup: false, activationEvent: 'onStartupFinished'
2023-04-13 12:43:52.217 [info] ExtensionService#_doActivateExtension vscode.github-authentication, startup: false, activationEvent: 'onAuthenticationRequest:github'
2023-04-13 12:43:52.303 [info] ExtensionService#_doActivateExtension vscode.microsoft-authentication, startup: false, activationEvent: 'onAuthenticationRequest:microsoft'
2023-04-13 12:43:59.953 [info] ExtensionService#_doActivateExtension vscode.typescript-language-features, startup: false, activationEvent: 'onLanguage:javascript'
2023-04-13 12:43:59.985 [info] ExtensionService#_doActivateExtension vscode.emmet, startup: false, activationEvent: 'onLanguage'
2023-04-13 12:44:50.360 [info] Extension host terminating: renderer closed the MessagePort
2023-04-13 12:44:50.393 [error] Canceled: Canceled
	at new l (/opt/vscode/resources/app/out/vs/workbench/api/node/extensionHostProcess.js:98:105190)
	at c.O (/opt/vscode/resources/app/out/vs/workbench/api/node/extensionHostProcess.js:108:11692)
	at G.<computed>.Q.charCodeAt.G.<computed> (/opt/vscode/resources/app/out/vs/workbench/api/node/extensionHostProcess.js:108:8967)
	at m.g (/opt/vscode/resources/app/out/vs/workbench/api/node/extensionHostProcess.js:98:125211)
	at m.executeCommand (/opt/vscode/resources/app/out/vs/workbench/api/node/extensionHostProcess.js:98:124587)
	at L.registerCommand.description (/opt/vscode/resources/app/out/vs/workbench/api/node/extensionHostProcess.js:98:123880)
	at m.h (/opt/vscode/resources/app/out/vs/workbench/api/node/extensionHostProcess.js:98:125797)
	at m.g (/opt/vscode/resources/app/out/vs/workbench/api/node/extensionHostProcess.js:98:124687)
	at m.executeCommand (/opt/vscode/resources/app/out/vs/workbench/api/node/extensionHostProcess.js:98:124587)
	at Object.executeCommand (/opt/vscode/resources/app/out/vs/workbench/api/node/extensionHostProcess.js:114:23801)
	at D (/opt/vscode/resources/app/extensions/git/dist/main.js:2:1467156)
	at E.invoke (/opt/vscode/resources/app/out/vs/workbench/api/node/extensionHostProcess.js:63:145)
	at h.deliver (/opt/vscode/resources/app/out/vs/workbench/api/node/extensionHostProcess.js:63:2121)
	at n.fire (/opt/vscode/resources/app/out/vs/workbench/api/node/extensionHostProcess.js:63:1729)
	at Object.m [as dispose] (/opt/vscode/resources/app/extensions/git/dist/main.js:2:1481885)
	at /opt/vscode/resources/app/extensions/git/dist/main.js:2:1485952
	at Array.forEach (<anonymous>)
	at g.dispose (/opt/vscode/resources/app/extensions/git/dist/main.js:2:1485938)
	at t.<anonymous> (/opt/vscode/resources/app/out/vs/workbench/api/node/extensionHostProcess.js:96:12398)
	at t.dispose (/opt/vscode/resources/app/out/vs/workbench/api/node/extensionHostProcess.js:96:12533)
	at t.<anonymous> (/opt/vscode/resources/app/extensions/git/dist/main.js:2:1469286)
	at t.dispose (/opt/vscode/resources/app/out/vs/workbench/api/node/extensionHostProcess.js:96:12533)
	at C (/opt/vscode/resources/app/out/vs/workbench/api/node/extensionHostProcess.js:10:12084)
	at E.Y (/opt/vscode/resources/app/out/vs/workbench/api/node/extensionHostProcess.js:110:11147)
	at /opt/vscode/resources/app/out/vs/workbench/api/node/extensionHostProcess.js:110:9131
	at Array.map (<anonymous>)
	at E.R (/opt/vscode/resources/app/out/vs/workbench/api/node/extensionHostProcess.js:110:9118)
	at E.terminate (/opt/vscode/resources/app/out/vs/workbench/api/node/extensionHostProcess.js:110:9389)
	at d.terminate (/opt/vscode/resources/app/out/vs/workbench/api/node/extensionHostProcess.js:114:1544)
	at p (/opt/vscode/resources/app/out/vs/workbench/api/node/extensionHostProcess.js:124:18690)
	at MessagePortMain.<anonymous> (/opt/vscode/resources/app/out/vs/workbench/api/node/extensionHostProcess.js:124:14829)
	at MessagePortMain.emit (node:events:526:28)
	at MessagePortMain._internalPort.emit (node:electron/js2c/utility_init:5:364) setContext undefined
2023-04-13 12:44:50.393 [info] Extension host with pid 12775 exiting with code 0
2023-04-13 12:44:51.962 [info] Extension host with pid 13551 started
2023-04-13 12:44:51.962 [info] Skipping acquiring lock for /home/ianbit/.config/Code/User/workspaceStorage/cca5a58a650ae4b5dc8655d9e99d2131.
2023-04-13 12:44:52.043 [info] ExtensionService#_doActivateExtension vscode.git-base, startup: true, activationEvent: '*', root cause: vscode.git
2023-04-13 12:44:52.058 [info] ExtensionService#_doActivateExtension vscode.git, startup: true, activationEvent: '*'
2023-04-13 12:44:52.094 [info] ExtensionService#_doActivateExtension vscode.github, startup: true, activationEvent: '*'
2023-04-13 12:44:52.163 [info] Eager extensions activated
2023-04-13 12:44:52.282 [info] ExtensionService#_doActivateExtension vscode.debug-auto-launch, startup: false, activationEvent: 'onStartupFinished'
2023-04-13 12:44:52.284 [info] ExtensionService#_doActivateExtension vscode.merge-conflict, startup: false, activationEvent: 'onStartupFinished'
2023-04-13 12:44:52.292 [info] ExtensionService#_doActivateExtension dsznajder.es7-react-js-snippets, startup: false, activationEvent: 'onStartupFinished'
2023-04-13 12:44:52.527 [info] ExtensionService#_doActivateExtension PKief.material-icon-theme, startup: false, activationEvent: 'onStartupFinished'
2023-04-13 12:44:52.535 [info] ExtensionService#_doActivateExtension ritwickdey.LiveServer, startup: false, activationEvent: 'onStartupFinished'
2023-04-13 12:44:52.687 [info] ExtensionService#_doActivateExtension vscode.github-authentication, startup: false, activationEvent: 'onAuthenticationRequest:github'
2023-04-13 12:44:52.771 [info] ExtensionService#_doActivateExtension vscode.microsoft-authentication, startup: false, activationEvent: 'onAuthenticationRequest:microsoft'
2023-04-13 12:45:02.432 [info] Extension host terminating: renderer closed the MessagePort
2023-04-13 12:45:02.449 [error] Canceled: Canceled
	at new l (/opt/vscode/resources/app/out/vs/workbench/api/node/extensionHostProcess.js:98:105190)
	at c.O (/opt/vscode/resources/app/out/vs/workbench/api/node/extensionHostProcess.js:108:11692)
	at G.<computed>.Q.charCodeAt.G.<computed> (/opt/vscode/resources/app/out/vs/workbench/api/node/extensionHostProcess.js:108:8967)
	at m.g (/opt/vscode/resources/app/out/vs/workbench/api/node/extensionHostProcess.js:98:125211)
	at m.executeCommand (/opt/vscode/resources/app/out/vs/workbench/api/node/extensionHostProcess.js:98:124587)
	at L.registerCommand.description (/opt/vscode/resources/app/out/vs/workbench/api/node/extensionHostProcess.js:98:123880)
	at m.h (/opt/vscode/resources/app/out/vs/workbench/api/node/extensionHostProcess.js:98:125797)
	at m.g (/opt/vscode/resources/app/out/vs/workbench/api/node/extensionHostProcess.js:98:124687)
	at m.executeCommand (/opt/vscode/resources/app/out/vs/workbench/api/node/extensionHostProcess.js:98:124587)
	at Object.executeCommand (/opt/vscode/resources/app/out/vs/workbench/api/node/extensionHostProcess.js:114:23801)
	at D (/opt/vscode/resources/app/extensions/git/dist/main.js:2:1467156)
	at E.invoke (/opt/vscode/resources/app/out/vs/workbench/api/node/extensionHostProcess.js:63:145)
	at h.deliver (/opt/vscode/resources/app/out/vs/workbench/api/node/extensionHostProcess.js:63:2121)
	at n.fire (/opt/vscode/resources/app/out/vs/workbench/api/node/extensionHostProcess.js:63:1729)
	at Object.m [as dispose] (/opt/vscode/resources/app/extensions/git/dist/main.js:2:1481885)
	at /opt/vscode/resources/app/extensions/git/dist/main.js:2:1485952
	at Array.forEach (<anonymous>)
	at g.dispose (/opt/vscode/resources/app/extensions/git/dist/main.js:2:1485938)
	at t.<anonymous> (/opt/vscode/resources/app/out/vs/workbench/api/node/extensionHostProcess.js:96:12398)
	at t.dispose (/opt/vscode/resources/app/out/vs/workbench/api/node/extensionHostProcess.js:96:12533)
	at t.<anonymous> (/opt/vscode/resources/app/extensions/git/dist/main.js:2:1469286)
	at t.dispose (/opt/vscode/resources/app/out/vs/workbench/api/node/extensionHostProcess.js:96:12533)
	at C (/opt/vscode/resources/app/out/vs/workbench/api/node/extensionHostProcess.js:10:12084)
	at E.Y (/opt/vscode/resources/app/out/vs/workbench/api/node/extensionHostProcess.js:110:11147)
	at /opt/vscode/resources/app/out/vs/workbench/api/node/extensionHostProcess.js:110:9131
	at Array.map (<anonymous>)
	at E.R (/opt/vscode/resources/app/out/vs/workbench/api/node/extensionHostProcess.js:110:9118)
	at E.terminate (/opt/vscode/resources/app/out/vs/workbench/api/node/extensionHostProcess.js:110:9389)
	at d.terminate (/opt/vscode/resources/app/out/vs/workbench/api/node/extensionHostProcess.js:114:1544)
	at p (/opt/vscode/resources/app/out/vs/workbench/api/node/extensionHostProcess.js:124:18690)
	at MessagePortMain.<anonymous> (/opt/vscode/resources/app/out/vs/workbench/api/node/extensionHostProcess.js:124:14829)
	at MessagePortMain.emit (node:events:526:28)
	at MessagePortMain._internalPort.emit (node:electron/js2c/utility_init:5:364) setContext undefined
2023-04-13 12:45:02.450 [info] Extension host with pid 13551 exiting with code 0
2023-04-13 12:45:03.915 [info] Extension host with pid 13628 started
2023-04-13 12:45:03.915 [info] Skipping acquiring lock for /home/ianbit/.config/Code/User/workspaceStorage/a00fc557fa07185f6970676fb9940bc3.
2023-04-13 12:45:04.007 [info] ExtensionService#_doActivateExtension vscode.emmet, startup: false, activationEvent: 'onLanguage'
2023-04-13 12:45:04.018 [info] ExtensionService#_doActivateExtension vscode.typescript-language-features, startup: false, activationEvent: 'onLanguage:javascript'
2023-04-13 12:45:04.040 [info] ExtensionService#_doActivateExtension dsznajder.es7-react-js-snippets, startup: false, activationEvent: 'onLanguage:javascript'
2023-04-13 12:45:04.521 [info] ExtensionService#_doActivateExtension vscode.git-base, startup: true, activationEvent: '*', root cause: vscode.git
2023-04-13 12:45:04.552 [info] ExtensionService#_doActivateExtension vscode.git, startup: true, activationEvent: '*'
2023-04-13 12:45:04.577 [info] ExtensionService#_doActivateExtension vscode.github, startup: true, activationEvent: '*'
2023-04-13 12:45:04.684 [info] Eager extensions activated
2023-04-13 12:45:04.772 [info] ExtensionService#_doActivateExtension vscode.debug-auto-launch, startup: false, activationEvent: 'onStartupFinished'
2023-04-13 12:45:04.775 [info] ExtensionService#_doActivateExtension vscode.merge-conflict, startup: false, activationEvent: 'onStartupFinished'
2023-04-13 12:45:04.782 [info] ExtensionService#_doActivateExtension PKief.material-icon-theme, startup: false, activationEvent: 'onStartupFinished'
2023-04-13 12:45:04.789 [info] ExtensionService#_doActivateExtension ritwickdey.LiveServer, startup: false, activationEvent: 'onStartupFinished'
2023-04-13 12:45:05.372 [info] ExtensionService#_doActivateExtension vscode.github-authentication, startup: false, activationEvent: 'onAuthenticationRequest:github'
2023-04-13 12:45:05.452 [info] ExtensionService#_doActivateExtension vscode.microsoft-authentication, startup: false, activationEvent: 'onAuthenticationRequest:microsoft'
