2023-04-10 21:02:32.991 [info] [SharedProcess] using utility process
2023-04-10 21:02:33.116 [info] update#setState idle
2023-04-10 21:02:35.017 [info] [UtilityProcess id: 1, type: extensionHost, pid: <none>]: creating new...
2023-04-10 21:02:35.035 [info] [UtilityProcess id: 1, type: extensionHost, pid: 4143]: successfully created
2023-04-10 21:02:35.164 [info] [UtilityProcess type: shared-process, pid: <none>]: creating new...
2023-04-10 21:02:35.177 [info] [UtilityProcess id: 1, type: fileWatcher, pid: <none>]: creating new...
2023-04-10 21:02:35.191 [info] [UtilityProcess type: shared-process, pid: 4155]: successfully created
2023-04-10 21:02:35.193 [info] [UtilityProcess id: 1, type: fileWatcher, pid: 4156]: successfully created
2023-04-10 21:03:03.117 [info] update#setState checking for updates
2023-04-10 21:03:03.373 [info] update#setState idle
2023-04-10 21:06:58.362 [info] [UtilityProcess id: 1, type: extensionHost, pid: 4143]: received exit event with code 0
2023-04-10 21:06:58.363 [info] Extension host with pid 4143 exited with code: 0, signal: unknown.
2023-04-10 21:06:58.393 [info] [UtilityProcess id: 1, type: fileWatcher, pid: 4156]: attempting to kill the process...
2023-04-10 21:06:58.394 [info] [UtilityProcess id: 1, type: fileWatcher, pid: 4156]: successfully killed the process
2023-04-10 21:06:58.410 [info] [UtilityProcess id: 1, type: fileWatcher, pid: 4156]: received exit event with code 0
2023-04-10 21:06:59.805 [info] [UtilityProcess id: 1, type: fileWatcher, pid: <none>]: creating new...
2023-04-10 21:06:59.819 [info] [UtilityProcess id: 1, type: fileWatcher, pid: 9223]: successfully created
2023-04-10 21:06:59.990 [info] [UtilityProcess id: 2, type: extensionHost, pid: <none>]: creating new...
2023-04-10 21:07:00.007 [info] [UtilityProcess id: 2, type: extensionHost, pid: 9234]: successfully created
2023-04-10 22:03:03.164 [info] update#setState checking for updates
2023-04-10 22:03:04.253 [info] update#setState idle
2023-04-10 23:03:03.170 [info] update#setState checking for updates
2023-04-10 23:03:04.296 [info] update#setState idle
2023-04-11 00:03:03.179 [info] update#setState checking for updates
2023-04-11 00:03:04.400 [info] update#setState idle
2023-04-11 00:07:18.090 [info] [UtilityProcess type: shared-process, pid: 4155]: received exit event with code 0
2023-04-11 00:07:18.094 [info] [UtilityProcess id: 1, type: fileWatcher, pid: 9223]: received exit event with code 0
2023-04-11 00:07:18.096 [error] [uncaught exception in main]: Error: write EIO
2023-04-11 00:07:18.097 [error] Error: write EIO
    at afterWriteDispatched (node:internal/stream_base_commons:160:15)
    at writeGeneric (node:internal/stream_base_commons:151:3)
    at Socket._writeGeneric (node:net:795:11)
    at Socket._write (node:net:807:8)
    at writeOrBuffer (node:internal/streams/writable:389:12)
    at _write (node:internal/streams/writable:330:10)
    at Writable.write (node:internal/streams/writable:334:10)
    at console.value (node:internal/console/constructor:286:16)
    at console.log (node:internal/console/constructor:360:26)
    at w.info (/opt/vscode/resources/app/out/vs/code/electron-main/main.js:42:2667)
    at l.info (/opt/vscode/resources/app/out/vs/code/electron-main/main.js:42:4560)
    at s.info (/opt/vscode/resources/app/out/vs/code/electron-main/main.js:42:43989)
    at h.s (/opt/vscode/resources/app/out/vs/code/electron-main/main.js:83:42550)
    at /opt/vscode/resources/app/out/vs/code/electron-main/main.js:83:44306
    at v.invoke (/opt/vscode/resources/app/out/vs/code/electron-main/main.js:19:145)
    at h.deliver (/opt/vscode/resources/app/out/vs/code/electron-main/main.js:19:2125)
    at r.fire (/opt/vscode/resources/app/out/vs/code/electron-main/main.js:19:1733)
    at ForkUtilityProcess.B (/opt/vscode/resources/app/out/vs/code/electron-main/main.js:17:21680)
    at ForkUtilityProcess.emit (node:events:526:28)
    at ForkUtilityProcess.a.emit (node:electron/js2c/browser_init:153:2789)
2023-04-11 00:07:18.098 [info] [UtilityProcess id: 2, type: extensionHost, pid: 9234]: received exit event with code 0
2023-04-11 00:07:18.099 [info] Extension host with pid 9234 exited with code: 0, signal: unknown.
2023-04-11 00:07:18.101 [error] [uncaught exception in main]: Error: write EIO
2023-04-11 00:07:18.101 [error] Error: write EIO
    at afterWriteDispatched (node:internal/stream_base_commons:160:15)
    at writeGeneric (node:internal/stream_base_commons:151:3)
    at Socket._writeGeneric (node:net:795:11)
    at Socket._write (node:net:807:8)
    at writeOrBuffer (node:internal/streams/writable:389:12)
    at _write (node:internal/streams/writable:330:10)
    at Writable.write (node:internal/streams/writable:334:10)
    at console.value (node:internal/console/constructor:286:16)
    at console.log (node:internal/console/constructor:360:26)
    at w.info (/opt/vscode/resources/app/out/vs/code/electron-main/main.js:42:2667)
    at l.info (/opt/vscode/resources/app/out/vs/code/electron-main/main.js:42:4560)
    at s.info (/opt/vscode/resources/app/out/vs/code/electron-main/main.js:42:43989)
    at h.s (/opt/vscode/resources/app/out/vs/code/electron-main/main.js:83:42550)
    at /opt/vscode/resources/app/out/vs/code/electron-main/main.js:83:44306
    at v.invoke (/opt/vscode/resources/app/out/vs/code/electron-main/main.js:19:145)
    at h.deliver (/opt/vscode/resources/app/out/vs/code/electron-main/main.js:19:2125)
    at r.fire (/opt/vscode/resources/app/out/vs/code/electron-main/main.js:19:1733)
    at ForkUtilityProcess.B (/opt/vscode/resources/app/out/vs/code/electron-main/main.js:17:21680)
    at ForkUtilityProcess.emit (node:events:526:28)
    at ForkUtilityProcess.a.emit (node:electron/js2c/browser_init:153:2789)
2023-04-11 00:07:18.102 [error] [uncaught exception in main]: Error: write EIO
2023-04-11 00:07:18.102 [error] Error: write EIO
    at afterWriteDispatched (node:internal/stream_base_commons:160:15)
    at writeGeneric (node:internal/stream_base_commons:151:3)
    at Socket._writeGeneric (node:net:795:11)
    at Socket._write (node:net:807:8)
    at writeOrBuffer (node:internal/streams/writable:389:12)
    at _write (node:internal/streams/writable:330:10)
    at Writable.write (node:internal/streams/writable:334:10)
    at console.value (node:internal/console/constructor:286:16)
    at console.warn (node:internal/console/constructor:365:26)
    at w.error (/opt/vscode/resources/app/out/vs/code/electron-main/main.js:42:2924)
    at l.error (/opt/vscode/resources/app/out/vs/code/electron-main/main.js:42:4661)
    at s.error (/opt/vscode/resources/app/out/vs/code/electron-main/main.js:42:44056)
    at wt.u (/opt/vscode/resources/app/out/vs/code/electron-main/main.js:86:54054)
    at I.a (/opt/vscode/resources/app/out/vs/code/electron-main/main.js:86:51597)
    at I.onUnexpectedError (/opt/vscode/resources/app/out/vs/code/electron-main/main.js:7:249)
    at A (/opt/vscode/resources/app/out/vs/code/electron-main/main.js:7:603)
    at process.<anonymous> (/opt/vscode/resources/app/out/vs/code/electron-main/main.js:86:51662)
    at process.emit (node:events:538:35)
    at process._fatalException (node:internal/process/execution:167:25)
