2023-06-24 19:22:16.973 [info] Getting Manifest... ms-vscode.cpptools
2023-06-24 19:22:17.730 [info] Installing extension: ms-vscode.cpptools
2023-06-24 19:22:26.252 [info] Extension signature is verified: ms-vscode.cpptools
2023-06-24 19:22:29.857 [info] Extracted extension to /home/ianbit/.vscode/extensions/.56358e58-202e-4c02-9808-db4820e3c849: ms-vscode.cpptools
2023-06-24 19:22:29.869 [info] Renamed to /home/ianbit/.vscode/extensions/ms-vscode.cpptools-1.16.3-linux-x64
2023-06-24 19:22:29.884 [info] Extracting extension completed. ms-vscode.cpptools
2023-06-24 19:22:29.904 [info] Extension installed successfully: ms-vscode.cpptools
2023-06-24 19:22:29.920 [info] Marked extension as uninstalled ms-vscode.cpptools-1.16.2-linux-x64
2023-06-24 20:55:13.954 [error] [uncaught exception in sharedProcess]: Cannot read properties of undefined (reading 'then'): TypeError: Cannot read properties of undefined (reading 'then')
    at E.s (/opt/vscode/resources/app/out/vs/code/node/sharedProcess/sharedProcessMain.js:23:4949)
    at E.q (/opt/vscode/resources/app/out/vs/code/node/sharedProcess/sharedProcessMain.js:23:4352)
    at /opt/vscode/resources/app/out/vs/code/node/sharedProcess/sharedProcessMain.js:23:3752
    at w.invoke (/opt/vscode/resources/app/out/vs/code/node/sharedProcess/sharedProcessMain.js:19:145)
    at u.deliver (/opt/vscode/resources/app/out/vs/code/node/sharedProcess/sharedProcessMain.js:19:2121)
    at a.fire (/opt/vscode/resources/app/out/vs/code/node/sharedProcess/sharedProcessMain.js:19:1729)
    at MessagePortMain.J (/opt/vscode/resources/app/out/vs/code/node/sharedProcess/sharedProcessMain.js:17:23922)
    at MessagePortMain.emit (node:events:513:28)
    at MessagePortMain._internalPort.emit (node:electron/js2c/utility_init:2:367)
2023-06-24 20:55:23.643 [error] [uncaught exception in sharedProcess]: Cannot read properties of undefined (reading 'then'): TypeError: Cannot read properties of undefined (reading 'then')
    at E.s (/opt/vscode/resources/app/out/vs/code/node/sharedProcess/sharedProcessMain.js:23:4949)
    at E.q (/opt/vscode/resources/app/out/vs/code/node/sharedProcess/sharedProcessMain.js:23:4352)
    at /opt/vscode/resources/app/out/vs/code/node/sharedProcess/sharedProcessMain.js:23:3752
    at w.invoke (/opt/vscode/resources/app/out/vs/code/node/sharedProcess/sharedProcessMain.js:19:145)
    at u.deliver (/opt/vscode/resources/app/out/vs/code/node/sharedProcess/sharedProcessMain.js:19:2121)
    at a.fire (/opt/vscode/resources/app/out/vs/code/node/sharedProcess/sharedProcessMain.js:19:1729)
    at MessagePortMain.J (/opt/vscode/resources/app/out/vs/code/node/sharedProcess/sharedProcessMain.js:17:23922)
    at MessagePortMain.emit (node:events:513:28)
    at MessagePortMain._internalPort.emit (node:electron/js2c/utility_init:2:367)
2023-06-24 20:55:42.151 [error] [uncaught exception in sharedProcess]: Cannot read properties of undefined (reading 'then'): TypeError: Cannot read properties of undefined (reading 'then')
    at E.s (/opt/vscode/resources/app/out/vs/code/node/sharedProcess/sharedProcessMain.js:23:4949)
    at E.q (/opt/vscode/resources/app/out/vs/code/node/sharedProcess/sharedProcessMain.js:23:4352)
    at /opt/vscode/resources/app/out/vs/code/node/sharedProcess/sharedProcessMain.js:23:3752
    at w.invoke (/opt/vscode/resources/app/out/vs/code/node/sharedProcess/sharedProcessMain.js:19:145)
    at u.deliver (/opt/vscode/resources/app/out/vs/code/node/sharedProcess/sharedProcessMain.js:19:2121)
    at a.fire (/opt/vscode/resources/app/out/vs/code/node/sharedProcess/sharedProcessMain.js:19:1729)
    at MessagePortMain.J (/opt/vscode/resources/app/out/vs/code/node/sharedProcess/sharedProcessMain.js:17:23922)
    at MessagePortMain.emit (node:events:513:28)
    at MessagePortMain._internalPort.emit (node:electron/js2c/utility_init:2:367)
2023-06-24 20:55:45.042 [error] [uncaught exception in sharedProcess]: Cannot read properties of undefined (reading 'then'): TypeError: Cannot read properties of undefined (reading 'then')
    at E.s (/opt/vscode/resources/app/out/vs/code/node/sharedProcess/sharedProcessMain.js:23:4949)
    at E.q (/opt/vscode/resources/app/out/vs/code/node/sharedProcess/sharedProcessMain.js:23:4352)
    at /opt/vscode/resources/app/out/vs/code/node/sharedProcess/sharedProcessMain.js:23:3752
    at w.invoke (/opt/vscode/resources/app/out/vs/code/node/sharedProcess/sharedProcessMain.js:19:145)
    at u.deliver (/opt/vscode/resources/app/out/vs/code/node/sharedProcess/sharedProcessMain.js:19:2121)
    at a.fire (/opt/vscode/resources/app/out/vs/code/node/sharedProcess/sharedProcessMain.js:19:1729)
    at MessagePortMain.J (/opt/vscode/resources/app/out/vs/code/node/sharedProcess/sharedProcessMain.js:17:23922)
    at MessagePortMain.emit (node:events:513:28)
    at MessagePortMain._internalPort.emit (node:electron/js2c/utility_init:2:367)
2023-06-24 20:58:56.698 [error] [uncaught exception in sharedProcess]: Cannot read properties of undefined (reading 'then'): TypeError: Cannot read properties of undefined (reading 'then')
    at E.s (/opt/vscode/resources/app/out/vs/code/node/sharedProcess/sharedProcessMain.js:23:4949)
    at E.q (/opt/vscode/resources/app/out/vs/code/node/sharedProcess/sharedProcessMain.js:23:4352)
    at /opt/vscode/resources/app/out/vs/code/node/sharedProcess/sharedProcessMain.js:23:3752
    at w.invoke (/opt/vscode/resources/app/out/vs/code/node/sharedProcess/sharedProcessMain.js:19:145)
    at u.deliver (/opt/vscode/resources/app/out/vs/code/node/sharedProcess/sharedProcessMain.js:19:2121)
    at a.fire (/opt/vscode/resources/app/out/vs/code/node/sharedProcess/sharedProcessMain.js:19:1729)
    at MessagePortMain.J (/opt/vscode/resources/app/out/vs/code/node/sharedProcess/sharedProcessMain.js:17:23922)
    at MessagePortMain.emit (node:events:513:28)
    at MessagePortMain._internalPort.emit (node:electron/js2c/utility_init:2:367)
2023-06-24 20:59:00.154 [error] [uncaught exception in sharedProcess]: Cannot read properties of undefined (reading 'then'): TypeError: Cannot read properties of undefined (reading 'then')
    at E.s (/opt/vscode/resources/app/out/vs/code/node/sharedProcess/sharedProcessMain.js:23:4949)
    at E.q (/opt/vscode/resources/app/out/vs/code/node/sharedProcess/sharedProcessMain.js:23:4352)
    at /opt/vscode/resources/app/out/vs/code/node/sharedProcess/sharedProcessMain.js:23:3752
    at w.invoke (/opt/vscode/resources/app/out/vs/code/node/sharedProcess/sharedProcessMain.js:19:145)
    at u.deliver (/opt/vscode/resources/app/out/vs/code/node/sharedProcess/sharedProcessMain.js:19:2121)
    at a.fire (/opt/vscode/resources/app/out/vs/code/node/sharedProcess/sharedProcessMain.js:19:1729)
    at MessagePortMain.J (/opt/vscode/resources/app/out/vs/code/node/sharedProcess/sharedProcessMain.js:17:23922)
    at MessagePortMain.emit (node:events:513:28)
    at MessagePortMain._internalPort.emit (node:electron/js2c/utility_init:2:367)
2023-06-24 21:03:19.502 [error] [uncaught exception in sharedProcess]: Cannot read properties of undefined (reading 'then'): TypeError: Cannot read properties of undefined (reading 'then')
    at E.s (/opt/vscode/resources/app/out/vs/code/node/sharedProcess/sharedProcessMain.js:23:4949)
    at E.q (/opt/vscode/resources/app/out/vs/code/node/sharedProcess/sharedProcessMain.js:23:4352)
    at /opt/vscode/resources/app/out/vs/code/node/sharedProcess/sharedProcessMain.js:23:3752
    at w.invoke (/opt/vscode/resources/app/out/vs/code/node/sharedProcess/sharedProcessMain.js:19:145)
    at u.deliver (/opt/vscode/resources/app/out/vs/code/node/sharedProcess/sharedProcessMain.js:19:2121)
    at a.fire (/opt/vscode/resources/app/out/vs/code/node/sharedProcess/sharedProcessMain.js:19:1729)
    at MessagePortMain.J (/opt/vscode/resources/app/out/vs/code/node/sharedProcess/sharedProcessMain.js:17:23922)
    at MessagePortMain.emit (node:events:513:28)
    at MessagePortMain._internalPort.emit (node:electron/js2c/utility_init:2:367)
2023-06-24 21:03:22.668 [error] [uncaught exception in sharedProcess]: Cannot read properties of undefined (reading 'then'): TypeError: Cannot read properties of undefined (reading 'then')
    at E.s (/opt/vscode/resources/app/out/vs/code/node/sharedProcess/sharedProcessMain.js:23:4949)
    at E.q (/opt/vscode/resources/app/out/vs/code/node/sharedProcess/sharedProcessMain.js:23:4352)
    at /opt/vscode/resources/app/out/vs/code/node/sharedProcess/sharedProcessMain.js:23:3752
    at w.invoke (/opt/vscode/resources/app/out/vs/code/node/sharedProcess/sharedProcessMain.js:19:145)
    at u.deliver (/opt/vscode/resources/app/out/vs/code/node/sharedProcess/sharedProcessMain.js:19:2121)
    at a.fire (/opt/vscode/resources/app/out/vs/code/node/sharedProcess/sharedProcessMain.js:19:1729)
    at MessagePortMain.J (/opt/vscode/resources/app/out/vs/code/node/sharedProcess/sharedProcessMain.js:17:23922)
    at MessagePortMain.emit (node:events:513:28)
    at MessagePortMain._internalPort.emit (node:electron/js2c/utility_init:2:367)
2023-06-24 21:03:58.068 [error] [uncaught exception in sharedProcess]: Cannot read properties of undefined (reading 'then'): TypeError: Cannot read properties of undefined (reading 'then')
    at E.s (/opt/vscode/resources/app/out/vs/code/node/sharedProcess/sharedProcessMain.js:23:4949)
    at E.q (/opt/vscode/resources/app/out/vs/code/node/sharedProcess/sharedProcessMain.js:23:4352)
    at /opt/vscode/resources/app/out/vs/code/node/sharedProcess/sharedProcessMain.js:23:3752
    at w.invoke (/opt/vscode/resources/app/out/vs/code/node/sharedProcess/sharedProcessMain.js:19:145)
    at u.deliver (/opt/vscode/resources/app/out/vs/code/node/sharedProcess/sharedProcessMain.js:19:2121)
    at a.fire (/opt/vscode/resources/app/out/vs/code/node/sharedProcess/sharedProcessMain.js:19:1729)
    at MessagePortMain.J (/opt/vscode/resources/app/out/vs/code/node/sharedProcess/sharedProcessMain.js:17:23922)
    at MessagePortMain.emit (node:events:513:28)
    at MessagePortMain._internalPort.emit (node:electron/js2c/utility_init:2:367)
2023-06-24 21:04:03.624 [error] [uncaught exception in sharedProcess]: Cannot read properties of undefined (reading 'then'): TypeError: Cannot read properties of undefined (reading 'then')
    at E.s (/opt/vscode/resources/app/out/vs/code/node/sharedProcess/sharedProcessMain.js:23:4949)
    at E.q (/opt/vscode/resources/app/out/vs/code/node/sharedProcess/sharedProcessMain.js:23:4352)
    at /opt/vscode/resources/app/out/vs/code/node/sharedProcess/sharedProcessMain.js:23:3752
    at w.invoke (/opt/vscode/resources/app/out/vs/code/node/sharedProcess/sharedProcessMain.js:19:145)
    at u.deliver (/opt/vscode/resources/app/out/vs/code/node/sharedProcess/sharedProcessMain.js:19:2121)
    at a.fire (/opt/vscode/resources/app/out/vs/code/node/sharedProcess/sharedProcessMain.js:19:1729)
    at MessagePortMain.J (/opt/vscode/resources/app/out/vs/code/node/sharedProcess/sharedProcessMain.js:17:23922)
    at MessagePortMain.emit (node:events:513:28)
    at MessagePortMain._internalPort.emit (node:electron/js2c/utility_init:2:367)
2023-06-24 21:04:07.530 [error] [uncaught exception in sharedProcess]: Cannot read properties of undefined (reading 'then'): TypeError: Cannot read properties of undefined (reading 'then')
    at E.s (/opt/vscode/resources/app/out/vs/code/node/sharedProcess/sharedProcessMain.js:23:4949)
    at E.q (/opt/vscode/resources/app/out/vs/code/node/sharedProcess/sharedProcessMain.js:23:4352)
    at /opt/vscode/resources/app/out/vs/code/node/sharedProcess/sharedProcessMain.js:23:3752
    at w.invoke (/opt/vscode/resources/app/out/vs/code/node/sharedProcess/sharedProcessMain.js:19:145)
    at u.deliver (/opt/vscode/resources/app/out/vs/code/node/sharedProcess/sharedProcessMain.js:19:2121)
    at a.fire (/opt/vscode/resources/app/out/vs/code/node/sharedProcess/sharedProcessMain.js:19:1729)
    at MessagePortMain.J (/opt/vscode/resources/app/out/vs/code/node/sharedProcess/sharedProcessMain.js:17:23922)
    at MessagePortMain.emit (node:events:513:28)
    at MessagePortMain._internalPort.emit (node:electron/js2c/utility_init:2:367)
2023-06-24 21:04:10.013 [error] [uncaught exception in sharedProcess]: Cannot read properties of undefined (reading 'then'): TypeError: Cannot read properties of undefined (reading 'then')
    at E.s (/opt/vscode/resources/app/out/vs/code/node/sharedProcess/sharedProcessMain.js:23:4949)
    at E.q (/opt/vscode/resources/app/out/vs/code/node/sharedProcess/sharedProcessMain.js:23:4352)
    at /opt/vscode/resources/app/out/vs/code/node/sharedProcess/sharedProcessMain.js:23:3752
    at w.invoke (/opt/vscode/resources/app/out/vs/code/node/sharedProcess/sharedProcessMain.js:19:145)
    at u.deliver (/opt/vscode/resources/app/out/vs/code/node/sharedProcess/sharedProcessMain.js:19:2121)
    at a.fire (/opt/vscode/resources/app/out/vs/code/node/sharedProcess/sharedProcessMain.js:19:1729)
    at MessagePortMain.J (/opt/vscode/resources/app/out/vs/code/node/sharedProcess/sharedProcessMain.js:17:23922)
    at MessagePortMain.emit (node:events:513:28)
    at MessagePortMain._internalPort.emit (node:electron/js2c/utility_init:2:367)
2023-06-24 21:05:03.304 [error] [uncaught exception in sharedProcess]: Cannot read properties of undefined (reading 'then'): TypeError: Cannot read properties of undefined (reading 'then')
    at E.s (/opt/vscode/resources/app/out/vs/code/node/sharedProcess/sharedProcessMain.js:23:4949)
    at E.q (/opt/vscode/resources/app/out/vs/code/node/sharedProcess/sharedProcessMain.js:23:4352)
    at /opt/vscode/resources/app/out/vs/code/node/sharedProcess/sharedProcessMain.js:23:3752
    at w.invoke (/opt/vscode/resources/app/out/vs/code/node/sharedProcess/sharedProcessMain.js:19:145)
    at u.deliver (/opt/vscode/resources/app/out/vs/code/node/sharedProcess/sharedProcessMain.js:19:2121)
    at a.fire (/opt/vscode/resources/app/out/vs/code/node/sharedProcess/sharedProcessMain.js:19:1729)
    at MessagePortMain.J (/opt/vscode/resources/app/out/vs/code/node/sharedProcess/sharedProcessMain.js:17:23922)
    at MessagePortMain.emit (node:events:513:28)
    at MessagePortMain._internalPort.emit (node:electron/js2c/utility_init:2:367)
2023-06-24 21:05:08.399 [error] [uncaught exception in sharedProcess]: Cannot read properties of undefined (reading 'then'): TypeError: Cannot read properties of undefined (reading 'then')
    at E.s (/opt/vscode/resources/app/out/vs/code/node/sharedProcess/sharedProcessMain.js:23:4949)
    at E.q (/opt/vscode/resources/app/out/vs/code/node/sharedProcess/sharedProcessMain.js:23:4352)
    at /opt/vscode/resources/app/out/vs/code/node/sharedProcess/sharedProcessMain.js:23:3752
    at w.invoke (/opt/vscode/resources/app/out/vs/code/node/sharedProcess/sharedProcessMain.js:19:145)
    at u.deliver (/opt/vscode/resources/app/out/vs/code/node/sharedProcess/sharedProcessMain.js:19:2121)
    at a.fire (/opt/vscode/resources/app/out/vs/code/node/sharedProcess/sharedProcessMain.js:19:1729)
    at MessagePortMain.J (/opt/vscode/resources/app/out/vs/code/node/sharedProcess/sharedProcessMain.js:17:23922)
    at MessagePortMain.emit (node:events:513:28)
    at MessagePortMain._internalPort.emit (node:electron/js2c/utility_init:2:367)
2023-06-24 21:05:16.163 [error] [uncaught exception in sharedProcess]: Cannot read properties of undefined (reading 'then'): TypeError: Cannot read properties of undefined (reading 'then')
    at E.s (/opt/vscode/resources/app/out/vs/code/node/sharedProcess/sharedProcessMain.js:23:4949)
    at E.q (/opt/vscode/resources/app/out/vs/code/node/sharedProcess/sharedProcessMain.js:23:4352)
    at /opt/vscode/resources/app/out/vs/code/node/sharedProcess/sharedProcessMain.js:23:3752
    at w.invoke (/opt/vscode/resources/app/out/vs/code/node/sharedProcess/sharedProcessMain.js:19:145)
    at u.deliver (/opt/vscode/resources/app/out/vs/code/node/sharedProcess/sharedProcessMain.js:19:2121)
    at a.fire (/opt/vscode/resources/app/out/vs/code/node/sharedProcess/sharedProcessMain.js:19:1729)
    at MessagePortMain.J (/opt/vscode/resources/app/out/vs/code/node/sharedProcess/sharedProcessMain.js:17:23922)
    at MessagePortMain.emit (node:events:513:28)
    at MessagePortMain._internalPort.emit (node:electron/js2c/utility_init:2:367)
2023-06-24 21:05:18.848 [error] [uncaught exception in sharedProcess]: Cannot read properties of undefined (reading 'then'): TypeError: Cannot read properties of undefined (reading 'then')
    at E.s (/opt/vscode/resources/app/out/vs/code/node/sharedProcess/sharedProcessMain.js:23:4949)
    at E.q (/opt/vscode/resources/app/out/vs/code/node/sharedProcess/sharedProcessMain.js:23:4352)
    at /opt/vscode/resources/app/out/vs/code/node/sharedProcess/sharedProcessMain.js:23:3752
    at w.invoke (/opt/vscode/resources/app/out/vs/code/node/sharedProcess/sharedProcessMain.js:19:145)
    at u.deliver (/opt/vscode/resources/app/out/vs/code/node/sharedProcess/sharedProcessMain.js:19:2121)
    at a.fire (/opt/vscode/resources/app/out/vs/code/node/sharedProcess/sharedProcessMain.js:19:1729)
    at MessagePortMain.J (/opt/vscode/resources/app/out/vs/code/node/sharedProcess/sharedProcessMain.js:17:23922)
    at MessagePortMain.emit (node:events:513:28)
    at MessagePortMain._internalPort.emit (node:electron/js2c/utility_init:2:367)
2023-06-24 21:05:28.952 [error] [uncaught exception in sharedProcess]: Cannot read properties of undefined (reading 'then'): TypeError: Cannot read properties of undefined (reading 'then')
    at E.s (/opt/vscode/resources/app/out/vs/code/node/sharedProcess/sharedProcessMain.js:23:4949)
    at E.q (/opt/vscode/resources/app/out/vs/code/node/sharedProcess/sharedProcessMain.js:23:4352)
    at /opt/vscode/resources/app/out/vs/code/node/sharedProcess/sharedProcessMain.js:23:3752
    at w.invoke (/opt/vscode/resources/app/out/vs/code/node/sharedProcess/sharedProcessMain.js:19:145)
    at u.deliver (/opt/vscode/resources/app/out/vs/code/node/sharedProcess/sharedProcessMain.js:19:2121)
    at a.fire (/opt/vscode/resources/app/out/vs/code/node/sharedProcess/sharedProcessMain.js:19:1729)
    at MessagePortMain.J (/opt/vscode/resources/app/out/vs/code/node/sharedProcess/sharedProcessMain.js:17:23922)
    at MessagePortMain.emit (node:events:513:28)
    at MessagePortMain._internalPort.emit (node:electron/js2c/utility_init:2:367)
2023-06-24 21:05:41.588 [error] [uncaught exception in sharedProcess]: Cannot read properties of undefined (reading 'then'): TypeError: Cannot read properties of undefined (reading 'then')
    at E.s (/opt/vscode/resources/app/out/vs/code/node/sharedProcess/sharedProcessMain.js:23:4949)
    at E.q (/opt/vscode/resources/app/out/vs/code/node/sharedProcess/sharedProcessMain.js:23:4352)
    at /opt/vscode/resources/app/out/vs/code/node/sharedProcess/sharedProcessMain.js:23:3752
    at w.invoke (/opt/vscode/resources/app/out/vs/code/node/sharedProcess/sharedProcessMain.js:19:145)
    at u.deliver (/opt/vscode/resources/app/out/vs/code/node/sharedProcess/sharedProcessMain.js:19:2121)
    at a.fire (/opt/vscode/resources/app/out/vs/code/node/sharedProcess/sharedProcessMain.js:19:1729)
    at MessagePortMain.J (/opt/vscode/resources/app/out/vs/code/node/sharedProcess/sharedProcessMain.js:17:23922)
    at MessagePortMain.emit (node:events:513:28)
    at MessagePortMain._internalPort.emit (node:electron/js2c/utility_init:2:367)
2023-06-24 21:06:21.591 [error] [uncaught exception in sharedProcess]: Cannot read properties of undefined (reading 'then'): TypeError: Cannot read properties of undefined (reading 'then')
    at E.s (/opt/vscode/resources/app/out/vs/code/node/sharedProcess/sharedProcessMain.js:23:4949)
    at E.q (/opt/vscode/resources/app/out/vs/code/node/sharedProcess/sharedProcessMain.js:23:4352)
    at /opt/vscode/resources/app/out/vs/code/node/sharedProcess/sharedProcessMain.js:23:3752
    at w.invoke (/opt/vscode/resources/app/out/vs/code/node/sharedProcess/sharedProcessMain.js:19:145)
    at u.deliver (/opt/vscode/resources/app/out/vs/code/node/sharedProcess/sharedProcessMain.js:19:2121)
    at a.fire (/opt/vscode/resources/app/out/vs/code/node/sharedProcess/sharedProcessMain.js:19:1729)
    at MessagePortMain.J (/opt/vscode/resources/app/out/vs/code/node/sharedProcess/sharedProcessMain.js:17:23922)
    at MessagePortMain.emit (node:events:513:28)
    at MessagePortMain._internalPort.emit (node:electron/js2c/utility_init:2:367)
2023-06-24 21:06:25.146 [error] [uncaught exception in sharedProcess]: Cannot read properties of undefined (reading 'then'): TypeError: Cannot read properties of undefined (reading 'then')
    at E.s (/opt/vscode/resources/app/out/vs/code/node/sharedProcess/sharedProcessMain.js:23:4949)
    at E.q (/opt/vscode/resources/app/out/vs/code/node/sharedProcess/sharedProcessMain.js:23:4352)
    at /opt/vscode/resources/app/out/vs/code/node/sharedProcess/sharedProcessMain.js:23:3752
    at w.invoke (/opt/vscode/resources/app/out/vs/code/node/sharedProcess/sharedProcessMain.js:19:145)
    at u.deliver (/opt/vscode/resources/app/out/vs/code/node/sharedProcess/sharedProcessMain.js:19:2121)
    at a.fire (/opt/vscode/resources/app/out/vs/code/node/sharedProcess/sharedProcessMain.js:19:1729)
    at MessagePortMain.J (/opt/vscode/resources/app/out/vs/code/node/sharedProcess/sharedProcessMain.js:17:23922)
    at MessagePortMain.emit (node:events:513:28)
    at MessagePortMain._internalPort.emit (node:electron/js2c/utility_init:2:367)
