2023-04-12 21:38:34.112 [info] Log level: Info
2023-04-12 21:38:34.112 [info] Validating found git in: "git"
2023-04-12 21:38:34.112 [info] Using git "2.40.0" from "git"
2023-04-12 21:38:34.112 [info] > git rev-parse --show-toplevel [7ms]
2023-04-12 21:38:34.112 [info] > git rev-parse --git-dir --git-common-dir [3ms]
2023-04-12 21:38:34.112 [info] Open repository: /home/ianbit/Documents/challenges
2023-04-12 21:38:34.112 [info] > git rev-parse --show-toplevel [12ms]
2023-04-12 21:38:34.112 [info] > git rev-parse --show-toplevel [348ms]
2023-04-12 21:38:34.112 [info] > git config --get commit.template [368ms]
2023-04-12 21:38:34.112 [info] > git rev-parse --show-toplevel [68ms]
2023-04-12 21:38:34.114 [info] > git rev-parse --show-toplevel [20ms]
2023-04-12 21:38:34.117 [info] > git for-each-ref --format=%(refname)%00%(upstream:short)%00%(objectname)%00%(upstream:track)%00%(upstream:remotename)%00%(upstream:remoteref) refs/heads/main refs/remotes/main [7ms]
2023-04-12 21:38:34.137 [info] > git status -z -uall [9ms]
2023-04-12 21:38:34.159 [info] > git config --get commit.template [1ms]
2023-04-12 21:38:34.172 [info] > git for-each-ref --format=%(refname)%00%(upstream:short)%00%(objectname)%00%(upstream:track)%00%(upstream:remotename)%00%(upstream:remoteref) refs/heads/main refs/remotes/main [2ms]
2023-04-12 21:38:34.191 [info] > git status -z -uall [10ms]
2023-04-12 21:38:34.547 [info] > git show --textconv :news-homepage-main/style.css [25ms]
2023-04-12 21:38:34.547 [info] > git check-ignore -v -z --stdin [4ms]
2023-04-12 21:38:34.549 [info] > git ls-files --stage -- /home/ianbit/Documents/challenges/news-homepage-main/style.css [19ms]
2023-04-12 21:38:34.587 [info] > git show --textconv :news-homepage-main/style-guide.md [14ms]
2023-04-12 21:38:34.588 [info] > git cat-file -s 145b65c11b2b648b7971776e513ecd6c408b988f [29ms]
2023-04-12 21:38:34.590 [info] > git ls-files --stage -- /home/ianbit/Documents/challenges/news-homepage-main/style-guide.md [5ms]
2023-04-12 21:38:34.603 [info] > git cat-file -s cd39197937a561ba0eb0bce2efb6cfefd3c87996 [3ms]
2023-04-12 21:38:36.571 [info] > git config --get commit.template [18ms]
2023-04-12 21:38:36.572 [info] > git for-each-ref --format=%(refname)%00%(upstream:short)%00%(objectname)%00%(upstream:track)%00%(upstream:remotename)%00%(upstream:remoteref) refs/heads/main refs/remotes/main [3ms]
2023-04-12 21:38:36.592 [info] > git status -z -uall [5ms]
2023-04-12 21:46:22.997 [info] > git config --get commit.template [12ms]
2023-04-12 21:46:22.998 [info] > git for-each-ref --format=%(refname)%00%(upstream:short)%00%(objectname)%00%(upstream:track)%00%(upstream:remotename)%00%(upstream:remoteref) refs/heads/main refs/remotes/main [3ms]
2023-04-12 21:46:23.014 [info] > git status -z -uall [7ms]
2023-04-12 21:49:08.332 [info] > git config --get commit.template [9ms]
2023-04-12 21:49:08.333 [info] > git for-each-ref --format=%(refname)%00%(upstream:short)%00%(objectname)%00%(upstream:track)%00%(upstream:remotename)%00%(upstream:remoteref) refs/heads/main refs/remotes/main [2ms]
2023-04-12 21:49:08.346 [info] > git status -z -uall [4ms]
2023-04-12 21:49:32.433 [info] > git config --get commit.template [12ms]
2023-04-12 21:49:32.435 [info] > git for-each-ref --format=%(refname)%00%(upstream:short)%00%(objectname)%00%(upstream:track)%00%(upstream:remotename)%00%(upstream:remoteref) refs/heads/main refs/remotes/main [3ms]
2023-04-12 21:49:32.449 [info] > git status -z -uall [4ms]
2023-04-12 21:49:37.956 [info] > git config --get commit.template [5ms]
2023-04-12 21:49:37.977 [info] > git for-each-ref --format=%(refname)%00%(upstream:short)%00%(objectname)%00%(upstream:track)%00%(upstream:remotename)%00%(upstream:remoteref) refs/heads/main refs/remotes/main [6ms]
2023-04-12 21:49:37.993 [info] > git status -z -uall [6ms]
2023-04-12 21:49:43.020 [info] > git config --get commit.template [11ms]
2023-04-12 21:49:43.021 [info] > git for-each-ref --format=%(refname)%00%(upstream:short)%00%(objectname)%00%(upstream:track)%00%(upstream:remotename)%00%(upstream:remoteref) refs/heads/main refs/remotes/main [2ms]
2023-04-12 21:49:43.036 [info] > git status -z -uall [5ms]
2023-04-12 23:08:01.403 [info] > git config --get commit.template [11ms]
2023-04-12 23:08:01.406 [info] > git for-each-ref --format=%(refname)%00%(upstream:short)%00%(objectname)%00%(upstream:track)%00%(upstream:remotename)%00%(upstream:remoteref) refs/heads/main refs/remotes/main [4ms]
2023-04-12 23:08:01.419 [info] > git status -z -uall [3ms]
2023-04-12 23:09:55.659 [info] > git config --get commit.template [11ms]
2023-04-12 23:09:55.660 [info] > git for-each-ref --format=%(refname)%00%(upstream:short)%00%(objectname)%00%(upstream:track)%00%(upstream:remotename)%00%(upstream:remoteref) refs/heads/main refs/remotes/main [2ms]
2023-04-12 23:09:55.672 [info] > git status -z -uall [4ms]
2023-04-12 23:09:58.459 [info] > git show --textconv :news-homepage-main/index.html [12ms]
2023-04-12 23:09:58.461 [info] > git ls-files --stage -- /home/ianbit/Documents/challenges/news-homepage-main/index.html [2ms]
2023-04-12 23:09:58.473 [info] > git cat-file -s b2a94f4c0bed2a07f3f939038bc80a9195d4a4f5 [2ms]
2023-04-12 23:11:08.475 [info] > git config --get commit.template [11ms]
2023-04-12 23:11:08.475 [info] > git for-each-ref --format=%(refname)%00%(upstream:short)%00%(objectname)%00%(upstream:track)%00%(upstream:remotename)%00%(upstream:remoteref) refs/heads/main refs/remotes/main [1ms]
2023-04-12 23:11:08.490 [info] > git status -z -uall [4ms]
2023-04-12 23:11:43.180 [info] > git config --get commit.template [1ms]
2023-04-12 23:11:43.191 [info] > git for-each-ref --format=%(refname)%00%(upstream:short)%00%(objectname)%00%(upstream:track)%00%(upstream:remotename)%00%(upstream:remoteref) refs/heads/main refs/remotes/main [1ms]
2023-04-12 23:11:43.205 [info] > git status -z -uall [5ms]
2023-04-12 23:11:57.793 [info] > git config --get commit.template [2ms]
2023-04-12 23:11:57.809 [info] > git for-each-ref --format=%(refname)%00%(upstream:short)%00%(objectname)%00%(upstream:track)%00%(upstream:remotename)%00%(upstream:remoteref) refs/heads/main refs/remotes/main [2ms]
2023-04-12 23:11:57.824 [info] > git status -z -uall [4ms]
2023-04-12 23:12:02.849 [info] > git config --get commit.template [11ms]
2023-04-12 23:12:02.851 [info] > git for-each-ref --format=%(refname)%00%(upstream:short)%00%(objectname)%00%(upstream:track)%00%(upstream:remotename)%00%(upstream:remoteref) refs/heads/main refs/remotes/main [2ms]
2023-04-12 23:12:02.868 [info] > git status -z -uall [7ms]
2023-04-12 23:12:07.887 [info] > git config --get commit.template [1ms]
2023-04-12 23:12:07.901 [info] > git for-each-ref --format=%(refname)%00%(upstream:short)%00%(objectname)%00%(upstream:track)%00%(upstream:remotename)%00%(upstream:remoteref) refs/heads/main refs/remotes/main [4ms]
2023-04-12 23:12:07.919 [info] > git status -z -uall [7ms]
2023-04-12 23:12:12.963 [info] > git config --get commit.template [13ms]
2023-04-12 23:12:12.964 [info] > git for-each-ref --format=%(refname)%00%(upstream:short)%00%(objectname)%00%(upstream:track)%00%(upstream:remotename)%00%(upstream:remoteref) refs/heads/main refs/remotes/main [2ms]
2023-04-12 23:12:12.980 [info] > git status -z -uall [3ms]
2023-04-12 23:12:18.010 [info] > git config --get commit.template [11ms]
2023-04-12 23:12:18.010 [info] > git for-each-ref --format=%(refname)%00%(upstream:short)%00%(objectname)%00%(upstream:track)%00%(upstream:remotename)%00%(upstream:remoteref) refs/heads/main refs/remotes/main [1ms]
2023-04-12 23:12:18.025 [info] > git status -z -uall [5ms]
2023-04-12 23:12:31.489 [info] > git config --get commit.template [2ms]
2023-04-12 23:12:31.501 [info] > git for-each-ref --format=%(refname)%00%(upstream:short)%00%(objectname)%00%(upstream:track)%00%(upstream:remotename)%00%(upstream:remoteref) refs/heads/main refs/remotes/main [1ms]
2023-04-12 23:12:31.516 [info] > git status -z -uall [3ms]
2023-04-12 23:12:57.968 [info] > git config --get commit.template [10ms]
2023-04-12 23:12:57.969 [info] > git for-each-ref --format=%(refname)%00%(upstream:short)%00%(objectname)%00%(upstream:track)%00%(upstream:remotename)%00%(upstream:remoteref) refs/heads/main refs/remotes/main [2ms]
2023-04-12 23:12:57.982 [info] > git status -z -uall [4ms]
2023-04-12 23:13:06.867 [info] > git config --get commit.template [10ms]
2023-04-12 23:13:06.868 [info] > git for-each-ref --format=%(refname)%00%(upstream:short)%00%(objectname)%00%(upstream:track)%00%(upstream:remotename)%00%(upstream:remoteref) refs/heads/main refs/remotes/main [2ms]
2023-04-12 23:13:06.881 [info] > git status -z -uall [3ms]
2023-04-12 23:13:11.905 [info] > git config --get commit.template [9ms]
2023-04-12 23:13:11.906 [info] > git for-each-ref --format=%(refname)%00%(upstream:short)%00%(objectname)%00%(upstream:track)%00%(upstream:remotename)%00%(upstream:remoteref) refs/heads/main refs/remotes/main [1ms]
2023-04-12 23:13:11.922 [info] > git status -z -uall [6ms]
2023-04-12 23:14:04.719 [info] > git config --get commit.template [1ms]
2023-04-12 23:14:04.729 [info] > git for-each-ref --format=%(refname)%00%(upstream:short)%00%(objectname)%00%(upstream:track)%00%(upstream:remotename)%00%(upstream:remoteref) refs/heads/main refs/remotes/main [1ms]
2023-04-12 23:14:04.743 [info] > git status -z -uall [4ms]
2023-04-12 23:14:26.006 [info] > git config --get commit.template [11ms]
2023-04-12 23:14:26.007 [info] > git for-each-ref --format=%(refname)%00%(upstream:short)%00%(objectname)%00%(upstream:track)%00%(upstream:remotename)%00%(upstream:remoteref) refs/heads/main refs/remotes/main [2ms]
2023-04-12 23:14:26.020 [info] > git status -z -uall [3ms]
2023-04-12 23:15:12.107 [info] > git config --get commit.template [13ms]
2023-04-12 23:15:12.108 [info] > git for-each-ref --format=%(refname)%00%(upstream:short)%00%(objectname)%00%(upstream:track)%00%(upstream:remotename)%00%(upstream:remoteref) refs/heads/main refs/remotes/main [2ms]
2023-04-12 23:15:12.121 [info] > git status -z -uall [4ms]
2023-04-12 23:15:50.174 [info] > git config --get commit.template [14ms]
2023-04-12 23:15:50.175 [info] > git for-each-ref --format=%(refname)%00%(upstream:short)%00%(objectname)%00%(upstream:track)%00%(upstream:remotename)%00%(upstream:remoteref) refs/heads/main refs/remotes/main [2ms]
2023-04-12 23:15:50.189 [info] > git status -z -uall [4ms]
2023-04-12 23:16:10.793 [info] > git config --get commit.template [10ms]
2023-04-12 23:16:10.794 [info] > git for-each-ref --format=%(refname)%00%(upstream:short)%00%(objectname)%00%(upstream:track)%00%(upstream:remotename)%00%(upstream:remoteref) refs/heads/main refs/remotes/main [1ms]
2023-04-12 23:16:10.812 [info] > git status -z -uall [8ms]
2023-04-12 23:16:15.832 [info] > git config --get commit.template [2ms]
2023-04-12 23:16:15.844 [info] > git for-each-ref --format=%(refname)%00%(upstream:short)%00%(objectname)%00%(upstream:track)%00%(upstream:remotename)%00%(upstream:remoteref) refs/heads/main refs/remotes/main [2ms]
2023-04-12 23:16:15.860 [info] > git status -z -uall [5ms]
2023-04-12 23:16:35.172 [info] > git config --get commit.template [11ms]
2023-04-12 23:16:35.173 [info] > git for-each-ref --format=%(refname)%00%(upstream:short)%00%(objectname)%00%(upstream:track)%00%(upstream:remotename)%00%(upstream:remoteref) refs/heads/main refs/remotes/main [1ms]
2023-04-12 23:16:35.187 [info] > git status -z -uall [5ms]
