2023-04-13 12:38:52.788 [info] Reading sessions from keychain...
2023-04-13 12:38:52.788 [info] Getting sessions for all scopes...
2023-04-13 12:38:52.788 [info] Getting sessions for user:email...
2023-04-13 12:38:52.788 [info] Got 0 sessions for ...
2023-04-13 12:38:52.788 [info] Got 0 sessions for user:email...
2023-04-13 12:38:52.788 [info] Getting sessions for all scopes...
2023-04-13 12:38:52.788 [info] Got 0 sessions for ...
2023-04-13 12:38:53.009 [info] Getting sessions for all scopes...
2023-04-13 12:38:53.009 [info] Got 0 sessions for ...
2023-04-13 12:43:52.291 [info] Reading sessions from keychain...
2023-04-13 12:43:52.291 [info] Getting sessions for all scopes...
2023-04-13 12:43:52.291 [info] Getting sessions for all scopes...
2023-04-13 12:43:52.291 [info] Got 0 sessions for ...
2023-04-13 12:43:52.291 [info] Got 0 sessions for ...
2023-04-13 12:43:52.291 [info] Getting sessions for user:email...
2023-04-13 12:43:52.291 [info] Got 0 sessions for user:email...
2023-04-13 12:43:52.349 [info] Getting sessions for all scopes...
2023-04-13 12:43:52.349 [info] Got 0 sessions for ...
2023-04-13 12:44:52.770 [info] Reading sessions from keychain...
2023-04-13 12:44:52.770 [info] Getting sessions for all scopes...
2023-04-13 12:44:52.770 [info] Getting sessions for all scopes...
2023-04-13 12:44:52.770 [info] Got 0 sessions for ...
2023-04-13 12:44:52.770 [info] Got 0 sessions for ...
2023-04-13 12:44:52.770 [info] Getting sessions for user:email...
2023-04-13 12:44:52.770 [info] Got 0 sessions for user:email...
2023-04-13 12:44:52.797 [info] Getting sessions for all scopes...
2023-04-13 12:44:52.797 [info] Got 0 sessions for ...
2023-04-13 12:45:05.498 [info] Reading sessions from keychain...
2023-04-13 12:45:05.498 [info] Getting sessions for all scopes...
2023-04-13 12:45:05.498 [info] Getting sessions for user:email...
2023-04-13 12:45:05.498 [info] Got 0 sessions for ...
2023-04-13 12:45:05.498 [info] Got 0 sessions for user:email...
2023-04-13 12:45:05.631 [info] Getting sessions for all scopes...
2023-04-13 12:45:05.631 [info] Got 0 sessions for ...
