2023-03-13 22:26:45.857 [info] Log level: Info
2023-03-13 22:26:45.857 [info] Validating found git in: "git"
2023-03-13 22:26:45.857 [info] Using git "2.39.2" from "git"
2023-03-13 22:26:45.857 [info] > git rev-parse --show-toplevel [15ms]
2023-03-13 22:26:45.857 [info] > git rev-parse --git-dir --git-common-dir [10ms]
2023-03-13 22:26:45.857 [info] Open repository: /home/ianbit/Documents/cursos
2023-03-13 22:26:45.857 [info] > git rev-parse --show-toplevel [20ms]
2023-03-13 22:26:45.857 [info] > git rev-parse --show-toplevel [104ms]
2023-03-13 22:26:45.857 [info] > git config --get commit.template [141ms]
2023-03-13 22:26:45.857 [info] > git rev-parse --show-toplevel [9ms]
2023-03-13 22:26:45.857 [info] > git rev-parse --show-toplevel [16ms]
2023-03-13 22:26:45.857 [info] > git for-each-ref --format=%(refname)%00%(upstream:short)%00%(objectname)%00%(upstream:track)%00%(upstream:remotename)%00%(upstream:remoteref) refs/heads/main refs/remotes/main [23ms]
2023-03-13 22:26:45.857 [info] > git rev-parse --show-toplevel [20ms]
2023-03-13 22:26:45.857 [info] > git rev-parse --show-toplevel [26ms]
2023-03-13 22:26:45.857 [info] > git status -z -uall [108ms]
2023-03-13 22:26:45.857 [info] > git rev-parse --show-toplevel [35ms]
2023-03-13 22:26:45.874 [info] > git rev-parse --show-toplevel [32ms]
2023-03-13 22:26:45.879 [info] > git config --get commit.template [6ms]
2023-03-13 22:26:45.901 [info] > git for-each-ref --format=%(refname)%00%(upstream:short)%00%(objectname)%00%(upstream:track)%00%(upstream:remotename)%00%(upstream:remoteref) refs/heads/main refs/remotes/main [3ms]
2023-03-13 22:26:45.926 [info] > git status -z -uall [11ms]
2023-03-13 22:26:46.146 [info] > git check-ignore -v -z --stdin [4ms]
2023-03-13 22:26:47.677 [info] > git show --textconv :roger-melo-js/modulo-08/exercicio1/app.js [19ms]
2023-03-13 22:26:47.709 [info] > git ls-files --stage -- /home/ianbit/Documents/cursos/roger-melo-js/modulo-08/exercicio1/app.js [33ms]
2023-03-13 22:26:47.729 [info] > git cat-file -s cbf54419f1889ddaf092dfd9da5dcc6349e2ca6a [9ms]
2023-03-13 22:36:17.369 [info] > git config --get commit.template [10ms]
2023-03-13 22:36:17.370 [info] > git for-each-ref --format=%(refname)%00%(upstream:short)%00%(objectname)%00%(upstream:track)%00%(upstream:remotename)%00%(upstream:remoteref) refs/heads/main refs/remotes/main [3ms]
2023-03-13 22:36:17.391 [info] > git status -z -uall [10ms]
2023-03-13 22:36:35.369 [info] > git config --get commit.template [1ms]
2023-03-13 22:36:35.385 [info] > git for-each-ref --format=%(refname)%00%(upstream:short)%00%(objectname)%00%(upstream:track)%00%(upstream:remotename)%00%(upstream:remoteref) refs/heads/main refs/remotes/main [1ms]
2023-03-13 22:36:35.403 [info] > git status -z -uall [9ms]
2023-03-13 22:37:06.330 [info] > git config --get commit.template [2ms]
2023-03-13 22:37:06.341 [info] > git for-each-ref --format=%(refname)%00%(upstream:short)%00%(objectname)%00%(upstream:track)%00%(upstream:remotename)%00%(upstream:remoteref) refs/heads/main refs/remotes/main [2ms]
2023-03-13 22:37:06.364 [info] > git status -z -uall [10ms]
2023-03-13 22:37:35.060 [info] > git config --get commit.template [1ms]
2023-03-13 22:37:35.071 [info] > git for-each-ref --format=%(refname)%00%(upstream:short)%00%(objectname)%00%(upstream:track)%00%(upstream:remotename)%00%(upstream:remoteref) refs/heads/main refs/remotes/main [1ms]
2023-03-13 22:37:35.089 [info] > git status -z -uall [7ms]
2023-03-13 22:37:42.858 [info] > git config --get commit.template [4ms]
2023-03-13 22:37:42.869 [info] > git for-each-ref --format=%(refname)%00%(upstream:short)%00%(objectname)%00%(upstream:track)%00%(upstream:remotename)%00%(upstream:remoteref) refs/heads/main refs/remotes/main [2ms]
2023-03-13 22:37:42.892 [info] > git status -z -uall [14ms]
2023-03-13 22:37:47.916 [info] > git config --get commit.template [9ms]
2023-03-13 22:37:47.917 [info] > git for-each-ref --format=%(refname)%00%(upstream:short)%00%(objectname)%00%(upstream:track)%00%(upstream:remotename)%00%(upstream:remoteref) refs/heads/main refs/remotes/main [2ms]
2023-03-13 22:37:47.933 [info] > git status -z -uall [8ms]
2023-03-13 22:38:11.879 [info] > git config --get commit.template [10ms]
2023-03-13 22:38:11.880 [info] > git for-each-ref --format=%(refname)%00%(upstream:short)%00%(objectname)%00%(upstream:track)%00%(upstream:remotename)%00%(upstream:remoteref) refs/heads/main refs/remotes/main [2ms]
2023-03-13 22:38:11.903 [info] > git status -z -uall [12ms]
2023-03-13 22:38:24.598 [info] > git config --get commit.template [13ms]
2023-03-13 22:38:24.600 [info] > git for-each-ref --format=%(refname)%00%(upstream:short)%00%(objectname)%00%(upstream:track)%00%(upstream:remotename)%00%(upstream:remoteref) refs/heads/main refs/remotes/main [3ms]
2023-03-13 22:38:24.616 [info] > git status -z -uall [7ms]
2023-03-13 23:45:47.617 [info] > git config --get commit.template [12ms]
2023-03-13 23:45:47.621 [info] > git for-each-ref --format=%(refname)%00%(upstream:short)%00%(objectname)%00%(upstream:track)%00%(upstream:remotename)%00%(upstream:remoteref) refs/heads/main refs/remotes/main [5ms]
2023-03-13 23:45:47.669 [info] > git status -z -uall [36ms]
2023-03-13 23:46:40.330 [info] > git config --get commit.template [10ms]
2023-03-13 23:46:40.330 [info] > git for-each-ref --format=%(refname)%00%(upstream:short)%00%(objectname)%00%(upstream:track)%00%(upstream:remotename)%00%(upstream:remoteref) refs/heads/main refs/remotes/main [1ms]
2023-03-13 23:46:40.349 [info] > git status -z -uall [9ms]
2023-03-13 23:49:19.379 [info] > git config --get commit.template [12ms]
2023-03-13 23:49:19.380 [info] > git for-each-ref --format=%(refname)%00%(upstream:short)%00%(objectname)%00%(upstream:track)%00%(upstream:remotename)%00%(upstream:remoteref) refs/heads/main refs/remotes/main [2ms]
2023-03-13 23:49:19.402 [info] > git status -z -uall [11ms]
2023-03-13 23:49:53.460 [info] > git config --get commit.template [11ms]
2023-03-13 23:49:53.462 [info] > git for-each-ref --format=%(refname)%00%(upstream:short)%00%(objectname)%00%(upstream:track)%00%(upstream:remotename)%00%(upstream:remoteref) refs/heads/main refs/remotes/main [3ms]
2023-03-13 23:49:53.486 [info] > git status -z -uall [13ms]
2023-03-13 23:50:09.367 [info] > git config --get commit.template [9ms]
2023-03-13 23:50:09.368 [info] > git for-each-ref --format=%(refname)%00%(upstream:short)%00%(objectname)%00%(upstream:track)%00%(upstream:remotename)%00%(upstream:remoteref) refs/heads/main refs/remotes/main [1ms]
2023-03-13 23:50:09.384 [info] > git status -z -uall [8ms]
2023-03-13 23:50:42.952 [info] > git config --get commit.template [14ms]
2023-03-13 23:50:42.954 [info] > git for-each-ref --format=%(refname)%00%(upstream:short)%00%(objectname)%00%(upstream:track)%00%(upstream:remotename)%00%(upstream:remoteref) refs/heads/main refs/remotes/main [3ms]
2023-03-13 23:50:42.975 [info] > git status -z -uall [8ms]
