2023-04-13 20:00:26.258 [info] Log level: Info
2023-04-13 20:00:26.258 [info] Validating found git in: "git"
2023-04-13 20:00:26.258 [info] Using git "2.40.0" from "git"
2023-04-13 20:00:26.268 [info] > git rev-parse --show-toplevel [10ms]
2023-04-13 20:00:26.290 [info] > git rev-parse --git-dir --git-common-dir [9ms]
2023-04-13 20:00:26.311 [info] Open repository: /home/ianbit/Documents/cursos
2023-04-13 20:00:26.407 [info] > git rev-parse --show-toplevel [83ms]
2023-04-13 20:00:26.475 [info] > git rev-parse --show-toplevel [56ms]
2023-04-13 20:00:26.488 [info] > git config --get commit.template [84ms]
2023-04-13 20:00:26.513 [info] > git rev-parse --show-toplevel [26ms]
2023-04-13 20:00:26.564 [info] > git rev-parse --show-toplevel [30ms]
2023-04-13 20:00:26.592 [info] > git for-each-ref --format=%(refname)%00%(upstream:short)%00%(objectname)%00%(upstream:track)%00%(upstream:remotename)%00%(upstream:remoteref) refs/heads/main refs/remotes/main [31ms]
2023-04-13 20:00:26.611 [info] > git rev-parse --show-toplevel [24ms]
2023-04-13 20:00:26.629 [info] > git rev-parse --show-toplevel [3ms]
2023-04-13 20:00:26.643 [info] > git status -z -uall [38ms]
2023-04-13 20:00:26.675 [info] > git rev-parse --show-toplevel [33ms]
2023-04-13 20:00:26.704 [info] > git config --get commit.template [30ms]
2023-04-13 20:00:26.710 [info] > git rev-parse --show-toplevel [9ms]
2023-04-13 20:00:26.754 [info] > git rev-parse --show-toplevel [19ms]
2023-04-13 20:00:26.827 [info] > git rev-parse --show-toplevel [56ms]
2023-04-13 20:00:26.831 [info] > git for-each-ref --format=%(refname)%00%(upstream:short)%00%(objectname)%00%(upstream:track)%00%(upstream:remotename)%00%(upstream:remoteref) refs/heads/main refs/remotes/main [79ms]
2023-04-13 20:00:26.864 [info] > git status -z -uall [8ms]
2023-04-13 20:00:26.916 [info] > git check-ignore -v -z --stdin [7ms]
2023-04-13 20:00:27.468 [info] > git show --textconv :roger-melo-js/modulo-09/exercicio1/app.js [19ms]
2023-04-13 20:00:27.488 [info] > git ls-files --stage -- /home/ianbit/Documents/cursos/roger-melo-js/modulo-09/exercicio1/app.js [22ms]
2023-04-13 20:40:03.557 [info] > git config --get commit.template [18ms]
2023-04-13 20:40:03.559 [info] > git for-each-ref --format=%(refname)%00%(upstream:short)%00%(objectname)%00%(upstream:track)%00%(upstream:remotename)%00%(upstream:remoteref) refs/heads/main refs/remotes/main [7ms]
2023-04-13 20:40:03.596 [info] > git status -z -uall [26ms]
2023-04-13 20:41:06.268 [info] > git config --get commit.template [15ms]
2023-04-13 20:41:06.270 [info] > git for-each-ref --format=%(refname)%00%(upstream:short)%00%(objectname)%00%(upstream:track)%00%(upstream:remotename)%00%(upstream:remoteref) refs/heads/main refs/remotes/main [5ms]
2023-04-13 20:41:06.306 [info] > git status -z -uall [27ms]
2023-04-13 20:41:48.364 [info] > git config --get commit.template [11ms]
2023-04-13 20:41:48.365 [info] > git for-each-ref --format=%(refname)%00%(upstream:short)%00%(objectname)%00%(upstream:track)%00%(upstream:remotename)%00%(upstream:remoteref) refs/heads/main refs/remotes/main [2ms]
2023-04-13 20:41:48.380 [info] > git status -z -uall [5ms]
2023-04-13 20:55:10.929 [info] > git config --get commit.template [14ms]
2023-04-13 20:55:10.933 [info] > git for-each-ref --format=%(refname)%00%(upstream:short)%00%(objectname)%00%(upstream:track)%00%(upstream:remotename)%00%(upstream:remoteref) refs/heads/main refs/remotes/main [5ms]
2023-04-13 20:55:10.958 [info] > git status -z -uall [15ms]
2023-04-13 20:55:11.018 [info] > git ls-files --stage -- /home/ianbit/Documents/cursos/roger-melo-js/modulo-09/exercicio1/app.js [3ms]
2023-04-13 20:55:11.030 [info] > git cat-file -s c74ed5f7703100d7d0cba61e4042d63e69c968dd [3ms]
2023-04-13 20:55:11.049 [info] > git show --textconv :roger-melo-js/modulo-09/exercicio1/app.js [3ms]
2023-04-13 20:55:16.596 [info] > git config --get commit.template [13ms]
2023-04-13 20:55:16.598 [info] > git for-each-ref --format=%(refname)%00%(upstream:short)%00%(objectname)%00%(upstream:track)%00%(upstream:remotename)%00%(upstream:remoteref) refs/heads/main refs/remotes/main [4ms]
2023-04-13 20:55:16.617 [info] > git status -z -uall [9ms]
2023-04-13 20:55:16.684 [info] > git ls-files --stage -- /home/ianbit/Documents/cursos/roger-melo-js/modulo-09/exercicio1/app.js [2ms]
2023-04-13 20:55:16.697 [info] > git cat-file -s c74ed5f7703100d7d0cba61e4042d63e69c968dd [3ms]
2023-04-13 20:55:16.711 [info] > git show --textconv :roger-melo-js/modulo-09/exercicio1/app.js [2ms]
2023-04-13 20:55:22.161 [info] > git config --get commit.template [14ms]
2023-04-13 20:55:22.163 [info] > git for-each-ref --format=%(refname)%00%(upstream:short)%00%(objectname)%00%(upstream:track)%00%(upstream:remotename)%00%(upstream:remoteref) refs/heads/main refs/remotes/main [3ms]
2023-04-13 20:55:22.184 [info] > git status -z -uall [9ms]
2023-04-13 20:55:22.245 [info] > git ls-files --stage -- /home/ianbit/Documents/cursos/roger-melo-js/modulo-09/exercicio1/app.js [1ms]
2023-04-13 20:55:22.256 [info] > git cat-file -s c74ed5f7703100d7d0cba61e4042d63e69c968dd [2ms]
2023-04-13 20:55:22.270 [info] > git show --textconv :roger-melo-js/modulo-09/exercicio1/app.js [1ms]
