2023-03-11 21:54:15.601 [info] Log level: Info
2023-03-11 21:54:15.601 [info] Validating found git in: "git"
2023-03-11 21:54:15.601 [info] Using git "2.39.2" from "git"
2023-03-11 21:54:15.601 [info] > git rev-parse --show-toplevel [46ms]
2023-03-11 21:54:15.601 [info] > git rev-parse --git-dir --git-common-dir [64ms]
2023-03-11 21:54:15.601 [info] Open repository: /home/ianbit/Documents/cursos
2023-03-11 21:54:15.601 [info] > git rev-parse --show-toplevel [63ms]
2023-03-11 21:54:15.602 [info] > git rev-parse --show-toplevel [11ms]
2023-03-11 21:54:15.613 [info] > git config --get commit.template [35ms]
2023-03-11 21:54:15.615 [info] > git rev-parse --show-toplevel [4ms]
2023-03-11 21:54:15.639 [info] > git rev-parse --show-toplevel [14ms]
2023-03-11 21:54:15.663 [info] > git rev-parse --show-toplevel [12ms]
2023-03-11 21:54:15.673 [info] > git for-each-ref --format=%(refname)%00%(upstream:short)%00%(objectname)%00%(upstream:track)%00%(upstream:remotename)%00%(upstream:remoteref) refs/heads/main refs/remotes/main [36ms]
2023-03-11 21:54:15.710 [info] > git rev-parse --show-toplevel [38ms]
2023-03-11 21:54:15.722 [info] > git status -z -uall [36ms]
2023-03-11 21:54:15.765 [info] > git rev-parse --show-toplevel [44ms]
2023-03-11 21:54:15.774 [info] > git config --get commit.template [24ms]
2023-03-11 21:54:15.791 [info] > git for-each-ref --format=%(refname)%00%(upstream:short)%00%(objectname)%00%(upstream:track)%00%(upstream:remotename)%00%(upstream:remoteref) refs/heads/main refs/remotes/main [2ms]
2023-03-11 21:54:15.818 [info] > git status -z -uall [8ms]
2023-03-11 21:54:16.123 [info] > git check-ignore -v -z --stdin [3ms]
2023-03-11 21:54:16.211 [info] > git show --textconv :roger-melo-js/modulo-07/exercicio1/app.js [15ms]
2023-03-11 21:54:16.260 [info] > git ls-files --stage -- /home/ianbit/Documents/cursos/roger-melo-js/modulo-07/exercicio1/app.js [50ms]
2023-03-11 21:55:07.509 [info] > git config --get commit.template [12ms]
2023-03-11 21:55:07.509 [info] > git for-each-ref --format=%(refname)%00%(upstream:short)%00%(objectname)%00%(upstream:track)%00%(upstream:remotename)%00%(upstream:remoteref) refs/heads/main refs/remotes/main [2ms]
2023-03-11 21:55:07.549 [info] > git status -z -uall [28ms]
2023-03-11 21:55:12.307 [info] > git check-ignore -v -z --stdin [3ms]
2023-03-11 21:55:22.824 [info] > git check-ignore -v -z --stdin [2ms]
2023-03-11 21:55:23.544 [info] > git show --textconv :roger-melo-js/modulo-07/quiz-interativo/app.js [13ms]
2023-03-11 21:55:23.545 [info] > git ls-files --stage -- /home/ianbit/Documents/cursos/roger-melo-js/modulo-07/quiz-interativo/app.js [2ms]
2023-03-11 21:55:24.997 [info] > git check-ignore -v -z --stdin [47ms]
2023-03-11 21:55:25.110 [info] > git show --textconv :roger-melo-js/modulo-07/quiz-interativo/index.html [10ms]
2023-03-11 21:55:25.110 [info] > git ls-files --stage -- /home/ianbit/Documents/cursos/roger-melo-js/modulo-07/quiz-interativo/index.html [1ms]
2023-03-11 22:03:58.189 [info] > git config --get commit.template [14ms]
2023-03-11 22:03:58.190 [info] > git for-each-ref --format=%(refname)%00%(upstream:short)%00%(objectname)%00%(upstream:track)%00%(upstream:remotename)%00%(upstream:remoteref) refs/heads/main refs/remotes/main [3ms]
2023-03-11 22:03:58.232 [info] > git status -z -uall [32ms]
2023-03-11 22:05:02.236 [info] > git config --get commit.template [1ms]
2023-03-11 22:05:02.247 [info] > git for-each-ref --format=%(refname)%00%(upstream:short)%00%(objectname)%00%(upstream:track)%00%(upstream:remotename)%00%(upstream:remoteref) refs/heads/main refs/remotes/main [2ms]
2023-03-11 22:05:02.263 [info] > git status -z -uall [5ms]
2023-03-11 22:05:33.336 [info] > git config --get commit.template [2ms]
2023-03-11 22:05:33.352 [info] > git for-each-ref --format=%(refname)%00%(upstream:short)%00%(objectname)%00%(upstream:track)%00%(upstream:remotename)%00%(upstream:remoteref) refs/heads/main refs/remotes/main [4ms]
2023-03-11 22:05:33.378 [info] > git status -z -uall [8ms]
2023-03-11 22:06:42.150 [info] > git config --get commit.template [10ms]
2023-03-11 22:06:42.151 [info] > git for-each-ref --format=%(refname)%00%(upstream:short)%00%(objectname)%00%(upstream:track)%00%(upstream:remotename)%00%(upstream:remoteref) refs/heads/main refs/remotes/main [1ms]
2023-03-11 22:06:42.167 [info] > git status -z -uall [5ms]
2023-03-11 22:10:10.633 [info] > git config --get commit.template [3ms]
2023-03-11 22:10:10.646 [info] > git for-each-ref --format=%(refname)%00%(upstream:short)%00%(objectname)%00%(upstream:track)%00%(upstream:remotename)%00%(upstream:remoteref) refs/heads/main refs/remotes/main [1ms]
2023-03-11 22:10:10.664 [info] > git status -z -uall [5ms]
2023-03-11 22:10:23.171 [info] > git config --get commit.template [14ms]
2023-03-11 22:10:23.172 [info] > git for-each-ref --format=%(refname)%00%(upstream:short)%00%(objectname)%00%(upstream:track)%00%(upstream:remotename)%00%(upstream:remoteref) refs/heads/main refs/remotes/main [2ms]
2023-03-11 22:10:23.191 [info] > git status -z -uall [10ms]
2023-03-11 22:11:54.363 [info] > git config --get commit.template [12ms]
2023-03-11 22:11:54.364 [info] > git for-each-ref --format=%(refname)%00%(upstream:short)%00%(objectname)%00%(upstream:track)%00%(upstream:remotename)%00%(upstream:remoteref) refs/heads/main refs/remotes/main [2ms]
2023-03-11 22:11:54.380 [info] > git status -z -uall [5ms]
2023-03-11 22:12:21.583 [info] > git config --get commit.template [12ms]
2023-03-11 22:12:21.584 [info] > git for-each-ref --format=%(refname)%00%(upstream:short)%00%(objectname)%00%(upstream:track)%00%(upstream:remotename)%00%(upstream:remoteref) refs/heads/main refs/remotes/main [2ms]
2023-03-11 22:12:21.599 [info] > git status -z -uall [4ms]
2023-03-11 22:13:18.035 [info] > git config --get commit.template [15ms]
2023-03-11 22:13:18.037 [info] > git for-each-ref --format=%(refname)%00%(upstream:short)%00%(objectname)%00%(upstream:track)%00%(upstream:remotename)%00%(upstream:remoteref) refs/heads/main refs/remotes/main [3ms]
2023-03-11 22:13:18.056 [info] > git status -z -uall [6ms]
2023-03-11 22:14:20.762 [info] > git config --get commit.template [8ms]
2023-03-11 22:14:20.763 [info] > git for-each-ref --format=%(refname)%00%(upstream:short)%00%(objectname)%00%(upstream:track)%00%(upstream:remotename)%00%(upstream:remoteref) refs/heads/main refs/remotes/main [1ms]
2023-03-11 22:14:20.777 [info] > git status -z -uall [5ms]
2023-03-11 22:14:56.734 [info] > git config --get commit.template [1ms]
2023-03-11 22:14:56.745 [info] > git for-each-ref --format=%(refname)%00%(upstream:short)%00%(objectname)%00%(upstream:track)%00%(upstream:remotename)%00%(upstream:remoteref) refs/heads/main refs/remotes/main [1ms]
2023-03-11 22:14:56.761 [info] > git status -z -uall [5ms]
2023-03-11 22:15:18.097 [info] > git config --get commit.template [11ms]
2023-03-11 22:15:18.098 [info] > git for-each-ref --format=%(refname)%00%(upstream:short)%00%(objectname)%00%(upstream:track)%00%(upstream:remotename)%00%(upstream:remoteref) refs/heads/main refs/remotes/main [3ms]
2023-03-11 22:15:18.129 [info] > git status -z -uall [21ms]
2023-03-11 22:18:24.832 [info] > git config --get commit.template [2ms]
2023-03-11 22:18:24.843 [info] > git for-each-ref --format=%(refname)%00%(upstream:short)%00%(objectname)%00%(upstream:track)%00%(upstream:remotename)%00%(upstream:remoteref) refs/heads/main refs/remotes/main [1ms]
2023-03-11 22:18:24.859 [info] > git status -z -uall [5ms]
2023-03-11 22:20:14.998 [info] > git config --get commit.template [12ms]
2023-03-11 22:20:14.999 [info] > git for-each-ref --format=%(refname)%00%(upstream:short)%00%(objectname)%00%(upstream:track)%00%(upstream:remotename)%00%(upstream:remoteref) refs/heads/main refs/remotes/main [2ms]
2023-03-11 22:20:15.014 [info] > git status -z -uall [5ms]
2023-03-11 22:21:06.240 [info] > git config --get commit.template [11ms]
2023-03-11 22:21:06.240 [info] > git for-each-ref --format=%(refname)%00%(upstream:short)%00%(objectname)%00%(upstream:track)%00%(upstream:remotename)%00%(upstream:remoteref) refs/heads/main refs/remotes/main [1ms]
2023-03-11 22:21:06.255 [info] > git status -z -uall [5ms]
2023-03-11 22:21:19.599 [info] > git config --get commit.template [2ms]
2023-03-11 22:21:19.611 [info] > git for-each-ref --format=%(refname)%00%(upstream:short)%00%(objectname)%00%(upstream:track)%00%(upstream:remotename)%00%(upstream:remoteref) refs/heads/main refs/remotes/main [1ms]
2023-03-11 22:21:19.625 [info] > git status -z -uall [4ms]
2023-03-11 22:26:44.596 [info] > git config --get commit.template [11ms]
2023-03-11 22:26:44.597 [info] > git for-each-ref --format=%(refname)%00%(upstream:short)%00%(objectname)%00%(upstream:track)%00%(upstream:remotename)%00%(upstream:remoteref) refs/heads/main refs/remotes/main [2ms]
2023-03-11 22:26:44.613 [info] > git status -z -uall [5ms]
2023-03-11 22:28:14.898 [info] > git config --get commit.template [10ms]
2023-03-11 22:28:14.899 [info] > git for-each-ref --format=%(refname)%00%(upstream:short)%00%(objectname)%00%(upstream:track)%00%(upstream:remotename)%00%(upstream:remoteref) refs/heads/main refs/remotes/main [2ms]
2023-03-11 22:28:14.915 [info] > git status -z -uall [5ms]
2023-03-11 22:28:21.577 [info] > git config --get commit.template [14ms]
2023-03-11 22:28:21.578 [info] > git for-each-ref --format=%(refname)%00%(upstream:short)%00%(objectname)%00%(upstream:track)%00%(upstream:remotename)%00%(upstream:remoteref) refs/heads/main refs/remotes/main [1ms]
2023-03-11 22:28:21.593 [info] > git status -z -uall [4ms]
2023-03-11 22:28:55.535 [info] > git config --get commit.template [2ms]
2023-03-11 22:28:55.546 [info] > git for-each-ref --format=%(refname)%00%(upstream:short)%00%(objectname)%00%(upstream:track)%00%(upstream:remotename)%00%(upstream:remoteref) refs/heads/main refs/remotes/main [2ms]
2023-03-11 22:28:55.560 [info] > git status -z -uall [5ms]
2023-03-11 22:29:32.199 [info] > git config --get commit.template [14ms]
2023-03-11 22:29:32.205 [info] > git for-each-ref --format=%(refname)%00%(upstream:short)%00%(objectname)%00%(upstream:track)%00%(upstream:remotename)%00%(upstream:remoteref) refs/heads/main refs/remotes/main [6ms]
2023-03-11 22:29:32.227 [info] > git status -z -uall [10ms]
2023-03-11 22:30:05.709 [info] > git config --get commit.template [1ms]
2023-03-11 22:30:05.724 [info] > git for-each-ref --format=%(refname)%00%(upstream:short)%00%(objectname)%00%(upstream:track)%00%(upstream:remotename)%00%(upstream:remoteref) refs/heads/main refs/remotes/main [1ms]
2023-03-11 22:30:05.741 [info] > git status -z -uall [5ms]
2023-03-11 22:30:35.487 [info] > git config --get commit.template [2ms]
2023-03-11 22:30:35.502 [info] > git for-each-ref --format=%(refname)%00%(upstream:short)%00%(objectname)%00%(upstream:track)%00%(upstream:remotename)%00%(upstream:remoteref) refs/heads/main refs/remotes/main [2ms]
2023-03-11 22:30:35.517 [info] > git status -z -uall [5ms]
2023-03-11 22:31:57.948 [info] > git config --get commit.template [10ms]
2023-03-11 22:31:57.952 [info] > git for-each-ref --format=%(refname)%00%(upstream:short)%00%(objectname)%00%(upstream:track)%00%(upstream:remotename)%00%(upstream:remoteref) refs/heads/main refs/remotes/main [4ms]
2023-03-11 22:31:57.967 [info] > git status -z -uall [7ms]
2023-03-11 22:33:25.886 [info] > git config --get commit.template [2ms]
2023-03-11 22:33:25.899 [info] > git for-each-ref --format=%(refname)%00%(upstream:short)%00%(objectname)%00%(upstream:track)%00%(upstream:remotename)%00%(upstream:remoteref) refs/heads/main refs/remotes/main [3ms]
2023-03-11 22:33:25.915 [info] > git status -z -uall [6ms]
2023-03-11 22:36:45.443 [info] > git config --get commit.template [1ms]
2023-03-11 22:36:45.456 [info] > git for-each-ref --format=%(refname)%00%(upstream:short)%00%(objectname)%00%(upstream:track)%00%(upstream:remotename)%00%(upstream:remoteref) refs/heads/main refs/remotes/main [2ms]
2023-03-11 22:36:45.472 [info] > git status -z -uall [6ms]
2023-03-11 22:38:08.932 [info] > git check-ignore -v -z --stdin [5ms]
2023-03-11 22:38:09.481 [info] > git config --get commit.template [10ms]
2023-03-11 22:38:09.484 [info] > git for-each-ref --format=%(refname)%00%(upstream:short)%00%(objectname)%00%(upstream:track)%00%(upstream:remotename)%00%(upstream:remoteref) refs/heads/main refs/remotes/main [3ms]
2023-03-11 22:38:09.504 [info] > git status -z -uall [10ms]
2023-03-11 22:38:22.269 [info] > git check-ignore -v -z --stdin [3ms]
2023-03-11 22:38:22.823 [info] > git config --get commit.template [12ms]
2023-03-11 22:38:22.824 [info] > git for-each-ref --format=%(refname)%00%(upstream:short)%00%(objectname)%00%(upstream:track)%00%(upstream:remotename)%00%(upstream:remoteref) refs/heads/main refs/remotes/main [2ms]
2023-03-11 22:38:22.836 [info] > git status -z -uall [5ms]
2023-03-11 22:38:27.422 [info] > git show --textconv :roger-melo-js/modulo-08/metodo-map/index.html [9ms]
2023-03-11 22:38:27.423 [info] > git ls-files --stage -- /home/ianbit/Documents/cursos/roger-melo-js/modulo-08/metodo-map/index.html [2ms]
2023-03-11 22:38:27.652 [info] > git check-ignore -v -z --stdin [1ms]
2023-03-11 22:38:28.235 [info] > git config --get commit.template [10ms]
2023-03-11 22:38:28.236 [info] > git for-each-ref --format=%(refname)%00%(upstream:short)%00%(objectname)%00%(upstream:track)%00%(upstream:remotename)%00%(upstream:remoteref) refs/heads/main refs/remotes/main [2ms]
2023-03-11 22:38:28.255 [info] > git status -z -uall [10ms]
2023-03-11 22:39:24.463 [info] > git config --get commit.template [12ms]
2023-03-11 22:39:24.463 [info] > git for-each-ref --format=%(refname)%00%(upstream:short)%00%(objectname)%00%(upstream:track)%00%(upstream:remotename)%00%(upstream:remoteref) refs/heads/main refs/remotes/main [2ms]
2023-03-11 22:39:24.480 [info] > git status -z -uall [4ms]
2023-03-11 22:39:32.573 [info] > git config --get commit.template [8ms]
2023-03-11 22:39:32.573 [info] > git for-each-ref --format=%(refname)%00%(upstream:short)%00%(objectname)%00%(upstream:track)%00%(upstream:remotename)%00%(upstream:remoteref) refs/heads/main refs/remotes/main [1ms]
2023-03-11 22:39:32.586 [info] > git status -z -uall [4ms]
2023-03-11 22:39:37.493 [info] > git show --textconv :roger-melo-js/modulo-08/metodo-map/app.js [11ms]
2023-03-11 22:39:37.495 [info] > git ls-files --stage -- /home/ianbit/Documents/cursos/roger-melo-js/modulo-08/metodo-map/app.js [3ms]
2023-03-11 22:39:37.721 [info] > git check-ignore -v -z --stdin [1ms]
2023-03-11 22:39:38.535 [info] > git config --get commit.template [12ms]
2023-03-11 22:39:38.536 [info] > git for-each-ref --format=%(refname)%00%(upstream:short)%00%(objectname)%00%(upstream:track)%00%(upstream:remotename)%00%(upstream:remoteref) refs/heads/main refs/remotes/main [2ms]
2023-03-11 22:39:38.551 [info] > git status -z -uall [6ms]
