2023-03-14 12:46:21.390 [info] Log level: Info
2023-03-14 12:46:21.390 [info] Validating found git in: "git"
2023-03-14 12:46:21.390 [info] Using git "2.39.2" from "git"
2023-03-14 12:46:21.390 [info] > git rev-parse --show-toplevel [10ms]
2023-03-14 12:46:21.390 [info] > git rev-parse --git-dir --git-common-dir [3ms]
2023-03-14 12:46:21.390 [info] Open repository: /home/ianbit/Documents/cursos
2023-03-14 12:46:21.390 [info] > git rev-parse --show-toplevel [11ms]
2023-03-14 12:46:21.390 [info] > git config --get commit.template [11ms]
2023-03-14 12:46:21.390 [info] > git rev-parse --show-toplevel [4ms]
2023-03-14 12:46:21.390 [info] > git rev-parse --show-toplevel [19ms]
2023-03-14 12:46:21.390 [info] > git rev-parse --show-toplevel [6ms]
2023-03-14 12:46:21.390 [info] > git for-each-ref --format=%(refname)%00%(upstream:short)%00%(objectname)%00%(upstream:track)%00%(upstream:remotename)%00%(upstream:remoteref) refs/heads/main refs/remotes/main [28ms]
2023-03-14 12:46:21.390 [info] > git status -z -uall [68ms]
2023-03-14 12:46:21.390 [info] > git rev-parse --show-toplevel [80ms]
2023-03-14 12:46:21.390 [info] > git rev-parse --show-toplevel [51ms]
2023-03-14 12:46:21.390 [info] > git rev-parse --show-toplevel [29ms]
2023-03-14 12:46:21.390 [info] > git config --get commit.template [22ms]
2023-03-14 12:46:21.390 [info] > git rev-parse --show-toplevel [3ms]
2023-03-14 12:46:21.390 [info] > git for-each-ref --format=%(refname)%00%(upstream:short)%00%(objectname)%00%(upstream:track)%00%(upstream:remotename)%00%(upstream:remoteref) refs/heads/main refs/remotes/main [4ms]
2023-03-14 12:46:21.390 [info] > git status -z -uall [15ms]
2023-03-14 12:46:21.653 [info] > git check-ignore -v -z --stdin [4ms]
2023-03-14 12:46:23.230 [info] > git show --textconv :roger-melo-js/modulo-08/exercicio1/app.js [11ms]
2023-03-14 12:46:23.235 [info] > git ls-files --stage -- /home/ianbit/Documents/cursos/roger-melo-js/modulo-08/exercicio1/app.js [6ms]
2023-03-14 12:46:23.264 [info] > git cat-file -s cbf54419f1889ddaf092dfd9da5dcc6349e2ca6a [18ms]
2023-03-14 12:49:12.971 [info] > git config --get commit.template [11ms]
2023-03-14 12:49:12.973 [info] > git for-each-ref --format=%(refname)%00%(upstream:short)%00%(objectname)%00%(upstream:track)%00%(upstream:remotename)%00%(upstream:remoteref) refs/heads/main refs/remotes/main [3ms]
2023-03-14 12:49:12.994 [info] > git status -z -uall [11ms]
2023-03-14 13:05:26.836 [info] > git config --get commit.template [11ms]
2023-03-14 13:05:26.838 [info] > git for-each-ref --format=%(refname)%00%(upstream:short)%00%(objectname)%00%(upstream:track)%00%(upstream:remotename)%00%(upstream:remoteref) refs/heads/main refs/remotes/main [2ms]
2023-03-14 13:05:26.884 [info] > git status -z -uall [35ms]
2023-03-14 13:06:25.727 [info] > git config --get commit.template [2ms]
2023-03-14 13:06:25.738 [info] > git for-each-ref --format=%(refname)%00%(upstream:short)%00%(objectname)%00%(upstream:track)%00%(upstream:remotename)%00%(upstream:remoteref) refs/heads/main refs/remotes/main [2ms]
2023-03-14 13:06:25.757 [info] > git status -z -uall [11ms]
2023-03-14 13:06:39.980 [info] > git show --textconv :roger-melo-js/modulo-07/quiz-interativo/app.js [11ms]
2023-03-14 13:06:39.981 [info] > git ls-files --stage -- /home/ianbit/Documents/cursos/roger-melo-js/modulo-07/quiz-interativo/app.js [2ms]
2023-03-14 13:08:46.525 [info] > git config --get commit.template [8ms]
2023-03-14 13:08:46.525 [info] > git for-each-ref --format=%(refname)%00%(upstream:short)%00%(objectname)%00%(upstream:track)%00%(upstream:remotename)%00%(upstream:remoteref) refs/heads/main refs/remotes/main [1ms]
2023-03-14 13:08:46.540 [info] > git status -z -uall [8ms]
2023-03-14 13:12:34.561 [info] > git config --get commit.template [2ms]
2023-03-14 13:12:34.571 [info] > git for-each-ref --format=%(refname)%00%(upstream:short)%00%(objectname)%00%(upstream:track)%00%(upstream:remotename)%00%(upstream:remoteref) refs/heads/main refs/remotes/main [1ms]
2023-03-14 13:12:34.588 [info] > git status -z -uall [9ms]
2023-03-14 13:12:54.542 [info] > git config --get commit.template [10ms]
2023-03-14 13:12:54.543 [info] > git for-each-ref --format=%(refname)%00%(upstream:short)%00%(objectname)%00%(upstream:track)%00%(upstream:remotename)%00%(upstream:remoteref) refs/heads/main refs/remotes/main [2ms]
2023-03-14 13:12:54.561 [info] > git status -z -uall [9ms]
2023-03-14 13:14:09.789 [info] > git config --get commit.template [10ms]
2023-03-14 13:14:09.791 [info] > git for-each-ref --format=%(refname)%00%(upstream:short)%00%(objectname)%00%(upstream:track)%00%(upstream:remotename)%00%(upstream:remoteref) refs/heads/main refs/remotes/main [3ms]
2023-03-14 13:14:09.809 [info] > git status -z -uall [10ms]
