2023-04-11 12:18:06.501 [info] Log level: Info
2023-04-11 12:18:06.501 [info] Validating found git in: "git"
2023-04-11 12:18:06.501 [info] Using git "2.40.0" from "git"
2023-04-11 12:18:06.501 [info] > git rev-parse --show-toplevel [10ms]
2023-04-11 12:18:06.501 [info] > git rev-parse --git-dir --git-common-dir [5ms]
2023-04-11 12:18:06.501 [info] Open repository: /home/ianbit/Documents/challenges
2023-04-11 12:18:06.501 [info] > git rev-parse --show-toplevel [17ms]
2023-04-11 12:18:06.501 [info] > git rev-parse --show-toplevel [341ms]
2023-04-11 12:18:06.501 [info] > git config --get commit.template [357ms]
2023-04-11 12:18:06.501 [info] > git rev-parse --show-toplevel [43ms]
2023-04-11 12:18:06.501 [info] > git rev-parse --show-toplevel [39ms]
2023-04-11 12:18:06.529 [info] > git show --textconv :news-homepage-main/style.css [18ms]
2023-04-11 12:18:06.529 [info] > git ls-files --stage -- /home/ianbit/Documents/challenges/news-homepage-main/style.css [10ms]
2023-04-11 12:18:06.538 [info] > git for-each-ref --format=%(refname)%00%(upstream:short)%00%(objectname)%00%(upstream:track)%00%(upstream:remotename)%00%(upstream:remoteref) refs/heads/main refs/remotes/main [39ms]
2023-04-11 12:18:06.549 [info] > git cat-file -s d20d0b2b27913883a154ef4b117e196bdbdded44 [13ms]
2023-04-11 12:18:06.554 [info] > git status -z -uall [8ms]
2023-04-11 12:18:06.577 [info] > git config --get commit.template [6ms]
2023-04-11 12:18:06.603 [info] > git for-each-ref --format=%(refname)%00%(upstream:short)%00%(objectname)%00%(upstream:track)%00%(upstream:remotename)%00%(upstream:remoteref) refs/heads/main refs/remotes/main [15ms]
2023-04-11 12:18:06.617 [info] > git status -z -uall [7ms]
2023-04-11 12:18:06.903 [info] > git check-ignore -v -z --stdin [3ms]
2023-04-11 12:19:34.556 [info] > git config --get commit.template [14ms]
2023-04-11 12:19:34.556 [info] > git for-each-ref --format=%(refname)%00%(upstream:short)%00%(objectname)%00%(upstream:track)%00%(upstream:remotename)%00%(upstream:remoteref) refs/heads/main refs/remotes/main [2ms]
2023-04-11 12:19:34.570 [info] > git status -z -uall [4ms]
2023-04-11 12:19:48.969 [info] > git config --get commit.template [12ms]
2023-04-11 12:19:48.970 [info] > git for-each-ref --format=%(refname)%00%(upstream:short)%00%(objectname)%00%(upstream:track)%00%(upstream:remotename)%00%(upstream:remoteref) refs/heads/main refs/remotes/main [3ms]
2023-04-11 12:19:48.983 [info] > git status -z -uall [3ms]
2023-04-11 12:20:04.426 [info] > git config --get commit.template [2ms]
2023-04-11 12:20:04.439 [info] > git for-each-ref --format=%(refname)%00%(upstream:short)%00%(objectname)%00%(upstream:track)%00%(upstream:remotename)%00%(upstream:remoteref) refs/heads/main refs/remotes/main [2ms]
2023-04-11 12:20:04.454 [info] > git status -z -uall [5ms]
2023-04-11 12:20:16.380 [info] > git config --get commit.template [2ms]
2023-04-11 12:20:16.391 [info] > git for-each-ref --format=%(refname)%00%(upstream:short)%00%(objectname)%00%(upstream:track)%00%(upstream:remotename)%00%(upstream:remoteref) refs/heads/main refs/remotes/main [2ms]
2023-04-11 12:20:16.404 [info] > git status -z -uall [5ms]
2023-04-11 12:20:32.663 [info] > git config --get commit.template [2ms]
2023-04-11 12:20:32.677 [info] > git for-each-ref --format=%(refname)%00%(upstream:short)%00%(objectname)%00%(upstream:track)%00%(upstream:remotename)%00%(upstream:remoteref) refs/heads/main refs/remotes/main [1ms]
2023-04-11 12:20:32.693 [info] > git status -z -uall [4ms]
2023-04-11 12:21:49.093 [info] > git config --get commit.template [12ms]
2023-04-11 12:21:49.095 [info] > git for-each-ref --format=%(refname)%00%(upstream:short)%00%(objectname)%00%(upstream:track)%00%(upstream:remotename)%00%(upstream:remoteref) refs/heads/main refs/remotes/main [3ms]
2023-04-11 12:21:49.113 [info] > git status -z -uall [6ms]
2023-04-11 12:22:08.288 [info] > git config --get commit.template [13ms]
2023-04-11 12:22:08.290 [info] > git for-each-ref --format=%(refname)%00%(upstream:short)%00%(objectname)%00%(upstream:track)%00%(upstream:remotename)%00%(upstream:remoteref) refs/heads/main refs/remotes/main [3ms]
2023-04-11 12:22:08.311 [info] > git status -z -uall [9ms]
2023-04-11 12:22:13.340 [info] > git config --get commit.template [12ms]
2023-04-11 12:22:13.342 [info] > git for-each-ref --format=%(refname)%00%(upstream:short)%00%(objectname)%00%(upstream:track)%00%(upstream:remotename)%00%(upstream:remoteref) refs/heads/main refs/remotes/main [3ms]
2023-04-11 12:22:13.360 [info] > git status -z -uall [7ms]
2023-04-11 12:22:22.888 [info] > git config --get commit.template [11ms]
2023-04-11 12:22:22.889 [info] > git for-each-ref --format=%(refname)%00%(upstream:short)%00%(objectname)%00%(upstream:track)%00%(upstream:remotename)%00%(upstream:remoteref) refs/heads/main refs/remotes/main [2ms]
2023-04-11 12:22:22.908 [info] > git status -z -uall [7ms]
2023-04-11 12:22:30.078 [info] > git config --get commit.template [9ms]
2023-04-11 12:22:30.079 [info] > git for-each-ref --format=%(refname)%00%(upstream:short)%00%(objectname)%00%(upstream:track)%00%(upstream:remotename)%00%(upstream:remoteref) refs/heads/main refs/remotes/main [2ms]
2023-04-11 12:22:30.092 [info] > git status -z -uall [5ms]
2023-04-11 12:22:35.112 [info] > git config --get commit.template [2ms]
2023-04-11 12:22:35.122 [info] > git for-each-ref --format=%(refname)%00%(upstream:short)%00%(objectname)%00%(upstream:track)%00%(upstream:remotename)%00%(upstream:remoteref) refs/heads/main refs/remotes/main [2ms]
2023-04-11 12:22:35.135 [info] > git status -z -uall [4ms]
2023-04-11 12:22:43.128 [info] > git config --get commit.template [13ms]
2023-04-11 12:22:43.129 [info] > git for-each-ref --format=%(refname)%00%(upstream:short)%00%(objectname)%00%(upstream:track)%00%(upstream:remotename)%00%(upstream:remoteref) refs/heads/main refs/remotes/main [2ms]
2023-04-11 12:22:43.146 [info] > git status -z -uall [5ms]
2023-04-11 12:23:09.191 [info] > git config --get commit.template [16ms]
2023-04-11 12:23:09.192 [info] > git for-each-ref --format=%(refname)%00%(upstream:short)%00%(objectname)%00%(upstream:track)%00%(upstream:remotename)%00%(upstream:remoteref) refs/heads/main refs/remotes/main [2ms]
2023-04-11 12:23:09.206 [info] > git status -z -uall [3ms]
2023-04-11 12:24:54.941 [info] > git config --get commit.template [13ms]
2023-04-11 12:24:54.944 [info] > git for-each-ref --format=%(refname)%00%(upstream:short)%00%(objectname)%00%(upstream:track)%00%(upstream:remotename)%00%(upstream:remoteref) refs/heads/main refs/remotes/main [3ms]
2023-04-11 12:24:54.957 [info] > git status -z -uall [4ms]
2023-04-11 12:25:01.379 [info] > git check-ignore -v -z --stdin [2ms]
2023-04-11 12:25:04.194 [info] > git check-ignore -v -z --stdin [3ms]
2023-04-11 12:36:45.226 [info] > git config --get commit.template [9ms]
2023-04-11 12:36:45.228 [info] > git for-each-ref --format=%(refname)%00%(upstream:short)%00%(objectname)%00%(upstream:track)%00%(upstream:remotename)%00%(upstream:remoteref) refs/heads/main refs/remotes/main [3ms]
2023-04-11 12:36:45.243 [info] > git status -z -uall [7ms]
2023-04-11 12:36:54.524 [info] > git show --textconv :news-homepage-main/README-template.md [13ms]
2023-04-11 12:36:54.526 [info] > git ls-files --stage -- /home/ianbit/Documents/challenges/news-homepage-main/README-template.md [2ms]
2023-04-11 12:36:54.538 [info] > git cat-file -s 4ad04ba095e8e84c7ca5bfbc1a1a7cc032fbb79d [2ms]
2023-04-11 12:39:09.560 [info] > git show --textconv :news-homepage-main/README.md [10ms]
2023-04-11 12:39:09.561 [info] > git ls-files --stage -- /home/ianbit/Documents/challenges/news-homepage-main/README.md [3ms]
2023-04-11 12:39:09.578 [info] > git cat-file -s 81663dc56c18321e8915986786e45d33b7e06578 [2ms]
2023-04-11 12:39:15.389 [info] > git show --textconv :news-homepage-main/README-template.md [15ms]
2023-04-11 12:39:15.391 [info] > git ls-files --stage -- /home/ianbit/Documents/challenges/news-homepage-main/README-template.md [3ms]
2023-04-11 12:39:15.409 [info] > git cat-file -s 4ad04ba095e8e84c7ca5bfbc1a1a7cc032fbb79d [4ms]
2023-04-11 12:39:31.991 [info] > git show --textconv :news-homepage-main/style-guide.md [12ms]
2023-04-11 12:39:31.992 [info] > git ls-files --stage -- /home/ianbit/Documents/challenges/news-homepage-main/style-guide.md [2ms]
2023-04-11 12:39:32.001 [info] > git cat-file -s cd39197937a561ba0eb0bce2efb6cfefd3c87996 [2ms]
2023-04-11 12:41:27.177 [info] > git config --get commit.template [14ms]
2023-04-11 12:41:27.180 [info] > git for-each-ref --format=%(refname)%00%(upstream:short)%00%(objectname)%00%(upstream:track)%00%(upstream:remotename)%00%(upstream:remoteref) refs/heads/main refs/remotes/main [4ms]
2023-04-11 12:41:27.202 [info] > git status -z -uall [8ms]
2023-04-11 12:41:57.559 [info] > git config --get commit.template [12ms]
2023-04-11 12:41:57.560 [info] > git for-each-ref --format=%(refname)%00%(upstream:short)%00%(objectname)%00%(upstream:track)%00%(upstream:remotename)%00%(upstream:remoteref) refs/heads/main refs/remotes/main [3ms]
2023-04-11 12:41:57.576 [info] > git status -z -uall [4ms]
2023-04-11 12:42:46.742 [info] > git config --get commit.template [2ms]
2023-04-11 12:42:46.758 [info] > git for-each-ref --format=%(refname)%00%(upstream:short)%00%(objectname)%00%(upstream:track)%00%(upstream:remotename)%00%(upstream:remoteref) refs/heads/main refs/remotes/main [3ms]
2023-04-11 12:42:46.773 [info] > git status -z -uall [4ms]
2023-04-11 12:43:10.882 [info] > git config --get commit.template [2ms]
2023-04-11 12:43:10.897 [info] > git for-each-ref --format=%(refname)%00%(upstream:short)%00%(objectname)%00%(upstream:track)%00%(upstream:remotename)%00%(upstream:remoteref) refs/heads/main refs/remotes/main [2ms]
2023-04-11 12:43:10.916 [info] > git status -z -uall [8ms]
2023-04-11 12:54:08.291 [info] > git config --get commit.template [1ms]
2023-04-11 12:54:08.302 [info] > git for-each-ref --format=%(refname)%00%(upstream:short)%00%(objectname)%00%(upstream:track)%00%(upstream:remotename)%00%(upstream:remoteref) refs/heads/main refs/remotes/main [2ms]
2023-04-11 12:54:08.318 [info] > git status -z -uall [5ms]
2023-04-11 12:54:35.918 [info] > git config --get commit.template [1ms]
2023-04-11 12:54:35.933 [info] > git for-each-ref --format=%(refname)%00%(upstream:short)%00%(objectname)%00%(upstream:track)%00%(upstream:remotename)%00%(upstream:remoteref) refs/heads/main refs/remotes/main [2ms]
2023-04-11 12:54:35.946 [info] > git status -z -uall [4ms]
2023-04-11 12:54:46.542 [info] > git config --get commit.template [10ms]
2023-04-11 12:54:46.543 [info] > git for-each-ref --format=%(refname)%00%(upstream:short)%00%(objectname)%00%(upstream:track)%00%(upstream:remotename)%00%(upstream:remoteref) refs/heads/main refs/remotes/main [2ms]
2023-04-11 12:54:46.557 [info] > git status -z -uall [4ms]
2023-04-11 12:54:56.669 [info] > git config --get commit.template [12ms]
2023-04-11 12:54:56.672 [info] > git for-each-ref --format=%(refname)%00%(upstream:short)%00%(objectname)%00%(upstream:track)%00%(upstream:remotename)%00%(upstream:remoteref) refs/heads/main refs/remotes/main [3ms]
2023-04-11 12:54:56.693 [info] > git status -z -uall [8ms]
2023-04-11 12:55:30.051 [info] > git config --get commit.template [12ms]
2023-04-11 12:55:30.051 [info] > git for-each-ref --format=%(refname)%00%(upstream:short)%00%(objectname)%00%(upstream:track)%00%(upstream:remotename)%00%(upstream:remoteref) refs/heads/main refs/remotes/main [2ms]
2023-04-11 12:55:30.070 [info] > git status -z -uall [10ms]
2023-04-11 12:55:56.951 [info] > git config --get commit.template [17ms]
2023-04-11 12:55:56.954 [info] > git for-each-ref --format=%(refname)%00%(upstream:short)%00%(objectname)%00%(upstream:track)%00%(upstream:remotename)%00%(upstream:remoteref) refs/heads/main refs/remotes/main [4ms]
2023-04-11 12:55:56.970 [info] > git status -z -uall [5ms]
2023-04-11 12:56:38.268 [info] > git config --get commit.template [10ms]
2023-04-11 12:56:38.271 [info] > git for-each-ref --format=%(refname)%00%(upstream:short)%00%(objectname)%00%(upstream:track)%00%(upstream:remotename)%00%(upstream:remoteref) refs/heads/main refs/remotes/main [3ms]
2023-04-11 12:56:38.286 [info] > git status -z -uall [3ms]
2023-04-11 12:56:43.319 [info] > git config --get commit.template [13ms]
2023-04-11 12:56:43.321 [info] > git for-each-ref --format=%(refname)%00%(upstream:short)%00%(objectname)%00%(upstream:track)%00%(upstream:remotename)%00%(upstream:remoteref) refs/heads/main refs/remotes/main [2ms]
2023-04-11 12:56:43.340 [info] > git status -z -uall [8ms]
2023-04-11 12:56:54.737 [info] > git config --get commit.template [14ms]
2023-04-11 12:56:54.739 [info] > git for-each-ref --format=%(refname)%00%(upstream:short)%00%(objectname)%00%(upstream:track)%00%(upstream:remotename)%00%(upstream:remoteref) refs/heads/main refs/remotes/main [3ms]
2023-04-11 12:56:54.761 [info] > git status -z -uall [8ms]
2023-04-11 12:57:12.061 [info] > git config --get commit.template [2ms]
2023-04-11 12:57:12.073 [info] > git for-each-ref --format=%(refname)%00%(upstream:short)%00%(objectname)%00%(upstream:track)%00%(upstream:remotename)%00%(upstream:remoteref) refs/heads/main refs/remotes/main [2ms]
2023-04-11 12:57:12.090 [info] > git status -z -uall [8ms]
2023-04-11 12:57:23.680 [info] > git config --get commit.template [1ms]
2023-04-11 12:57:23.692 [info] > git for-each-ref --format=%(refname)%00%(upstream:short)%00%(objectname)%00%(upstream:track)%00%(upstream:remotename)%00%(upstream:remoteref) refs/heads/main refs/remotes/main [1ms]
2023-04-11 12:57:23.707 [info] > git status -z -uall [5ms]
2023-04-11 12:57:39.226 [info] > git config --get commit.template [2ms]
2023-04-11 12:57:39.239 [info] > git for-each-ref --format=%(refname)%00%(upstream:short)%00%(objectname)%00%(upstream:track)%00%(upstream:remotename)%00%(upstream:remoteref) refs/heads/main refs/remotes/main [2ms]
2023-04-11 12:57:39.253 [info] > git status -z -uall [4ms]
2023-04-11 12:57:47.066 [info] > git show --textconv :news-homepage-main/index.html [13ms]
2023-04-11 12:57:47.068 [info] > git ls-files --stage -- /home/ianbit/Documents/challenges/news-homepage-main/index.html [2ms]
2023-04-11 12:57:47.081 [info] > git cat-file -s 434aefe21aff0bce2cfba3e53888b11ff62598b0 [3ms]
2023-04-11 12:58:46.502 [info] > git config --get commit.template [3ms]
2023-04-11 12:58:46.516 [info] > git for-each-ref --format=%(refname)%00%(upstream:short)%00%(objectname)%00%(upstream:track)%00%(upstream:remotename)%00%(upstream:remoteref) refs/heads/main refs/remotes/main [2ms]
2023-04-11 12:58:46.527 [info] > git status -z -uall [4ms]
2023-04-11 12:59:14.620 [info] > git config --get commit.template [3ms]
2023-04-11 12:59:14.632 [info] > git for-each-ref --format=%(refname)%00%(upstream:short)%00%(objectname)%00%(upstream:track)%00%(upstream:remotename)%00%(upstream:remoteref) refs/heads/main refs/remotes/main [2ms]
2023-04-11 12:59:14.647 [info] > git status -z -uall [4ms]
2023-04-11 12:59:22.488 [info] > git config --get commit.template [1ms]
2023-04-11 12:59:22.504 [info] > git for-each-ref --format=%(refname)%00%(upstream:short)%00%(objectname)%00%(upstream:track)%00%(upstream:remotename)%00%(upstream:remoteref) refs/heads/main refs/remotes/main [2ms]
2023-04-11 12:59:22.526 [info] > git status -z -uall [9ms]
2023-04-11 12:59:28.136 [info] > git config --get commit.template [11ms]
2023-04-11 12:59:28.137 [info] > git for-each-ref --format=%(refname)%00%(upstream:short)%00%(objectname)%00%(upstream:track)%00%(upstream:remotename)%00%(upstream:remoteref) refs/heads/main refs/remotes/main [2ms]
2023-04-11 12:59:28.151 [info] > git status -z -uall [4ms]
2023-04-11 13:00:56.765 [info] > git config --get commit.template [1ms]
2023-04-11 13:00:56.777 [info] > git for-each-ref --format=%(refname)%00%(upstream:short)%00%(objectname)%00%(upstream:track)%00%(upstream:remotename)%00%(upstream:remoteref) refs/heads/main refs/remotes/main [1ms]
2023-04-11 13:00:56.790 [info] > git status -z -uall [3ms]
2023-04-11 13:04:54.973 [info] > git config --get commit.template [12ms]
2023-04-11 13:04:54.974 [info] > git for-each-ref --format=%(refname)%00%(upstream:short)%00%(objectname)%00%(upstream:track)%00%(upstream:remotename)%00%(upstream:remoteref) refs/heads/main refs/remotes/main [2ms]
2023-04-11 13:04:54.986 [info] > git status -z -uall [2ms]
2023-04-11 13:05:09.574 [info] > git config --get commit.template [10ms]
2023-04-11 13:05:09.575 [info] > git for-each-ref --format=%(refname)%00%(upstream:short)%00%(objectname)%00%(upstream:track)%00%(upstream:remotename)%00%(upstream:remoteref) refs/heads/main refs/remotes/main [2ms]
2023-04-11 13:05:09.595 [info] > git status -z -uall [9ms]
2023-04-11 13:05:19.281 [info] > git config --get commit.template [13ms]
2023-04-11 13:05:19.282 [info] > git for-each-ref --format=%(refname)%00%(upstream:short)%00%(objectname)%00%(upstream:track)%00%(upstream:remotename)%00%(upstream:remoteref) refs/heads/main refs/remotes/main [2ms]
2023-04-11 13:05:19.296 [info] > git status -z -uall [4ms]
2023-04-11 13:05:26.373 [info] > git config --get commit.template [14ms]
2023-04-11 13:05:26.375 [info] > git for-each-ref --format=%(refname)%00%(upstream:short)%00%(objectname)%00%(upstream:track)%00%(upstream:remotename)%00%(upstream:remoteref) refs/heads/main refs/remotes/main [3ms]
2023-04-11 13:05:26.390 [info] > git status -z -uall [4ms]
2023-04-11 13:05:39.199 [info] > git config --get commit.template [13ms]
2023-04-11 13:05:39.201 [info] > git for-each-ref --format=%(refname)%00%(upstream:short)%00%(objectname)%00%(upstream:track)%00%(upstream:remotename)%00%(upstream:remoteref) refs/heads/main refs/remotes/main [3ms]
2023-04-11 13:05:39.215 [info] > git status -z -uall [4ms]
2023-04-11 13:06:22.155 [info] > git config --get commit.template [13ms]
2023-04-11 13:06:22.157 [info] > git for-each-ref --format=%(refname)%00%(upstream:short)%00%(objectname)%00%(upstream:track)%00%(upstream:remotename)%00%(upstream:remoteref) refs/heads/main refs/remotes/main [3ms]
2023-04-11 13:06:22.170 [info] > git status -z -uall [3ms]
2023-04-11 13:07:02.201 [info] > git config --get commit.template [2ms]
2023-04-11 13:07:02.218 [info] > git for-each-ref --format=%(refname)%00%(upstream:short)%00%(objectname)%00%(upstream:track)%00%(upstream:remotename)%00%(upstream:remoteref) refs/heads/main refs/remotes/main [3ms]
2023-04-11 13:07:02.240 [info] > git status -z -uall [8ms]
2023-04-11 13:07:15.348 [info] > git config --get commit.template [12ms]
2023-04-11 13:07:15.348 [info] > git for-each-ref --format=%(refname)%00%(upstream:short)%00%(objectname)%00%(upstream:track)%00%(upstream:remotename)%00%(upstream:remoteref) refs/heads/main refs/remotes/main [1ms]
2023-04-11 13:07:15.363 [info] > git status -z -uall [4ms]
2023-04-11 13:07:22.837 [info] > git config --get commit.template [11ms]
2023-04-11 13:07:22.837 [info] > git for-each-ref --format=%(refname)%00%(upstream:short)%00%(objectname)%00%(upstream:track)%00%(upstream:remotename)%00%(upstream:remoteref) refs/heads/main refs/remotes/main [1ms]
2023-04-11 13:07:22.855 [info] > git status -z -uall [7ms]
2023-04-11 13:08:05.182 [info] > git config --get commit.template [1ms]
2023-04-11 13:08:05.192 [info] > git for-each-ref --format=%(refname)%00%(upstream:short)%00%(objectname)%00%(upstream:track)%00%(upstream:remotename)%00%(upstream:remoteref) refs/heads/main refs/remotes/main [1ms]
2023-04-11 13:08:05.203 [info] > git status -z -uall [3ms]
2023-04-11 13:08:27.336 [info] > git config --get commit.template [3ms]
2023-04-11 13:08:27.350 [info] > git for-each-ref --format=%(refname)%00%(upstream:short)%00%(objectname)%00%(upstream:track)%00%(upstream:remotename)%00%(upstream:remoteref) refs/heads/main refs/remotes/main [2ms]
2023-04-11 13:08:27.364 [info] > git status -z -uall [4ms]
2023-04-11 13:09:03.507 [info] > git config --get commit.template [11ms]
2023-04-11 13:09:03.508 [info] > git for-each-ref --format=%(refname)%00%(upstream:short)%00%(objectname)%00%(upstream:track)%00%(upstream:remotename)%00%(upstream:remoteref) refs/heads/main refs/remotes/main [1ms]
2023-04-11 13:09:03.522 [info] > git status -z -uall [5ms]
2023-04-11 13:09:29.303 [info] > git config --get commit.template [1ms]
2023-04-11 13:09:29.317 [info] > git for-each-ref --format=%(refname)%00%(upstream:short)%00%(objectname)%00%(upstream:track)%00%(upstream:remotename)%00%(upstream:remoteref) refs/heads/main refs/remotes/main [2ms]
2023-04-11 13:09:29.337 [info] > git status -z -uall [7ms]
2023-04-11 13:09:34.366 [info] > git config --get commit.template [10ms]
2023-04-11 13:09:34.366 [info] > git for-each-ref --format=%(refname)%00%(upstream:short)%00%(objectname)%00%(upstream:track)%00%(upstream:remotename)%00%(upstream:remoteref) refs/heads/main refs/remotes/main [1ms]
2023-04-11 13:09:34.379 [info] > git status -z -uall [4ms]
2023-04-11 13:09:39.406 [info] > git config --get commit.template [12ms]
2023-04-11 13:09:39.409 [info] > git for-each-ref --format=%(refname)%00%(upstream:short)%00%(objectname)%00%(upstream:track)%00%(upstream:remotename)%00%(upstream:remoteref) refs/heads/main refs/remotes/main [2ms]
2023-04-11 13:09:39.429 [info] > git status -z -uall [9ms]
2023-04-11 13:09:44.462 [info] > git config --get commit.template [14ms]
2023-04-11 13:09:44.464 [info] > git for-each-ref --format=%(refname)%00%(upstream:short)%00%(objectname)%00%(upstream:track)%00%(upstream:remotename)%00%(upstream:remoteref) refs/heads/main refs/remotes/main [3ms]
2023-04-11 13:09:44.477 [info] > git status -z -uall [4ms]
2023-04-11 13:10:05.721 [info] > git config --get commit.template [14ms]
2023-04-11 13:10:05.724 [info] > git for-each-ref --format=%(refname)%00%(upstream:short)%00%(objectname)%00%(upstream:track)%00%(upstream:remotename)%00%(upstream:remoteref) refs/heads/main refs/remotes/main [3ms]
2023-04-11 13:10:05.737 [info] > git status -z -uall [3ms]
2023-04-11 13:10:12.245 [info] > git config --get commit.template [10ms]
2023-04-11 13:10:12.249 [info] > git for-each-ref --format=%(refname)%00%(upstream:short)%00%(objectname)%00%(upstream:track)%00%(upstream:remotename)%00%(upstream:remoteref) refs/heads/main refs/remotes/main [3ms]
2023-04-11 13:10:12.266 [info] > git status -z -uall [8ms]
2023-04-11 13:10:20.045 [info] > git config --get commit.template [2ms]
2023-04-11 13:10:20.058 [info] > git for-each-ref --format=%(refname)%00%(upstream:short)%00%(objectname)%00%(upstream:track)%00%(upstream:remotename)%00%(upstream:remoteref) refs/heads/main refs/remotes/main [1ms]
2023-04-11 13:10:20.073 [info] > git status -z -uall [4ms]
2023-04-11 13:10:30.055 [info] > git config --get commit.template [1ms]
2023-04-11 13:10:30.070 [info] > git for-each-ref --format=%(refname)%00%(upstream:short)%00%(objectname)%00%(upstream:track)%00%(upstream:remotename)%00%(upstream:remoteref) refs/heads/main refs/remotes/main [2ms]
2023-04-11 13:10:30.086 [info] > git status -z -uall [4ms]
2023-04-11 13:10:44.906 [info] > git config --get commit.template [2ms]
2023-04-11 13:10:44.920 [info] > git for-each-ref --format=%(refname)%00%(upstream:short)%00%(objectname)%00%(upstream:track)%00%(upstream:remotename)%00%(upstream:remoteref) refs/heads/main refs/remotes/main [1ms]
2023-04-11 13:10:44.936 [info] > git status -z -uall [5ms]
2023-04-11 13:11:00.005 [info] > git config --get commit.template [10ms]
2023-04-11 13:11:00.006 [info] > git for-each-ref --format=%(refname)%00%(upstream:short)%00%(objectname)%00%(upstream:track)%00%(upstream:remotename)%00%(upstream:remoteref) refs/heads/main refs/remotes/main [1ms]
2023-04-11 13:11:00.020 [info] > git status -z -uall [5ms]
2023-04-11 13:11:07.615 [info] > git config --get commit.template [13ms]
2023-04-11 13:11:07.617 [info] > git for-each-ref --format=%(refname)%00%(upstream:short)%00%(objectname)%00%(upstream:track)%00%(upstream:remotename)%00%(upstream:remoteref) refs/heads/main refs/remotes/main [3ms]
2023-04-11 13:11:07.634 [info] > git status -z -uall [8ms]
2023-04-11 13:11:16.622 [info] > git config --get commit.template [1ms]
2023-04-11 13:11:16.633 [info] > git for-each-ref --format=%(refname)%00%(upstream:short)%00%(objectname)%00%(upstream:track)%00%(upstream:remotename)%00%(upstream:remoteref) refs/heads/main refs/remotes/main [2ms]
2023-04-11 13:11:16.656 [info] > git status -z -uall [9ms]
2023-04-11 13:11:21.917 [info] > git config --get commit.template [10ms]
2023-04-11 13:11:21.918 [info] > git for-each-ref --format=%(refname)%00%(upstream:short)%00%(objectname)%00%(upstream:track)%00%(upstream:remotename)%00%(upstream:remoteref) refs/heads/main refs/remotes/main [1ms]
2023-04-11 13:11:21.937 [info] > git status -z -uall [8ms]
2023-04-11 13:11:33.677 [info] > git config --get commit.template [1ms]
2023-04-11 13:11:33.690 [info] > git for-each-ref --format=%(refname)%00%(upstream:short)%00%(objectname)%00%(upstream:track)%00%(upstream:remotename)%00%(upstream:remoteref) refs/heads/main refs/remotes/main [2ms]
2023-04-11 13:11:33.705 [info] > git status -z -uall [4ms]
2023-04-11 13:11:49.741 [info] > git config --get commit.template [15ms]
2023-04-11 13:11:49.742 [info] > git for-each-ref --format=%(refname)%00%(upstream:short)%00%(objectname)%00%(upstream:track)%00%(upstream:remotename)%00%(upstream:remoteref) refs/heads/main refs/remotes/main [1ms]
2023-04-11 13:11:49.765 [info] > git status -z -uall [8ms]
2023-04-11 13:12:02.265 [info] > git config --get commit.template [14ms]
2023-04-11 13:12:02.266 [info] > git for-each-ref --format=%(refname)%00%(upstream:short)%00%(objectname)%00%(upstream:track)%00%(upstream:remotename)%00%(upstream:remoteref) refs/heads/main refs/remotes/main [2ms]
2023-04-11 13:12:02.281 [info] > git status -z -uall [4ms]
2023-04-11 13:13:07.683 [info] > git config --get commit.template [12ms]
2023-04-11 13:13:07.685 [info] > git for-each-ref --format=%(refname)%00%(upstream:short)%00%(objectname)%00%(upstream:track)%00%(upstream:remotename)%00%(upstream:remoteref) refs/heads/main refs/remotes/main [3ms]
2023-04-11 13:13:07.702 [info] > git status -z -uall [8ms]
2023-04-11 13:13:22.820 [info] > git config --get commit.template [2ms]
2023-04-11 13:13:22.834 [info] > git for-each-ref --format=%(refname)%00%(upstream:short)%00%(objectname)%00%(upstream:track)%00%(upstream:remotename)%00%(upstream:remoteref) refs/heads/main refs/remotes/main [1ms]
2023-04-11 13:13:22.847 [info] > git status -z -uall [4ms]
2023-04-11 13:13:53.142 [info] > git config --get commit.template [16ms]
2023-04-11 13:13:53.143 [info] > git for-each-ref --format=%(refname)%00%(upstream:short)%00%(objectname)%00%(upstream:track)%00%(upstream:remotename)%00%(upstream:remoteref) refs/heads/main refs/remotes/main [3ms]
2023-04-11 13:13:53.166 [info] > git status -z -uall [11ms]
2023-04-11 13:13:53.254 [info] > git ls-files --stage -- /home/ianbit/Documents/challenges/news-homepage-main/style-guide.md [13ms]
2023-04-11 13:13:53.262 [info] > git ls-files --stage -- /home/ianbit/Documents/challenges/news-homepage-main/style.css [30ms]
2023-04-11 13:13:53.273 [info] > git cat-file -s cd39197937a561ba0eb0bce2efb6cfefd3c87996 [11ms]
2023-04-11 13:13:53.274 [info] > git ls-files --stage -- /home/ianbit/Documents/challenges/news-homepage-main/index.html [21ms]
2023-04-11 13:13:53.285 [info] > git cat-file -s 47f6dc822e4c675ba8637ca50dea13c333cac3fe [14ms]
2023-04-11 13:13:53.296 [info] > git cat-file -s 14fee9578b8cc1913c5fae65d7232c5557fa76fc [11ms]
2023-04-11 13:13:53.307 [info] > git show --textconv :news-homepage-main/style-guide.md [12ms]
2023-04-11 13:13:53.318 [info] > git show --textconv :news-homepage-main/style.css [11ms]
2023-04-11 13:13:53.320 [info] > git show --textconv :news-homepage-main/index.html [2ms]
2023-04-11 13:14:34.776 [info] > git config --get commit.template [1ms]
2023-04-11 13:14:34.791 [info] > git for-each-ref --format=%(refname)%00%(upstream:short)%00%(objectname)%00%(upstream:track)%00%(upstream:remotename)%00%(upstream:remoteref) refs/heads/main refs/remotes/main [5ms]
2023-04-11 13:14:34.805 [info] > git status -z -uall [3ms]
2023-04-11 13:14:34.918 [info] > git ls-files --stage -- /home/ianbit/Documents/challenges/news-homepage-main/index.html [2ms]
2023-04-11 13:14:34.928 [info] > git ls-files --stage -- /home/ianbit/Documents/challenges/news-homepage-main/style-guide.md [22ms]
2023-04-11 13:14:34.937 [info] > git ls-files --stage -- /home/ianbit/Documents/challenges/news-homepage-main/style.css [45ms]
2023-04-11 13:14:34.949 [info] > git cat-file -s cd39197937a561ba0eb0bce2efb6cfefd3c87996 [12ms]
2023-04-11 13:14:34.950 [info] > git cat-file -s 14fee9578b8cc1913c5fae65d7232c5557fa76fc [23ms]
2023-04-11 13:14:34.950 [info] > git cat-file -s 47f6dc822e4c675ba8637ca50dea13c333cac3fe [2ms]
2023-04-11 13:14:34.981 [info] > git show --textconv :news-homepage-main/style-guide.md [23ms]
2023-04-11 13:14:34.981 [info] > git show --textconv :news-homepage-main/index.html [12ms]
2023-04-11 13:14:34.982 [info] > git show --textconv :news-homepage-main/style.css [3ms]
2023-04-11 13:14:38.204 [info] > git ls-files --stage -- /home/ianbit/Documents/challenges/news-homepage-main/style-guide.md [14ms]
2023-04-11 13:14:38.217 [info] > git ls-files --stage -- /home/ianbit/Documents/challenges/news-homepage-main/style.css [40ms]
2023-04-11 13:14:38.230 [info] > git cat-file -s cd39197937a561ba0eb0bce2efb6cfefd3c87996 [13ms]
2023-04-11 13:14:38.231 [info] > git ls-files --stage -- /home/ianbit/Documents/challenges/news-homepage-main/index.html [28ms]
2023-04-11 13:14:38.244 [info] > git cat-file -s 47f6dc822e4c675ba8637ca50dea13c333cac3fe [15ms]
2023-04-11 13:14:38.258 [info] > git cat-file -s 14fee9578b8cc1913c5fae65d7232c5557fa76fc [16ms]
2023-04-11 13:14:38.272 [info] > git show --textconv :news-homepage-main/style-guide.md [15ms]
2023-04-11 13:14:38.287 [info] > git show --textconv :news-homepage-main/style.css [16ms]
2023-04-11 13:14:38.289 [info] > git show --textconv :news-homepage-main/index.html [3ms]
