2023-03-14 12:46:19.923 [info] Extension host with pid 22843 started
2023-03-14 12:46:19.923 [info] Skipping acquiring lock for /home/ianbit/.config/Code/User/workspaceStorage/417358071c70c507195e07ead5d4016d.
2023-03-14 12:46:20.113 [info] ExtensionService#_doActivateExtension vscode.emmet, startup: false, activationEvent: 'onLanguage'
2023-03-14 12:46:20.141 [info] ExtensionService#_doActivateExtension vscode.typescript-language-features, startup: false, activationEvent: 'onLanguage:javascript'
2023-03-14 12:46:20.170 [info] ExtensionService#_doActivateExtension dsznajder.es7-react-js-snippets, startup: false, activationEvent: 'onLanguage:javascript'
2023-03-14 12:46:20.551 [info] ExtensionService#_doActivateExtension vscode.git-base, startup: true, activationEvent: '*', root cause: vscode.git
2023-03-14 12:46:20.761 [info] ExtensionService#_doActivateExtension vscode.git, startup: true, activationEvent: '*'
2023-03-14 12:46:20.797 [info] ExtensionService#_doActivateExtension vscode.github, startup: true, activationEvent: '*'
2023-03-14 12:46:20.918 [info] Eager extensions activated
2023-03-14 12:46:21.055 [info] ExtensionService#_doActivateExtension vscode.debug-auto-launch, startup: false, activationEvent: 'onStartupFinished'
2023-03-14 12:46:21.059 [info] ExtensionService#_doActivateExtension vscode.merge-conflict, startup: false, activationEvent: 'onStartupFinished'
2023-03-14 12:46:21.072 [info] ExtensionService#_doActivateExtension PKief.material-icon-theme, startup: false, activationEvent: 'onStartupFinished'
2023-03-14 12:46:21.089 [info] ExtensionService#_doActivateExtension ritwickdey.LiveServer, startup: false, activationEvent: 'onStartupFinished'
2023-03-14 12:46:21.655 [error] {"message":"Git error","stdout":"","stderr":"fatal: Pathspec '/home/ianbit/Documents/cursos/roger-melo-js/modulo-07/quiz-interativo/app.js' is in submodule 'roger-melo-js/modulo-07/quiz-interativo'\n","exitCode":128,"gitErrorCode":"IsInSubmodule"}
2023-03-14 12:46:21.655 [error] {"message":"Git error","stdout":"","stderr":"fatal: Pathspec '/home/ianbit/Documents/cursos/roger-melo-js/modulo-07/quiz-interativo/app.js' is in submodule 'roger-melo-js/modulo-07/quiz-interativo'\n","exitCode":128,"gitErrorCode":"IsInSubmodule"}
2023-03-14 12:46:21.655 [error] {"message":"Git error","stdout":"","stderr":"fatal: Pathspec '/home/ianbit/Documents/cursos/roger-melo-js/modulo-07/quiz-interativo/app.js' is in submodule 'roger-melo-js/modulo-07/quiz-interativo'\n","exitCode":128,"gitErrorCode":"IsInSubmodule"}
2023-03-14 12:46:21.655 [error] {"message":"Git error","stdout":"","stderr":"fatal: Pathspec '/home/ianbit/Documents/cursos/roger-melo-js/modulo-07/quiz-interativo/app.js' is in submodule 'roger-melo-js/modulo-07/quiz-interativo'\n","exitCode":128,"gitErrorCode":"IsInSubmodule"}
2023-03-14 12:46:21.655 [error] {"message":"Git error","stdout":"","stderr":"fatal: Pathspec '/home/ianbit/Documents/cursos/roger-melo-js/modulo-07/quiz-interativo/app.js' is in submodule 'roger-melo-js/modulo-07/quiz-interativo'\n","exitCode":128,"gitErrorCode":"IsInSubmodule"}
2023-03-14 12:46:21.655 [error] {"message":"Git error","stdout":"","stderr":"fatal: Pathspec '/home/ianbit/Documents/cursos/roger-melo-js/modulo-07/quiz-interativo/app.js' is in submodule 'roger-melo-js/modulo-07/quiz-interativo'\n","exitCode":128,"gitErrorCode":"IsInSubmodule"}
2023-03-14 12:46:21.655 [error] {"message":"Git error","stdout":"","stderr":"fatal: Pathspec '/home/ianbit/Documents/cursos/roger-melo-js/modulo-07/quiz-interativo/app.js' is in submodule 'roger-melo-js/modulo-07/quiz-interativo'\n","exitCode":128,"gitErrorCode":"IsInSubmodule"}
2023-03-14 12:46:21.655 [error] {"message":"Git error","stdout":"","stderr":"fatal: Pathspec '/home/ianbit/Documents/cursos/roger-melo-js/modulo-07/quiz-interativo/app.js' is in submodule 'roger-melo-js/modulo-07/quiz-interativo'\n","exitCode":128,"gitErrorCode":"IsInSubmodule"}
2023-03-14 12:46:21.655 [error] {"message":"Git error","stdout":"","stderr":"fatal: Pathspec '/home/ianbit/Documents/cursos/roger-melo-js/modulo-07/quiz-interativo/app.js' is in submodule 'roger-melo-js/modulo-07/quiz-interativo'\n","exitCode":128,"gitErrorCode":"IsInSubmodule"}
2023-03-14 12:46:21.655 [error] {"message":"Git error","stdout":"","stderr":"fatal: Pathspec '/home/ianbit/Documents/cursos/roger-melo-js/modulo-07/quiz-interativo/app.js' is in submodule 'roger-melo-js/modulo-07/quiz-interativo'\n","exitCode":128,"gitErrorCode":"IsInSubmodule"}
2023-03-14 12:46:21.655 [error] {"message":"Git error","stdout":"","stderr":"fatal: Pathspec '/home/ianbit/Documents/cursos/roger-melo-js/modulo-07/quiz-interativo/app.js' is in submodule 'roger-melo-js/modulo-07/quiz-interativo'\n","exitCode":128,"gitErrorCode":"IsInSubmodule"}
2023-03-14 12:46:21.655 [error] {"message":"Git error","stdout":"","stderr":"fatal: Pathspec '/home/ianbit/Documents/cursos/roger-melo-js/modulo-07/quiz-interativo/app.js' is in submodule 'roger-melo-js/modulo-07/quiz-interativo'\n","exitCode":128,"gitErrorCode":"IsInSubmodule"}
2023-03-14 12:46:21.655 [error] {"message":"Git error","stdout":"","stderr":"fatal: Pathspec '/home/ianbit/Documents/cursos/roger-melo-js/modulo-07/quiz-interativo/app.js' is in submodule 'roger-melo-js/modulo-07/quiz-interativo'\n","exitCode":128,"gitErrorCode":"IsInSubmodule"}
2023-03-14 12:46:21.655 [error] {"message":"Git error","stdout":"","stderr":"fatal: Pathspec '/home/ianbit/Documents/cursos/roger-melo-js/modulo-07/quiz-interativo/app.js' is in submodule 'roger-melo-js/modulo-07/quiz-interativo'\n","exitCode":128,"gitErrorCode":"IsInSubmodule"}
2023-03-14 12:46:21.655 [error] {"message":"Git error","stdout":"","stderr":"fatal: Pathspec '/home/ianbit/Documents/cursos/roger-melo-js/modulo-07/quiz-interativo/app.js' is in submodule 'roger-melo-js/modulo-07/quiz-interativo'\n","exitCode":128,"gitErrorCode":"IsInSubmodule"}
2023-03-14 12:46:21.656 [error] {"message":"Git error","stdout":"","stderr":"fatal: Pathspec '/home/ianbit/Documents/cursos/roger-melo-js/modulo-07/quiz-interativo/app.js' is in submodule 'roger-melo-js/modulo-07/quiz-interativo'\n","exitCode":128,"gitErrorCode":"IsInSubmodule"}
2023-03-14 12:46:21.656 [error] {"message":"Git error","stdout":"","stderr":"fatal: Pathspec '/home/ianbit/Documents/cursos/roger-melo-js/modulo-07/quiz-interativo/app.js' is in submodule 'roger-melo-js/modulo-07/quiz-interativo'\n","exitCode":128,"gitErrorCode":"IsInSubmodule"}
2023-03-14 12:46:21.656 [error] {"message":"Git error","stdout":"","stderr":"fatal: Pathspec '/home/ianbit/Documents/cursos/roger-melo-js/modulo-07/quiz-interativo/app.js' is in submodule 'roger-melo-js/modulo-07/quiz-interativo'\n","exitCode":128,"gitErrorCode":"IsInSubmodule"}
2023-03-14 12:46:21.656 [error] {"message":"Git error","stdout":"","stderr":"fatal: Pathspec '/home/ianbit/Documents/cursos/roger-melo-js/modulo-07/quiz-interativo/app.js' is in submodule 'roger-melo-js/modulo-07/quiz-interativo'\n","exitCode":128,"gitErrorCode":"IsInSubmodule"}
2023-03-14 12:46:21.656 [error] {"message":"Git error","stdout":"","stderr":"fatal: Pathspec '/home/ianbit/Documents/cursos/roger-melo-js/modulo-07/quiz-interativo/app.js' is in submodule 'roger-melo-js/modulo-07/quiz-interativo'\n","exitCode":128,"gitErrorCode":"IsInSubmodule"}
2023-03-14 12:46:21.656 [error] {"message":"Git error","stdout":"","stderr":"fatal: Pathspec '/home/ianbit/Documents/cursos/roger-melo-js/modulo-07/quiz-interativo/app.js' is in submodule 'roger-melo-js/modulo-07/quiz-interativo'\n","exitCode":128,"gitErrorCode":"IsInSubmodule"}
2023-03-14 12:46:21.656 [error] {"message":"Git error","stdout":"","stderr":"fatal: Pathspec '/home/ianbit/Documents/cursos/roger-melo-js/modulo-07/quiz-interativo/app.js' is in submodule 'roger-melo-js/modulo-07/quiz-interativo'\n","exitCode":128,"gitErrorCode":"IsInSubmodule"}
2023-03-14 12:46:21.656 [error] {"message":"Git error","stdout":"","stderr":"fatal: Pathspec '/home/ianbit/Documents/cursos/roger-melo-js/modulo-07/quiz-interativo/app.js' is in submodule 'roger-melo-js/modulo-07/quiz-interativo'\n","exitCode":128,"gitErrorCode":"IsInSubmodule"}
2023-03-14 12:46:21.656 [error] {"message":"Git error","stdout":"","stderr":"fatal: Pathspec '/home/ianbit/Documents/cursos/roger-melo-js/modulo-07/quiz-interativo/app.js' is in submodule 'roger-melo-js/modulo-07/quiz-interativo'\n","exitCode":128,"gitErrorCode":"IsInSubmodule"}
2023-03-14 12:46:21.656 [error] {"message":"Git error","stdout":"","stderr":"fatal: Pathspec '/home/ianbit/Documents/cursos/roger-melo-js/modulo-07/quiz-interativo/app.js' is in submodule 'roger-melo-js/modulo-07/quiz-interativo'\n","exitCode":128,"gitErrorCode":"IsInSubmodule"}
2023-03-14 12:46:21.656 [error] {"message":"Git error","stdout":"","stderr":"fatal: Pathspec '/home/ianbit/Documents/cursos/roger-melo-js/modulo-07/quiz-interativo/app.js' is in submodule 'roger-melo-js/modulo-07/quiz-interativo'\n","exitCode":128,"gitErrorCode":"IsInSubmodule"}
2023-03-14 12:46:21.656 [error] {"message":"Git error","stdout":"","stderr":"fatal: Pathspec '/home/ianbit/Documents/cursos/roger-melo-js/modulo-07/quiz-interativo/app.js' is in submodule 'roger-melo-js/modulo-07/quiz-interativo'\n","exitCode":128,"gitErrorCode":"IsInSubmodule"}
2023-03-14 12:46:21.656 [error] {"message":"Git error","stdout":"","stderr":"fatal: Pathspec '/home/ianbit/Documents/cursos/roger-melo-js/modulo-07/quiz-interativo/app.js' is in submodule 'roger-melo-js/modulo-07/quiz-interativo'\n","exitCode":128,"gitErrorCode":"IsInSubmodule"}
2023-03-14 12:46:21.656 [error] {"message":"Git error","stdout":"","stderr":"fatal: Pathspec '/home/ianbit/Documents/cursos/roger-melo-js/modulo-07/quiz-interativo/app.js' is in submodule 'roger-melo-js/modulo-07/quiz-interativo'\n","exitCode":128,"gitErrorCode":"IsInSubmodule"}
2023-03-14 12:46:21.656 [error] {"message":"Git error","stdout":"","stderr":"fatal: Pathspec '/home/ianbit/Documents/cursos/roger-melo-js/modulo-07/quiz-interativo/app.js' is in submodule 'roger-melo-js/modulo-07/quiz-interativo'\n","exitCode":128,"gitErrorCode":"IsInSubmodule"}
2023-03-14 12:46:21.656 [error] {"message":"Git error","stdout":"","stderr":"fatal: Pathspec '/home/ianbit/Documents/cursos/roger-melo-js/modulo-07/quiz-interativo/app.js' is in submodule 'roger-melo-js/modulo-07/quiz-interativo'\n","exitCode":128,"gitErrorCode":"IsInSubmodule"}
2023-03-14 12:46:21.656 [error] {"message":"Git error","stdout":"","stderr":"fatal: Pathspec '/home/ianbit/Documents/cursos/roger-melo-js/modulo-07/quiz-interativo/app.js' is in submodule 'roger-melo-js/modulo-07/quiz-interativo'\n","exitCode":128,"gitErrorCode":"IsInSubmodule"}
2023-03-14 12:46:21.656 [error] {"message":"Git error","stdout":"","stderr":"fatal: Pathspec '/home/ianbit/Documents/cursos/roger-melo-js/modulo-07/quiz-interativo/app.js' is in submodule 'roger-melo-js/modulo-07/quiz-interativo'\n","exitCode":128,"gitErrorCode":"IsInSubmodule"}
2023-03-14 12:46:21.656 [error] {"message":"Git error","stdout":"","stderr":"fatal: Pathspec '/home/ianbit/Documents/cursos/roger-melo-js/modulo-07/quiz-interativo/app.js' is in submodule 'roger-melo-js/modulo-07/quiz-interativo'\n","exitCode":128,"gitErrorCode":"IsInSubmodule"}
2023-03-14 12:46:21.656 [error] {"message":"Git error","stdout":"","stderr":"fatal: Pathspec '/home/ianbit/Documents/cursos/roger-melo-js/modulo-07/quiz-interativo/app.js' is in submodule 'roger-melo-js/modulo-07/quiz-interativo'\n","exitCode":128,"gitErrorCode":"IsInSubmodule"}
2023-03-14 12:46:21.656 [error] {"message":"Git error","stdout":"","stderr":"fatal: Pathspec '/home/ianbit/Documents/cursos/roger-melo-js/modulo-07/quiz-interativo/app.js' is in submodule 'roger-melo-js/modulo-07/quiz-interativo'\n","exitCode":128,"gitErrorCode":"IsInSubmodule"}
2023-03-14 12:46:22.660 [error] {"message":"Git error","stdout":"","stderr":"fatal: Pathspec '/home/ianbit/Documents/cursos/roger-melo-js/modulo-07/quiz-interativo/app.js' is in submodule 'roger-melo-js/modulo-07/quiz-interativo'\n","exitCode":128,"gitErrorCode":"IsInSubmodule"}
2023-03-14 12:46:22.660 [error] {"message":"Git error","stdout":"","stderr":"fatal: Pathspec '/home/ianbit/Documents/cursos/roger-melo-js/modulo-07/quiz-interativo/app.js' is in submodule 'roger-melo-js/modulo-07/quiz-interativo'\n","exitCode":128,"gitErrorCode":"IsInSubmodule"}
2023-03-14 12:46:22.661 [error] {"message":"Git error","stdout":"","stderr":"fatal: Pathspec '/home/ianbit/Documents/cursos/roger-melo-js/modulo-07/quiz-interativo/app.js' is in submodule 'roger-melo-js/modulo-07/quiz-interativo'\n","exitCode":128,"gitErrorCode":"IsInSubmodule"}
2023-03-14 12:46:22.661 [error] {"message":"Git error","stdout":"","stderr":"fatal: Pathspec '/home/ianbit/Documents/cursos/roger-melo-js/modulo-07/quiz-interativo/app.js' is in submodule 'roger-melo-js/modulo-07/quiz-interativo'\n","exitCode":128,"gitErrorCode":"IsInSubmodule"}
2023-03-14 12:46:22.662 [error] {"message":"Git error","stdout":"","stderr":"fatal: Pathspec '/home/ianbit/Documents/cursos/roger-melo-js/modulo-07/quiz-interativo/app.js' is in submodule 'roger-melo-js/modulo-07/quiz-interativo'\n","exitCode":128,"gitErrorCode":"IsInSubmodule"}
2023-03-14 12:46:22.662 [error] {"message":"Git error","stdout":"","stderr":"fatal: Pathspec '/home/ianbit/Documents/cursos/roger-melo-js/modulo-07/quiz-interativo/app.js' is in submodule 'roger-melo-js/modulo-07/quiz-interativo'\n","exitCode":128,"gitErrorCode":"IsInSubmodule"}
2023-03-14 12:46:22.662 [error] {"message":"Git error","stdout":"","stderr":"fatal: Pathspec '/home/ianbit/Documents/cursos/roger-melo-js/modulo-07/quiz-interativo/app.js' is in submodule 'roger-melo-js/modulo-07/quiz-interativo'\n","exitCode":128,"gitErrorCode":"IsInSubmodule"}
2023-03-14 12:46:22.663 [error] {"message":"Git error","stdout":"","stderr":"fatal: Pathspec '/home/ianbit/Documents/cursos/roger-melo-js/modulo-07/quiz-interativo/app.js' is in submodule 'roger-melo-js/modulo-07/quiz-interativo'\n","exitCode":128,"gitErrorCode":"IsInSubmodule"}
2023-03-14 12:46:22.663 [error] {"message":"Git error","stdout":"","stderr":"fatal: Pathspec '/home/ianbit/Documents/cursos/roger-melo-js/modulo-07/quiz-interativo/app.js' is in submodule 'roger-melo-js/modulo-07/quiz-interativo'\n","exitCode":128,"gitErrorCode":"IsInSubmodule"}
2023-03-14 12:46:22.664 [error] {"message":"Git error","stdout":"","stderr":"fatal: Pathspec '/home/ianbit/Documents/cursos/roger-melo-js/modulo-07/quiz-interativo/app.js' is in submodule 'roger-melo-js/modulo-07/quiz-interativo'\n","exitCode":128,"gitErrorCode":"IsInSubmodule"}
2023-03-14 12:46:22.664 [error] {"message":"Git error","stdout":"","stderr":"fatal: Pathspec '/home/ianbit/Documents/cursos/roger-melo-js/modulo-07/quiz-interativo/app.js' is in submodule 'roger-melo-js/modulo-07/quiz-interativo'\n","exitCode":128,"gitErrorCode":"IsInSubmodule"}
2023-03-14 12:46:22.665 [error] {"message":"Git error","stdout":"","stderr":"fatal: Pathspec '/home/ianbit/Documents/cursos/roger-melo-js/modulo-07/quiz-interativo/app.js' is in submodule 'roger-melo-js/modulo-07/quiz-interativo'\n","exitCode":128,"gitErrorCode":"IsInSubmodule"}
2023-03-14 12:46:22.665 [error] {"message":"Git error","stdout":"","stderr":"fatal: Pathspec '/home/ianbit/Documents/cursos/roger-melo-js/modulo-07/quiz-interativo/app.js' is in submodule 'roger-melo-js/modulo-07/quiz-interativo'\n","exitCode":128,"gitErrorCode":"IsInSubmodule"}
2023-03-14 12:46:22.666 [error] {"message":"Git error","stdout":"","stderr":"fatal: Pathspec '/home/ianbit/Documents/cursos/roger-melo-js/modulo-07/quiz-interativo/app.js' is in submodule 'roger-melo-js/modulo-07/quiz-interativo'\n","exitCode":128,"gitErrorCode":"IsInSubmodule"}
2023-03-14 12:46:22.666 [error] {"message":"Git error","stdout":"","stderr":"fatal: Pathspec '/home/ianbit/Documents/cursos/roger-melo-js/modulo-07/quiz-interativo/app.js' is in submodule 'roger-melo-js/modulo-07/quiz-interativo'\n","exitCode":128,"gitErrorCode":"IsInSubmodule"}
2023-03-14 12:46:22.666 [error] {"message":"Git error","stdout":"","stderr":"fatal: Pathspec '/home/ianbit/Documents/cursos/roger-melo-js/modulo-07/quiz-interativo/app.js' is in submodule 'roger-melo-js/modulo-07/quiz-interativo'\n","exitCode":128,"gitErrorCode":"IsInSubmodule"}
2023-03-14 12:46:22.667 [error] {"message":"Git error","stdout":"","stderr":"fatal: Pathspec '/home/ianbit/Documents/cursos/roger-melo-js/modulo-07/quiz-interativo/app.js' is in submodule 'roger-melo-js/modulo-07/quiz-interativo'\n","exitCode":128,"gitErrorCode":"IsInSubmodule"}
2023-03-14 12:46:22.667 [error] {"message":"Git error","stdout":"","stderr":"fatal: Pathspec '/home/ianbit/Documents/cursos/roger-melo-js/modulo-07/quiz-interativo/app.js' is in submodule 'roger-melo-js/modulo-07/quiz-interativo'\n","exitCode":128,"gitErrorCode":"IsInSubmodule"}
2023-03-14 12:46:23.116 [info] ExtensionService#_doActivateExtension vscode.github-authentication, startup: false, activationEvent: 'onAuthenticationRequest:github'
2023-03-14 12:46:23.164 [info] ExtensionService#_doActivateExtension vscode.microsoft-authentication, startup: false, activationEvent: 'onAuthenticationRequest:microsoft'
