2023-03-12 20:27:36.239 [info] Log level: Info
2023-03-12 20:27:36.239 [info] Validating found git in: "git"
2023-03-12 20:27:36.239 [info] Using git "2.39.2" from "git"
2023-03-12 20:27:36.239 [info] > git rev-parse --show-toplevel [48ms]
2023-03-12 20:27:36.239 [info] > git rev-parse --git-dir --git-common-dir [29ms]
2023-03-12 20:27:36.239 [info] Open repository: /home/ianbit/Documents/cursos
2023-03-12 20:27:36.255 [info] > git rev-parse --show-toplevel [29ms]
2023-03-12 20:27:36.371 [info] > git rev-parse --show-toplevel [105ms]
2023-03-12 20:27:36.393 [info] > git config --get commit.template [135ms]
2023-03-12 20:27:36.462 [info] > git rev-parse --show-toplevel [74ms]
2023-03-12 20:27:36.511 [info] > git rev-parse --show-toplevel [36ms]
2023-03-12 20:27:36.542 [info] > git rev-parse --show-toplevel [9ms]
2023-03-12 20:27:36.566 [info] > git for-each-ref --format=%(refname)%00%(upstream:short)%00%(objectname)%00%(upstream:track)%00%(upstream:remotename)%00%(upstream:remoteref) refs/heads/main refs/remotes/main [58ms]
2023-03-12 20:27:36.587 [info] > git rev-parse --show-toplevel [22ms]
2023-03-12 20:27:36.616 [info] > git rev-parse --show-toplevel [6ms]
2023-03-12 20:27:36.629 [info] > git status -z -uall [46ms]
2023-03-12 20:27:36.656 [info] > git rev-parse --show-toplevel [28ms]
2023-03-12 20:27:36.679 [info] > git config --get commit.template [24ms]
2023-03-12 20:27:36.680 [info] > git for-each-ref --format=%(refname)%00%(upstream:short)%00%(objectname)%00%(upstream:track)%00%(upstream:remotename)%00%(upstream:remoteref) refs/heads/main refs/remotes/main [4ms]
2023-03-12 20:27:36.711 [info] > git status -z -uall [10ms]
2023-03-12 20:27:36.942 [info] > git check-ignore -v -z --stdin [25ms]
2023-03-12 20:27:37.085 [info] > git show --textconv :roger-melo-js/modulo-08/metodo-map/app.js [20ms]
2023-03-12 20:27:37.093 [info] > git ls-files --stage -- /home/ianbit/Documents/cursos/roger-melo-js/modulo-08/metodo-map/app.js [6ms]
2023-03-12 20:28:21.367 [info] > git show --textconv :roger-melo-js/modulo-08/metodo-map/index.html [12ms]
2023-03-12 20:28:21.370 [info] > git ls-files --stage -- /home/ianbit/Documents/cursos/roger-melo-js/modulo-08/metodo-map/index.html [4ms]
2023-03-12 20:28:22.704 [info] > git check-ignore -v -z --stdin [2ms]
2023-03-12 20:32:56.386 [info] > git config --get commit.template [14ms]
2023-03-12 20:32:56.388 [info] > git for-each-ref --format=%(refname)%00%(upstream:short)%00%(objectname)%00%(upstream:track)%00%(upstream:remotename)%00%(upstream:remoteref) refs/heads/main refs/remotes/main [4ms]
2023-03-12 20:32:56.405 [info] > git status -z -uall [7ms]
2023-03-12 20:34:37.354 [info] > git config --get commit.template [1ms]
2023-03-12 20:34:37.368 [info] > git for-each-ref --format=%(refname)%00%(upstream:short)%00%(objectname)%00%(upstream:track)%00%(upstream:remotename)%00%(upstream:remoteref) refs/heads/main refs/remotes/main [1ms]
2023-03-12 20:34:37.392 [info] > git status -z -uall [10ms]
2023-03-12 20:35:30.980 [info] > git config --get commit.template [1ms]
2023-03-12 20:35:30.994 [info] > git for-each-ref --format=%(refname)%00%(upstream:short)%00%(objectname)%00%(upstream:track)%00%(upstream:remotename)%00%(upstream:remoteref) refs/heads/main refs/remotes/main [2ms]
2023-03-12 20:35:31.012 [info] > git status -z -uall [6ms]
2023-03-12 20:35:36.031 [info] > git config --get commit.template [3ms]
2023-03-12 20:35:36.047 [info] > git for-each-ref --format=%(refname)%00%(upstream:short)%00%(objectname)%00%(upstream:track)%00%(upstream:remotename)%00%(upstream:remoteref) refs/heads/main refs/remotes/main [3ms]
2023-03-12 20:35:36.068 [info] > git status -z -uall [9ms]
2023-03-12 20:38:18.182 [info] > git config --get commit.template [1ms]
2023-03-12 20:38:18.198 [info] > git for-each-ref --format=%(refname)%00%(upstream:short)%00%(objectname)%00%(upstream:track)%00%(upstream:remotename)%00%(upstream:remoteref) refs/heads/main refs/remotes/main [1ms]
2023-03-12 20:38:18.216 [info] > git status -z -uall [5ms]
2023-03-12 20:39:56.369 [info] > git config --get commit.template [14ms]
2023-03-12 20:39:56.371 [info] > git for-each-ref --format=%(refname)%00%(upstream:short)%00%(objectname)%00%(upstream:track)%00%(upstream:remotename)%00%(upstream:remoteref) refs/heads/main refs/remotes/main [3ms]
2023-03-12 20:39:56.391 [info] > git status -z -uall [8ms]
2023-03-12 20:42:04.158 [info] > git config --get commit.template [13ms]
2023-03-12 20:42:04.159 [info] > git for-each-ref --format=%(refname)%00%(upstream:short)%00%(objectname)%00%(upstream:track)%00%(upstream:remotename)%00%(upstream:remoteref) refs/heads/main refs/remotes/main [2ms]
2023-03-12 20:42:04.183 [info] > git status -z -uall [11ms]
2023-03-12 20:44:05.788 [info] > git for-each-ref --format=%(refname)%00%(upstream:short)%00%(objectname)%00%(upstream:track)%00%(upstream:remotename)%00%(upstream:remoteref) refs/heads/main refs/remotes/main [1ms]
2023-03-12 20:44:05.789 [info] > git config --get commit.template [14ms]
2023-03-12 20:44:05.811 [info] > git status -z -uall [10ms]
2023-03-12 20:44:34.387 [info] > git config --get commit.template [11ms]
2023-03-12 20:44:34.388 [info] > git for-each-ref --format=%(refname)%00%(upstream:short)%00%(objectname)%00%(upstream:track)%00%(upstream:remotename)%00%(upstream:remoteref) refs/heads/main refs/remotes/main [2ms]
2023-03-12 20:44:34.409 [info] > git status -z -uall [10ms]
2023-03-12 20:44:54.150 [info] > git config --get commit.template [19ms]
2023-03-12 20:44:54.151 [info] > git for-each-ref --format=%(refname)%00%(upstream:short)%00%(objectname)%00%(upstream:track)%00%(upstream:remotename)%00%(upstream:remoteref) refs/heads/main refs/remotes/main [3ms]
2023-03-12 20:44:54.178 [info] > git status -z -uall [11ms]
2023-03-12 20:46:25.244 [info] > git config --get commit.template [16ms]
2023-03-12 20:46:25.244 [info] > git for-each-ref --format=%(refname)%00%(upstream:short)%00%(objectname)%00%(upstream:track)%00%(upstream:remotename)%00%(upstream:remoteref) refs/heads/main refs/remotes/main [2ms]
2023-03-12 20:46:25.260 [info] > git status -z -uall [5ms]
2023-03-12 20:47:17.173 [info] > git config --get commit.template [11ms]
2023-03-12 20:47:17.175 [info] > git for-each-ref --format=%(refname)%00%(upstream:short)%00%(objectname)%00%(upstream:track)%00%(upstream:remotename)%00%(upstream:remoteref) refs/heads/main refs/remotes/main [2ms]
2023-03-12 20:47:17.190 [info] > git status -z -uall [6ms]
2023-03-12 20:48:34.731 [info] > git config --get commit.template [15ms]
2023-03-12 20:48:34.732 [info] > git for-each-ref --format=%(refname)%00%(upstream:short)%00%(objectname)%00%(upstream:track)%00%(upstream:remotename)%00%(upstream:remoteref) refs/heads/main refs/remotes/main [3ms]
2023-03-12 20:48:34.760 [info] > git status -z -uall [11ms]
2023-03-12 20:49:26.153 [info] > git check-ignore -v -z --stdin [1ms]
2023-03-12 20:49:26.689 [info] > git config --get commit.template [2ms]
2023-03-12 20:49:26.701 [info] > git for-each-ref --format=%(refname)%00%(upstream:short)%00%(objectname)%00%(upstream:track)%00%(upstream:remotename)%00%(upstream:remoteref) refs/heads/main refs/remotes/main [2ms]
2023-03-12 20:49:26.716 [info] > git status -z -uall [4ms]
2023-03-12 20:49:28.236 [info] > git check-ignore -v -z --stdin [2ms]
2023-03-12 20:49:35.691 [info] > git check-ignore -v -z --stdin [2ms]
2023-03-12 20:49:36.247 [info] > git config --get commit.template [10ms]
2023-03-12 20:49:36.248 [info] > git for-each-ref --format=%(refname)%00%(upstream:short)%00%(objectname)%00%(upstream:track)%00%(upstream:remotename)%00%(upstream:remoteref) refs/heads/main refs/remotes/main [1ms]
2023-03-12 20:49:36.273 [info] > git status -z -uall [12ms]
2023-03-12 20:49:40.866 [info] > git check-ignore -v -z --stdin [1ms]
2023-03-12 20:49:41.845 [info] > git show --textconv :roger-melo-js/modulo-08/metodo-filter/index.html [11ms]
2023-03-12 20:49:41.847 [info] > git ls-files --stage -- /home/ianbit/Documents/cursos/roger-melo-js/modulo-08/metodo-filter/index.html [2ms]
2023-03-12 20:49:46.655 [info] > git config --get commit.template [12ms]
2023-03-12 20:49:46.657 [info] > git for-each-ref --format=%(refname)%00%(upstream:short)%00%(objectname)%00%(upstream:track)%00%(upstream:remotename)%00%(upstream:remoteref) refs/heads/main refs/remotes/main [3ms]
2023-03-12 20:49:46.681 [info] > git status -z -uall [10ms]
2023-03-12 20:49:48.176 [info] > git show --textconv :roger-melo-js/modulo-08/metodo-filter/app.js [11ms]
2023-03-12 20:49:48.177 [info] > git ls-files --stage -- /home/ianbit/Documents/cursos/roger-melo-js/modulo-08/metodo-filter/app.js [2ms]
2023-03-12 20:50:38.773 [info] > git config --get commit.template [10ms]
2023-03-12 20:50:38.774 [info] > git for-each-ref --format=%(refname)%00%(upstream:short)%00%(objectname)%00%(upstream:track)%00%(upstream:remotename)%00%(upstream:remoteref) refs/heads/main refs/remotes/main [2ms]
2023-03-12 20:50:38.789 [info] > git status -z -uall [5ms]
2023-03-12 20:54:00.735 [info] > git check-ignore -v -z --stdin [3ms]
2023-03-12 20:56:21.995 [info] > git config --get commit.template [12ms]
2023-03-12 20:56:21.998 [info] > git for-each-ref --format=%(refname)%00%(upstream:short)%00%(objectname)%00%(upstream:track)%00%(upstream:remotename)%00%(upstream:remoteref) refs/heads/main refs/remotes/main [4ms]
2023-03-12 20:56:22.038 [info] > git status -z -uall [30ms]
2023-03-12 20:56:35.929 [info] > git config --get commit.template [10ms]
2023-03-12 20:56:35.930 [info] > git for-each-ref --format=%(refname)%00%(upstream:short)%00%(objectname)%00%(upstream:track)%00%(upstream:remotename)%00%(upstream:remoteref) refs/heads/main refs/remotes/main [2ms]
2023-03-12 20:56:35.950 [info] > git status -z -uall [11ms]
2023-03-12 20:56:55.586 [info] > git config --get commit.template [15ms]
2023-03-12 20:56:55.587 [info] > git for-each-ref --format=%(refname)%00%(upstream:short)%00%(objectname)%00%(upstream:track)%00%(upstream:remotename)%00%(upstream:remoteref) refs/heads/main refs/remotes/main [2ms]
2023-03-12 20:56:55.604 [info] > git status -z -uall [4ms]
2023-03-12 20:57:31.887 [info] > git config --get commit.template [11ms]
2023-03-12 20:57:31.889 [info] > git for-each-ref --format=%(refname)%00%(upstream:short)%00%(objectname)%00%(upstream:track)%00%(upstream:remotename)%00%(upstream:remoteref) refs/heads/main refs/remotes/main [3ms]
2023-03-12 20:57:31.906 [info] > git status -z -uall [8ms]
2023-03-12 20:58:14.732 [info] > git config --get commit.template [1ms]
2023-03-12 20:58:14.748 [info] > git for-each-ref --format=%(refname)%00%(upstream:short)%00%(objectname)%00%(upstream:track)%00%(upstream:remotename)%00%(upstream:remoteref) refs/heads/main refs/remotes/main [3ms]
2023-03-12 20:58:14.771 [info] > git status -z -uall [11ms]
2023-03-12 20:59:36.914 [info] > git config --get commit.template [16ms]
2023-03-12 20:59:36.915 [info] > git for-each-ref --format=%(refname)%00%(upstream:short)%00%(objectname)%00%(upstream:track)%00%(upstream:remotename)%00%(upstream:remoteref) refs/heads/main refs/remotes/main [2ms]
2023-03-12 20:59:36.938 [info] > git status -z -uall [10ms]
2023-03-12 21:00:13.297 [info] > git config --get commit.template [14ms]
2023-03-12 21:00:13.300 [info] > git for-each-ref --format=%(refname)%00%(upstream:short)%00%(objectname)%00%(upstream:track)%00%(upstream:remotename)%00%(upstream:remoteref) refs/heads/main refs/remotes/main [4ms]
2023-03-12 21:00:13.321 [info] > git status -z -uall [8ms]
2023-03-12 21:00:30.593 [info] > git config --get commit.template [14ms]
2023-03-12 21:00:30.595 [info] > git for-each-ref --format=%(refname)%00%(upstream:short)%00%(objectname)%00%(upstream:track)%00%(upstream:remotename)%00%(upstream:remoteref) refs/heads/main refs/remotes/main [2ms]
2023-03-12 21:00:30.620 [info] > git status -z -uall [11ms]
2023-03-12 23:53:08.791 [info] > git check-ignore -v -z --stdin [13ms]
2023-03-12 23:53:09.330 [info] > git config --get commit.template [13ms]
2023-03-12 23:53:09.335 [info] > git for-each-ref --format=%(refname)%00%(upstream:short)%00%(objectname)%00%(upstream:track)%00%(upstream:remotename)%00%(upstream:remoteref) refs/heads/main refs/remotes/main [6ms]
2023-03-12 23:53:09.377 [info] > git status -z -uall [29ms]
2023-03-12 23:53:15.918 [info] > git check-ignore -v -z --stdin [2ms]
2023-03-12 23:53:16.476 [info] > git config --get commit.template [14ms]
2023-03-12 23:53:16.478 [info] > git for-each-ref --format=%(refname)%00%(upstream:short)%00%(objectname)%00%(upstream:track)%00%(upstream:remotename)%00%(upstream:remoteref) refs/heads/main refs/remotes/main [3ms]
2023-03-12 23:53:16.494 [info] > git status -z -uall [6ms]
2023-03-12 23:53:19.203 [info] > git check-ignore -v -z --stdin [2ms]
2023-03-12 23:53:30.638 [info] > git show --textconv :roger-melo-js/modulo-08/metodo-reduce/index.html [11ms]
2023-03-12 23:53:30.639 [info] > git ls-files --stage -- /home/ianbit/Documents/cursos/roger-melo-js/modulo-08/metodo-reduce/index.html [2ms]
2023-03-12 23:53:35.206 [info] > git config --get commit.template [12ms]
2023-03-12 23:53:35.206 [info] > git for-each-ref --format=%(refname)%00%(upstream:short)%00%(objectname)%00%(upstream:track)%00%(upstream:remotename)%00%(upstream:remoteref) refs/heads/main refs/remotes/main [1ms]
2023-03-12 23:53:35.221 [info] > git status -z -uall [5ms]
2023-03-12 23:53:35.990 [info] > git show --textconv :roger-melo-js/modulo-08/metodo-reduce/app.js [10ms]
2023-03-12 23:53:35.992 [info] > git ls-files --stage -- /home/ianbit/Documents/cursos/roger-melo-js/modulo-08/metodo-reduce/app.js [3ms]
2023-03-12 23:53:44.879 [info] > git config --get commit.template [12ms]
2023-03-12 23:53:44.880 [info] > git for-each-ref --format=%(refname)%00%(upstream:short)%00%(objectname)%00%(upstream:track)%00%(upstream:remotename)%00%(upstream:remoteref) refs/heads/main refs/remotes/main [2ms]
2023-03-12 23:53:44.893 [info] > git status -z -uall [4ms]
2023-03-12 23:56:02.412 [info] > git config --get commit.template [13ms]
2023-03-12 23:56:02.427 [info] > git for-each-ref --format=%(refname)%00%(upstream:short)%00%(objectname)%00%(upstream:track)%00%(upstream:remotename)%00%(upstream:remoteref) refs/heads/main refs/remotes/main [2ms]
2023-03-12 23:56:02.444 [info] > git status -z -uall [6ms]
2023-03-12 23:56:14.766 [info] > git config --get commit.template [14ms]
2023-03-12 23:56:14.769 [info] > git for-each-ref --format=%(refname)%00%(upstream:short)%00%(objectname)%00%(upstream:track)%00%(upstream:remotename)%00%(upstream:remoteref) refs/heads/main refs/remotes/main [3ms]
2023-03-12 23:56:14.785 [info] > git status -z -uall [5ms]
2023-03-13 00:02:22.846 [info] > git config --get commit.template [14ms]
2023-03-13 00:02:22.848 [info] > git for-each-ref --format=%(refname)%00%(upstream:short)%00%(objectname)%00%(upstream:track)%00%(upstream:remotename)%00%(upstream:remoteref) refs/heads/main refs/remotes/main [3ms]
2023-03-13 00:02:22.869 [info] > git status -z -uall [9ms]
2023-03-13 00:04:25.712 [info] > git config --get commit.template [1ms]
2023-03-13 00:04:25.722 [info] > git for-each-ref --format=%(refname)%00%(upstream:short)%00%(objectname)%00%(upstream:track)%00%(upstream:remotename)%00%(upstream:remoteref) refs/heads/main refs/remotes/main [1ms]
2023-03-13 00:04:25.735 [info] > git status -z -uall [4ms]
2023-03-13 00:04:46.294 [info] > git config --get commit.template [13ms]
2023-03-13 00:04:46.295 [info] > git for-each-ref --format=%(refname)%00%(upstream:short)%00%(objectname)%00%(upstream:track)%00%(upstream:remotename)%00%(upstream:remoteref) refs/heads/main refs/remotes/main [2ms]
2023-03-13 00:04:46.311 [info] > git status -z -uall [5ms]
2023-03-13 00:04:59.013 [info] > git config --get commit.template [12ms]
2023-03-13 00:04:59.014 [info] > git for-each-ref --format=%(refname)%00%(upstream:short)%00%(objectname)%00%(upstream:track)%00%(upstream:remotename)%00%(upstream:remoteref) refs/heads/main refs/remotes/main [1ms]
2023-03-13 00:04:59.030 [info] > git status -z -uall [5ms]
2023-03-13 00:05:13.670 [info] > git config --get commit.template [14ms]
2023-03-13 00:05:13.671 [info] > git for-each-ref --format=%(refname)%00%(upstream:short)%00%(objectname)%00%(upstream:track)%00%(upstream:remotename)%00%(upstream:remoteref) refs/heads/main refs/remotes/main [1ms]
2023-03-13 00:05:13.692 [info] > git status -z -uall [10ms]
2023-03-13 00:07:40.873 [info] > git config --get commit.template [15ms]
2023-03-13 00:07:40.875 [info] > git for-each-ref --format=%(refname)%00%(upstream:short)%00%(objectname)%00%(upstream:track)%00%(upstream:remotename)%00%(upstream:remoteref) refs/heads/main refs/remotes/main [3ms]
2023-03-13 00:07:40.897 [info] > git status -z -uall [10ms]
2023-03-13 00:07:43.953 [info] > git check-ignore -v -z --stdin [1ms]
2023-03-13 00:07:45.918 [info] > git config --get commit.template [1ms]
2023-03-13 00:07:45.932 [info] > git for-each-ref --format=%(refname)%00%(upstream:short)%00%(objectname)%00%(upstream:track)%00%(upstream:remotename)%00%(upstream:remoteref) refs/heads/main refs/remotes/main [1ms]
2023-03-13 00:07:45.953 [info] > git status -z -uall [6ms]
2023-03-13 00:07:46.891 [info] > git check-ignore -v -z --stdin [2ms]
2023-03-13 00:07:48.561 [info] > git show --textconv :roger-melo-js/modulo-08/exercicio1/app.js [11ms]
2023-03-13 00:07:48.565 [info] > git ls-files --stage -- /home/ianbit/Documents/cursos/roger-melo-js/modulo-08/exercicio1/app.js [5ms]
2023-03-13 00:07:49.164 [info] > git show --textconv :roger-melo-js/modulo-08/exercicio1/index.html [12ms]
2023-03-13 00:07:49.166 [info] > git ls-files --stage -- /home/ianbit/Documents/cursos/roger-melo-js/modulo-08/exercicio1/index.html [2ms]
2023-03-13 00:08:01.465 [info] > git config --get commit.template [15ms]
2023-03-13 00:08:01.466 [info] > git for-each-ref --format=%(refname)%00%(upstream:short)%00%(objectname)%00%(upstream:track)%00%(upstream:remotename)%00%(upstream:remoteref) refs/heads/main refs/remotes/main [2ms]
2023-03-13 00:08:01.488 [info] > git status -z -uall [9ms]
2023-03-13 00:08:03.095 [info] > git show --textconv :roger-melo-js/modulo-08/exercicio1/app.js [19ms]
2023-03-13 00:08:03.097 [info] > git ls-files --stage -- /home/ianbit/Documents/cursos/roger-melo-js/modulo-08/exercicio1/app.js [4ms]
2023-03-13 00:08:38.642 [info] > git config --get commit.template [11ms]
2023-03-13 00:08:38.645 [info] > git for-each-ref --format=%(refname)%00%(upstream:short)%00%(objectname)%00%(upstream:track)%00%(upstream:remotename)%00%(upstream:remoteref) refs/heads/main refs/remotes/main [3ms]
2023-03-13 00:08:38.664 [info] > git status -z -uall [10ms]
2023-03-13 00:09:13.566 [info] > git config --get commit.template [18ms]
2023-03-13 00:09:13.567 [info] > git for-each-ref --format=%(refname)%00%(upstream:short)%00%(objectname)%00%(upstream:track)%00%(upstream:remotename)%00%(upstream:remoteref) refs/heads/main refs/remotes/main [2ms]
2023-03-13 00:09:13.585 [info] > git status -z -uall [5ms]
2023-03-13 00:09:14.562 [info] > git show --textconv :roger-melo-js/modulo-08/exercicio1/app.js [15ms]
2023-03-13 00:09:14.564 [info] > git ls-files --stage -- /home/ianbit/Documents/cursos/roger-melo-js/modulo-08/exercicio1/app.js [2ms]
2023-03-13 00:09:39.046 [info] > git config --get commit.template [14ms]
2023-03-13 00:09:39.048 [info] > git for-each-ref --format=%(refname)%00%(upstream:short)%00%(objectname)%00%(upstream:track)%00%(upstream:remotename)%00%(upstream:remoteref) refs/heads/main refs/remotes/main [3ms]
2023-03-13 00:09:39.066 [info] > git status -z -uall [9ms]
2023-03-13 00:09:49.039 [info] > git config --get commit.template [15ms]
2023-03-13 00:09:49.041 [info] > git for-each-ref --format=%(refname)%00%(upstream:short)%00%(objectname)%00%(upstream:track)%00%(upstream:remotename)%00%(upstream:remoteref) refs/heads/main refs/remotes/main [3ms]
2023-03-13 00:09:49.065 [info] > git status -z -uall [11ms]
2023-03-13 00:11:06.014 [info] > git show --textconv :roger-melo-js/modulo-08/metodo-filter/app.js [11ms]
2023-03-13 00:11:06.024 [info] > git ls-files --stage -- /home/ianbit/Documents/cursos/roger-melo-js/modulo-08/metodo-filter/app.js [10ms]
2023-03-13 00:11:14.419 [info] > git show --textconv :roger-melo-js/modulo-08/exercicio1/index.html [14ms]
2023-03-13 00:11:14.421 [info] > git ls-files --stage -- /home/ianbit/Documents/cursos/roger-melo-js/modulo-08/exercicio1/index.html [3ms]
2023-03-13 00:11:15.239 [info] > git config --get commit.template [14ms]
2023-03-13 00:11:15.241 [info] > git for-each-ref --format=%(refname)%00%(upstream:short)%00%(objectname)%00%(upstream:track)%00%(upstream:remotename)%00%(upstream:remoteref) refs/heads/main refs/remotes/main [3ms]
2023-03-13 00:11:15.262 [info] > git status -z -uall [9ms]
2023-03-13 00:12:07.097 [info] > git config --get commit.template [1ms]
2023-03-13 00:12:07.111 [info] > git for-each-ref --format=%(refname)%00%(upstream:short)%00%(objectname)%00%(upstream:track)%00%(upstream:remotename)%00%(upstream:remoteref) refs/heads/main refs/remotes/main [2ms]
2023-03-13 00:12:07.132 [info] > git status -z -uall [9ms]
2023-03-13 00:12:13.868 [info] > git show --textconv :roger-melo-js/modulo-08/exercicio1/app.js [9ms]
2023-03-13 00:12:13.869 [info] > git ls-files --stage -- /home/ianbit/Documents/cursos/roger-melo-js/modulo-08/exercicio1/app.js [2ms]
2023-03-13 00:12:14.613 [info] > git config --get commit.template [1ms]
2023-03-13 00:12:14.631 [info] > git for-each-ref --format=%(refname)%00%(upstream:short)%00%(objectname)%00%(upstream:track)%00%(upstream:remotename)%00%(upstream:remoteref) refs/heads/main refs/remotes/main [2ms]
2023-03-13 00:12:14.646 [info] > git status -z -uall [7ms]
2023-03-13 00:12:20.896 [info] > git config --get commit.template [1ms]
2023-03-13 00:12:20.908 [info] > git for-each-ref --format=%(refname)%00%(upstream:short)%00%(objectname)%00%(upstream:track)%00%(upstream:remotename)%00%(upstream:remoteref) refs/heads/main refs/remotes/main [2ms]
2023-03-13 00:12:20.924 [info] > git status -z -uall [5ms]
2023-03-13 00:14:16.001 [info] > git config --get commit.template [2ms]
2023-03-13 00:14:16.012 [info] > git for-each-ref --format=%(refname)%00%(upstream:short)%00%(objectname)%00%(upstream:track)%00%(upstream:remotename)%00%(upstream:remoteref) refs/heads/main refs/remotes/main [1ms]
2023-03-13 00:14:16.032 [info] > git status -z -uall [9ms]
2023-03-13 00:14:28.662 [info] > git config --get commit.template [15ms]
2023-03-13 00:14:28.664 [info] > git for-each-ref --format=%(refname)%00%(upstream:short)%00%(objectname)%00%(upstream:track)%00%(upstream:remotename)%00%(upstream:remoteref) refs/heads/main refs/remotes/main [3ms]
2023-03-13 00:14:28.681 [info] > git status -z -uall [6ms]
2023-03-13 00:16:31.343 [info] > git config --get commit.template [1ms]
2023-03-13 00:16:31.354 [info] > git for-each-ref --format=%(refname)%00%(upstream:short)%00%(objectname)%00%(upstream:track)%00%(upstream:remotename)%00%(upstream:remoteref) refs/heads/main refs/remotes/main [2ms]
2023-03-13 00:16:31.369 [info] > git status -z -uall [4ms]
2023-03-13 00:16:45.835 [info] > git config --get commit.template [2ms]
2023-03-13 00:16:45.855 [info] > git for-each-ref --format=%(refname)%00%(upstream:short)%00%(objectname)%00%(upstream:track)%00%(upstream:remotename)%00%(upstream:remoteref) refs/heads/main refs/remotes/main [3ms]
2023-03-13 00:16:45.874 [info] > git status -z -uall [6ms]
2023-03-13 00:18:57.055 [info] > git config --get commit.template [14ms]
2023-03-13 00:18:57.056 [info] > git for-each-ref --format=%(refname)%00%(upstream:short)%00%(objectname)%00%(upstream:track)%00%(upstream:remotename)%00%(upstream:remoteref) refs/heads/main refs/remotes/main [2ms]
2023-03-13 00:18:57.072 [info] > git status -z -uall [5ms]
2023-03-13 00:19:04.569 [info] > git config --get commit.template [1ms]
2023-03-13 00:19:04.582 [info] > git for-each-ref --format=%(refname)%00%(upstream:short)%00%(objectname)%00%(upstream:track)%00%(upstream:remotename)%00%(upstream:remoteref) refs/heads/main refs/remotes/main [1ms]
2023-03-13 00:19:04.595 [info] > git status -z -uall [5ms]
2023-03-13 00:19:27.785 [info] > git config --get commit.template [13ms]
2023-03-13 00:19:27.786 [info] > git for-each-ref --format=%(refname)%00%(upstream:short)%00%(objectname)%00%(upstream:track)%00%(upstream:remotename)%00%(upstream:remoteref) refs/heads/main refs/remotes/main [2ms]
2023-03-13 00:19:27.801 [info] > git status -z -uall [5ms]
2023-03-13 00:20:32.329 [info] > git config --get commit.template [1ms]
2023-03-13 00:20:32.340 [info] > git for-each-ref --format=%(refname)%00%(upstream:short)%00%(objectname)%00%(upstream:track)%00%(upstream:remotename)%00%(upstream:remoteref) refs/heads/main refs/remotes/main [1ms]
2023-03-13 00:20:32.357 [info] > git status -z -uall [5ms]
2023-03-13 00:21:07.099 [info] > git config --get commit.template [2ms]
2023-03-13 00:21:07.111 [info] > git for-each-ref --format=%(refname)%00%(upstream:short)%00%(objectname)%00%(upstream:track)%00%(upstream:remotename)%00%(upstream:remoteref) refs/heads/main refs/remotes/main [1ms]
2023-03-13 00:21:07.128 [info] > git status -z -uall [6ms]
2023-03-13 00:21:57.392 [info] > git config --get commit.template [12ms]
2023-03-13 00:21:57.394 [info] > git for-each-ref --format=%(refname)%00%(upstream:short)%00%(objectname)%00%(upstream:track)%00%(upstream:remotename)%00%(upstream:remoteref) refs/heads/main refs/remotes/main [2ms]
2023-03-13 00:21:57.410 [info] > git status -z -uall [5ms]
2023-03-13 00:24:32.686 [info] > git config --get commit.template [2ms]
2023-03-13 00:24:32.699 [info] > git for-each-ref --format=%(refname)%00%(upstream:short)%00%(objectname)%00%(upstream:track)%00%(upstream:remotename)%00%(upstream:remoteref) refs/heads/main refs/remotes/main [1ms]
2023-03-13 00:24:32.712 [info] > git status -z -uall [4ms]
2023-03-13 00:25:44.065 [info] > git config --get commit.template [12ms]
2023-03-13 00:25:44.065 [info] > git for-each-ref --format=%(refname)%00%(upstream:short)%00%(objectname)%00%(upstream:track)%00%(upstream:remotename)%00%(upstream:remoteref) refs/heads/main refs/remotes/main [2ms]
2023-03-13 00:25:44.080 [info] > git status -z -uall [5ms]
2023-03-13 00:26:08.380 [info] > git config --get commit.template [14ms]
2023-03-13 00:26:08.382 [info] > git for-each-ref --format=%(refname)%00%(upstream:short)%00%(objectname)%00%(upstream:track)%00%(upstream:remotename)%00%(upstream:remoteref) refs/heads/main refs/remotes/main [2ms]
2023-03-13 00:26:08.402 [info] > git status -z -uall [10ms]
2023-03-13 00:26:18.891 [info] > git config --get commit.template [1ms]
2023-03-13 00:26:18.905 [info] > git for-each-ref --format=%(refname)%00%(upstream:short)%00%(objectname)%00%(upstream:track)%00%(upstream:remotename)%00%(upstream:remoteref) refs/heads/main refs/remotes/main [2ms]
2023-03-13 00:26:18.921 [info] > git status -z -uall [5ms]
2023-03-13 00:26:23.938 [info] > git config --get commit.template [2ms]
2023-03-13 00:26:23.950 [info] > git for-each-ref --format=%(refname)%00%(upstream:short)%00%(objectname)%00%(upstream:track)%00%(upstream:remotename)%00%(upstream:remoteref) refs/heads/main refs/remotes/main [2ms]
2023-03-13 00:26:23.968 [info] > git status -z -uall [5ms]
2023-03-13 00:26:59.837 [info] > git config --get commit.template [13ms]
2023-03-13 00:26:59.838 [info] > git for-each-ref --format=%(refname)%00%(upstream:short)%00%(objectname)%00%(upstream:track)%00%(upstream:remotename)%00%(upstream:remoteref) refs/heads/main refs/remotes/main [1ms]
2023-03-13 00:26:59.853 [info] > git status -z -uall [4ms]
2023-03-13 00:27:29.549 [info] > git config --get commit.template [13ms]
2023-03-13 00:27:29.551 [info] > git for-each-ref --format=%(refname)%00%(upstream:short)%00%(objectname)%00%(upstream:track)%00%(upstream:remotename)%00%(upstream:remoteref) refs/heads/main refs/remotes/main [3ms]
2023-03-13 00:27:29.566 [info] > git status -z -uall [5ms]
2023-03-13 00:29:11.567 [info] > git config --get commit.template [2ms]
2023-03-13 00:29:11.582 [info] > git for-each-ref --format=%(refname)%00%(upstream:short)%00%(objectname)%00%(upstream:track)%00%(upstream:remotename)%00%(upstream:remoteref) refs/heads/main refs/remotes/main [2ms]
2023-03-13 00:29:11.596 [info] > git status -z -uall [5ms]
2023-03-13 00:29:16.631 [info] > git config --get commit.template [1ms]
2023-03-13 00:29:16.647 [info] > git for-each-ref --format=%(refname)%00%(upstream:short)%00%(objectname)%00%(upstream:track)%00%(upstream:remotename)%00%(upstream:remoteref) refs/heads/main refs/remotes/main [2ms]
2023-03-13 00:29:16.665 [info] > git status -z -uall [4ms]
2023-03-13 00:29:24.988 [info] > git config --get commit.template [14ms]
2023-03-13 00:29:24.988 [info] > git for-each-ref --format=%(refname)%00%(upstream:short)%00%(objectname)%00%(upstream:track)%00%(upstream:remotename)%00%(upstream:remoteref) refs/heads/main refs/remotes/main [1ms]
2023-03-13 00:29:25.006 [info] > git status -z -uall [6ms]
2023-03-13 00:29:30.040 [info] > git config --get commit.template [16ms]
2023-03-13 00:29:30.041 [info] > git for-each-ref --format=%(refname)%00%(upstream:short)%00%(objectname)%00%(upstream:track)%00%(upstream:remotename)%00%(upstream:remoteref) refs/heads/main refs/remotes/main [2ms]
2023-03-13 00:29:30.056 [info] > git status -z -uall [6ms]
2023-03-13 00:29:35.089 [info] > git config --get commit.template [15ms]
2023-03-13 00:29:35.091 [info] > git for-each-ref --format=%(refname)%00%(upstream:short)%00%(objectname)%00%(upstream:track)%00%(upstream:remotename)%00%(upstream:remoteref) refs/heads/main refs/remotes/main [2ms]
2023-03-13 00:29:35.113 [info] > git status -z -uall [9ms]
2023-03-13 00:29:40.150 [info] > git config --get commit.template [16ms]
2023-03-13 00:29:40.151 [info] > git for-each-ref --format=%(refname)%00%(upstream:short)%00%(objectname)%00%(upstream:track)%00%(upstream:remotename)%00%(upstream:remoteref) refs/heads/main refs/remotes/main [2ms]
2023-03-13 00:29:40.173 [info] > git status -z -uall [9ms]
2023-03-13 00:30:20.530 [info] > git config --get commit.template [2ms]
2023-03-13 00:30:20.541 [info] > git for-each-ref --format=%(refname)%00%(upstream:short)%00%(objectname)%00%(upstream:track)%00%(upstream:remotename)%00%(upstream:remoteref) refs/heads/main refs/remotes/main [1ms]
2023-03-13 00:30:20.557 [info] > git status -z -uall [5ms]
2023-03-13 00:30:25.584 [info] > git config --get commit.template [11ms]
2023-03-13 00:30:25.586 [info] > git for-each-ref --format=%(refname)%00%(upstream:short)%00%(objectname)%00%(upstream:track)%00%(upstream:remotename)%00%(upstream:remoteref) refs/heads/main refs/remotes/main [2ms]
2023-03-13 00:30:25.605 [info] > git status -z -uall [9ms]
2023-03-13 00:30:59.099 [info] > git config --get commit.template [14ms]
2023-03-13 00:30:59.100 [info] > git for-each-ref --format=%(refname)%00%(upstream:short)%00%(objectname)%00%(upstream:track)%00%(upstream:remotename)%00%(upstream:remoteref) refs/heads/main refs/remotes/main [2ms]
2023-03-13 00:30:59.119 [info] > git status -z -uall [9ms]
2023-03-13 00:32:59.851 [info] > git config --get commit.template [2ms]
2023-03-13 00:32:59.864 [info] > git for-each-ref --format=%(refname)%00%(upstream:short)%00%(objectname)%00%(upstream:track)%00%(upstream:remotename)%00%(upstream:remoteref) refs/heads/main refs/remotes/main [2ms]
2023-03-13 00:32:59.880 [info] > git status -z -uall [5ms]
2023-03-13 00:33:57.695 [info] > git config --get commit.template [15ms]
2023-03-13 00:33:57.697 [info] > git for-each-ref --format=%(refname)%00%(upstream:short)%00%(objectname)%00%(upstream:track)%00%(upstream:remotename)%00%(upstream:remoteref) refs/heads/main refs/remotes/main [3ms]
2023-03-13 00:33:57.718 [info] > git status -z -uall [10ms]
2023-03-13 00:34:51.763 [info] > git config --get commit.template [16ms]
2023-03-13 00:34:51.765 [info] > git for-each-ref --format=%(refname)%00%(upstream:short)%00%(objectname)%00%(upstream:track)%00%(upstream:remotename)%00%(upstream:remoteref) refs/heads/main refs/remotes/main [3ms]
2023-03-13 00:34:51.798 [info] > git status -z -uall [19ms]
2023-03-13 00:34:51.861 [info] > git ls-files --stage -- /home/ianbit/Documents/cursos/roger-melo-js/modulo-08/exercicio1/index.html [14ms]
2023-03-13 00:34:51.875 [info] > git ls-files --stage -- /home/ianbit/Documents/cursos/roger-melo-js/modulo-08/exercicio1/app.js [15ms]
2023-03-13 00:34:51.887 [info] > git cat-file -s af1f8b9f50b22e7e4f723d86ecaed58e056353bf [13ms]
2023-03-13 00:34:51.889 [info] > git cat-file -s cbf54419f1889ddaf092dfd9da5dcc6349e2ca6a [2ms]
2023-03-13 00:34:51.911 [info] > git show --textconv :roger-melo-js/modulo-08/exercicio1/index.html [7ms]
2023-03-13 00:34:51.932 [info] > git show --textconv :roger-melo-js/modulo-08/exercicio1/app.js [3ms]
2023-03-13 00:35:08.534 [info] > git config --get commit.template [11ms]
2023-03-13 00:35:08.541 [info] > git for-each-ref --format=%(refname)%00%(upstream:short)%00%(objectname)%00%(upstream:track)%00%(upstream:remotename)%00%(upstream:remoteref) refs/heads/main refs/remotes/main [8ms]
2023-03-13 00:35:08.557 [info] > git status -z -uall [8ms]
2023-03-13 00:35:08.639 [info] > git ls-files --stage -- /home/ianbit/Documents/cursos/roger-melo-js/modulo-08/exercicio1/index.html [14ms]
2023-03-13 00:35:08.651 [info] > git ls-files --stage -- /home/ianbit/Documents/cursos/roger-melo-js/modulo-08/exercicio1/app.js [13ms]
2023-03-13 00:35:08.666 [info] > git cat-file -s af1f8b9f50b22e7e4f723d86ecaed58e056353bf [16ms]
2023-03-13 00:35:08.667 [info] > git cat-file -s cbf54419f1889ddaf092dfd9da5dcc6349e2ca6a [3ms]
2023-03-13 00:35:08.686 [info] > git show --textconv :roger-melo-js/modulo-08/exercicio1/index.html [3ms]
2023-03-13 00:35:08.759 [info] > git show --textconv :roger-melo-js/modulo-08/exercicio1/app.js [3ms]
2023-03-13 00:35:12.453 [info] > git ls-files --stage -- /home/ianbit/Documents/cursos/roger-melo-js/modulo-08/exercicio1/index.html [15ms]
2023-03-13 00:35:12.470 [info] > git ls-files --stage -- /home/ianbit/Documents/cursos/roger-melo-js/modulo-08/exercicio1/app.js [19ms]
2023-03-13 00:35:12.491 [info] > git cat-file -s af1f8b9f50b22e7e4f723d86ecaed58e056353bf [22ms]
2023-03-13 00:35:12.493 [info] > git cat-file -s cbf54419f1889ddaf092dfd9da5dcc6349e2ca6a [4ms]
2023-03-13 00:35:12.558 [info] > git show --textconv :roger-melo-js/modulo-08/exercicio1/index.html [10ms]
2023-03-13 00:35:12.560 [info] > git show --textconv :roger-melo-js/modulo-08/exercicio1/app.js [2ms]
2023-03-13 00:35:13.595 [info] > git config --get commit.template [15ms]
2023-03-13 00:35:13.597 [info] > git for-each-ref --format=%(refname)%00%(upstream:short)%00%(objectname)%00%(upstream:track)%00%(upstream:remotename)%00%(upstream:remoteref) refs/heads/main refs/remotes/main [2ms]
2023-03-13 00:35:13.620 [info] > git status -z -uall [10ms]
