2023-03-10 22:29:24.772 [info] Log level: Info
2023-03-10 22:29:24.772 [info] Validating found git in: "git"
2023-03-10 22:29:24.772 [info] Using git "2.39.2" from "git"
2023-03-10 22:29:24.772 [info] > git rev-parse --show-toplevel [13ms]
2023-03-10 22:29:24.772 [info] > git rev-parse --git-dir --git-common-dir [1ms]
2023-03-10 22:29:24.772 [info] Open repository: /home/ianbit/Documents/cursos
2023-03-10 22:29:24.772 [info] > git rev-parse --show-toplevel [11ms]
2023-03-10 22:29:24.772 [info] > git rev-parse --show-toplevel [8ms]
2023-03-10 22:29:24.772 [info] > git config --get commit.template [28ms]
2023-03-10 22:29:24.772 [info] > git rev-parse --show-toplevel [89ms]
2023-03-10 22:29:24.772 [info] > git rev-parse --show-toplevel [48ms]
2023-03-10 22:29:24.775 [info] > git rev-parse --show-toplevel [27ms]
2023-03-10 22:29:24.786 [info] > git for-each-ref --format=%(refname)%00%(upstream:short)%00%(objectname)%00%(upstream:track)%00%(upstream:remotename)%00%(upstream:remoteref) refs/heads/main refs/remotes/main [49ms]
2023-03-10 22:29:24.813 [info] > git status -z -uall [18ms]
2023-03-10 22:29:24.827 [info] > git rev-parse --show-toplevel [42ms]
2023-03-10 22:29:24.854 [info] > git rev-parse --show-toplevel [14ms]
2023-03-10 22:29:24.861 [info] > git config --get commit.template [9ms]
2023-03-10 22:29:24.880 [info] > git for-each-ref --format=%(refname)%00%(upstream:short)%00%(objectname)%00%(upstream:track)%00%(upstream:remotename)%00%(upstream:remoteref) refs/heads/main refs/remotes/main [3ms]
2023-03-10 22:29:24.909 [info] > git status -z -uall [11ms]
2023-03-10 22:29:25.160 [info] > git show --textconv :roger-melo-js/modulo-07/exercicio1/app.js [24ms]
2023-03-10 22:29:25.165 [info] > git ls-files --stage -- /home/ianbit/Documents/cursos/roger-melo-js/modulo-07/exercicio1/app.js [9ms]
2023-03-10 22:29:25.230 [info] > git check-ignore -v -z --stdin [17ms]
2023-03-10 22:38:27.543 [info] > git config --get commit.template [2ms]
2023-03-10 22:38:27.559 [info] > git for-each-ref --format=%(refname)%00%(upstream:short)%00%(objectname)%00%(upstream:track)%00%(upstream:remotename)%00%(upstream:remoteref) refs/heads/main refs/remotes/main [2ms]
2023-03-10 22:38:27.582 [info] > git status -z -uall [13ms]
2023-03-10 22:39:52.947 [info] > git config --get commit.template [1ms]
2023-03-10 22:39:52.958 [info] > git for-each-ref --format=%(refname)%00%(upstream:short)%00%(objectname)%00%(upstream:track)%00%(upstream:remotename)%00%(upstream:remoteref) refs/heads/main refs/remotes/main [2ms]
2023-03-10 22:39:52.973 [info] > git status -z -uall [6ms]
2023-03-10 22:41:30.497 [info] > git config --get commit.template [14ms]
2023-03-10 22:41:30.498 [info] > git for-each-ref --format=%(refname)%00%(upstream:short)%00%(objectname)%00%(upstream:track)%00%(upstream:remotename)%00%(upstream:remoteref) refs/heads/main refs/remotes/main [2ms]
2023-03-10 22:41:30.523 [info] > git status -z -uall [11ms]
2023-03-10 22:41:52.888 [info] > git config --get commit.template [11ms]
2023-03-10 22:41:52.889 [info] > git for-each-ref --format=%(refname)%00%(upstream:short)%00%(objectname)%00%(upstream:track)%00%(upstream:remotename)%00%(upstream:remoteref) refs/heads/main refs/remotes/main [2ms]
2023-03-10 22:41:52.902 [info] > git status -z -uall [4ms]
2023-03-10 22:43:38.849 [info] > git config --get commit.template [2ms]
2023-03-10 22:43:38.862 [info] > git for-each-ref --format=%(refname)%00%(upstream:short)%00%(objectname)%00%(upstream:track)%00%(upstream:remotename)%00%(upstream:remoteref) refs/heads/main refs/remotes/main [1ms]
2023-03-10 22:43:38.879 [info] > git status -z -uall [6ms]
2023-03-10 22:44:15.288 [info] > git config --get commit.template [2ms]
2023-03-10 22:44:15.305 [info] > git for-each-ref --format=%(refname)%00%(upstream:short)%00%(objectname)%00%(upstream:track)%00%(upstream:remotename)%00%(upstream:remoteref) refs/heads/main refs/remotes/main [4ms]
2023-03-10 22:44:15.320 [info] > git status -z -uall [4ms]
2023-03-10 23:15:08.559 [info] > git config --get commit.template [2ms]
2023-03-10 23:15:08.572 [info] > git for-each-ref --format=%(refname)%00%(upstream:short)%00%(objectname)%00%(upstream:track)%00%(upstream:remotename)%00%(upstream:remoteref) refs/heads/main refs/remotes/main [5ms]
2023-03-10 23:15:08.602 [info] > git status -z -uall [18ms]
2023-03-10 23:35:00.013 [info] > git config --get commit.template [2ms]
2023-03-10 23:35:00.028 [info] > git for-each-ref --format=%(refname)%00%(upstream:short)%00%(objectname)%00%(upstream:track)%00%(upstream:remotename)%00%(upstream:remoteref) refs/heads/main refs/remotes/main [3ms]
2023-03-10 23:35:00.048 [info] > git status -z -uall [11ms]
2023-03-10 23:35:45.130 [info] > git config --get commit.template [1ms]
2023-03-10 23:35:45.141 [info] > git for-each-ref --format=%(refname)%00%(upstream:short)%00%(objectname)%00%(upstream:track)%00%(upstream:remotename)%00%(upstream:remoteref) refs/heads/main refs/remotes/main [2ms]
2023-03-10 23:35:45.155 [info] > git status -z -uall [4ms]
2023-03-10 23:37:08.466 [info] > git config --get commit.template [13ms]
2023-03-10 23:37:08.466 [info] > git for-each-ref --format=%(refname)%00%(upstream:short)%00%(objectname)%00%(upstream:track)%00%(upstream:remotename)%00%(upstream:remoteref) refs/heads/main refs/remotes/main [2ms]
2023-03-10 23:37:08.483 [info] > git status -z -uall [6ms]
2023-03-10 23:38:15.919 [info] > git config --get commit.template [3ms]
2023-03-10 23:38:15.932 [info] > git for-each-ref --format=%(refname)%00%(upstream:short)%00%(objectname)%00%(upstream:track)%00%(upstream:remotename)%00%(upstream:remoteref) refs/heads/main refs/remotes/main [3ms]
2023-03-10 23:38:15.946 [info] > git status -z -uall [6ms]
2023-03-10 23:38:35.639 [info] > git config --get commit.template [11ms]
2023-03-10 23:38:35.641 [info] > git for-each-ref --format=%(refname)%00%(upstream:short)%00%(objectname)%00%(upstream:track)%00%(upstream:remotename)%00%(upstream:remoteref) refs/heads/main refs/remotes/main [3ms]
2023-03-10 23:38:35.657 [info] > git status -z -uall [6ms]
2023-03-10 23:39:18.879 [info] > git config --get commit.template [15ms]
2023-03-10 23:39:18.880 [info] > git for-each-ref --format=%(refname)%00%(upstream:short)%00%(objectname)%00%(upstream:track)%00%(upstream:remotename)%00%(upstream:remoteref) refs/heads/main refs/remotes/main [3ms]
2023-03-10 23:39:18.901 [info] > git status -z -uall [9ms]
