2023-04-10 21:02:38.165 [info] Log level: Info
2023-04-10 21:02:38.165 [info] Validating found git in: "git"
2023-04-10 21:02:38.165 [info] Using git "2.40.0" from "git"
2023-04-10 21:02:38.165 [info] > git rev-parse --show-toplevel [37ms]
2023-04-10 21:02:38.165 [info] > git rev-parse --git-dir --git-common-dir [18ms]
2023-04-10 21:02:38.165 [info] Open repository: /home/ianbit/Documents/cursos
2023-04-10 21:02:38.165 [info] > git rev-parse --show-toplevel [29ms]
2023-04-10 21:02:38.168 [info] > git rev-parse --show-toplevel [144ms]
2023-04-10 21:02:38.208 [info] > git config --get commit.template [204ms]
2023-04-10 21:02:38.286 [info] > git rev-parse --show-toplevel [81ms]
2023-04-10 21:02:38.331 [info] > git rev-parse --show-toplevel [28ms]
2023-04-10 21:02:38.354 [info] > git for-each-ref --format=%(refname)%00%(upstream:short)%00%(objectname)%00%(upstream:track)%00%(upstream:remotename)%00%(upstream:remoteref) refs/heads/main refs/remotes/main [25ms]
2023-04-10 21:02:38.381 [info] > git rev-parse --show-toplevel [30ms]
2023-04-10 21:02:38.400 [info] > git status -z -uall [25ms]
2023-04-10 21:02:38.451 [info] > git rev-parse --show-toplevel [54ms]
2023-04-10 21:02:38.472 [info] > git rev-parse --show-toplevel [4ms]
2023-04-10 21:02:38.495 [info] > git config --get commit.template [45ms]
2023-04-10 21:02:38.502 [info] > git rev-parse --show-toplevel [9ms]
2023-04-10 21:02:38.653 [info] > git rev-parse --show-toplevel [130ms]
2023-04-10 21:02:38.712 [info] > git rev-parse --show-toplevel [35ms]
2023-04-10 21:02:38.768 [info] > git for-each-ref --format=%(refname)%00%(upstream:short)%00%(objectname)%00%(upstream:track)%00%(upstream:remotename)%00%(upstream:remoteref) refs/heads/main refs/remotes/main [122ms]
2023-04-10 21:02:38.816 [info] > git check-ignore -v -z --stdin [110ms]
2023-04-10 21:02:38.820 [info] > git status -z -uall [15ms]
2023-04-10 21:02:38.826 [info] > git rev-parse --show-toplevel [58ms]
2023-04-10 21:02:41.063 [info] > git show --textconv :roger-melo-js/modulo-09/exercicio1/app.js [22ms]
2023-04-10 21:02:41.066 [info] > git ls-files --stage -- /home/ianbit/Documents/cursos/roger-melo-js/modulo-09/exercicio1/app.js [5ms]
2023-04-10 21:07:02.078 [info] Log level: Info
2023-04-10 21:07:02.078 [info] Validating found git in: "git"
2023-04-10 21:07:02.078 [info] Using git "2.40.0" from "git"
2023-04-10 21:07:02.078 [info] > git rev-parse --show-toplevel [16ms]
2023-04-10 21:07:02.078 [info] > git rev-parse --show-toplevel [2ms]
2023-04-10 21:07:02.078 [info] > git rev-parse --show-toplevel [2ms]
2023-04-10 21:07:02.078 [info] > git rev-parse --show-toplevel [8ms]
2023-04-10 21:07:02.078 [info] > git rev-parse --show-toplevel [39ms]
2023-04-10 21:07:02.086 [info] > git rev-parse --show-toplevel [73ms]
2023-04-10 21:07:02.120 [info] > git rev-parse --show-toplevel [20ms]
2023-04-10 21:07:04.346 [info] > git rev-parse --show-toplevel [2ms]
2023-04-10 21:07:04.886 [info] > git rev-parse --show-toplevel [36ms]
2023-04-10 21:07:57.783 [info] > git rev-parse --show-toplevel [2ms]
2023-04-10 21:08:01.828 [info] > git rev-parse --show-toplevel [3ms]
2023-04-10 21:08:03.460 [info] > git rev-parse --show-toplevel [11ms]
2023-04-10 21:09:54.939 [info] > git rev-parse --show-toplevel [1ms]
2023-04-10 21:10:07.769 [info] > git rev-parse --show-toplevel [4ms]
2023-04-10 21:10:21.016 [info] > git rev-parse --show-toplevel [4ms]
2023-04-10 21:10:23.938 [info] > git rev-parse --show-toplevel [5ms]
2023-04-10 21:23:44.974 [info] > git rev-parse --show-toplevel [4ms]
2023-04-10 21:24:15.853 [info] > git rev-parse --show-toplevel [5ms]
2023-04-10 23:00:49.916 [info] > git rev-parse --show-toplevel [2ms]
2023-04-10 23:01:01.249 [info] > git rev-parse --show-toplevel [2ms]
2023-04-10 23:01:07.486 [info] > git rev-parse --show-toplevel [1ms]
2023-04-10 23:01:29.985 [info] > git rev-parse --show-toplevel [1ms]
2023-04-10 23:01:47.701 [info] > git rev-parse --show-toplevel [3ms]
2023-04-10 23:02:15.442 [info] > git rev-parse --show-toplevel [2ms]
2023-04-10 23:02:26.892 [info] > git rev-parse --show-toplevel [3ms]
2023-04-10 23:02:44.456 [info] > git rev-parse --show-toplevel [2ms]
2023-04-10 23:02:48.330 [info] > git rev-parse --show-toplevel [2ms]
2023-04-10 23:02:57.205 [info] > git rev-parse --show-toplevel [3ms]
2023-04-10 23:03:01.442 [info] > git rev-parse --show-toplevel [1ms]
2023-04-10 23:03:49.238 [info] > git rev-parse --show-toplevel [2ms]
2023-04-10 23:03:54.930 [info] > git rev-parse --show-toplevel [2ms]
2023-04-10 23:04:44.721 [info] > git rev-parse --show-toplevel [3ms]
2023-04-10 23:05:42.326 [info] > git rev-parse --show-toplevel [2ms]
2023-04-10 23:06:01.829 [info] > git rev-parse --show-toplevel [2ms]
2023-04-10 23:06:03.586 [info] > git rev-parse --show-toplevel [2ms]
2023-04-10 23:06:10.081 [info] > git rev-parse --show-toplevel [2ms]
2023-04-10 23:06:10.905 [info] > git rev-parse --show-toplevel [2ms]
2023-04-10 23:06:27.958 [info] > git rev-parse --show-toplevel [3ms]
2023-04-10 23:06:57.515 [info] > git rev-parse --show-toplevel [2ms]
2023-04-10 23:07:08.573 [info] > git rev-parse --show-toplevel [2ms]
2023-04-10 23:07:11.465 [info] > git rev-parse --show-toplevel [3ms]
2023-04-10 23:08:43.006 [info] > git rev-parse --show-toplevel [2ms]
2023-04-10 23:08:44.502 [info] > git rev-parse --show-toplevel [3ms]
2023-04-10 23:09:24.615 [info] > git rev-parse --show-toplevel [2ms]
2023-04-10 23:09:33.093 [info] > git rev-parse --show-toplevel [4ms]
2023-04-10 23:09:42.849 [info] > git rev-parse --show-toplevel [2ms]
2023-04-10 23:09:47.997 [info] > git rev-parse --show-toplevel [3ms]
2023-04-10 23:15:16.599 [info] > git rev-parse --show-toplevel [2ms]
2023-04-10 23:15:32.678 [info] > git rev-parse --show-toplevel [4ms]
2023-04-10 23:16:26.089 [info] > git rev-parse --show-toplevel [3ms]
2023-04-10 23:38:22.056 [info] > git rev-parse --show-toplevel [3ms]
2023-04-11 00:02:06.130 [info] > git rev-parse --show-toplevel [3ms]
2023-04-11 00:02:06.139 [info] > git rev-parse --git-dir --git-common-dir [2ms]
2023-04-11 00:02:06.153 [info] Open repository: /home/ianbit/Documents/challenges
2023-04-11 00:02:06.176 [info] > git config --get commit.template [11ms]
2023-04-11 00:02:06.177 [info] > git for-each-ref --format=%(refname)%00%(upstream:short)%00%(objectname)%00%(upstream:track)%00%(upstream:remotename)%00%(upstream:remoteref) refs/heads/main refs/remotes/main [4ms]
2023-04-11 00:02:06.195 [info] > git status -z -uall [8ms]
2023-04-11 00:02:06.224 [info] > git config --get commit.template [10ms]
2023-04-11 00:02:06.224 [info] > git for-each-ref --format=%(refname)%00%(upstream:short)%00%(objectname)%00%(upstream:track)%00%(upstream:remotename)%00%(upstream:remoteref) refs/heads/main refs/remotes/main [2ms]
2023-04-11 00:02:06.235 [info] > git status -z -uall [3ms]
2023-04-11 00:02:06.697 [info] > git show --textconv :news-homepage-main/index.html [68ms]
2023-04-11 00:02:06.697 [info] > git show --textconv :news-homepage-main/style.css [43ms]
2023-04-11 00:02:06.697 [info] > git show --textconv :news-homepage-main/app.js [18ms]
2023-04-11 00:02:06.697 [info] > git ls-files --stage -- /home/ianbit/Documents/challenges/news-homepage-main/app.js [3ms]
2023-04-11 00:02:06.713 [info] > git ls-files --stage -- /home/ianbit/Documents/challenges/news-homepage-main/style.css [48ms]
2023-04-11 00:02:06.727 [info] > git ls-files --stage -- /home/ianbit/Documents/challenges/news-homepage-main/index.html [84ms]
2023-04-11 00:02:06.742 [info] > git cat-file -s 434aefe21aff0bce2cfba3e53888b11ff62598b0 [3ms]
2023-04-11 00:02:06.743 [info] > git cat-file -s d20d0b2b27913883a154ef4b117e196bdbdded44 [18ms]
2023-04-11 00:02:06.744 [info] > git cat-file -s e69de29bb2d1d6434b8b29ae775ad8c2e48c5391 [33ms]
2023-04-11 00:02:06.815 [info] > git check-ignore -v -z --stdin [2ms]
2023-04-11 00:02:10.162 [info] > git branch [1ms]
2023-04-11 00:02:10.202 [info] > git reset -q HEAD -- . [28ms]
2023-04-11 00:02:10.217 [info] > git config --get commit.template [1ms]
2023-04-11 00:02:10.229 [info] > git for-each-ref --format=%(refname)%00%(upstream:short)%00%(objectname)%00%(upstream:track)%00%(upstream:remotename)%00%(upstream:remoteref) refs/heads/main refs/remotes/main [1ms]
2023-04-11 00:02:10.243 [info] > git status -z -uall [4ms]
2023-04-11 00:02:11.414 [info] > git config --get commit.template [13ms]
2023-04-11 00:02:11.414 [info] > git for-each-ref --format=%(refname)%00%(upstream:short)%00%(objectname)%00%(upstream:track)%00%(upstream:remotename)%00%(upstream:remoteref) refs/heads/main refs/remotes/main [2ms]
2023-04-11 00:02:11.431 [info] > git status -z -uall [4ms]
2023-04-11 00:02:11.525 [info] > git ls-files --stage -- /home/ianbit/Documents/challenges/news-homepage-main/style.css [12ms]
2023-04-11 00:02:11.535 [info] > git ls-files --stage -- /home/ianbit/Documents/challenges/news-homepage-main/index.html [35ms]
2023-04-11 00:02:11.551 [info] > git cat-file -s 77c14b148d6bfb6687866238e110adfcc1ecc00d [4ms]
2023-04-11 00:02:11.552 [info] > git cat-file -s e69de29bb2d1d6434b8b29ae775ad8c2e48c5391 [18ms]
2023-04-11 00:02:11.553 [info] > git ls-files --stage -- /home/ianbit/Documents/challenges/news-homepage-main/app.js [31ms]
2023-04-11 00:02:11.566 [info] > git cat-file -s e69de29bb2d1d6434b8b29ae775ad8c2e48c5391 [2ms]
2023-04-11 00:02:11.595 [info] > git show --textconv :news-homepage-main/index.html [15ms]
2023-04-11 00:02:11.607 [info] > git show --textconv :news-homepage-main/style.css [11ms]
2023-04-11 00:02:11.609 [info] > git show --textconv :news-homepage-main/app.js [3ms]
2023-04-11 00:02:13.329 [info] > git add -A -- /home/ianbit/Documents/challenges/news-homepage-main/index.html [2ms]
2023-04-11 00:02:13.352 [info] > git config --get commit.template [11ms]
2023-04-11 00:02:13.353 [info] > git for-each-ref --format=%(refname)%00%(upstream:short)%00%(objectname)%00%(upstream:track)%00%(upstream:remotename)%00%(upstream:remoteref) refs/heads/main refs/remotes/main [2ms]
2023-04-11 00:02:13.367 [info] > git status -z -uall [5ms]
2023-04-11 00:02:14.679 [info] > git ls-files --stage -- /home/ianbit/Documents/challenges/news-homepage-main/style.css [14ms]
2023-04-11 00:02:14.691 [info] > git ls-files --stage -- /home/ianbit/Documents/challenges/news-homepage-main/index.html [39ms]
2023-04-11 00:02:14.705 [info] > git cat-file -s e69de29bb2d1d6434b8b29ae775ad8c2e48c5391 [14ms]
2023-04-11 00:02:14.706 [info] > git ls-files --stage -- /home/ianbit/Documents/challenges/news-homepage-main/app.js [28ms]
2023-04-11 00:02:14.721 [info] > git cat-file -s 434aefe21aff0bce2cfba3e53888b11ff62598b0 [18ms]
2023-04-11 00:02:14.735 [info] > git cat-file -s e69de29bb2d1d6434b8b29ae775ad8c2e48c5391 [15ms]
2023-04-11 00:02:14.750 [info] > git show --textconv :news-homepage-main/style.css [16ms]
2023-04-11 00:02:14.764 [info] > git show --textconv :news-homepage-main/index.html [15ms]
2023-04-11 00:02:14.764 [info] > git show --textconv :news-homepage-main/app.js [2ms]
2023-04-11 00:02:15.368 [info] > git add -A -- /home/ianbit/Documents/challenges/news-homepage-main/style.css [5ms]
2023-04-11 00:02:15.395 [info] > git config --get commit.template [13ms]
2023-04-11 00:02:15.395 [info] > git for-each-ref --format=%(refname)%00%(upstream:short)%00%(objectname)%00%(upstream:track)%00%(upstream:remotename)%00%(upstream:remoteref) refs/heads/main refs/remotes/main [2ms]
2023-04-11 00:02:15.410 [info] > git status -z -uall [4ms]
2023-04-11 00:02:16.451 [info] > git config --get commit.template [2ms]
2023-04-11 00:02:16.464 [info] > git for-each-ref --format=%(refname)%00%(upstream:short)%00%(objectname)%00%(upstream:track)%00%(upstream:remotename)%00%(upstream:remoteref) refs/heads/main refs/remotes/main [1ms]
2023-04-11 00:02:16.480 [info] > git status -z -uall [4ms]
2023-04-11 00:02:16.696 [info] > git ls-files --stage -- /home/ianbit/Documents/challenges/news-homepage-main/style.css [12ms]
2023-04-11 00:02:16.704 [info] > git ls-files --stage -- /home/ianbit/Documents/challenges/news-homepage-main/index.html [32ms]
2023-04-11 00:02:16.718 [info] > git cat-file -s 434aefe21aff0bce2cfba3e53888b11ff62598b0 [3ms]
2023-04-11 00:02:16.719 [info] > git cat-file -s d20d0b2b27913883a154ef4b117e196bdbdded44 [15ms]
2023-04-11 00:02:16.720 [info] > git ls-files --stage -- /home/ianbit/Documents/challenges/news-homepage-main/app.js [25ms]
2023-04-11 00:02:16.767 [info] > git show --textconv :news-homepage-main/index.html [15ms]
2023-04-11 00:02:16.767 [info] > git show --textconv :news-homepage-main/style.css [2ms]
2023-04-11 00:02:16.768 [info] > git cat-file -s e69de29bb2d1d6434b8b29ae775ad8c2e48c5391 [32ms]
2023-04-11 00:02:16.785 [info] > git show --textconv :news-homepage-main/app.js [2ms]
2023-04-11 00:02:21.512 [info] > git config --get commit.template [14ms]
2023-04-11 00:02:21.514 [info] > git for-each-ref --format=%(refname)%00%(upstream:short)%00%(objectname)%00%(upstream:track)%00%(upstream:remotename)%00%(upstream:remoteref) refs/heads/main refs/remotes/main [3ms]
2023-04-11 00:02:21.528 [info] > git status -z -uall [5ms]
2023-04-11 00:02:44.578 [info] > git config --get commit.template [2ms]
2023-04-11 00:02:44.591 [info] > git for-each-ref --format=%(refname)%00%(upstream:short)%00%(objectname)%00%(upstream:track)%00%(upstream:remotename)%00%(upstream:remoteref) refs/heads/main refs/remotes/main [2ms]
2023-04-11 00:02:44.607 [info] > git status -z -uall [4ms]
2023-04-11 00:02:44.719 [info] > git ls-files --stage -- /home/ianbit/Documents/challenges/news-homepage-main/style.css [12ms]
2023-04-11 00:02:44.729 [info] > git ls-files --stage -- /home/ianbit/Documents/challenges/news-homepage-main/index.html [34ms]
2023-04-11 00:02:44.742 [info] > git cat-file -s d20d0b2b27913883a154ef4b117e196bdbdded44 [13ms]
2023-04-11 00:02:44.743 [info] > git ls-files --stage -- /home/ianbit/Documents/challenges/news-homepage-main/app.js [26ms]
2023-04-11 00:02:44.768 [info] > git cat-file -s e69de29bb2d1d6434b8b29ae775ad8c2e48c5391 [14ms]
2023-04-11 00:02:44.769 [info] > git cat-file -s 434aefe21aff0bce2cfba3e53888b11ff62598b0 [28ms]
2023-04-11 00:02:44.782 [info] > git show --textconv :news-homepage-main/style.css [15ms]
2023-04-11 00:02:44.798 [info] > git show --textconv :news-homepage-main/app.js [16ms]
2023-04-11 00:02:44.799 [info] > git show --textconv :news-homepage-main/index.html [2ms]
2023-04-11 00:02:52.395 [info] > git config --get commit.template [13ms]
2023-04-11 00:02:52.395 [info] > git for-each-ref --format=%(refname)%00%(upstream:short)%00%(objectname)%00%(upstream:track)%00%(upstream:remotename)%00%(upstream:remoteref) refs/heads/main refs/remotes/main [1ms]
2023-04-11 00:02:52.410 [info] > git status -z -uall [5ms]
2023-04-11 00:02:52.513 [info] > git ls-files --stage -- /home/ianbit/Documents/challenges/news-homepage-main/style.css [16ms]
2023-04-11 00:02:52.527 [info] > git ls-files --stage -- /home/ianbit/Documents/challenges/news-homepage-main/index.html [46ms]
2023-04-11 00:02:52.541 [info] > git cat-file -s d20d0b2b27913883a154ef4b117e196bdbdded44 [15ms]
2023-04-11 00:02:52.543 [info] > git ls-files --stage -- /home/ianbit/Documents/challenges/news-homepage-main/app.js [31ms]
2023-04-11 00:02:52.552 [info] > git cat-file -s 434aefe21aff0bce2cfba3e53888b11ff62598b0 [12ms]
2023-04-11 00:02:52.565 [info] > git cat-file -s e69de29bb2d1d6434b8b29ae775ad8c2e48c5391 [14ms]
2023-04-11 00:02:52.575 [info] > git show --textconv :news-homepage-main/style.css [11ms]
2023-04-11 00:02:52.585 [info] > git show --textconv :news-homepage-main/index.html [11ms]
2023-04-11 00:02:52.586 [info] > git show --textconv :news-homepage-main/app.js [2ms]
