2023-03-09 23:49:52.172 [info] Log level: Info
2023-03-09 23:49:52.172 [info] Validating found git in: "git"
2023-03-09 23:49:52.172 [info] Using git "2.39.2" from "git"
2023-03-09 23:49:52.172 [info] > git rev-parse --show-toplevel [11ms]
2023-03-09 23:49:52.172 [info] > git rev-parse --git-dir --git-common-dir [16ms]
2023-03-09 23:49:52.172 [info] Open repository: /home/ianbit/Documents/cursos
2023-03-09 23:49:52.172 [info] > git rev-parse --show-toplevel [21ms]
2023-03-09 23:49:52.172 [info] > git rev-parse --show-toplevel [80ms]
2023-03-09 23:49:52.172 [info] > git config --get commit.template [108ms]
2023-03-09 23:49:52.172 [info] > git rev-parse --show-toplevel [55ms]
2023-03-09 23:49:52.176 [info] > git rev-parse --show-toplevel [35ms]
2023-03-09 23:49:52.226 [info] > git rev-parse --show-toplevel [36ms]
2023-03-09 23:49:52.245 [info] > git for-each-ref --format=%(refname)%00%(upstream:short)%00%(objectname)%00%(upstream:track)%00%(upstream:remotename)%00%(upstream:remoteref) refs/heads/main refs/remotes/main [75ms]
2023-03-09 23:49:52.274 [info] > git status -z -uall [10ms]
2023-03-09 23:49:52.275 [info] > git rev-parse --show-toplevel [31ms]
2023-03-09 23:49:52.297 [info] > git rev-parse --show-toplevel [4ms]
2023-03-09 23:49:52.357 [info] > git config --get commit.template [5ms]
2023-03-09 23:49:52.381 [info] > git for-each-ref --format=%(refname)%00%(upstream:short)%00%(objectname)%00%(upstream:track)%00%(upstream:remotename)%00%(upstream:remoteref) refs/heads/main refs/remotes/main [4ms]
2023-03-09 23:49:52.430 [info] > git status -z -uall [28ms]
2023-03-09 23:49:52.607 [info] > git check-ignore -v -z --stdin [15ms]
2023-03-09 23:49:52.890 [info] > git show --textconv :roger-melo-js/modulo-07/exercicio1/app.js [25ms]
2023-03-09 23:49:52.891 [info] > git ls-files --stage -- /home/ianbit/Documents/cursos/roger-melo-js/modulo-07/exercicio1/app.js [5ms]
2023-03-09 23:50:04.170 [info] > git config --get commit.template [16ms]
2023-03-09 23:50:04.173 [info] > git for-each-ref --format=%(refname)%00%(upstream:short)%00%(objectname)%00%(upstream:track)%00%(upstream:remotename)%00%(upstream:remoteref) refs/heads/main refs/remotes/main [4ms]
2023-03-09 23:50:04.197 [info] > git status -z -uall [11ms]
2023-03-09 23:50:04.284 [info] > git check-ignore -v -z --stdin [2ms]
2023-03-09 23:50:05.498 [info] > git show --textconv :roger-melo-js/modulo-07/exercicio1/index.html [21ms]
2023-03-09 23:50:05.501 [info] > git ls-files --stage -- /home/ianbit/Documents/cursos/roger-melo-js/modulo-07/exercicio1/index.html [5ms]
2023-03-09 23:52:26.656 [info] > git config --get commit.template [2ms]
2023-03-09 23:52:26.670 [info] > git for-each-ref --format=%(refname)%00%(upstream:short)%00%(objectname)%00%(upstream:track)%00%(upstream:remotename)%00%(upstream:remoteref) refs/heads/main refs/remotes/main [1ms]
2023-03-09 23:52:26.687 [info] > git status -z -uall [6ms]
2023-03-09 23:54:41.413 [info] > git for-each-ref --format=%(refname)%00%(upstream:short)%00%(objectname)%00%(upstream:track)%00%(upstream:remotename)%00%(upstream:remoteref) refs/heads/main refs/remotes/main [2ms]
2023-03-09 23:54:41.414 [info] > git config --get commit.template [16ms]
2023-03-09 23:54:41.435 [info] > git status -z -uall [9ms]
2023-03-09 23:56:27.951 [info] > git config --get commit.template [2ms]
2023-03-09 23:56:27.966 [info] > git for-each-ref --format=%(refname)%00%(upstream:short)%00%(objectname)%00%(upstream:track)%00%(upstream:remotename)%00%(upstream:remoteref) refs/heads/main refs/remotes/main [1ms]
2023-03-09 23:56:27.990 [info] > git status -z -uall [8ms]
2023-03-09 23:56:42.851 [info] > git config --get commit.template [12ms]
2023-03-09 23:56:42.852 [info] > git for-each-ref --format=%(refname)%00%(upstream:short)%00%(objectname)%00%(upstream:track)%00%(upstream:remotename)%00%(upstream:remoteref) refs/heads/main refs/remotes/main [2ms]
2023-03-09 23:56:42.866 [info] > git status -z -uall [4ms]
2023-03-09 23:57:46.834 [info] > git config --get commit.template [1ms]
2023-03-09 23:57:46.847 [info] > git for-each-ref --format=%(refname)%00%(upstream:short)%00%(objectname)%00%(upstream:track)%00%(upstream:remotename)%00%(upstream:remoteref) refs/heads/main refs/remotes/main [1ms]
2023-03-09 23:57:46.864 [info] > git status -z -uall [5ms]
2023-03-09 23:58:16.463 [info] > git config --get commit.template [1ms]
2023-03-09 23:58:16.475 [info] > git for-each-ref --format=%(refname)%00%(upstream:short)%00%(objectname)%00%(upstream:track)%00%(upstream:remotename)%00%(upstream:remoteref) refs/heads/main refs/remotes/main [1ms]
2023-03-09 23:58:16.492 [info] > git status -z -uall [7ms]
2023-03-09 23:58:33.352 [info] > git config --get commit.template [2ms]
2023-03-09 23:58:33.364 [info] > git for-each-ref --format=%(refname)%00%(upstream:short)%00%(objectname)%00%(upstream:track)%00%(upstream:remotename)%00%(upstream:remoteref) refs/heads/main refs/remotes/main [2ms]
2023-03-09 23:58:33.380 [info] > git status -z -uall [5ms]
2023-03-09 23:59:12.417 [info] > git config --get commit.template [2ms]
2023-03-09 23:59:12.429 [info] > git for-each-ref --format=%(refname)%00%(upstream:short)%00%(objectname)%00%(upstream:track)%00%(upstream:remotename)%00%(upstream:remoteref) refs/heads/main refs/remotes/main [2ms]
2023-03-09 23:59:12.445 [info] > git status -z -uall [5ms]
2023-03-09 23:59:39.529 [info] > git config --get commit.template [12ms]
2023-03-09 23:59:39.529 [info] > git for-each-ref --format=%(refname)%00%(upstream:short)%00%(objectname)%00%(upstream:track)%00%(upstream:remotename)%00%(upstream:remoteref) refs/heads/main refs/remotes/main [1ms]
2023-03-09 23:59:39.546 [info] > git status -z -uall [5ms]
2023-03-09 23:59:47.375 [info] > git config --get commit.template [1ms]
2023-03-09 23:59:47.389 [info] > git for-each-ref --format=%(refname)%00%(upstream:short)%00%(objectname)%00%(upstream:track)%00%(upstream:remotename)%00%(upstream:remoteref) refs/heads/main refs/remotes/main [2ms]
2023-03-09 23:59:47.407 [info] > git status -z -uall [9ms]
2023-03-10 00:01:13.884 [info] > git config --get commit.template [12ms]
2023-03-10 00:01:13.885 [info] > git for-each-ref --format=%(refname)%00%(upstream:short)%00%(objectname)%00%(upstream:track)%00%(upstream:remotename)%00%(upstream:remoteref) refs/heads/main refs/remotes/main [2ms]
2023-03-10 00:01:13.898 [info] > git status -z -uall [4ms]
2023-03-10 00:02:47.920 [info] > git config --get commit.template [1ms]
2023-03-10 00:02:47.939 [info] > git for-each-ref --format=%(refname)%00%(upstream:short)%00%(objectname)%00%(upstream:track)%00%(upstream:remotename)%00%(upstream:remoteref) refs/heads/main refs/remotes/main [4ms]
2023-03-10 00:02:47.967 [info] > git status -z -uall [11ms]
2023-03-10 00:04:07.169 [info] > git config --get commit.template [1ms]
2023-03-10 00:04:07.183 [info] > git for-each-ref --format=%(refname)%00%(upstream:short)%00%(objectname)%00%(upstream:track)%00%(upstream:remotename)%00%(upstream:remoteref) refs/heads/main refs/remotes/main [2ms]
2023-03-10 00:04:07.201 [info] > git status -z -uall [4ms]
2023-03-10 00:06:49.632 [info] > git config --get commit.template [2ms]
2023-03-10 00:06:49.653 [info] > git for-each-ref --format=%(refname)%00%(upstream:short)%00%(objectname)%00%(upstream:track)%00%(upstream:remotename)%00%(upstream:remoteref) refs/heads/main refs/remotes/main [3ms]
2023-03-10 00:06:49.675 [info] > git status -z -uall [7ms]
2023-03-10 00:07:34.598 [info] > git config --get commit.template [11ms]
2023-03-10 00:07:34.599 [info] > git for-each-ref --format=%(refname)%00%(upstream:short)%00%(objectname)%00%(upstream:track)%00%(upstream:remotename)%00%(upstream:remoteref) refs/heads/main refs/remotes/main [2ms]
2023-03-10 00:07:34.614 [info] > git status -z -uall [5ms]
