2023-04-10 12:36:05.984 [info] Log level: Info
2023-04-10 12:36:05.984 [info] Validating found git in: "git"
2023-04-10 12:36:05.984 [info] Using git "2.40.0" from "git"
2023-04-10 12:36:05.984 [info] > git rev-parse --show-toplevel [15ms]
2023-04-10 12:36:05.984 [info] > git rev-parse --git-dir --git-common-dir [13ms]
2023-04-10 12:36:05.984 [info] Open repository: /home/ianbit/Documents/cursos
2023-04-10 12:36:05.984 [info] > git rev-parse --show-toplevel [73ms]
2023-04-10 12:36:05.984 [info] > git rev-parse --show-toplevel [52ms]
2023-04-10 12:36:05.984 [info] > git config --get commit.template [80ms]
2023-04-10 12:36:05.991 [info] > git rev-parse --show-toplevel [34ms]
2023-04-10 12:36:06.020 [info] > git rev-parse --show-toplevel [17ms]
2023-04-10 12:36:06.031 [info] > git for-each-ref --format=%(refname)%00%(upstream:short)%00%(objectname)%00%(upstream:track)%00%(upstream:remotename)%00%(upstream:remoteref) refs/heads/main refs/remotes/main [14ms]
2023-04-10 12:36:06.051 [info] > git rev-parse --show-toplevel [22ms]
2023-04-10 12:36:06.071 [info] > git rev-parse --show-toplevel [3ms]
2023-04-10 12:36:06.104 [info] > git rev-parse --show-toplevel [3ms]
2023-04-10 12:36:06.133 [info] > git rev-parse --show-toplevel [5ms]
2023-04-10 12:36:06.160 [info] > git rev-parse --show-toplevel [16ms]
2023-04-10 12:36:06.176 [info] > git rev-parse --show-toplevel [8ms]
2023-04-10 12:36:06.387 [info] > git check-ignore -v -z --stdin [8ms]
2023-04-10 12:36:06.487 [info] > git status -z -uall [438ms]
2023-04-10 12:36:06.560 [info] > git config --get commit.template [22ms]
2023-04-10 12:36:06.561 [info] > git for-each-ref --format=%(refname)%00%(upstream:short)%00%(objectname)%00%(upstream:track)%00%(upstream:remotename)%00%(upstream:remoteref) refs/heads/main refs/remotes/main [3ms]
2023-04-10 12:36:06.677 [info] > git status -z -uall [105ms]
2023-04-10 12:36:06.802 [info] > git show --textconv :roger-melo-js/projects/to-do list/app.js [17ms]
2023-04-10 12:36:06.805 [info] > git ls-files --stage -- /home/ianbit/Documents/cursos/roger-melo-js/projects/to-do list/app.js [5ms]
2023-04-10 12:36:06.832 [info] > git cat-file -s 30afd5d45234d28032af23b8c665799170000a50 [5ms]
2023-04-10 12:43:33.703 [info] > git config --get commit.template [12ms]
2023-04-10 12:43:33.704 [info] > git for-each-ref --format=%(refname)%00%(upstream:short)%00%(objectname)%00%(upstream:track)%00%(upstream:remotename)%00%(upstream:remoteref) refs/heads/main refs/remotes/main [3ms]
2023-04-10 12:43:33.718 [info] > git status -z -uall [5ms]
2023-04-10 12:43:33.789 [info] > git ls-files --stage -- /home/ianbit/Documents/cursos/roger-melo-js/projects/to-do list/app.js [2ms]
2023-04-10 12:43:33.798 [info] > git cat-file -s 30afd5d45234d28032af23b8c665799170000a50 [2ms]
2023-04-10 12:43:33.809 [info] > git show --textconv :roger-melo-js/projects/to-do list/app.js [2ms]
2023-04-10 12:46:14.600 [info] > git config --get commit.template [13ms]
2023-04-10 12:46:14.601 [info] > git for-each-ref --format=%(refname)%00%(upstream:short)%00%(objectname)%00%(upstream:track)%00%(upstream:remotename)%00%(upstream:remoteref) refs/heads/main refs/remotes/main [2ms]
2023-04-10 12:46:14.615 [info] > git status -z -uall [4ms]
2023-04-10 12:46:14.691 [info] > git ls-files --stage -- /home/ianbit/Documents/cursos/roger-melo-js/projects/to-do list/app.js [3ms]
2023-04-10 12:46:14.704 [info] > git cat-file -s 30afd5d45234d28032af23b8c665799170000a50 [2ms]
2023-04-10 12:46:14.720 [info] > git show --textconv :roger-melo-js/projects/to-do list/app.js [3ms]
2023-04-10 12:46:48.861 [info] > git config --get commit.template [2ms]
2023-04-10 12:46:48.872 [info] > git for-each-ref --format=%(refname)%00%(upstream:short)%00%(objectname)%00%(upstream:track)%00%(upstream:remotename)%00%(upstream:remoteref) refs/heads/main refs/remotes/main [2ms]
2023-04-10 12:46:48.886 [info] > git status -z -uall [4ms]
2023-04-10 12:46:48.960 [info] > git ls-files --stage -- /home/ianbit/Documents/cursos/roger-melo-js/projects/to-do list/app.js [2ms]
2023-04-10 12:46:48.972 [info] > git cat-file -s 30afd5d45234d28032af23b8c665799170000a50 [2ms]
2023-04-10 12:46:48.987 [info] > git show --textconv :roger-melo-js/projects/to-do list/app.js [3ms]
2023-04-10 12:47:04.242 [info] > git config --get commit.template [3ms]
2023-04-10 12:47:04.252 [info] > git for-each-ref --format=%(refname)%00%(upstream:short)%00%(objectname)%00%(upstream:track)%00%(upstream:remotename)%00%(upstream:remoteref) refs/heads/main refs/remotes/main [1ms]
2023-04-10 12:47:04.265 [info] > git status -z -uall [4ms]
2023-04-10 12:47:04.343 [info] > git ls-files --stage -- /home/ianbit/Documents/cursos/roger-melo-js/projects/to-do list/app.js [2ms]
2023-04-10 12:47:04.355 [info] > git cat-file -s 30afd5d45234d28032af23b8c665799170000a50 [2ms]
2023-04-10 12:47:04.371 [info] > git show --textconv :roger-melo-js/projects/to-do list/app.js [3ms]
2023-04-10 12:47:19.907 [info] > git show --textconv :roger-melo-js/projects/to-do list/style.css [10ms]
2023-04-10 12:47:19.910 [info] > git ls-files --stage -- /home/ianbit/Documents/cursos/roger-melo-js/projects/to-do list/style.css [2ms]
2023-04-10 12:47:19.921 [info] > git cat-file -s a8b88941330e82d532144101f3ad17bbe0fc717e [2ms]
2023-04-10 12:47:35.999 [info] > git check-ignore -v -z --stdin [2ms]
2023-04-10 12:47:36.574 [info] > git config --get commit.template [13ms]
2023-04-10 12:47:36.575 [info] > git for-each-ref --format=%(refname)%00%(upstream:short)%00%(objectname)%00%(upstream:track)%00%(upstream:remotename)%00%(upstream:remoteref) refs/heads/main refs/remotes/main [3ms]
2023-04-10 12:47:36.595 [info] > git status -z -uall [9ms]
2023-04-10 12:47:42.165 [info] > git check-ignore -v -z --stdin [2ms]
2023-04-10 12:47:42.718 [info] > git config --get commit.template [13ms]
2023-04-10 12:47:42.719 [info] > git for-each-ref --format=%(refname)%00%(upstream:short)%00%(objectname)%00%(upstream:track)%00%(upstream:remotename)%00%(upstream:remoteref) refs/heads/main refs/remotes/main [2ms]
2023-04-10 12:47:42.731 [info] > git status -z -uall [5ms]
2023-04-10 12:48:33.694 [info] > git check-ignore -v -z --stdin [2ms]
2023-04-10 12:48:34.936 [info] > git check-ignore -v -z --stdin [1ms]
2023-04-10 12:48:36.591 [info] > git check-ignore -v -z --stdin [3ms]
2023-04-10 12:48:38.089 [info] > git show --textconv :roger-melo-js/modulo-08/exercicio2/app.js [15ms]
2023-04-10 12:48:38.092 [info] > git ls-files --stage -- /home/ianbit/Documents/cursos/roger-melo-js/modulo-08/exercicio2/app.js [5ms]
2023-04-10 12:48:38.103 [info] > git cat-file -s 89a6324fa1b5dd4b703eca3e9ab3f23329206cd6 [2ms]
2023-04-10 12:48:44.194 [info] > git show --textconv :roger-melo-js/modulo-08/exercicio1/app.js [13ms]
2023-04-10 12:48:44.197 [info] > git ls-files --stage -- /home/ianbit/Documents/cursos/roger-melo-js/modulo-08/exercicio1/app.js [4ms]
2023-04-10 12:48:44.214 [info] > git cat-file -s cbf54419f1889ddaf092dfd9da5dcc6349e2ca6a [4ms]
2023-04-10 12:48:53.860 [info] > git show --textconv :roger-melo-js/modulo-08/exercicio2/app.js [12ms]
2023-04-10 12:48:53.862 [info] > git ls-files --stage -- /home/ianbit/Documents/cursos/roger-melo-js/modulo-08/exercicio2/app.js [3ms]
2023-04-10 12:48:53.870 [info] > git cat-file -s 89a6324fa1b5dd4b703eca3e9ab3f23329206cd6 [1ms]
2023-04-10 12:49:35.979 [info] > git check-ignore -v -z --stdin [2ms]
2023-04-10 12:49:52.931 [info] > git check-ignore -v -z --stdin [1ms]
2023-04-10 12:49:54.111 [info] > git config --get commit.template [3ms]
2023-04-10 12:49:54.120 [info] > git for-each-ref --format=%(refname)%00%(upstream:short)%00%(objectname)%00%(upstream:track)%00%(upstream:remotename)%00%(upstream:remoteref) refs/heads/main refs/remotes/main [2ms]
2023-04-10 12:49:54.134 [info] > git status -z -uall [5ms]
2023-04-10 12:49:58.000 [info] > git show --textconv :roger-melo-js/modulo-09/exercicio1/app.js [8ms]
2023-04-10 12:49:58.002 [info] > git ls-files --stage -- /home/ianbit/Documents/cursos/roger-melo-js/modulo-09/exercicio1/app.js [3ms]
2023-04-10 12:49:58.441 [info] > git show --textconv :roger-melo-js/modulo-09/exercicio1/index.html [1ms]
2023-04-10 12:49:58.453 [info] > git ls-files --stage -- /home/ianbit/Documents/cursos/roger-melo-js/modulo-09/exercicio1/index.html [2ms]
2023-04-10 12:49:59.165 [info] > git config --get commit.template [12ms]
2023-04-10 12:49:59.167 [info] > git for-each-ref --format=%(refname)%00%(upstream:short)%00%(objectname)%00%(upstream:track)%00%(upstream:remotename)%00%(upstream:remoteref) refs/heads/main refs/remotes/main [3ms]
2023-04-10 12:49:59.186 [info] > git status -z -uall [9ms]
2023-04-10 12:50:11.803 [info] > git config --get commit.template [10ms]
2023-04-10 12:50:11.805 [info] > git for-each-ref --format=%(refname)%00%(upstream:short)%00%(objectname)%00%(upstream:track)%00%(upstream:remotename)%00%(upstream:remoteref) refs/heads/main refs/remotes/main [3ms]
2023-04-10 12:50:11.824 [info] > git status -z -uall [10ms]
2023-04-10 12:54:49.748 [info] > git show --textconv :roger-melo-js/modulo-09/exercicio1/app.js [17ms]
2023-04-10 12:54:49.749 [info] > git ls-files --stage -- /home/ianbit/Documents/cursos/roger-melo-js/modulo-09/exercicio1/app.js [3ms]
2023-04-10 12:55:20.061 [info] > git config --get commit.template [13ms]
2023-04-10 12:55:20.062 [info] > git for-each-ref --format=%(refname)%00%(upstream:short)%00%(objectname)%00%(upstream:track)%00%(upstream:remotename)%00%(upstream:remoteref) refs/heads/main refs/remotes/main [3ms]
2023-04-10 12:55:20.080 [info] > git status -z -uall [8ms]
2023-04-10 12:56:38.391 [info] > git config --get commit.template [1ms]
2023-04-10 12:56:38.401 [info] > git for-each-ref --format=%(refname)%00%(upstream:short)%00%(objectname)%00%(upstream:track)%00%(upstream:remotename)%00%(upstream:remoteref) refs/heads/main refs/remotes/main [2ms]
2023-04-10 12:56:38.418 [info] > git status -z -uall [5ms]
2023-04-10 12:56:58.951 [info] > git config --get commit.template [1ms]
2023-04-10 12:56:58.968 [info] > git for-each-ref --format=%(refname)%00%(upstream:short)%00%(objectname)%00%(upstream:track)%00%(upstream:remotename)%00%(upstream:remoteref) refs/heads/main refs/remotes/main [2ms]
2023-04-10 12:56:58.984 [info] > git status -z -uall [5ms]
2023-04-10 12:57:16.004 [info] > git config --get commit.template [10ms]
2023-04-10 12:57:16.007 [info] > git for-each-ref --format=%(refname)%00%(upstream:short)%00%(objectname)%00%(upstream:track)%00%(upstream:remotename)%00%(upstream:remoteref) refs/heads/main refs/remotes/main [3ms]
2023-04-10 12:57:16.045 [info] > git status -z -uall [29ms]
