2023-03-13 19:19:47.824 [info] Log level: Info
2023-03-13 19:19:47.824 [info] Validating found git in: "git"
2023-03-13 19:19:47.824 [info] Using git "2.39.2" from "git"
2023-03-13 19:19:47.824 [info] > git rev-parse --show-toplevel [7ms]
2023-03-13 19:19:47.824 [info] > git rev-parse --git-dir --git-common-dir [1ms]
2023-03-13 19:19:47.824 [info] Open repository: /home/ianbit/Documents/cursos
2023-03-13 19:19:47.824 [info] > git rev-parse --show-toplevel [13ms]
2023-03-13 19:19:47.824 [info] > git rev-parse --show-toplevel [3ms]
2023-03-13 19:19:47.824 [info] > git config --get commit.template [29ms]
2023-03-13 19:19:47.824 [info] > git rev-parse --show-toplevel [5ms]
2023-03-13 19:19:47.824 [info] > git rev-parse --show-toplevel [17ms]
2023-03-13 19:19:47.824 [info] > git rev-parse --show-toplevel [60ms]
2023-03-13 19:19:47.824 [info] > git for-each-ref --format=%(refname)%00%(upstream:short)%00%(objectname)%00%(upstream:track)%00%(upstream:remotename)%00%(upstream:remoteref) refs/heads/main refs/remotes/main [90ms]
2023-03-13 19:19:47.824 [info] > git rev-parse --show-toplevel [55ms]
2023-03-13 19:19:47.825 [info] > git rev-parse --show-toplevel [2ms]
2023-03-13 19:19:47.839 [info] > git status -z -uall [69ms]
2023-03-13 19:19:47.863 [info] > git rev-parse --show-toplevel [25ms]
2023-03-13 19:19:47.867 [info] > git config --get commit.template [4ms]
2023-03-13 19:19:47.883 [info] > git for-each-ref --format=%(refname)%00%(upstream:short)%00%(objectname)%00%(upstream:track)%00%(upstream:remotename)%00%(upstream:remoteref) refs/heads/main refs/remotes/main [2ms]
2023-03-13 19:19:47.911 [info] > git status -z -uall [12ms]
2023-03-13 19:19:48.298 [info] > git check-ignore -v -z --stdin [2ms]
2023-03-13 19:19:50.473 [info] > git show --textconv :roger-melo-js/modulo-08/exercicio1/app.js [16ms]
2023-03-13 19:19:50.473 [info] > git ls-files --stage -- /home/ianbit/Documents/cursos/roger-melo-js/modulo-08/exercicio1/app.js [2ms]
2023-03-13 19:19:50.489 [info] > git cat-file -s cbf54419f1889ddaf092dfd9da5dcc6349e2ca6a [4ms]
