2023-04-13 12:38:49.566 [info] Added views:workbench.panel.markers.view in workbench.panel.markers
2023-04-13 12:38:49.566 [info] Added views:workbench.panel.output in workbench.panel.output
2023-04-13 12:38:49.566 [info] Added views:terminal in terminal
2023-04-13 12:38:49.566 [info] Added views:outline in workbench.view.explorer
2023-04-13 12:38:49.566 [info] Added views:workbench.scm in workbench.view.scm
2023-04-13 12:38:49.566 [info] Added views:workbench.view.search in workbench.view.search
2023-04-13 12:38:49.566 [info] Added views:timeline in workbench.view.explorer
2023-04-13 12:38:49.566 [info] Added views:workbench.explorer.fileView in workbench.view.explorer
2023-04-13 12:38:49.918 [info] Added views:workbench.debug.welcome in workbench.view.debug
2023-04-13 12:38:50.727 [info] Added views:workbench.panel.repl.view in workbench.panel.repl
2023-04-13 12:43:50.808 [info] Added views:workbench.panel.markers.view in workbench.panel.markers
2023-04-13 12:43:50.809 [info] Added views:workbench.panel.output in workbench.panel.output
2023-04-13 12:43:50.809 [info] Added views:terminal in terminal
2023-04-13 12:43:50.809 [info] Added views:outline in workbench.view.explorer
2023-04-13 12:43:50.809 [info] Added views:workbench.scm in workbench.view.scm
2023-04-13 12:43:50.809 [info] Added views:workbench.view.search in workbench.view.search
2023-04-13 12:43:50.809 [info] Added views:timeline in workbench.view.explorer
2023-04-13 12:43:50.809 [info] Added views:workbench.explorer.fileView in workbench.view.explorer
2023-04-13 12:43:51.425 [info] Added views:workbench.debug.variablesView,workbench.debug.watchExpressionsView,workbench.debug.callStackView,workbench.debug.breakPointsView in workbench.view.debug
2023-04-13 12:43:51.589 [info] Added views:workbench.panel.repl.view in workbench.panel.repl
2023-04-13 12:43:51.592 [info] Removed views:workbench.debug.breakPointsView,workbench.debug.callStackView,workbench.debug.watchExpressionsView,workbench.debug.variablesView from workbench.view.debug
2023-04-13 12:43:51.594 [info] Added views:workbench.debug.welcome in workbench.view.debug
2023-04-13 12:44:51.305 [info] Added views:workbench.panel.markers.view in workbench.panel.markers
2023-04-13 12:44:51.305 [info] Added views:workbench.panel.output in workbench.panel.output
2023-04-13 12:44:51.305 [info] Added views:terminal in terminal
2023-04-13 12:44:51.305 [info] Added views:outline in workbench.view.explorer
2023-04-13 12:44:51.305 [info] Added views:workbench.scm in workbench.view.scm
2023-04-13 12:44:51.305 [info] Added views:workbench.view.search in workbench.view.search
2023-04-13 12:44:51.305 [info] Added views:timeline in workbench.view.explorer
2023-04-13 12:44:51.305 [info] Added views:workbench.explorer.fileView in workbench.view.explorer
2023-04-13 12:44:51.988 [info] Added views:workbench.debug.welcome in workbench.view.debug
2023-04-13 12:44:52.039 [info] Added views:workbench.panel.repl.view in workbench.panel.repl
2023-04-13 12:45:03.206 [info] Added views:workbench.panel.markers.view in workbench.panel.markers
2023-04-13 12:45:03.207 [info] Added views:workbench.panel.output in workbench.panel.output
2023-04-13 12:45:03.207 [info] Added views:terminal in terminal
2023-04-13 12:45:03.207 [info] Added views:outline in workbench.view.explorer
2023-04-13 12:45:03.207 [info] Added views:workbench.scm in workbench.view.scm
2023-04-13 12:45:03.207 [info] Added views:workbench.view.search in workbench.view.search
2023-04-13 12:45:03.207 [info] Added views:timeline in workbench.view.explorer
2023-04-13 12:45:03.207 [info] Added views:workbench.explorer.fileView in workbench.view.explorer
2023-04-13 12:45:03.516 [info] Added views:workbench.debug.welcome in workbench.view.debug
2023-04-13 12:45:04.010 [info] Added views:workbench.panel.repl.view in workbench.panel.repl
