2023-06-29 20:22:00.157 [info] Getting Manifest... ms-vscode.cmake-tools
2023-06-29 20:22:00.950 [info] Installing extension: ms-vscode.cmake-tools
2023-06-29 20:22:04.591 [info] Extension signature is verified: ms-vscode.cmake-tools
2023-06-29 20:22:04.896 [info] Extracted extension to /home/ianbit/.vscode/extensions/.e88f95aa-ea4b-430c-94d6-44c5c14d03f7: ms-vscode.cmake-tools
2023-06-29 20:22:04.903 [info] Renamed to /home/ianbit/.vscode/extensions/ms-vscode.cmake-tools-1.14.34
2023-06-29 20:22:04.908 [info] Extracting extension completed. ms-vscode.cmake-tools
2023-06-29 20:22:04.929 [info] Extension installed successfully: ms-vscode.cmake-tools
2023-06-29 20:22:04.940 [info] Marked extension as uninstalled ms-vscode.cmake-tools-1.14.33
2023-06-29 20:31:42.282 [error] [uncaught exception in sharedProcess]: Cannot read properties of undefined (reading 'then'): TypeError: Cannot read properties of undefined (reading 'then')
    at E.s (/opt/vscode/resources/app/out/vs/code/node/sharedProcess/sharedProcessMain.js:23:4949)
    at E.q (/opt/vscode/resources/app/out/vs/code/node/sharedProcess/sharedProcessMain.js:23:4352)
    at /opt/vscode/resources/app/out/vs/code/node/sharedProcess/sharedProcessMain.js:23:3752
    at w.invoke (/opt/vscode/resources/app/out/vs/code/node/sharedProcess/sharedProcessMain.js:19:145)
    at u.deliver (/opt/vscode/resources/app/out/vs/code/node/sharedProcess/sharedProcessMain.js:19:2121)
    at a.fire (/opt/vscode/resources/app/out/vs/code/node/sharedProcess/sharedProcessMain.js:19:1729)
    at MessagePortMain.J (/opt/vscode/resources/app/out/vs/code/node/sharedProcess/sharedProcessMain.js:17:23922)
    at MessagePortMain.emit (node:events:513:28)
    at MessagePortMain._internalPort.emit (node:electron/js2c/utility_init:2:367)
2023-06-29 20:31:42.736 [error] [uncaught exception in sharedProcess]: Cannot read properties of undefined (reading 'then'): TypeError: Cannot read properties of undefined (reading 'then')
    at E.s (/opt/vscode/resources/app/out/vs/code/node/sharedProcess/sharedProcessMain.js:23:4949)
    at E.q (/opt/vscode/resources/app/out/vs/code/node/sharedProcess/sharedProcessMain.js:23:4352)
    at /opt/vscode/resources/app/out/vs/code/node/sharedProcess/sharedProcessMain.js:23:3752
    at w.invoke (/opt/vscode/resources/app/out/vs/code/node/sharedProcess/sharedProcessMain.js:19:145)
    at u.deliver (/opt/vscode/resources/app/out/vs/code/node/sharedProcess/sharedProcessMain.js:19:2121)
    at a.fire (/opt/vscode/resources/app/out/vs/code/node/sharedProcess/sharedProcessMain.js:19:1729)
    at MessagePortMain.J (/opt/vscode/resources/app/out/vs/code/node/sharedProcess/sharedProcessMain.js:17:23922)
    at MessagePortMain.emit (node:events:513:28)
    at MessagePortMain._internalPort.emit (node:electron/js2c/utility_init:2:367)
2023-06-29 20:33:49.107 [error] [uncaught exception in sharedProcess]: Cannot read properties of undefined (reading 'then'): TypeError: Cannot read properties of undefined (reading 'then')
    at E.s (/opt/vscode/resources/app/out/vs/code/node/sharedProcess/sharedProcessMain.js:23:4949)
    at E.q (/opt/vscode/resources/app/out/vs/code/node/sharedProcess/sharedProcessMain.js:23:4352)
    at /opt/vscode/resources/app/out/vs/code/node/sharedProcess/sharedProcessMain.js:23:3752
    at w.invoke (/opt/vscode/resources/app/out/vs/code/node/sharedProcess/sharedProcessMain.js:19:145)
    at u.deliver (/opt/vscode/resources/app/out/vs/code/node/sharedProcess/sharedProcessMain.js:19:2121)
    at a.fire (/opt/vscode/resources/app/out/vs/code/node/sharedProcess/sharedProcessMain.js:19:1729)
    at MessagePortMain.J (/opt/vscode/resources/app/out/vs/code/node/sharedProcess/sharedProcessMain.js:17:23922)
    at MessagePortMain.emit (node:events:513:28)
    at MessagePortMain._internalPort.emit (node:electron/js2c/utility_init:2:367)
2023-06-29 20:33:49.460 [error] [uncaught exception in sharedProcess]: Cannot read properties of undefined (reading 'then'): TypeError: Cannot read properties of undefined (reading 'then')
    at E.s (/opt/vscode/resources/app/out/vs/code/node/sharedProcess/sharedProcessMain.js:23:4949)
    at E.q (/opt/vscode/resources/app/out/vs/code/node/sharedProcess/sharedProcessMain.js:23:4352)
    at /opt/vscode/resources/app/out/vs/code/node/sharedProcess/sharedProcessMain.js:23:3752
    at w.invoke (/opt/vscode/resources/app/out/vs/code/node/sharedProcess/sharedProcessMain.js:19:145)
    at u.deliver (/opt/vscode/resources/app/out/vs/code/node/sharedProcess/sharedProcessMain.js:19:2121)
    at a.fire (/opt/vscode/resources/app/out/vs/code/node/sharedProcess/sharedProcessMain.js:19:1729)
    at MessagePortMain.J (/opt/vscode/resources/app/out/vs/code/node/sharedProcess/sharedProcessMain.js:17:23922)
    at MessagePortMain.emit (node:events:513:28)
    at MessagePortMain._internalPort.emit (node:electron/js2c/utility_init:2:367)
2023-06-29 23:39:42.160 [error] [uncaught exception in sharedProcess]: Cannot read properties of undefined (reading 'then'): TypeError: Cannot read properties of undefined (reading 'then')
    at E.s (/opt/vscode/resources/app/out/vs/code/node/sharedProcess/sharedProcessMain.js:23:4949)
    at E.q (/opt/vscode/resources/app/out/vs/code/node/sharedProcess/sharedProcessMain.js:23:4352)
    at /opt/vscode/resources/app/out/vs/code/node/sharedProcess/sharedProcessMain.js:23:3752
    at w.invoke (/opt/vscode/resources/app/out/vs/code/node/sharedProcess/sharedProcessMain.js:19:145)
    at u.deliver (/opt/vscode/resources/app/out/vs/code/node/sharedProcess/sharedProcessMain.js:19:2121)
    at a.fire (/opt/vscode/resources/app/out/vs/code/node/sharedProcess/sharedProcessMain.js:19:1729)
    at MessagePortMain.J (/opt/vscode/resources/app/out/vs/code/node/sharedProcess/sharedProcessMain.js:17:23922)
    at MessagePortMain.emit (node:events:513:28)
    at MessagePortMain._internalPort.emit (node:electron/js2c/utility_init:2:367)
2023-06-29 23:39:42.502 [error] [uncaught exception in sharedProcess]: Cannot read properties of undefined (reading 'then'): TypeError: Cannot read properties of undefined (reading 'then')
    at E.s (/opt/vscode/resources/app/out/vs/code/node/sharedProcess/sharedProcessMain.js:23:4949)
    at E.q (/opt/vscode/resources/app/out/vs/code/node/sharedProcess/sharedProcessMain.js:23:4352)
    at /opt/vscode/resources/app/out/vs/code/node/sharedProcess/sharedProcessMain.js:23:3752
    at w.invoke (/opt/vscode/resources/app/out/vs/code/node/sharedProcess/sharedProcessMain.js:19:145)
    at u.deliver (/opt/vscode/resources/app/out/vs/code/node/sharedProcess/sharedProcessMain.js:19:2121)
    at a.fire (/opt/vscode/resources/app/out/vs/code/node/sharedProcess/sharedProcessMain.js:19:1729)
    at MessagePortMain.J (/opt/vscode/resources/app/out/vs/code/node/sharedProcess/sharedProcessMain.js:17:23922)
    at MessagePortMain.emit (node:events:513:28)
    at MessagePortMain._internalPort.emit (node:electron/js2c/utility_init:2:367)
2023-06-29 23:47:07.590 [error] [uncaught exception in sharedProcess]: Cannot read properties of undefined (reading 'then'): TypeError: Cannot read properties of undefined (reading 'then')
    at E.s (/opt/vscode/resources/app/out/vs/code/node/sharedProcess/sharedProcessMain.js:23:4949)
    at E.q (/opt/vscode/resources/app/out/vs/code/node/sharedProcess/sharedProcessMain.js:23:4352)
    at /opt/vscode/resources/app/out/vs/code/node/sharedProcess/sharedProcessMain.js:23:3752
    at w.invoke (/opt/vscode/resources/app/out/vs/code/node/sharedProcess/sharedProcessMain.js:19:145)
    at u.deliver (/opt/vscode/resources/app/out/vs/code/node/sharedProcess/sharedProcessMain.js:19:2121)
    at a.fire (/opt/vscode/resources/app/out/vs/code/node/sharedProcess/sharedProcessMain.js:19:1729)
    at MessagePortMain.J (/opt/vscode/resources/app/out/vs/code/node/sharedProcess/sharedProcessMain.js:17:23922)
    at MessagePortMain.emit (node:events:513:28)
    at MessagePortMain._internalPort.emit (node:electron/js2c/utility_init:2:367)
2023-06-29 23:47:20.190 [error] [uncaught exception in sharedProcess]: Cannot read properties of undefined (reading 'then'): TypeError: Cannot read properties of undefined (reading 'then')
    at E.s (/opt/vscode/resources/app/out/vs/code/node/sharedProcess/sharedProcessMain.js:23:4949)
    at E.q (/opt/vscode/resources/app/out/vs/code/node/sharedProcess/sharedProcessMain.js:23:4352)
    at /opt/vscode/resources/app/out/vs/code/node/sharedProcess/sharedProcessMain.js:23:3752
    at w.invoke (/opt/vscode/resources/app/out/vs/code/node/sharedProcess/sharedProcessMain.js:19:145)
    at u.deliver (/opt/vscode/resources/app/out/vs/code/node/sharedProcess/sharedProcessMain.js:19:2121)
    at a.fire (/opt/vscode/resources/app/out/vs/code/node/sharedProcess/sharedProcessMain.js:19:1729)
    at MessagePortMain.J (/opt/vscode/resources/app/out/vs/code/node/sharedProcess/sharedProcessMain.js:17:23922)
    at MessagePortMain.emit (node:events:513:28)
    at MessagePortMain._internalPort.emit (node:electron/js2c/utility_init:2:367)
2023-06-29 23:48:01.250 [error] [uncaught exception in sharedProcess]: Cannot read properties of undefined (reading 'then'): TypeError: Cannot read properties of undefined (reading 'then')
    at E.s (/opt/vscode/resources/app/out/vs/code/node/sharedProcess/sharedProcessMain.js:23:4949)
    at E.q (/opt/vscode/resources/app/out/vs/code/node/sharedProcess/sharedProcessMain.js:23:4352)
    at /opt/vscode/resources/app/out/vs/code/node/sharedProcess/sharedProcessMain.js:23:3752
    at w.invoke (/opt/vscode/resources/app/out/vs/code/node/sharedProcess/sharedProcessMain.js:19:145)
    at u.deliver (/opt/vscode/resources/app/out/vs/code/node/sharedProcess/sharedProcessMain.js:19:2121)
    at a.fire (/opt/vscode/resources/app/out/vs/code/node/sharedProcess/sharedProcessMain.js:19:1729)
    at MessagePortMain.J (/opt/vscode/resources/app/out/vs/code/node/sharedProcess/sharedProcessMain.js:17:23922)
    at MessagePortMain.emit (node:events:513:28)
    at MessagePortMain._internalPort.emit (node:electron/js2c/utility_init:2:367)
2023-06-29 23:48:05.078 [error] [uncaught exception in sharedProcess]: Cannot read properties of undefined (reading 'then'): TypeError: Cannot read properties of undefined (reading 'then')
    at E.s (/opt/vscode/resources/app/out/vs/code/node/sharedProcess/sharedProcessMain.js:23:4949)
    at E.q (/opt/vscode/resources/app/out/vs/code/node/sharedProcess/sharedProcessMain.js:23:4352)
    at /opt/vscode/resources/app/out/vs/code/node/sharedProcess/sharedProcessMain.js:23:3752
    at w.invoke (/opt/vscode/resources/app/out/vs/code/node/sharedProcess/sharedProcessMain.js:19:145)
    at u.deliver (/opt/vscode/resources/app/out/vs/code/node/sharedProcess/sharedProcessMain.js:19:2121)
    at a.fire (/opt/vscode/resources/app/out/vs/code/node/sharedProcess/sharedProcessMain.js:19:1729)
    at MessagePortMain.J (/opt/vscode/resources/app/out/vs/code/node/sharedProcess/sharedProcessMain.js:17:23922)
    at MessagePortMain.emit (node:events:513:28)
    at MessagePortMain._internalPort.emit (node:electron/js2c/utility_init:2:367)
2023-06-29 23:48:18.996 [error] [uncaught exception in sharedProcess]: Cannot read properties of undefined (reading 'then'): TypeError: Cannot read properties of undefined (reading 'then')
    at E.s (/opt/vscode/resources/app/out/vs/code/node/sharedProcess/sharedProcessMain.js:23:4949)
    at E.q (/opt/vscode/resources/app/out/vs/code/node/sharedProcess/sharedProcessMain.js:23:4352)
    at /opt/vscode/resources/app/out/vs/code/node/sharedProcess/sharedProcessMain.js:23:3752
    at w.invoke (/opt/vscode/resources/app/out/vs/code/node/sharedProcess/sharedProcessMain.js:19:145)
    at u.deliver (/opt/vscode/resources/app/out/vs/code/node/sharedProcess/sharedProcessMain.js:19:2121)
    at a.fire (/opt/vscode/resources/app/out/vs/code/node/sharedProcess/sharedProcessMain.js:19:1729)
    at MessagePortMain.J (/opt/vscode/resources/app/out/vs/code/node/sharedProcess/sharedProcessMain.js:17:23922)
    at MessagePortMain.emit (node:events:513:28)
    at MessagePortMain._internalPort.emit (node:electron/js2c/utility_init:2:367)
2023-06-29 23:48:24.081 [error] [uncaught exception in sharedProcess]: Cannot read properties of undefined (reading 'then'): TypeError: Cannot read properties of undefined (reading 'then')
    at E.s (/opt/vscode/resources/app/out/vs/code/node/sharedProcess/sharedProcessMain.js:23:4949)
    at E.q (/opt/vscode/resources/app/out/vs/code/node/sharedProcess/sharedProcessMain.js:23:4352)
    at /opt/vscode/resources/app/out/vs/code/node/sharedProcess/sharedProcessMain.js:23:3752
    at w.invoke (/opt/vscode/resources/app/out/vs/code/node/sharedProcess/sharedProcessMain.js:19:145)
    at u.deliver (/opt/vscode/resources/app/out/vs/code/node/sharedProcess/sharedProcessMain.js:19:2121)
    at a.fire (/opt/vscode/resources/app/out/vs/code/node/sharedProcess/sharedProcessMain.js:19:1729)
    at MessagePortMain.J (/opt/vscode/resources/app/out/vs/code/node/sharedProcess/sharedProcessMain.js:17:23922)
    at MessagePortMain.emit (node:events:513:28)
    at MessagePortMain._internalPort.emit (node:electron/js2c/utility_init:2:367)
