2023-06-25 15:03:38.859 [info] Deleted from disk ms-vscode.cpptools /home/ianbit/.vscode/extensions/ms-vscode.cpptools-1.16.2-linux-x64
2023-06-25 15:11:47.266 [error] [uncaught exception in sharedProcess]: Cannot read properties of undefined (reading 'then'): TypeError: Cannot read properties of undefined (reading 'then')
    at E.s (/opt/vscode/resources/app/out/vs/code/node/sharedProcess/sharedProcessMain.js:23:4949)
    at E.q (/opt/vscode/resources/app/out/vs/code/node/sharedProcess/sharedProcessMain.js:23:4352)
    at /opt/vscode/resources/app/out/vs/code/node/sharedProcess/sharedProcessMain.js:23:3752
    at w.invoke (/opt/vscode/resources/app/out/vs/code/node/sharedProcess/sharedProcessMain.js:19:145)
    at u.deliver (/opt/vscode/resources/app/out/vs/code/node/sharedProcess/sharedProcessMain.js:19:2121)
    at a.fire (/opt/vscode/resources/app/out/vs/code/node/sharedProcess/sharedProcessMain.js:19:1729)
    at MessagePortMain.J (/opt/vscode/resources/app/out/vs/code/node/sharedProcess/sharedProcessMain.js:17:23922)
    at MessagePortMain.emit (node:events:513:28)
    at MessagePortMain._internalPort.emit (node:electron/js2c/utility_init:2:367)
2023-06-25 15:11:47.742 [error] [uncaught exception in sharedProcess]: Cannot read properties of undefined (reading 'then'): TypeError: Cannot read properties of undefined (reading 'then')
    at E.s (/opt/vscode/resources/app/out/vs/code/node/sharedProcess/sharedProcessMain.js:23:4949)
    at E.q (/opt/vscode/resources/app/out/vs/code/node/sharedProcess/sharedProcessMain.js:23:4352)
    at /opt/vscode/resources/app/out/vs/code/node/sharedProcess/sharedProcessMain.js:23:3752
    at w.invoke (/opt/vscode/resources/app/out/vs/code/node/sharedProcess/sharedProcessMain.js:19:145)
    at u.deliver (/opt/vscode/resources/app/out/vs/code/node/sharedProcess/sharedProcessMain.js:19:2121)
    at a.fire (/opt/vscode/resources/app/out/vs/code/node/sharedProcess/sharedProcessMain.js:19:1729)
    at MessagePortMain.J (/opt/vscode/resources/app/out/vs/code/node/sharedProcess/sharedProcessMain.js:17:23922)
    at MessagePortMain.emit (node:events:513:28)
    at MessagePortMain._internalPort.emit (node:electron/js2c/utility_init:2:367)
2023-06-25 15:12:12.960 [error] [uncaught exception in sharedProcess]: Cannot read properties of undefined (reading 'then'): TypeError: Cannot read properties of undefined (reading 'then')
    at E.s (/opt/vscode/resources/app/out/vs/code/node/sharedProcess/sharedProcessMain.js:23:4949)
    at E.q (/opt/vscode/resources/app/out/vs/code/node/sharedProcess/sharedProcessMain.js:23:4352)
    at /opt/vscode/resources/app/out/vs/code/node/sharedProcess/sharedProcessMain.js:23:3752
    at w.invoke (/opt/vscode/resources/app/out/vs/code/node/sharedProcess/sharedProcessMain.js:19:145)
    at u.deliver (/opt/vscode/resources/app/out/vs/code/node/sharedProcess/sharedProcessMain.js:19:2121)
    at a.fire (/opt/vscode/resources/app/out/vs/code/node/sharedProcess/sharedProcessMain.js:19:1729)
    at MessagePortMain.J (/opt/vscode/resources/app/out/vs/code/node/sharedProcess/sharedProcessMain.js:17:23922)
    at MessagePortMain.emit (node:events:513:28)
    at MessagePortMain._internalPort.emit (node:electron/js2c/utility_init:2:367)
2023-06-25 15:12:13.364 [error] [uncaught exception in sharedProcess]: Cannot read properties of undefined (reading 'then'): TypeError: Cannot read properties of undefined (reading 'then')
    at E.s (/opt/vscode/resources/app/out/vs/code/node/sharedProcess/sharedProcessMain.js:23:4949)
    at E.q (/opt/vscode/resources/app/out/vs/code/node/sharedProcess/sharedProcessMain.js:23:4352)
    at /opt/vscode/resources/app/out/vs/code/node/sharedProcess/sharedProcessMain.js:23:3752
    at w.invoke (/opt/vscode/resources/app/out/vs/code/node/sharedProcess/sharedProcessMain.js:19:145)
    at u.deliver (/opt/vscode/resources/app/out/vs/code/node/sharedProcess/sharedProcessMain.js:19:2121)
    at a.fire (/opt/vscode/resources/app/out/vs/code/node/sharedProcess/sharedProcessMain.js:19:1729)
    at MessagePortMain.J (/opt/vscode/resources/app/out/vs/code/node/sharedProcess/sharedProcessMain.js:17:23922)
    at MessagePortMain.emit (node:events:513:28)
    at MessagePortMain._internalPort.emit (node:electron/js2c/utility_init:2:367)
