2023-04-11 23:41:08.238 [info] Log level: Info
2023-04-11 23:41:08.238 [info] Validating found git in: "git"
2023-04-11 23:41:08.238 [info] Using git "2.40.0" from "git"
2023-04-11 23:41:08.238 [info] > git rev-parse --show-toplevel [6ms]
2023-04-11 23:41:08.238 [info] > git rev-parse --git-dir --git-common-dir [7ms]
2023-04-11 23:41:08.238 [info] Open repository: /home/ianbit/Documents/challenges
2023-04-11 23:41:08.257 [info] > git rev-parse --show-toplevel [359ms]
2023-04-11 23:41:08.323 [info] > git rev-parse --show-toplevel [56ms]
2023-04-11 23:41:08.337 [info] > git config --get commit.template [86ms]
2023-04-11 23:41:08.380 [info] > git rev-parse --show-toplevel [46ms]
2023-04-11 23:41:08.428 [info] > git show --textconv :news-homepage-main/style.css [34ms]
2023-04-11 23:41:08.429 [info] > git ls-files --stage -- /home/ianbit/Documents/challenges/news-homepage-main/style.css [24ms]
2023-04-11 23:41:08.441 [info] > git cat-file -s 47f6dc822e4c675ba8637ca50dea13c333cac3fe [5ms]
2023-04-11 23:41:08.443 [info] > git for-each-ref --format=%(refname)%00%(upstream:short)%00%(objectname)%00%(upstream:track)%00%(upstream:remotename)%00%(upstream:remoteref) refs/heads/main refs/remotes/main [18ms]
2023-04-11 23:41:08.466 [info] > git status -z -uall [13ms]
2023-04-11 23:41:08.521 [info] > git config --get commit.template [11ms]
2023-04-11 23:41:08.538 [info] > git for-each-ref --format=%(refname)%00%(upstream:short)%00%(objectname)%00%(upstream:track)%00%(upstream:remotename)%00%(upstream:remoteref) refs/heads/main refs/remotes/main [3ms]
2023-04-11 23:41:08.557 [info] > git status -z -uall [7ms]
2023-04-11 23:41:08.752 [info] > git check-ignore -v -z --stdin [4ms]
2023-04-12 00:06:25.553 [info] > git config --get commit.template [12ms]
2023-04-12 00:06:25.554 [info] > git for-each-ref --format=%(refname)%00%(upstream:short)%00%(objectname)%00%(upstream:track)%00%(upstream:remotename)%00%(upstream:remoteref) refs/heads/main refs/remotes/main [2ms]
2023-04-12 00:06:25.565 [info] > git status -z -uall [4ms]
2023-04-12 00:06:43.103 [info] > git config --get commit.template [2ms]
2023-04-12 00:06:43.124 [info] > git for-each-ref --format=%(refname)%00%(upstream:short)%00%(objectname)%00%(upstream:track)%00%(upstream:remotename)%00%(upstream:remoteref) refs/heads/main refs/remotes/main [7ms]
2023-04-12 00:06:43.154 [info] > git status -z -uall [12ms]
2023-04-12 00:06:59.272 [info] > git show --textconv :news-homepage-main/style-guide.md [16ms]
2023-04-12 00:06:59.275 [info] > git ls-files --stage -- /home/ianbit/Documents/challenges/news-homepage-main/style-guide.md [4ms]
2023-04-12 00:06:59.289 [info] > git cat-file -s cd39197937a561ba0eb0bce2efb6cfefd3c87996 [2ms]
2023-04-12 00:07:14.816 [info] > git config --get commit.template [3ms]
2023-04-12 00:07:14.828 [info] > git for-each-ref --format=%(refname)%00%(upstream:short)%00%(objectname)%00%(upstream:track)%00%(upstream:remotename)%00%(upstream:remoteref) refs/heads/main refs/remotes/main [1ms]
2023-04-12 00:07:14.841 [info] > git status -z -uall [5ms]
2023-04-12 00:16:05.382 [info] > git config --get commit.template [2ms]
2023-04-12 00:16:05.398 [info] > git for-each-ref --format=%(refname)%00%(upstream:short)%00%(objectname)%00%(upstream:track)%00%(upstream:remotename)%00%(upstream:remoteref) refs/heads/main refs/remotes/main [2ms]
2023-04-12 00:16:05.412 [info] > git status -z -uall [6ms]
2023-04-12 00:16:50.650 [info] > git show --textconv :news-homepage-main/index.html [14ms]
2023-04-12 00:16:50.652 [info] > git ls-files --stage -- /home/ianbit/Documents/challenges/news-homepage-main/index.html [2ms]
2023-04-12 00:16:50.667 [info] > git cat-file -s 14fee9578b8cc1913c5fae65d7232c5557fa76fc [3ms]
2023-04-12 00:17:29.666 [info] > git config --get commit.template [2ms]
2023-04-12 00:17:29.682 [info] > git for-each-ref --format=%(refname)%00%(upstream:short)%00%(objectname)%00%(upstream:track)%00%(upstream:remotename)%00%(upstream:remoteref) refs/heads/main refs/remotes/main [1ms]
2023-04-12 00:17:29.705 [info] > git status -z -uall [8ms]
2023-04-12 00:17:46.151 [info] > git config --get commit.template [1ms]
2023-04-12 00:17:46.162 [info] > git for-each-ref --format=%(refname)%00%(upstream:short)%00%(objectname)%00%(upstream:track)%00%(upstream:remotename)%00%(upstream:remoteref) refs/heads/main refs/remotes/main [1ms]
2023-04-12 00:17:46.174 [info] > git status -z -uall [4ms]
2023-04-12 00:18:28.905 [info] > git config --get commit.template [13ms]
2023-04-12 00:18:28.906 [info] > git for-each-ref --format=%(refname)%00%(upstream:short)%00%(objectname)%00%(upstream:track)%00%(upstream:remotename)%00%(upstream:remoteref) refs/heads/main refs/remotes/main [3ms]
2023-04-12 00:18:28.924 [info] > git status -z -uall [5ms]
2023-04-12 00:18:37.850 [info] > git config --get commit.template [12ms]
2023-04-12 00:18:37.851 [info] > git for-each-ref --format=%(refname)%00%(upstream:short)%00%(objectname)%00%(upstream:track)%00%(upstream:remotename)%00%(upstream:remoteref) refs/heads/main refs/remotes/main [2ms]
2023-04-12 00:18:37.870 [info] > git status -z -uall [9ms]
2023-04-12 00:19:05.396 [info] > git config --get commit.template [13ms]
2023-04-12 00:19:05.398 [info] > git for-each-ref --format=%(refname)%00%(upstream:short)%00%(objectname)%00%(upstream:track)%00%(upstream:remotename)%00%(upstream:remoteref) refs/heads/main refs/remotes/main [3ms]
2023-04-12 00:19:05.418 [info] > git status -z -uall [5ms]
2023-04-12 00:19:17.504 [info] > git config --get commit.template [1ms]
2023-04-12 00:19:17.517 [info] > git for-each-ref --format=%(refname)%00%(upstream:short)%00%(objectname)%00%(upstream:track)%00%(upstream:remotename)%00%(upstream:remoteref) refs/heads/main refs/remotes/main [1ms]
2023-04-12 00:19:17.537 [info] > git status -z -uall [7ms]
2023-04-12 00:19:58.993 [info] > git config --get commit.template [13ms]
2023-04-12 00:19:58.994 [info] > git for-each-ref --format=%(refname)%00%(upstream:short)%00%(objectname)%00%(upstream:track)%00%(upstream:remotename)%00%(upstream:remoteref) refs/heads/main refs/remotes/main [3ms]
2023-04-12 00:19:59.008 [info] > git status -z -uall [4ms]
2023-04-12 00:20:10.767 [info] > git config --get commit.template [14ms]
2023-04-12 00:20:10.769 [info] > git for-each-ref --format=%(refname)%00%(upstream:short)%00%(objectname)%00%(upstream:track)%00%(upstream:remotename)%00%(upstream:remoteref) refs/heads/main refs/remotes/main [3ms]
2023-04-12 00:20:10.790 [info] > git status -z -uall [8ms]
2023-04-12 00:20:29.498 [info] > git config --get commit.template [1ms]
2023-04-12 00:20:29.512 [info] > git for-each-ref --format=%(refname)%00%(upstream:short)%00%(objectname)%00%(upstream:track)%00%(upstream:remotename)%00%(upstream:remoteref) refs/heads/main refs/remotes/main [2ms]
2023-04-12 00:20:29.532 [info] > git status -z -uall [10ms]
2023-04-12 00:23:24.747 [info] > git config --get commit.template [2ms]
2023-04-12 00:23:24.764 [info] > git for-each-ref --format=%(refname)%00%(upstream:short)%00%(objectname)%00%(upstream:track)%00%(upstream:remotename)%00%(upstream:remoteref) refs/heads/main refs/remotes/main [3ms]
2023-04-12 00:23:24.782 [info] > git status -z -uall [8ms]
2023-04-12 00:23:29.926 [info] > git config --get commit.template [14ms]
2023-04-12 00:23:29.928 [info] > git for-each-ref --format=%(refname)%00%(upstream:short)%00%(objectname)%00%(upstream:track)%00%(upstream:remotename)%00%(upstream:remoteref) refs/heads/main refs/remotes/main [3ms]
2023-04-12 00:23:29.942 [info] > git status -z -uall [3ms]
2023-04-12 00:26:25.054 [info] > git config --get commit.template [12ms]
2023-04-12 00:26:25.055 [info] > git for-each-ref --format=%(refname)%00%(upstream:short)%00%(objectname)%00%(upstream:track)%00%(upstream:remotename)%00%(upstream:remoteref) refs/heads/main refs/remotes/main [2ms]
2023-04-12 00:26:25.069 [info] > git status -z -uall [4ms]
2023-04-12 00:26:44.892 [info] > git config --get commit.template [11ms]
2023-04-12 00:26:44.893 [info] > git for-each-ref --format=%(refname)%00%(upstream:short)%00%(objectname)%00%(upstream:track)%00%(upstream:remotename)%00%(upstream:remoteref) refs/heads/main refs/remotes/main [3ms]
2023-04-12 00:26:44.909 [info] > git status -z -uall [3ms]
2023-04-12 00:36:05.754 [info] > git config --get commit.template [12ms]
2023-04-12 00:36:05.755 [info] > git for-each-ref --format=%(refname)%00%(upstream:short)%00%(objectname)%00%(upstream:track)%00%(upstream:remotename)%00%(upstream:remoteref) refs/heads/main refs/remotes/main [2ms]
2023-04-12 00:36:05.771 [info] > git status -z -uall [4ms]
2023-04-12 00:36:13.456 [info] > git config --get commit.template [10ms]
2023-04-12 00:36:13.457 [info] > git for-each-ref --format=%(refname)%00%(upstream:short)%00%(objectname)%00%(upstream:track)%00%(upstream:remotename)%00%(upstream:remoteref) refs/heads/main refs/remotes/main [2ms]
2023-04-12 00:36:13.469 [info] > git status -z -uall [4ms]
2023-04-12 00:37:23.179 [info] > git config --get commit.template [12ms]
2023-04-12 00:37:23.180 [info] > git for-each-ref --format=%(refname)%00%(upstream:short)%00%(objectname)%00%(upstream:track)%00%(upstream:remotename)%00%(upstream:remoteref) refs/heads/main refs/remotes/main [1ms]
2023-04-12 00:37:23.193 [info] > git status -z -uall [4ms]
2023-04-12 00:37:44.192 [info] > git config --get commit.template [12ms]
2023-04-12 00:37:44.194 [info] > git for-each-ref --format=%(refname)%00%(upstream:short)%00%(objectname)%00%(upstream:track)%00%(upstream:remotename)%00%(upstream:remoteref) refs/heads/main refs/remotes/main [2ms]
2023-04-12 00:37:44.208 [info] > git status -z -uall [4ms]
2023-04-12 00:37:49.003 [info] > git ls-files --stage -- /home/ianbit/Documents/challenges/news-homepage-main/style-guide.md [16ms]
2023-04-12 00:37:49.015 [info] > git ls-files --stage -- /home/ianbit/Documents/challenges/news-homepage-main/style.css [42ms]
2023-04-12 00:37:49.024 [info] > git cat-file -s 145b65c11b2b648b7971776e513ecd6c408b988f [2ms]
2023-04-12 00:37:49.025 [info] > git cat-file -s cd39197937a561ba0eb0bce2efb6cfefd3c87996 [10ms]
2023-04-12 00:37:49.027 [info] > git ls-files --stage -- /home/ianbit/Documents/challenges/news-homepage-main/index.html [26ms]
2023-04-12 00:37:49.066 [info] > git show --textconv :news-homepage-main/style.css [15ms]
2023-04-12 00:37:49.067 [info] > git cat-file -s b2a94f4c0bed2a07f3f939038bc80a9195d4a4f5 [29ms]
2023-04-12 00:37:49.073 [info] > git show --textconv :news-homepage-main/style-guide.md [7ms]
2023-04-12 00:37:49.090 [info] > git show --textconv :news-homepage-main/index.html [2ms]
2023-04-12 00:37:49.238 [info] > git config --get commit.template [13ms]
2023-04-12 00:37:49.240 [info] > git for-each-ref --format=%(refname)%00%(upstream:short)%00%(objectname)%00%(upstream:track)%00%(upstream:remotename)%00%(upstream:remoteref) refs/heads/main refs/remotes/main [3ms]
2023-04-12 00:37:49.254 [info] > git status -z -uall [6ms]
2023-04-12 00:38:18.935 [info] > git config --get commit.template [1ms]
2023-04-12 00:38:18.950 [info] > git for-each-ref --format=%(refname)%00%(upstream:short)%00%(objectname)%00%(upstream:track)%00%(upstream:remotename)%00%(upstream:remoteref) refs/heads/main refs/remotes/main [4ms]
2023-04-12 00:38:18.964 [info] > git status -z -uall [4ms]
2023-04-12 00:38:19.060 [info] > git ls-files --stage -- /home/ianbit/Documents/challenges/news-homepage-main/style-guide.md [10ms]
2023-04-12 00:38:19.067 [info] > git ls-files --stage -- /home/ianbit/Documents/challenges/news-homepage-main/style.css [28ms]
2023-04-12 00:38:19.077 [info] > git cat-file -s cd39197937a561ba0eb0bce2efb6cfefd3c87996 [10ms]
2023-04-12 00:38:19.078 [info] > git ls-files --stage -- /home/ianbit/Documents/challenges/news-homepage-main/index.html [19ms]
2023-04-12 00:38:19.087 [info] > git cat-file -s 145b65c11b2b648b7971776e513ecd6c408b988f [11ms]
2023-04-12 00:38:19.099 [info] > git cat-file -s b2a94f4c0bed2a07f3f939038bc80a9195d4a4f5 [12ms]
2023-04-12 00:38:19.110 [info] > git show --textconv :news-homepage-main/style-guide.md [12ms]
2023-04-12 00:38:19.122 [info] > git show --textconv :news-homepage-main/style.css [12ms]
2023-04-12 00:38:19.123 [info] > git show --textconv :news-homepage-main/index.html [2ms]
2023-04-12 00:38:24.519 [info] > git config --get commit.template [11ms]
2023-04-12 00:38:24.520 [info] > git for-each-ref --format=%(refname)%00%(upstream:short)%00%(objectname)%00%(upstream:track)%00%(upstream:remotename)%00%(upstream:remoteref) refs/heads/main refs/remotes/main [2ms]
2023-04-12 00:38:24.538 [info] > git status -z -uall [5ms]
2023-04-12 00:38:24.638 [info] > git ls-files --stage -- /home/ianbit/Documents/challenges/news-homepage-main/style-guide.md [14ms]
2023-04-12 00:38:24.650 [info] > git ls-files --stage -- /home/ianbit/Documents/challenges/news-homepage-main/style.css [41ms]
2023-04-12 00:38:24.661 [info] > git cat-file -s 145b65c11b2b648b7971776e513ecd6c408b988f [2ms]
2023-04-12 00:38:24.662 [info] > git cat-file -s cd39197937a561ba0eb0bce2efb6cfefd3c87996 [13ms]
2023-04-12 00:38:24.663 [info] > git ls-files --stage -- /home/ianbit/Documents/challenges/news-homepage-main/index.html [27ms]
2023-04-12 00:38:24.694 [info] > git show --textconv :news-homepage-main/style.css [11ms]
2023-04-12 00:38:24.694 [info] > git show --textconv :news-homepage-main/style-guide.md [1ms]
2023-04-12 00:38:24.695 [info] > git cat-file -s b2a94f4c0bed2a07f3f939038bc80a9195d4a4f5 [23ms]
2023-04-12 00:38:24.710 [info] > git show --textconv :news-homepage-main/index.html [2ms]
