2023-03-09 22:08:26.730 [info] Log level: Info
2023-03-09 22:08:26.730 [info] Validating found git in: "git"
2023-03-09 22:08:26.730 [info] Using git "2.39.2" from "git"
2023-03-09 22:08:26.730 [info] > git rev-parse --show-toplevel [19ms]
2023-03-09 22:08:26.730 [info] > git rev-parse --git-dir --git-common-dir [60ms]
2023-03-09 22:08:26.730 [info] Open repository: /home/ianbit/Documents/cursos
2023-03-09 22:08:26.730 [info] > git rev-parse --show-toplevel [115ms]
2023-03-09 22:08:26.734 [info] > git rev-parse --show-toplevel [62ms]
2023-03-09 22:08:26.747 [info] > git config --get commit.template [103ms]
2023-03-09 22:08:26.753 [info] > git rev-parse --show-toplevel [7ms]
2023-03-09 22:08:26.793 [info] > git rev-parse --show-toplevel [16ms]
2023-03-09 22:08:26.806 [info] > git for-each-ref --format=%(refname)%00%(upstream:short)%00%(objectname)%00%(upstream:track)%00%(upstream:remotename)%00%(upstream:remoteref) refs/heads/main refs/remotes/main [15ms]
2023-03-09 22:08:26.822 [info] > git rev-parse --show-toplevel [16ms]
2023-03-09 22:08:26.836 [info] > git rev-parse --show-toplevel [1ms]
2023-03-09 22:08:26.849 [info] > git status -z -uall [31ms]
2023-03-09 22:08:26.897 [info] > git rev-parse --show-toplevel [51ms]
2023-03-09 22:08:26.901 [info] > git config --get commit.template [6ms]
2023-03-09 22:08:26.982 [info] > git for-each-ref --format=%(refname)%00%(upstream:short)%00%(objectname)%00%(upstream:track)%00%(upstream:remotename)%00%(upstream:remoteref) refs/heads/main refs/remotes/main [58ms]
2023-03-09 22:08:27.095 [info] > git status -z -uall [95ms]
2023-03-09 22:08:27.181 [info] > git check-ignore -v -z --stdin [7ms]
2023-03-09 22:08:27.342 [info] > git show --textconv :roger-melo-js/modulo-07/exercicio1/app.js [52ms]
2023-03-09 22:08:27.342 [info] > git ls-files --stage -- /home/ianbit/Documents/cursos/roger-melo-js/modulo-07/exercicio1/app.js [14ms]
2023-03-09 22:49:27.591 [info] > git config --get commit.template [14ms]
2023-03-09 22:49:27.591 [info] > git for-each-ref --format=%(refname)%00%(upstream:short)%00%(objectname)%00%(upstream:track)%00%(upstream:remotename)%00%(upstream:remoteref) refs/heads/main refs/remotes/main [3ms]
2023-03-09 22:49:27.606 [info] > git status -z -uall [6ms]
2023-03-09 23:04:12.325 [info] > git check-ignore -v -z --stdin [2ms]
2023-03-09 23:04:16.913 [info] > git show --textconv :roger-melo-js/modulo-07/exercicio1/app.js [12ms]
2023-03-09 23:04:16.916 [info] > git ls-files --stage -- /home/ianbit/Documents/cursos/roger-melo-js/modulo-07/exercicio1/app.js [4ms]
2023-03-09 23:04:23.174 [info] > git config --get commit.template [12ms]
2023-03-09 23:04:23.178 [info] > git for-each-ref --format=%(refname)%00%(upstream:short)%00%(objectname)%00%(upstream:track)%00%(upstream:remotename)%00%(upstream:remoteref) refs/heads/main refs/remotes/main [6ms]
2023-03-09 23:04:23.205 [info] > git status -z -uall [17ms]
2023-03-09 23:04:24.567 [info] > git show --textconv :roger-melo-js/modulo-07/exercicio1/index.html [13ms]
2023-03-09 23:04:24.568 [info] > git ls-files --stage -- /home/ianbit/Documents/cursos/roger-melo-js/modulo-07/exercicio1/index.html [3ms]
2023-03-09 23:04:28.733 [info] > git config --get commit.template [15ms]
2023-03-09 23:04:28.734 [info] > git for-each-ref --format=%(refname)%00%(upstream:short)%00%(objectname)%00%(upstream:track)%00%(upstream:remotename)%00%(upstream:remoteref) refs/heads/main refs/remotes/main [3ms]
2023-03-09 23:04:28.754 [info] > git status -z -uall [9ms]
2023-03-09 23:04:52.284 [info] > git check-ignore -v -z --stdin [1ms]
2023-03-09 23:04:53.641 [info] > git check-ignore -v -z --stdin [1ms]
2023-03-09 23:04:54.390 [info] > git show --textconv :roger-melo-js/eventos-e-regex-06/exercicio2/app.js [11ms]
2023-03-09 23:04:54.392 [info] > git ls-files --stage -- /home/ianbit/Documents/cursos/roger-melo-js/eventos-e-regex-06/exercicio2/app.js [2ms]
2023-03-09 23:04:54.402 [info] > git cat-file -s 82f51bcb98386fde2d637793276ae8063f11a246 [2ms]
2023-03-09 23:05:48.441 [info] > git config --get commit.template [3ms]
2023-03-09 23:05:48.456 [info] > git for-each-ref --format=%(refname)%00%(upstream:short)%00%(objectname)%00%(upstream:track)%00%(upstream:remotename)%00%(upstream:remoteref) refs/heads/main refs/remotes/main [2ms]
2023-03-09 23:05:48.472 [info] > git status -z -uall [6ms]
2023-03-09 23:05:52.997 [info] > git show --textconv :roger-melo-js/modulo-07/exercicio1/app.js [9ms]
2023-03-09 23:05:52.999 [info] > git ls-files --stage -- /home/ianbit/Documents/cursos/roger-melo-js/modulo-07/exercicio1/app.js [3ms]
2023-03-09 23:05:53.505 [info] > git config --get commit.template [13ms]
2023-03-09 23:05:53.507 [info] > git for-each-ref --format=%(refname)%00%(upstream:short)%00%(objectname)%00%(upstream:track)%00%(upstream:remotename)%00%(upstream:remoteref) refs/heads/main refs/remotes/main [3ms]
2023-03-09 23:05:53.527 [info] > git status -z -uall [9ms]
