2023-04-11 23:41:06.803 [info] Extension host with pid 12006 started
2023-04-11 23:41:06.803 [info] Skipping acquiring lock for /home/ianbit/.config/Code/User/workspaceStorage/f17cc80876a0bf428de8639b66cd589f.
2023-04-11 23:41:07.021 [info] ExtensionService#_doActivateExtension vscode.emmet, startup: false, activationEvent: 'onLanguage'
2023-04-11 23:41:07.035 [info] ExtensionService#_doActivateExtension vscode.css-language-features, startup: false, activationEvent: 'onLanguage:css'
2023-04-11 23:41:07.720 [info] ExtensionService#_doActivateExtension vscode.git-base, startup: true, activationEvent: '*', root cause: vscode.git
2023-04-11 23:41:07.756 [info] ExtensionService#_doActivateExtension vscode.git, startup: true, activationEvent: '*'
2023-04-11 23:41:07.786 [info] ExtensionService#_doActivateExtension vscode.github, startup: true, activationEvent: '*'
2023-04-11 23:41:07.851 [info] Eager extensions activated
2023-04-11 23:41:07.902 [info] ExtensionService#_doActivateExtension vscode.debug-auto-launch, startup: false, activationEvent: 'onStartupFinished'
2023-04-11 23:41:07.906 [info] ExtensionService#_doActivateExtension vscode.merge-conflict, startup: false, activationEvent: 'onStartupFinished'
2023-04-11 23:41:07.918 [info] ExtensionService#_doActivateExtension dsznajder.es7-react-js-snippets, startup: false, activationEvent: 'onStartupFinished'
2023-04-11 23:41:08.198 [info] ExtensionService#_doActivateExtension PKief.material-icon-theme, startup: false, activationEvent: 'onStartupFinished'
2023-04-11 23:41:08.210 [info] ExtensionService#_doActivateExtension ritwickdey.LiveServer, startup: false, activationEvent: 'onStartupFinished'
2023-04-11 23:41:08.341 [info] ExtensionService#_doActivateExtension vscode.github-authentication, startup: false, activationEvent: 'onAuthenticationRequest:github'
2023-04-11 23:41:08.476 [info] ExtensionService#_doActivateExtension vscode.microsoft-authentication, startup: false, activationEvent: 'onAuthenticationRequest:microsoft'
2023-04-12 00:06:58.972 [info] ExtensionService#_doActivateExtension vscode.extension-editing, startup: false, activationEvent: 'onLanguage:markdown'
2023-04-12 00:06:58.982 [info] ExtensionService#_doActivateExtension vscode.markdown-language-features, startup: false, activationEvent: 'onLanguage:markdown'
2023-04-12 00:06:59.643 [info] ExtensionService#_doActivateExtension vscode.markdown-math, startup: false, activationEvent: 'api', root cause: vscode.markdown-language-features
2023-04-12 00:16:50.459 [info] ExtensionService#_doActivateExtension vscode.html-language-features, startup: false, activationEvent: 'onLanguage:html'
2023-04-12 00:38:25.175 [info] Extension host terminating: renderer closed the MessagePort
2023-04-12 00:38:25.224 [error] Canceled: Canceled
	at new l (/opt/vscode/resources/app/out/vs/workbench/api/node/extensionHostProcess.js:98:105190)
	at c.O (/opt/vscode/resources/app/out/vs/workbench/api/node/extensionHostProcess.js:108:11692)
	at G.<computed>.Q.charCodeAt.G.<computed> (/opt/vscode/resources/app/out/vs/workbench/api/node/extensionHostProcess.js:108:8967)
	at m.g (/opt/vscode/resources/app/out/vs/workbench/api/node/extensionHostProcess.js:98:125211)
	at m.executeCommand (/opt/vscode/resources/app/out/vs/workbench/api/node/extensionHostProcess.js:98:124587)
	at L.registerCommand.description (/opt/vscode/resources/app/out/vs/workbench/api/node/extensionHostProcess.js:98:123880)
	at m.h (/opt/vscode/resources/app/out/vs/workbench/api/node/extensionHostProcess.js:98:125797)
	at m.g (/opt/vscode/resources/app/out/vs/workbench/api/node/extensionHostProcess.js:98:124687)
	at m.executeCommand (/opt/vscode/resources/app/out/vs/workbench/api/node/extensionHostProcess.js:98:124587)
	at Object.executeCommand (/opt/vscode/resources/app/out/vs/workbench/api/node/extensionHostProcess.js:114:23801)
	at D (/opt/vscode/resources/app/extensions/git/dist/main.js:2:1467156)
	at E.invoke (/opt/vscode/resources/app/out/vs/workbench/api/node/extensionHostProcess.js:63:145)
	at h.deliver (/opt/vscode/resources/app/out/vs/workbench/api/node/extensionHostProcess.js:63:2121)
	at n.fire (/opt/vscode/resources/app/out/vs/workbench/api/node/extensionHostProcess.js:63:1729)
	at Object.m [as dispose] (/opt/vscode/resources/app/extensions/git/dist/main.js:2:1481885)
	at /opt/vscode/resources/app/extensions/git/dist/main.js:2:1485952
	at Array.forEach (<anonymous>)
	at g.dispose (/opt/vscode/resources/app/extensions/git/dist/main.js:2:1485938)
	at t.<anonymous> (/opt/vscode/resources/app/out/vs/workbench/api/node/extensionHostProcess.js:96:12398)
	at t.dispose (/opt/vscode/resources/app/out/vs/workbench/api/node/extensionHostProcess.js:96:12533)
	at t.<anonymous> (/opt/vscode/resources/app/extensions/git/dist/main.js:2:1469286)
	at t.dispose (/opt/vscode/resources/app/out/vs/workbench/api/node/extensionHostProcess.js:96:12533)
	at C (/opt/vscode/resources/app/out/vs/workbench/api/node/extensionHostProcess.js:10:12084)
	at E.Y (/opt/vscode/resources/app/out/vs/workbench/api/node/extensionHostProcess.js:110:11147)
	at /opt/vscode/resources/app/out/vs/workbench/api/node/extensionHostProcess.js:110:9131
	at Array.map (<anonymous>)
	at E.R (/opt/vscode/resources/app/out/vs/workbench/api/node/extensionHostProcess.js:110:9118)
	at E.terminate (/opt/vscode/resources/app/out/vs/workbench/api/node/extensionHostProcess.js:110:9389)
	at d.terminate (/opt/vscode/resources/app/out/vs/workbench/api/node/extensionHostProcess.js:114:1544)
	at p (/opt/vscode/resources/app/out/vs/workbench/api/node/extensionHostProcess.js:124:18690)
	at MessagePortMain.<anonymous> (/opt/vscode/resources/app/out/vs/workbench/api/node/extensionHostProcess.js:124:14829)
	at MessagePortMain.emit (node:events:526:28)
	at MessagePortMain._internalPort.emit (node:electron/js2c/utility_init:5:364) setContext undefined
2023-04-12 00:38:25.242 [info] Extension host with pid 12006 exiting with code 0
