2023-04-13 12:38:52.791 [info] Reading sessions from secret storage...
2023-04-13 12:38:52.791 [info] Got 0 stored sessions
2023-04-13 12:38:52.840 [info] Getting sessions for all scopes...
2023-04-13 12:38:52.840 [info] Got 0 sessions for all scopes...
2023-04-13 12:38:52.841 [info] Getting sessions for the following scopes: email offline_access openid profile
2023-04-13 12:38:52.841 [info] Got 0 sessions for scopes: email offline_access openid profile
2023-04-13 12:43:52.336 [info] Reading sessions from secret storage...
2023-04-13 12:43:52.336 [info] Got 0 stored sessions
2023-04-13 12:43:52.338 [info] Getting sessions for all scopes...
2023-04-13 12:43:52.338 [info] Got 0 sessions for all scopes...
2023-04-13 12:43:52.339 [info] Getting sessions for the following scopes: email offline_access openid profile
2023-04-13 12:43:52.339 [info] Got 0 sessions for scopes: email offline_access openid profile
2023-04-13 12:44:52.793 [info] Reading sessions from secret storage...
2023-04-13 12:44:52.793 [info] Got 0 stored sessions
2023-04-13 12:44:52.794 [info] Getting sessions for all scopes...
2023-04-13 12:44:52.794 [info] Got 0 sessions for all scopes...
2023-04-13 12:44:52.796 [info] Getting sessions for the following scopes: email offline_access openid profile
2023-04-13 12:44:52.796 [info] Got 0 sessions for scopes: email offline_access openid profile
2023-04-13 12:45:05.520 [info] Reading sessions from secret storage...
2023-04-13 12:45:05.520 [info] Got 0 stored sessions
2023-04-13 12:45:05.520 [info] Getting sessions for all scopes...
2023-04-13 12:45:05.520 [info] Got 0 sessions for all scopes...
2023-04-13 12:45:05.520 [info] Getting sessions for the following scopes: email offline_access openid profile
2023-04-13 12:45:05.520 [info] Got 0 sessions for scopes: email offline_access openid profile
